2025-06-24 00:57:14.440 [info] Extension host with pid 240866 started
2025-06-24 00:57:14.440 [info] Skipping acquiring lock for /home/thorfinn/.config/Windsurf/User/workspaceStorage/64073811c53fa89340d8288dafc655cc.
2025-06-24 00:57:14.474 [info] ExtensionService#_doActivateExtension vscode.git-base, startup: true, activationEvent: '*', root cause: vscode.git
2025-06-24 00:57:14.480 [info] ExtensionService#_doActivateExtension vscode.npm, startup: true, activationEvent: 'workspaceContains:package.json'
2025-06-24 00:57:14.530 [info] ExtensionService#_doActivateExtension vscode.git, startup: true, activationEvent: '*'
2025-06-24 00:57:14.596 [info] ExtensionService#_doActivateExtension vscode.github, startup: true, activationEvent: '*'
2025-06-24 00:57:14.693 [info] ExtensionService#_doActivateExtension vscode.configuration-editing, startup: false, activationEvent: 'onLanguage:jsonc'
2025-06-24 00:57:14.705 [info] ExtensionService#_doActivateExtension vscode.json-language-features, startup: false, activationEvent: 'onLanguage:jsonc'
2025-06-24 00:57:14.796 [info] ExtensionService#_doActivateExtension vscode.typescript-language-features, startup: false, activationEvent: 'onLanguage:jsonc'
2025-06-24 00:57:14.873 [info] ExtensionService#_doActivateExtension vscode.emmet, startup: false, activationEvent: 'onLanguage'
2025-06-24 00:57:15.021 [info] ExtensionService#_doActivateExtension codeium.windsurf, startup: true, activationEvent: '*'
2025-06-24 00:57:16.059 [info] ExtensionService#_doActivateExtension yandeu.five-server, startup: false, activationEvent: 'onStartupFinished'
2025-06-24 00:57:20.196 [info] ExtensionService#_doActivateExtension vscode.extension-editing, startup: false, activationEvent: 'onLanguage:json'
2025-06-24 00:57:20.712 [info] Eager extensions activated
2025-06-24 00:57:20.756 [info] ExtensionService#_doActivateExtension vscode.debug-auto-launch, startup: false, activationEvent: 'onStartupFinished'
2025-06-24 00:57:20.764 [info] ExtensionService#_doActivateExtension vscode.merge-conflict, startup: false, activationEvent: 'onStartupFinished'
2025-06-24 00:57:20.806 [info] ExtensionService#_doActivateExtension Codeium.windsurf-dev-containers, startup: false, activationEvent: 'onStartupFinished'
2025-06-24 00:57:20.815 [info] ExtensionService#_doActivateExtension vscodevim.vim, startup: false, activationEvent: 'onStartupFinished'
2025-06-24 01:03:03.732 [info] Extension host terminating: renderer closed the MessagePort
2025-06-24 01:03:03.805 [error] Canceled: Canceled
	at new t2 (file:///usr/share/windsurf/resources/app/out/vs/workbench/api/node/extensionHostProcess.js:29:113090)
	at qA.U (file:///usr/share/windsurf/resources/app/out/vs/workbench/api/node/extensionHostProcess.js:29:117701)
	at s.<computed>.r.charCodeAt.s.<computed> (file:///usr/share/windsurf/resources/app/out/vs/workbench/api/node/extensionHostProcess.js:29:115195)
	at CI.g (file:///usr/share/windsurf/resources/app/out/vs/workbench/api/node/extensionHostProcess.js:111:40984)
	at CI.executeCommand (file:///usr/share/windsurf/resources/app/out/vs/workbench/api/node/extensionHostProcess.js:111:40488)
	at i.registerCommand.description (file:///usr/share/windsurf/resources/app/out/vs/workbench/api/node/extensionHostProcess.js:111:39818)
	at CI.h (file:///usr/share/windsurf/resources/app/out/vs/workbench/api/node/extensionHostProcess.js:111:41504)
	at CI.g (file:///usr/share/windsurf/resources/app/out/vs/workbench/api/node/extensionHostProcess.js:111:40581)
	at CI.executeCommand (file:///usr/share/windsurf/resources/app/out/vs/workbench/api/node/extensionHostProcess.js:111:40488)
	at Object.executeCommand (file:///usr/share/windsurf/resources/app/out/vs/workbench/api/node/extensionHostProcess.js:174:39981)
	at Eg.L [as value] (/usr/share/windsurf/resources/app/extensions/git/dist/main.js:2:514222)
	at y.B (file:///usr/share/windsurf/resources/app/out/vs/workbench/api/node/extensionHostProcess.js:27:2375)
	at y.C (file:///usr/share/windsurf/resources/app/out/vs/workbench/api/node/extensionHostProcess.js:27:2445)
	at y.fire (file:///usr/share/windsurf/resources/app/out/vs/workbench/api/node/extensionHostProcess.js:27:2662)
	at Object.g [as dispose] (/usr/share/windsurf/resources/app/extensions/git/dist/main.js:2:536862)
	at /usr/share/windsurf/resources/app/extensions/git/dist/main.js:2:543180
	at Array.forEach (<anonymous>)
	at b.dispose (/usr/share/windsurf/resources/app/extensions/git/dist/main.js:2:543166)
	at hb.<anonymous> (file:///usr/share/windsurf/resources/app/out/vs/workbench/api/node/extensionHostProcess.js:107:8922)
	at hb.dispose (file:///usr/share/windsurf/resources/app/out/vs/workbench/api/node/extensionHostProcess.js:107:9018)
	at hb.<anonymous> (/usr/share/windsurf/resources/app/extensions/git/dist/main.js:2:516706)
	at hb.dispose (file:///usr/share/windsurf/resources/app/out/vs/workbench/api/node/extensionHostProcess.js:107:9018)
	at On (file:///usr/share/windsurf/resources/app/out/vs/workbench/api/node/extensionHostProcess.js:25:701)
	at file:///usr/share/windsurf/resources/app/out/vs/workbench/api/node/extensionHostProcess.js:116:15142
	at file:///usr/share/windsurf/resources/app/out/vs/workbench/api/node/extensionHostProcess.js:25:1011
	at Object.dispose (file:///usr/share/windsurf/resources/app/out/vs/workbench/api/node/extensionHostProcess.js:8:705)
	at cte.eb (file:///usr/share/windsurf/resources/app/out/vs/workbench/api/node/extensionHostProcess.js:116:12069)
	at file:///usr/share/windsurf/resources/app/out/vs/workbench/api/node/extensionHostProcess.js:116:10024
	at Array.map (<anonymous>)
	at cte.$ (file:///usr/share/windsurf/resources/app/out/vs/workbench/api/node/extensionHostProcess.js:116:10012)
	at cte.terminate (file:///usr/share/windsurf/resources/app/out/vs/workbench/api/node/extensionHostProcess.js:116:10255)
	at Zx.terminate (file:///usr/share/windsurf/resources/app/out/vs/workbench/api/node/extensionHostProcess.js:117:1434)
	at _s (file:///usr/share/windsurf/resources/app/out/vs/workbench/api/node/extensionHostProcess.js:198:5722)
	at MessagePortMain.<anonymous> (file:///usr/share/windsurf/resources/app/out/vs/workbench/api/node/extensionHostProcess.js:198:2262)
	at MessagePortMain.emit (node:events:518:28)
	at MessagePortMain.emit (node:domain:489:12)
	at MessagePortMain._internalPort.emit (node:electron/js2c/utility_init:2:2949) setContext undefined
2025-06-24 01:03:03.806 [error] Canceled: Canceled
	at new t2 (file:///usr/share/windsurf/resources/app/out/vs/workbench/api/node/extensionHostProcess.js:29:113090)
	at qA.U (file:///usr/share/windsurf/resources/app/out/vs/workbench/api/node/extensionHostProcess.js:29:117701)
	at s.<computed>.r.charCodeAt.s.<computed> (file:///usr/share/windsurf/resources/app/out/vs/workbench/api/node/extensionHostProcess.js:29:115195)
	at CI.g (file:///usr/share/windsurf/resources/app/out/vs/workbench/api/node/extensionHostProcess.js:111:40984)
	at CI.executeCommand (file:///usr/share/windsurf/resources/app/out/vs/workbench/api/node/extensionHostProcess.js:111:40488)
	at i.registerCommand.description (file:///usr/share/windsurf/resources/app/out/vs/workbench/api/node/extensionHostProcess.js:111:39818)
	at CI.h (file:///usr/share/windsurf/resources/app/out/vs/workbench/api/node/extensionHostProcess.js:111:41504)
	at CI.g (file:///usr/share/windsurf/resources/app/out/vs/workbench/api/node/extensionHostProcess.js:111:40581)
	at CI.executeCommand (file:///usr/share/windsurf/resources/app/out/vs/workbench/api/node/extensionHostProcess.js:111:40488)
	at Object.executeCommand (file:///usr/share/windsurf/resources/app/out/vs/workbench/api/node/extensionHostProcess.js:174:39981)
	at set hasGitHubRepositories (/usr/share/windsurf/resources/app/extensions/github/dist/extension.js:2:217807)
	at /usr/share/windsurf/resources/app/extensions/github/dist/extension.js:2:218766
	at Eg.value (/usr/share/windsurf/resources/app/extensions/git/dist/main.js:2:634408)
	at y.B (file:///usr/share/windsurf/resources/app/out/vs/workbench/api/node/extensionHostProcess.js:27:2375)
	at y.C (file:///usr/share/windsurf/resources/app/out/vs/workbench/api/node/extensionHostProcess.js:27:2445)
	at y.fire (file:///usr/share/windsurf/resources/app/out/vs/workbench/api/node/extensionHostProcess.js:27:2662)
	at Object.g [as dispose] (/usr/share/windsurf/resources/app/extensions/git/dist/main.js:2:536862)
	at /usr/share/windsurf/resources/app/extensions/git/dist/main.js:2:543180
	at Array.forEach (<anonymous>)
	at b.dispose (/usr/share/windsurf/resources/app/extensions/git/dist/main.js:2:543166)
	at hb.<anonymous> (file:///usr/share/windsurf/resources/app/out/vs/workbench/api/node/extensionHostProcess.js:107:8922)
	at hb.dispose (file:///usr/share/windsurf/resources/app/out/vs/workbench/api/node/extensionHostProcess.js:107:9018)
	at hb.<anonymous> (/usr/share/windsurf/resources/app/extensions/git/dist/main.js:2:516706)
	at hb.dispose (file:///usr/share/windsurf/resources/app/out/vs/workbench/api/node/extensionHostProcess.js:107:9018)
	at On (file:///usr/share/windsurf/resources/app/out/vs/workbench/api/node/extensionHostProcess.js:25:701)
	at file:///usr/share/windsurf/resources/app/out/vs/workbench/api/node/extensionHostProcess.js:116:15142
	at file:///usr/share/windsurf/resources/app/out/vs/workbench/api/node/extensionHostProcess.js:25:1011
	at Object.dispose (file:///usr/share/windsurf/resources/app/out/vs/workbench/api/node/extensionHostProcess.js:8:705)
	at cte.eb (file:///usr/share/windsurf/resources/app/out/vs/workbench/api/node/extensionHostProcess.js:116:12069)
	at file:///usr/share/windsurf/resources/app/out/vs/workbench/api/node/extensionHostProcess.js:116:10024
	at Array.map (<anonymous>)
	at cte.$ (file:///usr/share/windsurf/resources/app/out/vs/workbench/api/node/extensionHostProcess.js:116:10012)
	at cte.terminate (file:///usr/share/windsurf/resources/app/out/vs/workbench/api/node/extensionHostProcess.js:116:10255)
	at Zx.terminate (file:///usr/share/windsurf/resources/app/out/vs/workbench/api/node/extensionHostProcess.js:117:1434)
	at _s (file:///usr/share/windsurf/resources/app/out/vs/workbench/api/node/extensionHostProcess.js:198:5722)
	at MessagePortMain.<anonymous> (file:///usr/share/windsurf/resources/app/out/vs/workbench/api/node/extensionHostProcess.js:198:2262)
	at MessagePortMain.emit (node:events:518:28)
	at MessagePortMain.emit (node:domain:489:12)
	at MessagePortMain._internalPort.emit (node:electron/js2c/utility_init:2:2949) setContext undefined
2025-06-24 01:03:03.816 [info] Extension host with pid 240866 exiting with code 0
