2025-06-23 19:11:35.529 [info] 2025/06/23 19:11:35 maxprocs: Leaving GOMAXPROCS=8: CPU quota undefined
2025-06-23 19:11:35.808 [info] I0623 19:11:35.807863  7671 main.go:602] Setting GOMAXPROCS to 4
2025-06-23 19:11:35.808 [info] I0623 19:11:35.808042  7671 main.go:817] Starting language server process with pid 7671
2025-06-23 19:11:35.808 [info] I0623 19:11:35.808215  7671 server.go:292] Language server will attempt to listen on host 127.0.0.1
2025-06-23 19:11:35.808 [info] I0623 19:11:35.808441  7671 server.go:299] Language server listening on random port at 46353
2025-06-23 19:11:36.605 [info] I0623 19:11:36.604927  7671 server.go:420] Created extension server client at port 45485
2025-06-23 19:11:36.953 [info] I0623 19:11:36.953469  7671 server.go:948] Local search is enabled, will index local files.
2025-06-23 19:11:36.953 [info] I0623 19:11:36.953497  7671 server.go:952] Using 2 indexer workers
2025-06-23 19:11:38.066 [info] (Windsurf) 2025-06-23 19:11:38.062 [INFO]: Language server started
2025-06-23 19:11:38.578 [info] (Windsurf) 2025-06-23 19:11:38.578 [INFO]: LS lspClient started successfully
2025-06-23 19:11:38.988 [info] BEWARE: your OS is not officially supported by Playwright; downloading fallback build for ubuntu20.04-x64.
BEWARE: your OS is not officially supported by Playwright; downloading fallback build for ubuntu20.04-x64.
BEWARE: your OS is not officially supported by Playwright; downloading fallback build for ubuntu20.04-x64.

2025-06-23 19:11:51.362 [info] (Windsurf) 2025-06-23 19:11:51.362 [INFO]: [Cascade Manager] Opening diff zones for: 
2025-06-23 19:13:04.151 [info] (Windsurf) 2025-06-23 19:13:04.151 [INFO]: [Terminal] Command completed: hManager]$ vercel --prod exit code 1
2025-06-23 19:13:07.155 [info] (Windsurf) 2025-06-23 19:13:07.154 [INFO]: [Terminal] Command force exited: hManager]$ vercel --prod, with exit code 1
2025-06-23 19:13:09.289 [info] (Windsurf) 2025-06-23 19:13:09.289 [INFO]: [Terminal] Command completed: lsls exit code 0
2025-06-23 19:13:11.003 [info] (Windsurf) 2025-06-23 19:13:11.003 [INFO]: [Terminal] Command completed: clear exit code 0
2025-06-23 19:13:43.658 [info] (Windsurf) 2025-06-23 19:13:43.658 [INFO]: [Terminal] Command completed: vercel --prod exit code 1
2025-06-23 19:13:58.551 [info] (Windsurf) 2025-06-23 19:13:58.551 [INFO]: [Terminal] Command completed: clear exit code 0
2025-06-23 19:14:01.929 [info] (Windsurf) 2025-06-23 19:14:01.929 [INFO]: [Terminal] Command completed: vercel --prof exit code 1
2025-06-23 19:15:07.731 [info] (Windsurf) 2025-06-23 19:15:07.730 [INFO]: [Terminal] Command completed: vercel --prod exit code 0
2025-06-23 19:16:26.382 [info] (Windsurf) 2025-06-23 19:16:26.382 [INFO]: [Terminal] Command completed: vercel start exit code 1
2025-06-23 19:16:27.472 [info] (Windsurf) 2025-06-23 19:16:27.472 [INFO]: [Terminal] Command completed: clear exit code 0
2025-06-23 19:16:35.906 [info] (Windsurf) 2025-06-23 19:16:35.906 [INFO]: [Terminal] Command completed: vercel clear exit code 1
2025-06-23 19:16:36.801 [info] (Windsurf) 2025-06-23 19:16:36.800 [INFO]: [Terminal] Command completed: clear exit code 0
2025-06-23 19:17:15.546 [info] (Windsurf) 2025-06-23 19:17:15.546 [INFO]: [Terminal] Command completed: lear exit code 127
2025-06-23 19:17:16.563 [info] (Windsurf) 2025-06-23 19:17:16.563 [INFO]: [Terminal] Command completed: clear exit code 0
2025-06-23 19:17:18.968 [info] (Windsurf) 2025-06-23 19:17:18.968 [INFO]: [Terminal] Command completed: ls exit code 0
2025-06-23 19:17:23.976 [info] (Windsurf) 2025-06-23 19:17:23.976 [INFO]: [Terminal] Command completed: npm start exit code 1
2025-06-23 19:17:30.277 [info] (Windsurf) 2025-06-23 19:17:30.277 [INFO]: [Terminal] Command completed: clear exit code 0
2025-06-23 19:17:32.593 [info] (Windsurf) 2025-06-23 19:17:32.593 [INFO]: [Terminal] Command completed: npm run start exit code 1
2025-06-23 19:17:46.386 [info] (Windsurf) 2025-06-23 19:17:46.385 [INFO]: [Terminal] Command completed: clear exit code 0
2025-06-23 19:17:47.234 [info] (Windsurf) 2025-06-23 19:17:47.233 [INFO]: [Terminal] Command completed: ls exit code 0
2025-06-23 19:18:02.575 [info] (Windsurf) 2025-06-23 19:18:02.575 [INFO]: [Terminal] Command completed: npm run build exit code 0
2025-06-23 19:18:15.979 [info] (Windsurf) 2025-06-23 19:18:15.979 [INFO]: [Terminal] Command completed: npm db:push exit code 1
2025-06-23 19:18:21.225 [info] (Windsurf) 2025-06-23 19:18:21.225 [INFO]: [Terminal] Command completed: npm run db:push exit code 1
2025-06-23 19:18:30.362 [info] (Windsurf) 2025-06-23 19:18:30.362 [INFO]: [Terminal] Command completed: clear exit code 0
2025-06-23 19:19:53.756 [info] (Windsurf) 2025-06-23 19:19:53.756 [INFO]: [Terminal] Command completed: clear exit code 0
2025-06-23 19:19:54.008 [info] (Windsurf) 2025-06-23 19:19:54.008 [INFO]: [Terminal] Command completed: ls exit code 0
2025-06-23 19:19:54.814 [info] (Windsurf) 2025-06-23 19:19:54.814 [INFO]: [Terminal] Command completed: clear exit code 0
2025-06-23 19:20:34.719 [info] (Windsurf) 2025-06-23 19:20:34.718 [INFO]: [Terminal] Command completed: vercel --prod exit code 0
2025-06-23 19:20:48.930 [info] (Windsurf) 2025-06-23 19:20:48.930 [INFO]: [Terminal] Command completed: vercel push exit code 1
2025-06-23 19:21:12.432 [info] (Windsurf) 2025-06-23 19:21:12.432 [INFO]: [Terminal] Command completed: clear exit code 0
2025-06-23 19:21:13.083 [info] (Windsurf) 2025-06-23 19:21:13.083 [INFO]: [Terminal] Command completed: ls exit code 0
2025-06-23 19:21:13.770 [info] (Windsurf) 2025-06-23 19:21:13.770 [INFO]: [Terminal] Command completed: clear exit code 0
2025-06-23 19:40:56.982 [info] (Windsurf) 2025-06-23 19:40:56.981 [INFO]: [Terminal] Command completed: npm run build exit code 0
2025-06-23 19:44:38.195 [info] (Windsurf) 2025-06-23 19:44:38.195 [INFO]: [Terminal] Command completed: clear exit code 0
2025-06-23 19:44:40.170 [info] (Windsurf) 2025-06-23 19:44:40.170 [INFO]: [Terminal] Command completed: git status exit code 0
2025-06-23 19:47:13.184 [info] (Windsurf) 2025-06-23 19:47:13.184 [INFO]: [Terminal] Command completed: clear exit code 0
2025-06-23 19:47:14.063 [info] (Windsurf) 2025-06-23 19:47:14.063 [INFO]: [Terminal] Command completed: ls exit code 0
2025-06-23 19:47:14.976 [info] (Windsurf) 2025-06-23 19:47:14.975 [INFO]: [Terminal] Command completed: clear exit code 0
2025-06-23 19:47:25.410 [info] (Windsurf) 2025-06-23 19:47:25.410 [INFO]: [Terminal] Command completed: git status exit code 0
2025-06-23 19:50:03.853 [info] (Windsurf) 2025-06-23 19:50:03.853 [INFO]: [Terminal] Command completed: git status exit code 0
2025-06-23 19:50:05.381 [info] (Windsurf) 2025-06-23 19:50:05.380 [INFO]: [Terminal] Command completed: clear exit code 0
2025-06-23 20:03:04.450 [info] (Windsurf) 2025-06-23 20:03:04.449 [INFO]: [Terminal] Command completed: git status exit code 0
2025-06-23 20:03:07.494 [info] (Windsurf) 2025-06-23 20:03:07.494 [INFO]: [Terminal] Command completed: clear exit code 0
2025-06-23 20:20:30.332 [info] (Windsurf) 2025-06-23 20:20:30.331 [INFO]: [Terminal] Command completed: vercel build exit code 0
2025-06-23 20:22:37.062 [info] W0623 20:22:37.062102  7671 workspace_manager.go:491] Too many changes in DidChangeWatchedFiles: 4912
2025-06-23 20:22:41.107 [info] W0623 20:22:41.107645  7671 workspace_manager.go:491] Too many changes in DidChangeWatchedFiles: 9500
2025-06-23 20:22:41.753 [info] W0623 20:22:41.752993  7671 workspace_manager.go:491] Too many changes in DidChangeWatchedFiles: 1400
2025-06-23 20:22:51.909 [info] (Windsurf) 2025-06-23 20:22:51.908 [INFO]: [Terminal] Command completed: rm -rf node_modules package-lock.json && npm install exit code 0
2025-06-23 20:23:11.656 [info] (Windsurf) 2025-06-23 20:23:11.656 [INFO]: [Terminal] Command completed: vercel build exit code 0
2025-06-23 20:23:23.007 [info] (Windsurf) 2025-06-23 20:23:23.006 [INFO]: [Cascade Manager] Opening diff zones for: vite.ts
2025-06-23 20:23:48.555 [info] (Windsurf) 2025-06-23 20:23:48.555 [INFO]: [Terminal] Command completed: vercel build exit code 0
2025-06-23 20:24:05.308 [info] E0623 20:24:05.307469  7671 interceptor.go:73] /exa.language_server_pb.LanguageServerService/AcknowledgeCascadeCodeEdit (unknown): no unacknowledged steps for file file:///home/thorfinn/app/MongoAuthManager/server/vite.ts
2025-06-23 20:24:39.652 [info] (Windsurf) 2025-06-23 20:24:39.652 [INFO]: [Terminal] Command completed: vercel --prod exit code 0
2025-06-23 20:27:07.491 [info] (Windsurf) 2025-06-23 20:27:07.491 [INFO]: [Terminal] Command completed: clear exit code 0
2025-06-23 20:27:12.039 [info] (Windsurf) 2025-06-23 20:27:12.038 [INFO]: [Terminal] Command completed: npm run start exit code 148
2025-06-23 20:27:13.094 [info] (Windsurf) 2025-06-23 20:27:13.094 [INFO]: [Terminal] Command completed: clear exit code 0
2025-06-23 20:27:13.401 [info] (Windsurf) 2025-06-23 20:27:13.401 [INFO]: [Terminal] Command completed: ls exit code 0
2025-06-23 20:27:14.070 [info] (Windsurf) 2025-06-23 20:27:14.069 [INFO]: [Terminal] Command completed: clear exit code 0
2025-06-23 20:36:49.594 [info] (Windsurf) 2025-06-23 20:36:49.594 [INFO]: [Terminal] Command completed: vercel buil exit code 1
2025-06-23 20:37:05.783 [info] (Windsurf) 2025-06-23 20:37:05.783 [INFO]: [Terminal] Command completed: vercel build exit code 0
2025-06-23 20:43:50.207 [info] (Windsurf) 2025-06-23 20:43:50.207 [INFO]: [Terminal] Command completed: clear exit code 0
2025-06-23 20:45:09.548 [info] (Windsurf) 2025-06-23 20:45:09.548 [INFO]: [Terminal] Command completed: git add . exit code 0
2025-06-23 20:45:21.828 [info] (Windsurf) 2025-06-23 20:45:21.828 [INFO]: [Terminal] Command completed: git commit -m "new2" exit code 0
2025-06-23 20:45:29.719 [info] (Windsurf) 2025-06-23 20:45:29.718 [INFO]: [Terminal] Command completed: git push origin main exit code 0
2025-06-23 20:47:38.051 [info] (Windsurf) 2025-06-23 20:47:38.050 [INFO]: [Cascade Manager] Opening diff zones for: vercel.json
2025-06-23 20:47:40.221 [info] E0623 20:47:40.220921  7671 interceptor.go:73] /exa.language_server_pb.LanguageServerService/AcknowledgeCascadeCodeEdit (unknown): no unacknowledged steps for file file:///home/thorfinn/app/MongoAuthManager/vercel.json
2025-06-23 20:48:20.412 [info] (Windsurf) 2025-06-23 20:48:20.412 [INFO]: [Cascade Manager] Opening diff zones for: vercel.json
2025-06-23 20:48:31.528 [info] E0623 20:48:31.527975  7671 interceptor.go:73] /exa.language_server_pb.LanguageServerService/AcknowledgeCascadeCodeEdit (unknown): no unacknowledged steps for file file:///home/thorfinn/app/MongoAuthManager/vercel.json
2025-06-23 20:48:36.027 [info] (Windsurf) 2025-06-23 20:48:36.027 [INFO]: [Cascade Manager] Opening diff zones for: package.json
2025-06-23 20:48:38.821 [info] E0623 20:48:38.820974  7671 interceptor.go:73] /exa.language_server_pb.LanguageServerService/AcknowledgeCascadeCodeEdit (unknown): no unacknowledged steps for file file:///home/thorfinn/app/MongoAuthManager/package.json
2025-06-23 20:48:47.271 [info] (Windsurf) 2025-06-23 20:48:47.271 [INFO]: [Cascade Manager] Opening diff zones for: package.json
2025-06-23 20:48:50.292 [info] E0623 20:48:50.292395  7671 interceptor.go:73] /exa.language_server_pb.LanguageServerService/AcknowledgeCascadeCodeEdit (unknown): no unacknowledged steps for file file:///home/thorfinn/app/MongoAuthManager/package.json
2025-06-23 20:48:59.655 [info] (Windsurf) 2025-06-23 20:48:59.654 [INFO]: [Terminal] Command completed: npm run build exit code 0
2025-06-23 20:49:46.159 [info] (Windsurf) 2025-06-23 20:49:46.159 [INFO]: [Terminal] Command completed: vercel --prod exit code 0
2025-06-23 20:51:33.511 [info] (Windsurf) 2025-06-23 20:51:33.510 [INFO]: [Terminal] Command completed: npm run start exit code 148
2025-06-23 20:51:34.905 [info] (Windsurf) 2025-06-23 20:51:34.904 [INFO]: [Terminal] Command completed: clear exit code 0
2025-06-23 20:53:33.049 [info] (Windsurf) 2025-06-23 20:53:33.049 [INFO]: [Terminal] Command completed: npm run dev exit code 148
2025-06-23 20:54:20.701 [info] (Windsurf) 2025-06-23 20:54:20.701 [INFO]: [Terminal] Command completed: npm run dev exit code 148
2025-06-23 20:54:23.995 [info] (Windsurf) 2025-06-23 20:54:23.994 [INFO]: [Terminal] Command completed: clear exit code 0
2025-06-23 20:54:45.922 [info] (Windsurf) 2025-06-23 20:54:45.921 [INFO]: [Terminal] Command completed: npm run start exit code 148
2025-06-23 20:54:47.236 [info] (Windsurf) 2025-06-23 20:54:47.235 [INFO]: [Terminal] Command completed: clear exit code 0
2025-06-23 20:56:45.687 [info] (Windsurf) 2025-06-23 20:56:45.687 [INFO]: [Cascade Manager] Opening diff zones for: 
2025-06-23 20:57:03.179 [info] (Windsurf) 2025-06-23 20:57:03.179 [INFO]: [Terminal] Command completed: npm install --save-dev @types/node exit code 0
2025-06-23 20:57:34.493 [info] (Windsurf) 2025-06-23 20:57:34.493 [INFO]: [Terminal] Command completed: clear exit code 0
2025-06-23 20:57:37.892 [info] (Windsurf) 2025-06-23 20:57:37.892 [INFO]: [Terminal] Command completed: git add . exit code 0
2025-06-23 20:57:44.592 [info] (Windsurf) 2025-06-23 20:57:44.592 [INFO]: [Terminal] Command completed: git commit "new3" exit code 1
2025-06-23 20:57:47.644 [info] (Windsurf) 2025-06-23 20:57:47.643 [INFO]: [Terminal] Command completed: git commit -m "new3" exit code 0
2025-06-23 20:57:48.582 [info] (Windsurf) 2025-06-23 20:57:48.582 [INFO]: [Terminal] Command completed: clear exit code 0
2025-06-23 20:57:54.610 [info] (Windsurf) 2025-06-23 20:57:54.609 [INFO]: [Terminal] Command completed: git push exit code 0
2025-06-23 20:59:10.082 [info] (Windsurf) 2025-06-23 20:59:10.081 [INFO]: [Terminal] Command completed: git add . exit code 0
2025-06-23 20:59:16.633 [info] (Windsurf) 2025-06-23 20:59:16.633 [INFO]: [Terminal] Command completed: git commit -m "new4" exit code 0
2025-06-23 20:59:22.488 [info] (Windsurf) 2025-06-23 20:59:22.488 [INFO]: [Terminal] Command completed: git push exit code 0
2025-06-23 21:02:59.117 [info] (Windsurf) 2025-06-23 21:02:59.116 [INFO]: [Terminal] Command completed: clear exit code 0
2025-06-23 21:03:04.257 [info] (Windsurf) 2025-06-23 21:03:04.257 [INFO]: [Terminal] Command completed: windsurf . exit code 0
2025-06-23 21:03:06.805 [info] (Windsurf) 2025-06-23 21:03:06.804 [INFO]: [Terminal] Command completed: clear exit code 0
2025-06-23 21:03:16.862 [info] (Windsurf) 2025-06-23 21:03:16.862 [INFO]: [Terminal] Command completed: cursor . exit code 127
2025-06-23 21:03:21.372 [info] (Windsurf) 2025-06-23 21:03:21.371 [INFO]: [Terminal] Command completed: code . exit code 127
2025-06-23 21:03:22.768 [info] (Windsurf) 2025-06-23 21:03:22.768 [INFO]: [Terminal] Command completed: clear exit code 0
2025-06-23 21:03:26.364 [info] (Windsurf) 2025-06-23 21:03:26.364 [INFO]: [Terminal] Command completed: cursor exit code 127
2025-06-23 21:03:27.396 [info] (Windsurf) 2025-06-23 21:03:27.395 [INFO]: [Terminal] Command completed: clear exit code 0
2025-06-23 21:06:49.413 [info] (Windsurf) 2025-06-23 21:06:49.413 [INFO]: [Terminal] Command completed: npm run start exit code 148
2025-06-23 21:06:50.785 [info] (Windsurf) 2025-06-23 21:06:50.785 [INFO]: [Terminal] Command completed: clear exit code 0
2025-06-23 21:38:17.279 [info] (Windsurf) 2025-06-23 21:38:17.278 [INFO]: [Terminal] Command completed: clear exit code 0
2025-06-23 21:38:20.755 [info] (Windsurf) 2025-06-23 21:38:20.755 [INFO]: [Terminal] Command completed: npm run start exit code 1
2025-06-23 21:39:17.963 [info] (Windsurf) 2025-06-23 21:39:17.963 [INFO]: [Terminal] Command completed: git pull exit code 0
2025-06-23 21:39:28.015 [info] (Windsurf) 2025-06-23 21:39:28.015 [INFO]: [Terminal] Command completed: git pull -f exit code 0
2025-06-23 21:39:29.228 [info] (Windsurf) 2025-06-23 21:39:29.228 [INFO]: [Terminal] Command completed: clear exit code 0
2025-06-23 21:41:04.199 [info] (Windsurf) 2025-06-23 21:41:04.199 [INFO]: [Terminal] Command completed: hManager]$ mkdir -p backend/api exit code 0
2025-06-23 21:41:07.202 [info] (Windsurf) 2025-06-23 21:41:07.201 [INFO]: [Terminal] Command force exited: hManager]$ mkdir -p backend/api, with exit code 0
2025-06-23 21:41:23.554 [info] (Windsurf) 2025-06-23 21:41:23.554 [INFO]: [Cascade Manager] Opening diff zones for: vercel.json
2025-06-23 21:41:38.941 [info] (Windsurf) 2025-06-23 21:41:38.941 [INFO]: [Cascade Manager] Opening diff zones for: package.json
2025-06-23 21:41:46.939 [info] (Windsurf) 2025-06-23 21:41:46.939 [INFO]: [Cascade Manager] Opening diff zones for: tsconfig.json
2025-06-23 21:42:08.043 [info] (Windsurf) 2025-06-23 21:42:08.043 [INFO]: [Terminal] Command completed: cp -r server/*backend/api/ && mkdir -p backend/api/routes exit code 0
2025-06-23 21:42:11.045 [info] (Windsurf) 2025-06-23 21:42:11.044 [INFO]: [Terminal] Command force exited: cp -r server/*backend/api/ && mkdir -p backend/api/routes, with exit code 0
2025-06-23 21:42:50.681 [info] (Windsurf) 2025-06-23 21:42:50.681 [INFO]: [Cascade Manager] Opening diff zones for: index.ts
2025-06-23 21:43:11.711 [info] (Windsurf) 2025-06-23 21:43:11.711 [INFO]: [Terminal] Command completed: cd backend && npm install exit code 0
2025-06-23 21:43:12.128 [info] W0623 21:43:12.127715  7671 workspace_manager.go:491] Too many changes in DidChangeWatchedFiles: 1582
2025-06-23 21:44:08.248 [info] (Windsurf) 2025-06-23 21:44:08.247 [INFO]: [Cascade Manager] Opening diff zones for: index.ts
2025-06-23 21:45:03.619 [info] (Windsurf) 2025-06-23 21:45:03.619 [INFO]: [Cascade Manager] Opening diff zones for: index.ts
2025-06-23 21:45:27.908 [info] (Windsurf) 2025-06-23 21:45:27.908 [INFO]: [Cascade Manager] Opening diff zones for: index.ts
2025-06-23 21:45:54.878 [info] (Windsurf) 2025-06-23 21:45:54.878 [INFO]: [Cascade Manager] Opening diff zones for: index.ts
2025-06-23 21:46:07.460 [info] (Windsurf) 2025-06-23 21:46:07.460 [INFO]: [Cascade Manager] Opening diff zones for: index.ts
2025-06-23 21:46:21.457 [info] (Windsurf) 2025-06-23 21:46:21.457 [INFO]: [Cascade Manager] Opening diff zones for: index.ts
2025-06-23 21:46:34.129 [info] (Windsurf) 2025-06-23 21:46:34.129 [INFO]: [Cascade Manager] Opening diff zones for: tsconfig.json
2025-06-23 21:46:51.148 [info] (Windsurf) 2025-06-23 21:46:51.148 [INFO]: [Cascade Manager] Opening diff zones for: package.json
2025-06-23 21:50:40.973 [info] (Windsurf) 2025-06-23 21:50:40.973 [INFO]: [Cascade Manager] Opening diff zones for: 
2025-06-23 21:50:59.068 [info] (Windsurf) 2025-06-23 21:50:59.067 [INFO]: [Terminal] Command completed: cd /home/thorfinn/app/MongoAuthManager exit code 0
2025-06-23 21:51:02.069 [info] (Windsurf) 2025-06-23 21:51:02.068 [INFO]: [Terminal] Command force exited: cd /home/thorfinn/app/MongoAuthManager, with exit code 0
2025-06-23 21:51:03.437 [info] (Windsurf) 2025-06-23 21:51:03.437 [INFO]: [Terminal] Command completed: npm install exit code 0
2025-06-23 21:51:29.196 [info] (Windsurf) 2025-06-23 21:51:29.196 [INFO]: [Terminal] Command completed: npm run build exit code 0
2025-06-23 21:51:39.935 [info] (Windsurf) 2025-06-23 21:51:39.935 [INFO]: [Terminal] Command completed: npm run start exit code 1
2025-06-23 21:52:13.619 [info] (Windsurf) 2025-06-23 21:52:13.619 [INFO]: [Terminal] Command completed: npm run start exit code 1
2025-06-23 21:53:06.968 [info] (Windsurf) 2025-06-23 21:53:06.968 [INFO]: [Terminal] Command completed: clear exit code 0
2025-06-23 21:53:14.863 [info] (Windsurf) 2025-06-23 21:53:14.863 [INFO]: [Terminal] Command completed: npm run build exit code 0
2025-06-23 21:53:25.027 [info] (Windsurf) 2025-06-23 21:53:25.027 [INFO]: [Terminal] Command completed: npm start exit code 1
2025-06-23 21:53:35.750 [info] (Windsurf) 2025-06-23 21:53:35.750 [INFO]: [Terminal] Command completed: clear exit code 0
2025-06-23 21:53:42.062 [info] (Windsurf) 2025-06-23 21:53:42.062 [INFO]: [Terminal] Command completed: git pull -f exit code 0
2025-06-23 21:53:43.465 [info] (Windsurf) 2025-06-23 21:53:43.465 [INFO]: [Terminal] Command completed: clear exit code 0
2025-06-23 21:53:45.950 [info] (Windsurf) 2025-06-23 21:53:45.950 [INFO]: [Terminal] Command completed: git status exit code 0
2025-06-23 21:53:47.966 [info] (Windsurf) 2025-06-23 21:53:47.966 [INFO]: [Terminal] Command completed: clear exit code 0
2025-06-23 21:53:55.582 [info] (Windsurf) 2025-06-23 21:53:55.582 [INFO]: [Terminal] Command completed: git -h exit code 0
2025-06-23 21:54:09.720 [info] (Windsurf) 2025-06-23 21:54:09.720 [INFO]: [Terminal] Command completed: git restore exit code 128
2025-06-23 21:54:14.139 [info] (Windsurf) 2025-06-23 21:54:14.138 [INFO]: [Terminal] Command completed: git restore . exit code 0
2025-06-23 21:54:18.965 [info] (Windsurf) 2025-06-23 21:54:18.965 [INFO]: [Terminal] Command completed: ls exit code 0
2025-06-23 21:54:44.076 [info] (Windsurf) 2025-06-23 21:54:44.076 [INFO]: [Terminal] Command completed: npm run start exit code 148
2025-06-23 21:54:45.061 [info] (Windsurf) 2025-06-23 21:54:45.061 [INFO]: [Terminal] Command completed: clear exit code 0
2025-06-23 21:57:25.902 [info] (Windsurf) 2025-06-23 21:57:25.901 [INFO]: [Cascade Manager] Opening diff zones for: vercel.json
2025-06-23 21:57:41.762 [info] (Windsurf) 2025-06-23 21:57:41.762 [INFO]: [Cascade Manager] Opening diff zones for: package.json
2025-06-23 22:00:14.052 [info] (Windsurf) 2025-06-23 22:00:14.052 [INFO]: [Terminal] Command completed: npm run deploy exit code 0
2025-06-23 22:01:31.455 [info] (Windsurf) 2025-06-23 22:01:31.454 [INFO]: [Cascade Manager] Opening diff zones for: vercel.json
2025-06-23 22:02:47.758 [info] (Windsurf) 2025-06-23 22:02:47.758 [INFO]: [Terminal] Command completed: npm run deploy exit code 0
2025-06-23 22:04:51.829 [info] E0623 22:04:51.829124  7671 interceptor.go:73] /exa.language_server_pb.LanguageServerService/AcknowledgeCascadeCodeEdit (unknown): no unacknowledged steps for file file:///home/thorfinn/app/MongoAuthManager/package.json
2025-06-23 22:06:17.763 [info] (Windsurf) 2025-06-23 22:06:17.762 [INFO]: [Cascade Manager] Opening diff zones for: user.ts
2025-06-23 22:06:57.513 [info] (Windsurf) 2025-06-23 22:06:57.513 [INFO]: [Cascade Manager] Opening diff zones for: user.ts
2025-06-23 22:14:35.140 [info] E0623 22:14:35.139805  7671 interceptor.go:73] /exa.language_server_pb.LanguageServerService/AcknowledgeCascadeCodeEdit (unknown): no unacknowledged steps for file file:///home/thorfinn/app/MongoAuthManager/server/models/user.ts
2025-06-23 22:15:25.303 [info] (Windsurf) 2025-06-23 22:15:25.303 [INFO]: [Terminal] Command completed: npm run deploy exit code 0
2025-06-23 22:16:20.267 [info] E0623 22:16:20.267156  7671 interceptor.go:73] /exa.language_server_pb.LanguageServerService/SendUserCascadeMessage (unknown): executor is already running
2025-06-23 22:16:23.164 [info] E0623 22:16:23.164265  7671 interceptor.go:73] /exa.language_server_pb.LanguageServerService/SendUserCascadeMessage (unknown): executor is already running
2025-06-23 22:16:41.533 [info] E0623 22:16:41.533207  7671 interceptor.go:73] /exa.language_server_pb.LanguageServerService/SendUserCascadeMessage (unknown): executor is already running
2025-06-23 22:16:56.656 [info] (Windsurf) 2025-06-23 22:16:56.656 [INFO]: [Cascade Manager] Opening diff zones for: 
2025-06-23 22:18:23.779 [info] E0623 22:18:23.778676  7671 interceptor.go:73] /exa.language_server_pb.LanguageServerService/SendUserCascadeMessage (unknown): executor is already running
2025-06-23 22:18:23.796 [info] E0623 22:18:23.796221  7671 interceptor.go:73] /exa.language_server_pb.LanguageServerService/SendUserCascadeMessage (unknown): executor is already running
2025-06-23 22:19:27.242 [info] 2025/06/23 22:19:27 http: proxy error: context canceled
2025-06-23 22:19:27.252 [info] I0623 22:19:27.244351  7671 server.go:1411] Exit requested on language server process 7671
2025-06-23 22:19:27.252 [info] I0623 22:19:27.244569  7671 server.go:1384] Language server shutting down
