2025-06-23 19:11:29.888 [info] Extension host with pid 7389 started
2025-06-23 19:11:29.888 [info] Skipping acquiring lock for /home/thorfinn/.config/Windsurf/User/workspaceStorage/661a84410620e19d0c09d7942c20ee7a.
2025-06-23 19:11:30.572 [info] ExtensionService#_doActivateExtension vscode.emmet, startup: false, activationEvent: 'onLanguage'
2025-06-23 19:11:30.659 [info] ExtensionService#_doActivateExtension vscode.configuration-editing, startup: false, activationEvent: 'onLanguage:json'
2025-06-23 19:11:30.689 [info] ExtensionService#_doActivateExtension vscode.extension-editing, startup: false, activationEvent: 'onLanguage:json'
2025-06-23 19:11:30.733 [info] ExtensionService#_doActivateExtension vscode.json-language-features, startup: false, activationEvent: 'onLanguage:json'
2025-06-23 19:11:30.997 [info] ExtensionService#_doActivateExtension vscode.npm, startup: false, activationEvent: 'onLanguage:json'
2025-06-23 19:11:31.363 [info] ExtensionService#_doActivateExtension vscode.git-base, startup: true, activationEvent: '*', root cause: vscode.git
2025-06-23 19:11:31.499 [info] ExtensionService#_doActivateExtension vscode.git, startup: true, activationEvent: '*'
2025-06-23 19:11:31.613 [info] ExtensionService#_doActivateExtension vscode.github, startup: true, activationEvent: '*'
2025-06-23 19:11:32.087 [info] ExtensionService#_doActivateExtension codeium.windsurf, startup: true, activationEvent: '*'
2025-06-23 19:11:33.200 [info] ExtensionService#_doActivateExtension vscode.typescript-language-features, startup: false, activationEvent: 'onLanguage:jsonc'
2025-06-23 19:11:38.108 [info] Eager extensions activated
2025-06-23 19:11:38.127 [info] ExtensionService#_doActivateExtension vscode.debug-auto-launch, startup: false, activationEvent: 'onStartupFinished'
2025-06-23 19:11:38.131 [info] ExtensionService#_doActivateExtension vscode.merge-conflict, startup: false, activationEvent: 'onStartupFinished'
2025-06-23 19:11:38.163 [info] ExtensionService#_doActivateExtension Codeium.windsurf-dev-containers, startup: false, activationEvent: 'onStartupFinished'
2025-06-23 19:11:38.171 [info] ExtensionService#_doActivateExtension vscodevim.vim, startup: false, activationEvent: 'onStartupFinished'
2025-06-23 19:11:38.334 [info] ExtensionService#_doActivateExtension yandeu.five-server, startup: false, activationEvent: 'onStartupFinished'
2025-06-23 19:17:02.920 [warning] vscode.json-language-features - Code actions of kind 'quickfix' requested but returned code action is of kind 'source.sort.json'. Code action will be dropped. Please check 'CodeActionContext.only' to only return requested code actions.
2025-06-23 19:17:02.921 [warning] vscode.json-language-features - Code actions of kind 'quickfix' requested but returned code action is of kind 'source.sort.json'. Code action will be dropped. Please check 'CodeActionContext.only' to only return requested code actions.
2025-06-23 19:17:03.000 [warning] vscode.json-language-features - Code actions of kind 'quickfix' requested but returned code action is of kind 'source.sort.json'. Code action will be dropped. Please check 'CodeActionContext.only' to only return requested code actions.
2025-06-23 19:17:03.017 [warning] vscode.json-language-features - Code actions of kind 'quickfix' requested but returned code action is of kind 'source.sort.json'. Code action will be dropped. Please check 'CodeActionContext.only' to only return requested code actions.
2025-06-23 19:17:03.029 [warning] vscode.json-language-features - Code actions of kind 'quickfix' requested but returned code action is of kind 'source.sort.json'. Code action will be dropped. Please check 'CodeActionContext.only' to only return requested code actions.
2025-06-23 19:17:03.034 [warning] vscode.json-language-features - Code actions of kind 'quickfix' requested but returned code action is of kind 'source.sort.json'. Code action will be dropped. Please check 'CodeActionContext.only' to only return requested code actions.
2025-06-23 19:17:03.062 [warning] vscode.json-language-features - Code actions of kind 'quickfix' requested but returned code action is of kind 'source.sort.json'. Code action will be dropped. Please check 'CodeActionContext.only' to only return requested code actions.
2025-06-23 19:17:03.090 [warning] vscode.json-language-features - Code actions of kind 'quickfix' requested but returned code action is of kind 'source.sort.json'. Code action will be dropped. Please check 'CodeActionContext.only' to only return requested code actions.
2025-06-23 19:17:03.162 [warning] vscode.json-language-features - Code actions of kind 'quickfix' requested but returned code action is of kind 'source.sort.json'. Code action will be dropped. Please check 'CodeActionContext.only' to only return requested code actions.
2025-06-23 19:17:03.165 [warning] vscode.json-language-features - Code actions of kind 'quickfix' requested but returned code action is of kind 'source.sort.json'. Code action will be dropped. Please check 'CodeActionContext.only' to only return requested code actions.
2025-06-23 19:17:03.174 [warning] vscode.json-language-features - Code actions of kind 'quickfix' requested but returned code action is of kind 'source.sort.json'. Code action will be dropped. Please check 'CodeActionContext.only' to only return requested code actions.
2025-06-23 19:17:03.175 [warning] vscode.json-language-features - Code actions of kind 'quickfix' requested but returned code action is of kind 'source.sort.json'. Code action will be dropped. Please check 'CodeActionContext.only' to only return requested code actions.
2025-06-23 19:17:03.601 [warning] vscode.json-language-features - Code actions of kind 'quickfix' requested but returned code action is of kind 'source.sort.json'. Code action will be dropped. Please check 'CodeActionContext.only' to only return requested code actions.
2025-06-23 19:17:03.601 [warning] vscode.json-language-features - Code actions of kind 'quickfix' requested but returned code action is of kind 'source.sort.json'. Code action will be dropped. Please check 'CodeActionContext.only' to only return requested code actions.
2025-06-23 19:17:03.605 [warning] vscode.json-language-features - Code actions of kind 'quickfix' requested but returned code action is of kind 'source.sort.json'. Code action will be dropped. Please check 'CodeActionContext.only' to only return requested code actions.
2025-06-23 19:17:03.606 [warning] vscode.json-language-features - Code actions of kind 'quickfix' requested but returned code action is of kind 'source.sort.json'. Code action will be dropped. Please check 'CodeActionContext.only' to only return requested code actions.
2025-06-23 19:17:03.721 [warning] vscode.json-language-features - Code actions of kind 'quickfix' requested but returned code action is of kind 'source.sort.json'. Code action will be dropped. Please check 'CodeActionContext.only' to only return requested code actions.
2025-06-23 19:17:03.722 [warning] vscode.json-language-features - Code actions of kind 'quickfix' requested but returned code action is of kind 'source.sort.json'. Code action will be dropped. Please check 'CodeActionContext.only' to only return requested code actions.
2025-06-23 19:17:03.728 [warning] vscode.json-language-features - Code actions of kind 'quickfix' requested but returned code action is of kind 'source.sort.json'. Code action will be dropped. Please check 'CodeActionContext.only' to only return requested code actions.
2025-06-23 19:17:03.728 [warning] vscode.json-language-features - Code actions of kind 'quickfix' requested but returned code action is of kind 'source.sort.json'. Code action will be dropped. Please check 'CodeActionContext.only' to only return requested code actions.
2025-06-23 19:17:04.182 [warning] vscode.json-language-features - Code actions of kind 'quickfix' requested but returned code action is of kind 'source.sort.json'. Code action will be dropped. Please check 'CodeActionContext.only' to only return requested code actions.
2025-06-23 19:17:04.183 [warning] vscode.json-language-features - Code actions of kind 'quickfix' requested but returned code action is of kind 'source.sort.json'. Code action will be dropped. Please check 'CodeActionContext.only' to only return requested code actions.
2025-06-23 19:42:26.080 [error] Error: Model is disposed!
    at yf.jb (vscode-file://vscode-app/usr/share/windsurf/resources/app/out/vs/workbench/workbench.desktop.main.js:251:257)
    at yf.getAlternativeVersionId (vscode-file://vscode-app/usr/share/windsurf/resources/app/out/vs/workbench/workbench.desktop.main.js:253:2951)
    at Lw._computeFn (vscode-file://vscode-app/usr/share/windsurf/resources/app/out/vs/workbench/workbench.desktop.main.js:448:19728)
    at Lw.get (vscode-file://vscode-app/usr/share/windsurf/resources/app/out/vs/workbench/workbench.desktop.main.js:31:25382)
    at Lw.reportChanges (vscode-file://vscode-app/usr/share/windsurf/resources/app/out/vs/workbench/workbench.desktop.main.js:31:15998)
    at e7e.endUpdate (vscode-file://vscode-app/usr/share/windsurf/resources/app/out/vs/workbench/workbench.desktop.main.js:31:32108)
    at Lw.endUpdate (vscode-file://vscode-app/usr/share/windsurf/resources/app/out/vs/workbench/workbench.desktop.main.js:31:26542)
    at fW.finish (vscode-file://vscode-app/usr/share/windsurf/resources/app/out/vs/workbench/workbench.desktop.main.js:31:17923)
    at TR (vscode-file://vscode-app/usr/share/windsurf/resources/app/out/vs/workbench/workbench.desktop.main.js:31:17412)
    at async Nxs.run (vscode-file://vscode-app/usr/share/windsurf/resources/app/out/vs/workbench/workbench.desktop.main.js:466:7160)
2025-06-23 19:45:46.360 [error] Error: Cannot show while inline completion is already showing
    at vscode-file://vscode-app/usr/share/windsurf/resources/app/out/vs/workbench/workbench.desktop.main.js:412:300838
2025-06-23 19:45:47.372 [error] Error: Cannot show while inline completion is already showing
    at vscode-file://vscode-app/usr/share/windsurf/resources/app/out/vs/workbench/workbench.desktop.main.js:412:300838
2025-06-23 20:24:06.312 [error] ConnectError: [unknown] no unacknowledged steps for file file:///home/thorfinn/app/MongoAuthManager/server/vite.ts
	at c (/usr/share/windsurf/resources/app/extensions/windsurf/dist/extension.js:2:3856441)
	at l (/usr/share/windsurf/resources/app/extensions/windsurf/dist/extension.js:2:3856837)
	at next (/usr/share/windsurf/resources/app/extensions/windsurf/dist/extension.js:2:3863488)
	at process.processTicksAndRejections (node:internal/process/task_queues:105:5)
	at async /usr/share/windsurf/resources/app/extensions/windsurf/dist/extension.js:2:3462828
	at async Object.unary (/usr/share/windsurf/resources/app/extensions/windsurf/dist/extension.js:2:3861824)
	at async Object.acknowledgeCascadeCodeEdit (/usr/share/windsurf/resources/app/extensions/windsurf/dist/extension.js:2:3849687)
	at async t.acknowledgeCascadeCodeEdit (/usr/share/windsurf/resources/app/extensions/windsurf/dist/extension.js:2:2307683)
2025-06-23 20:25:57.520 [info] ExtensionService#_doActivateExtension vscode.simple-browser, startup: false, activationEvent: 'onOpenExternalUri:https'
2025-06-23 20:43:13.413 [error] [vscode.typescript-language-features] provider FAILED
2025-06-23 20:43:13.413 [error] Error: <semantic> TypeScript Server Error (5.8.2)
Debug Failure. Invalid cast. The supplied value [object Object] did not pass the test 'isParameter'.
Additional information: BADCLIENT: Bad error code, 7006 not found in range 44831..44836 (found: )
Error: Debug Failure. Invalid cast. The supplied value [object Object] did not pass the test 'isParameter'.
Additional information: BADCLIENT: Bad error code, 7006 not found in range 44831..44836 (found: )
    at cast (/usr/share/windsurf/resources/app/extensions/node_modules/typescript/lib/typescript.js:3350:16)
    at doChange33 (/usr/share/windsurf/resources/app/extensions/node_modules/typescript/lib/typescript.js:163013:23)
    at /usr/share/windsurf/resources/app/extensions/node_modules/typescript/lib/typescript.js:162893:21
    at _ChangeTracker.with (/usr/share/windsurf/resources/app/extensions/node_modules/typescript/lib/typescript.js:178070:5)
    at Object.getCodeActions (/usr/share/windsurf/resources/app/extensions/node_modules/typescript/lib/typescript.js:162892:62)
    at /usr/share/windsurf/resources/app/extensions/node_modules/typescript/lib/typescript.js:154260:46
    at flatMap (/usr/share/windsurf/resources/app/extensions/node_modules/typescript/lib/typescript.js:2536:17)
    at Object.getFixes (/usr/share/windsurf/resources/app/extensions/node_modules/typescript/lib/typescript.js:154260:10)
    at /usr/share/windsurf/resources/app/extensions/node_modules/typescript/lib/typescript.js:152524:33
    at flatMap (/usr/share/windsurf/resources/app/extensions/node_modules/typescript/lib/typescript.js:2536:17)
    at Object.getCodeFixesAtPosition (/usr/share/windsurf/resources/app/extensions/node_modules/typescript/lib/typescript.js:152522:12)
    at IpcIOSession.getCodeFixes (/usr/share/windsurf/resources/app/extensions/node_modules/typescript/lib/typescript.js:195357:50)
    at getCodeFixes (/usr/share/windsurf/resources/app/extensions/node_modules/typescript/lib/typescript.js:193369:43)
    at /usr/share/windsurf/resources/app/extensions/node_modules/typescript/lib/typescript.js:195676:15
    at IpcIOSession.executeWithRequestId (/usr/share/windsurf/resources/app/extensions/node_modules/typescript/lib/typescript.js:195665:14)
    at IpcIOSession.executeCommand (/usr/share/windsurf/resources/app/extensions/node_modules/typescript/lib/typescript.js:195674:29)
    at IpcIOSession.onMessage (/usr/share/windsurf/resources/app/extensions/node_modules/typescript/lib/typescript.js:195722:68)
    at process.<anonymous> (/usr/share/windsurf/resources/app/extensions/node_modules/typescript/lib/_tsserver.js:519:14)
    at process.emit (node:events:518:28)
    at emit (node:internal/child_process:949:14)
    at process.processTicksAndRejections (node:internal/process/task_queues:91:21)
	at n.create (/usr/share/windsurf/resources/app/extensions/typescript-language-features/dist/extension.js:2:492527)
	at y.dispatchResponse (/usr/share/windsurf/resources/app/extensions/typescript-language-features/dist/extension.js:2:486497)
	at y.dispatchMessage (/usr/share/windsurf/resources/app/extensions/typescript-language-features/dist/extension.js:2:485295)
	at ChildProcess.<anonymous> (/usr/share/windsurf/resources/app/extensions/typescript-language-features/dist/extension.js:2:484788)
	at ChildProcess.emit (node:events:518:28)
	at ChildProcess.emit (node:domain:489:12)
	at emit (node:internal/child_process:949:14)
	at process.processTicksAndRejections (node:internal/process/task_queues:91:21)
2025-06-23 20:43:13.416 [error] [vscode.typescript-language-features] provider FAILED
2025-06-23 20:43:13.416 [error] Error: <semantic> TypeScript Server Error (5.8.2)
Debug Failure. Invalid cast. The supplied value [object Object] did not pass the test 'isParameter'.
Additional information: BADCLIENT: Bad error code, 7006 not found in range 44831..44836 (found: )
Error: Debug Failure. Invalid cast. The supplied value [object Object] did not pass the test 'isParameter'.
Additional information: BADCLIENT: Bad error code, 7006 not found in range 44831..44836 (found: )
    at cast (/usr/share/windsurf/resources/app/extensions/node_modules/typescript/lib/typescript.js:3350:16)
    at doChange33 (/usr/share/windsurf/resources/app/extensions/node_modules/typescript/lib/typescript.js:163013:23)
    at /usr/share/windsurf/resources/app/extensions/node_modules/typescript/lib/typescript.js:162893:21
    at _ChangeTracker.with (/usr/share/windsurf/resources/app/extensions/node_modules/typescript/lib/typescript.js:178070:5)
    at Object.getCodeActions (/usr/share/windsurf/resources/app/extensions/node_modules/typescript/lib/typescript.js:162892:62)
    at /usr/share/windsurf/resources/app/extensions/node_modules/typescript/lib/typescript.js:154260:46
    at flatMap (/usr/share/windsurf/resources/app/extensions/node_modules/typescript/lib/typescript.js:2536:17)
    at Object.getFixes (/usr/share/windsurf/resources/app/extensions/node_modules/typescript/lib/typescript.js:154260:10)
    at /usr/share/windsurf/resources/app/extensions/node_modules/typescript/lib/typescript.js:152524:33
    at flatMap (/usr/share/windsurf/resources/app/extensions/node_modules/typescript/lib/typescript.js:2536:17)
    at Object.getCodeFixesAtPosition (/usr/share/windsurf/resources/app/extensions/node_modules/typescript/lib/typescript.js:152522:12)
    at IpcIOSession.getCodeFixes (/usr/share/windsurf/resources/app/extensions/node_modules/typescript/lib/typescript.js:195357:50)
    at getCodeFixes (/usr/share/windsurf/resources/app/extensions/node_modules/typescript/lib/typescript.js:193369:43)
    at /usr/share/windsurf/resources/app/extensions/node_modules/typescript/lib/typescript.js:195676:15
    at IpcIOSession.executeWithRequestId (/usr/share/windsurf/resources/app/extensions/node_modules/typescript/lib/typescript.js:195665:14)
    at IpcIOSession.executeCommand (/usr/share/windsurf/resources/app/extensions/node_modules/typescript/lib/typescript.js:195674:29)
    at IpcIOSession.onMessage (/usr/share/windsurf/resources/app/extensions/node_modules/typescript/lib/typescript.js:195722:68)
    at process.<anonymous> (/usr/share/windsurf/resources/app/extensions/node_modules/typescript/lib/_tsserver.js:519:14)
    at process.emit (node:events:518:28)
    at emit (node:internal/child_process:949:14)
    at process.processTicksAndRejections (node:internal/process/task_queues:91:21)
	at n.create (/usr/share/windsurf/resources/app/extensions/typescript-language-features/dist/extension.js:2:492527)
	at y.dispatchResponse (/usr/share/windsurf/resources/app/extensions/typescript-language-features/dist/extension.js:2:486497)
	at y.dispatchMessage (/usr/share/windsurf/resources/app/extensions/typescript-language-features/dist/extension.js:2:485295)
	at ChildProcess.<anonymous> (/usr/share/windsurf/resources/app/extensions/typescript-language-features/dist/extension.js:2:484788)
	at ChildProcess.emit (node:events:518:28)
	at ChildProcess.emit (node:domain:489:12)
	at emit (node:internal/child_process:949:14)
	at process.processTicksAndRejections (node:internal/process/task_queues:91:21)
2025-06-23 20:47:41.224 [error] ConnectError: [unknown] no unacknowledged steps for file file:///home/thorfinn/app/MongoAuthManager/vercel.json
	at c (/usr/share/windsurf/resources/app/extensions/windsurf/dist/extension.js:2:3856441)
	at l (/usr/share/windsurf/resources/app/extensions/windsurf/dist/extension.js:2:3856837)
	at next (/usr/share/windsurf/resources/app/extensions/windsurf/dist/extension.js:2:3863488)
	at process.processTicksAndRejections (node:internal/process/task_queues:105:5)
	at async /usr/share/windsurf/resources/app/extensions/windsurf/dist/extension.js:2:3462828
	at async Object.unary (/usr/share/windsurf/resources/app/extensions/windsurf/dist/extension.js:2:3861824)
	at async Object.acknowledgeCascadeCodeEdit (/usr/share/windsurf/resources/app/extensions/windsurf/dist/extension.js:2:3849687)
	at async t.acknowledgeCascadeCodeEdit (/usr/share/windsurf/resources/app/extensions/windsurf/dist/extension.js:2:2307683)
2025-06-23 20:48:32.530 [error] ConnectError: [unknown] no unacknowledged steps for file file:///home/thorfinn/app/MongoAuthManager/vercel.json
	at c (/usr/share/windsurf/resources/app/extensions/windsurf/dist/extension.js:2:3856441)
	at l (/usr/share/windsurf/resources/app/extensions/windsurf/dist/extension.js:2:3856837)
	at next (/usr/share/windsurf/resources/app/extensions/windsurf/dist/extension.js:2:3863488)
	at process.processTicksAndRejections (node:internal/process/task_queues:105:5)
	at async /usr/share/windsurf/resources/app/extensions/windsurf/dist/extension.js:2:3462828
	at async Object.unary (/usr/share/windsurf/resources/app/extensions/windsurf/dist/extension.js:2:3861824)
	at async Object.acknowledgeCascadeCodeEdit (/usr/share/windsurf/resources/app/extensions/windsurf/dist/extension.js:2:3849687)
	at async t.acknowledgeCascadeCodeEdit (/usr/share/windsurf/resources/app/extensions/windsurf/dist/extension.js:2:2307683)
2025-06-23 20:48:39.828 [error] ConnectError: [unknown] no unacknowledged steps for file file:///home/thorfinn/app/MongoAuthManager/package.json
	at c (/usr/share/windsurf/resources/app/extensions/windsurf/dist/extension.js:2:3856441)
	at l (/usr/share/windsurf/resources/app/extensions/windsurf/dist/extension.js:2:3856837)
	at next (/usr/share/windsurf/resources/app/extensions/windsurf/dist/extension.js:2:3863488)
	at process.processTicksAndRejections (node:internal/process/task_queues:105:5)
	at async /usr/share/windsurf/resources/app/extensions/windsurf/dist/extension.js:2:3462828
	at async Object.unary (/usr/share/windsurf/resources/app/extensions/windsurf/dist/extension.js:2:3861824)
	at async Object.acknowledgeCascadeCodeEdit (/usr/share/windsurf/resources/app/extensions/windsurf/dist/extension.js:2:3849687)
	at async t.acknowledgeCascadeCodeEdit (/usr/share/windsurf/resources/app/extensions/windsurf/dist/extension.js:2:2307683)
2025-06-23 20:48:51.295 [error] ConnectError: [unknown] no unacknowledged steps for file file:///home/thorfinn/app/MongoAuthManager/package.json
	at c (/usr/share/windsurf/resources/app/extensions/windsurf/dist/extension.js:2:3856441)
	at l (/usr/share/windsurf/resources/app/extensions/windsurf/dist/extension.js:2:3856837)
	at next (/usr/share/windsurf/resources/app/extensions/windsurf/dist/extension.js:2:3863488)
	at process.processTicksAndRejections (node:internal/process/task_queues:105:5)
	at async /usr/share/windsurf/resources/app/extensions/windsurf/dist/extension.js:2:3462828
	at async Object.unary (/usr/share/windsurf/resources/app/extensions/windsurf/dist/extension.js:2:3861824)
	at async Object.acknowledgeCascadeCodeEdit (/usr/share/windsurf/resources/app/extensions/windsurf/dist/extension.js:2:3849687)
	at async t.acknowledgeCascadeCodeEdit (/usr/share/windsurf/resources/app/extensions/windsurf/dist/extension.js:2:2307683)
2025-06-23 20:55:33.781 [info] ExtensionService#_doActivateExtension vscode.html-language-features, startup: false, activationEvent: 'onLanguage:html'
2025-06-23 20:56:27.664 [warning] vscode.json-language-features - Code actions of kind 'quickfix' requested but returned code action is of kind 'source.sort.json'. Code action will be dropped. Please check 'CodeActionContext.only' to only return requested code actions.
2025-06-23 20:56:28.712 [warning] vscode.json-language-features - Code actions of kind 'quickfix' requested but returned code action is of kind 'source.sort.json'. Code action will be dropped. Please check 'CodeActionContext.only' to only return requested code actions.
2025-06-23 20:56:31.968 [warning] vscode.json-language-features - Code actions of kind 'quickfix' requested but returned code action is of kind 'source.sort.json'. Code action will be dropped. Please check 'CodeActionContext.only' to only return requested code actions.
2025-06-23 20:56:31.994 [warning] vscode.json-language-features - Code actions of kind 'quickfix' requested but returned code action is of kind 'source.sort.json'. Code action will be dropped. Please check 'CodeActionContext.only' to only return requested code actions.
2025-06-23 20:56:31.996 [warning] vscode.json-language-features - Code actions of kind 'quickfix' requested but returned code action is of kind 'source.sort.json'. Code action will be dropped. Please check 'CodeActionContext.only' to only return requested code actions.
2025-06-23 20:56:33.139 [warning] vscode.json-language-features - Code actions of kind 'quickfix' requested but returned code action is of kind 'source.sort.json'. Code action will be dropped. Please check 'CodeActionContext.only' to only return requested code actions.
2025-06-23 20:56:35.305 [warning] vscode.json-language-features - Code actions of kind 'quickfix' requested but returned code action is of kind 'source.sort.json'. Code action will be dropped. Please check 'CodeActionContext.only' to only return requested code actions.
2025-06-23 20:56:36.158 [warning] vscode.json-language-features - Code actions of kind 'quickfix' requested but returned code action is of kind 'source.sort.json'. Code action will be dropped. Please check 'CodeActionContext.only' to only return requested code actions.
2025-06-23 20:56:37.660 [warning] vscode.json-language-features - Code actions of kind 'quickfix' requested but returned code action is of kind 'source.sort.json'. Code action will be dropped. Please check 'CodeActionContext.only' to only return requested code actions.
2025-06-23 20:56:37.662 [warning] vscode.json-language-features - Code actions of kind 'quickfix' requested but returned code action is of kind 'source.sort.json'. Code action will be dropped. Please check 'CodeActionContext.only' to only return requested code actions.
2025-06-23 20:56:38.647 [warning] vscode.json-language-features - Code actions of kind 'quickfix' requested but returned code action is of kind 'source.sort.json'. Code action will be dropped. Please check 'CodeActionContext.only' to only return requested code actions.
2025-06-23 20:56:38.648 [warning] vscode.json-language-features - Code actions of kind 'quickfix' requested but returned code action is of kind 'source.sort.json'. Code action will be dropped. Please check 'CodeActionContext.only' to only return requested code actions.
2025-06-23 20:56:41.016 [warning] vscode.json-language-features - Code actions of kind 'quickfix' requested but returned code action is of kind 'source.sort.json'. Code action will be dropped. Please check 'CodeActionContext.only' to only return requested code actions.
2025-06-23 20:56:42.040 [warning] vscode.json-language-features - Code actions of kind 'quickfix' requested but returned code action is of kind 'source.sort.json'. Code action will be dropped. Please check 'CodeActionContext.only' to only return requested code actions.
2025-06-23 20:56:43.253 [warning] vscode.json-language-features - Code actions of kind 'quickfix' requested but returned code action is of kind 'source.sort.json'. Code action will be dropped. Please check 'CodeActionContext.only' to only return requested code actions.
2025-06-23 20:57:12.388 [warning] vscode.json-language-features - Code actions of kind 'quickfix' requested but returned code action is of kind 'source.sort.json'. Code action will be dropped. Please check 'CodeActionContext.only' to only return requested code actions.
2025-06-23 20:57:12.390 [warning] vscode.json-language-features - Code actions of kind 'quickfix' requested but returned code action is of kind 'source.sort.json'. Code action will be dropped. Please check 'CodeActionContext.only' to only return requested code actions.
2025-06-23 20:57:12.391 [warning] vscode.json-language-features - Code actions of kind 'quickfix' requested but returned code action is of kind 'source.sort.json'. Code action will be dropped. Please check 'CodeActionContext.only' to only return requested code actions.
2025-06-23 20:57:13.705 [warning] vscode.json-language-features - Code actions of kind 'quickfix' requested but returned code action is of kind 'source.sort.json'. Code action will be dropped. Please check 'CodeActionContext.only' to only return requested code actions.
2025-06-23 20:57:14.640 [warning] vscode.json-language-features - Code actions of kind 'quickfix' requested but returned code action is of kind 'source.sort.json'. Code action will be dropped. Please check 'CodeActionContext.only' to only return requested code actions.
2025-06-23 20:57:16.232 [warning] vscode.json-language-features - Code actions of kind 'quickfix' requested but returned code action is of kind 'source.sort.json'. Code action will be dropped. Please check 'CodeActionContext.only' to only return requested code actions.
2025-06-23 20:57:16.351 [warning] vscode.json-language-features - Code actions of kind 'quickfix' requested but returned code action is of kind 'source.sort.json'. Code action will be dropped. Please check 'CodeActionContext.only' to only return requested code actions.
2025-06-23 20:57:17.140 [warning] vscode.json-language-features - Code actions of kind 'quickfix' requested but returned code action is of kind 'source.sort.json'. Code action will be dropped. Please check 'CodeActionContext.only' to only return requested code actions.
2025-06-23 20:57:17.360 [warning] vscode.json-language-features - Code actions of kind 'quickfix' requested but returned code action is of kind 'source.sort.json'. Code action will be dropped. Please check 'CodeActionContext.only' to only return requested code actions.
2025-06-23 20:57:17.387 [warning] vscode.json-language-features - Code actions of kind 'quickfix' requested but returned code action is of kind 'source.sort.json'. Code action will be dropped. Please check 'CodeActionContext.only' to only return requested code actions.
2025-06-23 20:57:17.387 [warning] vscode.json-language-features - Code actions of kind 'quickfix' requested but returned code action is of kind 'source.sort.json'. Code action will be dropped. Please check 'CodeActionContext.only' to only return requested code actions.
2025-06-23 20:57:18.186 [warning] vscode.json-language-features - Code actions of kind 'quickfix' requested but returned code action is of kind 'source.sort.json'. Code action will be dropped. Please check 'CodeActionContext.only' to only return requested code actions.
2025-06-23 20:57:18.918 [warning] vscode.json-language-features - Code actions of kind 'quickfix' requested but returned code action is of kind 'source.sort.json'. Code action will be dropped. Please check 'CodeActionContext.only' to only return requested code actions.
2025-06-23 20:57:19.489 [warning] vscode.json-language-features - Code actions of kind 'quickfix' requested but returned code action is of kind 'source.sort.json'. Code action will be dropped. Please check 'CodeActionContext.only' to only return requested code actions.
2025-06-23 20:57:19.561 [warning] vscode.json-language-features - Code actions of kind 'quickfix' requested but returned code action is of kind 'source.sort.json'. Code action will be dropped. Please check 'CodeActionContext.only' to only return requested code actions.
2025-06-23 20:57:20.397 [warning] vscode.json-language-features - Code actions of kind 'quickfix' requested but returned code action is of kind 'source.sort.json'. Code action will be dropped. Please check 'CodeActionContext.only' to only return requested code actions.
2025-06-23 20:57:20.595 [warning] vscode.json-language-features - Code actions of kind 'quickfix' requested but returned code action is of kind 'source.sort.json'. Code action will be dropped. Please check 'CodeActionContext.only' to only return requested code actions.
2025-06-23 20:57:21.129 [warning] vscode.json-language-features - Code actions of kind 'quickfix' requested but returned code action is of kind 'source.sort.json'. Code action will be dropped. Please check 'CodeActionContext.only' to only return requested code actions.
2025-06-23 20:57:22.570 [warning] vscode.json-language-features - Code actions of kind 'quickfix' requested but returned code action is of kind 'source.sort.json'. Code action will be dropped. Please check 'CodeActionContext.only' to only return requested code actions.
2025-06-23 20:57:22.614 [warning] vscode.json-language-features - Code actions of kind 'quickfix' requested but returned code action is of kind 'source.sort.json'. Code action will be dropped. Please check 'CodeActionContext.only' to only return requested code actions.
2025-06-23 20:57:22.615 [warning] vscode.json-language-features - Code actions of kind 'quickfix' requested but returned code action is of kind 'source.sort.json'. Code action will be dropped. Please check 'CodeActionContext.only' to only return requested code actions.
2025-06-23 20:57:23.176 [warning] vscode.json-language-features - Code actions of kind 'quickfix' requested but returned code action is of kind 'source.sort.json'. Code action will be dropped. Please check 'CodeActionContext.only' to only return requested code actions.
2025-06-23 20:57:28.583 [warning] vscode.json-language-features - Code actions of kind 'quickfix' requested but returned code action is of kind 'source.sort.json'. Code action will be dropped. Please check 'CodeActionContext.only' to only return requested code actions.
2025-06-23 20:57:28.619 [warning] vscode.json-language-features - Code actions of kind 'quickfix' requested but returned code action is of kind 'source.sort.json'. Code action will be dropped. Please check 'CodeActionContext.only' to only return requested code actions.
2025-06-23 21:39:31.994 [warning] vscode.json-language-features - Code actions of kind 'quickfix' requested but returned code action is of kind 'source.sort.json'. Code action will be dropped. Please check 'CodeActionContext.only' to only return requested code actions.
2025-06-23 21:39:32.962 [warning] vscode.json-language-features - Code actions of kind 'quickfix' requested but returned code action is of kind 'source.sort.json'. Code action will be dropped. Please check 'CodeActionContext.only' to only return requested code actions.
2025-06-23 22:04:52.835 [error] ConnectError: [unknown] no unacknowledged steps for file file:///home/thorfinn/app/MongoAuthManager/package.json
	at c (/usr/share/windsurf/resources/app/extensions/windsurf/dist/extension.js:2:3856441)
	at l (/usr/share/windsurf/resources/app/extensions/windsurf/dist/extension.js:2:3856837)
	at next (/usr/share/windsurf/resources/app/extensions/windsurf/dist/extension.js:2:3863488)
	at process.processTicksAndRejections (node:internal/process/task_queues:105:5)
	at async /usr/share/windsurf/resources/app/extensions/windsurf/dist/extension.js:2:3462828
	at async Object.unary (/usr/share/windsurf/resources/app/extensions/windsurf/dist/extension.js:2:3861824)
	at async Object.acknowledgeCascadeCodeEdit (/usr/share/windsurf/resources/app/extensions/windsurf/dist/extension.js:2:3849687)
	at async t.acknowledgeCascadeCodeEdit (/usr/share/windsurf/resources/app/extensions/windsurf/dist/extension.js:2:2307683)
2025-06-23 22:14:36.146 [error] ConnectError: [unknown] no unacknowledged steps for file file:///home/thorfinn/app/MongoAuthManager/server/models/user.ts
	at c (/usr/share/windsurf/resources/app/extensions/windsurf/dist/extension.js:2:3856441)
	at l (/usr/share/windsurf/resources/app/extensions/windsurf/dist/extension.js:2:3856837)
	at next (/usr/share/windsurf/resources/app/extensions/windsurf/dist/extension.js:2:3863488)
	at process.processTicksAndRejections (node:internal/process/task_queues:105:5)
	at async /usr/share/windsurf/resources/app/extensions/windsurf/dist/extension.js:2:3462828
	at async Object.unary (/usr/share/windsurf/resources/app/extensions/windsurf/dist/extension.js:2:3861824)
	at async Object.acknowledgeCascadeCodeEdit (/usr/share/windsurf/resources/app/extensions/windsurf/dist/extension.js:2:3849687)
	at async t.acknowledgeCascadeCodeEdit (/usr/share/windsurf/resources/app/extensions/windsurf/dist/extension.js:2:2307683)
2025-06-23 22:19:27.126 [info] Extension host terminating: renderer closed the MessagePort
2025-06-23 22:19:27.240 [error] Canceled: Canceled
	at new t2 (file:///usr/share/windsurf/resources/app/out/vs/workbench/api/node/extensionHostProcess.js:29:113090)
	at qA.U (file:///usr/share/windsurf/resources/app/out/vs/workbench/api/node/extensionHostProcess.js:29:117701)
	at s.<computed>.r.charCodeAt.s.<computed> (file:///usr/share/windsurf/resources/app/out/vs/workbench/api/node/extensionHostProcess.js:29:115195)
	at CI.g (file:///usr/share/windsurf/resources/app/out/vs/workbench/api/node/extensionHostProcess.js:111:40984)
	at CI.executeCommand (file:///usr/share/windsurf/resources/app/out/vs/workbench/api/node/extensionHostProcess.js:111:40488)
	at i.registerCommand.description (file:///usr/share/windsurf/resources/app/out/vs/workbench/api/node/extensionHostProcess.js:111:39818)
	at CI.h (file:///usr/share/windsurf/resources/app/out/vs/workbench/api/node/extensionHostProcess.js:111:41504)
	at CI.g (file:///usr/share/windsurf/resources/app/out/vs/workbench/api/node/extensionHostProcess.js:111:40581)
	at CI.executeCommand (file:///usr/share/windsurf/resources/app/out/vs/workbench/api/node/extensionHostProcess.js:111:40488)
	at Object.executeCommand (file:///usr/share/windsurf/resources/app/out/vs/workbench/api/node/extensionHostProcess.js:174:39981)
	at Eg.L [as value] (/usr/share/windsurf/resources/app/extensions/git/dist/main.js:2:514222)
	at y.B (file:///usr/share/windsurf/resources/app/out/vs/workbench/api/node/extensionHostProcess.js:27:2375)
	at y.C (file:///usr/share/windsurf/resources/app/out/vs/workbench/api/node/extensionHostProcess.js:27:2445)
	at y.fire (file:///usr/share/windsurf/resources/app/out/vs/workbench/api/node/extensionHostProcess.js:27:2662)
	at Object.g [as dispose] (/usr/share/windsurf/resources/app/extensions/git/dist/main.js:2:536862)
	at /usr/share/windsurf/resources/app/extensions/git/dist/main.js:2:543180
	at Array.forEach (<anonymous>)
	at b.dispose (/usr/share/windsurf/resources/app/extensions/git/dist/main.js:2:543166)
	at hb.<anonymous> (file:///usr/share/windsurf/resources/app/out/vs/workbench/api/node/extensionHostProcess.js:107:8922)
	at hb.dispose (file:///usr/share/windsurf/resources/app/out/vs/workbench/api/node/extensionHostProcess.js:107:9018)
	at hb.<anonymous> (/usr/share/windsurf/resources/app/extensions/git/dist/main.js:2:516706)
	at hb.dispose (file:///usr/share/windsurf/resources/app/out/vs/workbench/api/node/extensionHostProcess.js:107:9018)
	at On (file:///usr/share/windsurf/resources/app/out/vs/workbench/api/node/extensionHostProcess.js:25:701)
	at file:///usr/share/windsurf/resources/app/out/vs/workbench/api/node/extensionHostProcess.js:116:15142
	at file:///usr/share/windsurf/resources/app/out/vs/workbench/api/node/extensionHostProcess.js:25:1011
	at Object.dispose (file:///usr/share/windsurf/resources/app/out/vs/workbench/api/node/extensionHostProcess.js:8:705)
	at cte.eb (file:///usr/share/windsurf/resources/app/out/vs/workbench/api/node/extensionHostProcess.js:116:12069)
	at file:///usr/share/windsurf/resources/app/out/vs/workbench/api/node/extensionHostProcess.js:116:10024
	at Array.map (<anonymous>)
	at cte.$ (file:///usr/share/windsurf/resources/app/out/vs/workbench/api/node/extensionHostProcess.js:116:10012)
	at cte.terminate (file:///usr/share/windsurf/resources/app/out/vs/workbench/api/node/extensionHostProcess.js:116:10255)
	at Zx.terminate (file:///usr/share/windsurf/resources/app/out/vs/workbench/api/node/extensionHostProcess.js:117:1434)
	at _s (file:///usr/share/windsurf/resources/app/out/vs/workbench/api/node/extensionHostProcess.js:198:5722)
	at MessagePortMain.<anonymous> (file:///usr/share/windsurf/resources/app/out/vs/workbench/api/node/extensionHostProcess.js:198:2262)
	at MessagePortMain.emit (node:events:518:28)
	at MessagePortMain.emit (node:domain:489:12)
	at MessagePortMain._internalPort.emit (node:electron/js2c/utility_init:2:2949) setContext undefined
2025-06-23 22:19:27.241 [error] Canceled: Canceled
	at new t2 (file:///usr/share/windsurf/resources/app/out/vs/workbench/api/node/extensionHostProcess.js:29:113090)
	at qA.U (file:///usr/share/windsurf/resources/app/out/vs/workbench/api/node/extensionHostProcess.js:29:117701)
	at s.<computed>.r.charCodeAt.s.<computed> (file:///usr/share/windsurf/resources/app/out/vs/workbench/api/node/extensionHostProcess.js:29:115195)
	at CI.g (file:///usr/share/windsurf/resources/app/out/vs/workbench/api/node/extensionHostProcess.js:111:40984)
	at CI.executeCommand (file:///usr/share/windsurf/resources/app/out/vs/workbench/api/node/extensionHostProcess.js:111:40488)
	at i.registerCommand.description (file:///usr/share/windsurf/resources/app/out/vs/workbench/api/node/extensionHostProcess.js:111:39818)
	at CI.h (file:///usr/share/windsurf/resources/app/out/vs/workbench/api/node/extensionHostProcess.js:111:41504)
	at CI.g (file:///usr/share/windsurf/resources/app/out/vs/workbench/api/node/extensionHostProcess.js:111:40581)
	at CI.executeCommand (file:///usr/share/windsurf/resources/app/out/vs/workbench/api/node/extensionHostProcess.js:111:40488)
	at Object.executeCommand (file:///usr/share/windsurf/resources/app/out/vs/workbench/api/node/extensionHostProcess.js:174:39981)
	at set hasGitHubRepositories (/usr/share/windsurf/resources/app/extensions/github/dist/extension.js:2:217807)
	at /usr/share/windsurf/resources/app/extensions/github/dist/extension.js:2:218766
	at Eg.value (/usr/share/windsurf/resources/app/extensions/git/dist/main.js:2:634408)
	at y.B (file:///usr/share/windsurf/resources/app/out/vs/workbench/api/node/extensionHostProcess.js:27:2375)
	at y.C (file:///usr/share/windsurf/resources/app/out/vs/workbench/api/node/extensionHostProcess.js:27:2445)
	at y.fire (file:///usr/share/windsurf/resources/app/out/vs/workbench/api/node/extensionHostProcess.js:27:2662)
	at Object.g [as dispose] (/usr/share/windsurf/resources/app/extensions/git/dist/main.js:2:536862)
	at /usr/share/windsurf/resources/app/extensions/git/dist/main.js:2:543180
	at Array.forEach (<anonymous>)
	at b.dispose (/usr/share/windsurf/resources/app/extensions/git/dist/main.js:2:543166)
	at hb.<anonymous> (file:///usr/share/windsurf/resources/app/out/vs/workbench/api/node/extensionHostProcess.js:107:8922)
	at hb.dispose (file:///usr/share/windsurf/resources/app/out/vs/workbench/api/node/extensionHostProcess.js:107:9018)
	at hb.<anonymous> (/usr/share/windsurf/resources/app/extensions/git/dist/main.js:2:516706)
	at hb.dispose (file:///usr/share/windsurf/resources/app/out/vs/workbench/api/node/extensionHostProcess.js:107:9018)
	at On (file:///usr/share/windsurf/resources/app/out/vs/workbench/api/node/extensionHostProcess.js:25:701)
	at file:///usr/share/windsurf/resources/app/out/vs/workbench/api/node/extensionHostProcess.js:116:15142
	at file:///usr/share/windsurf/resources/app/out/vs/workbench/api/node/extensionHostProcess.js:25:1011
	at Object.dispose (file:///usr/share/windsurf/resources/app/out/vs/workbench/api/node/extensionHostProcess.js:8:705)
	at cte.eb (file:///usr/share/windsurf/resources/app/out/vs/workbench/api/node/extensionHostProcess.js:116:12069)
	at file:///usr/share/windsurf/resources/app/out/vs/workbench/api/node/extensionHostProcess.js:116:10024
	at Array.map (<anonymous>)
	at cte.$ (file:///usr/share/windsurf/resources/app/out/vs/workbench/api/node/extensionHostProcess.js:116:10012)
	at cte.terminate (file:///usr/share/windsurf/resources/app/out/vs/workbench/api/node/extensionHostProcess.js:116:10255)
	at Zx.terminate (file:///usr/share/windsurf/resources/app/out/vs/workbench/api/node/extensionHostProcess.js:117:1434)
	at _s (file:///usr/share/windsurf/resources/app/out/vs/workbench/api/node/extensionHostProcess.js:198:5722)
	at MessagePortMain.<anonymous> (file:///usr/share/windsurf/resources/app/out/vs/workbench/api/node/extensionHostProcess.js:198:2262)
	at MessagePortMain.emit (node:events:518:28)
	at MessagePortMain.emit (node:domain:489:12)
	at MessagePortMain._internalPort.emit (node:electron/js2c/utility_init:2:2949) setContext undefined
2025-06-23 22:19:27.263 [info] Extension host with pid 7389 exiting with code 0
