2025-06-24 00:23:10.222 [info] 2025/06/24 00:23:10 maxprocs: Leaving GOMAXPROCS=8: CPU quota undefined
2025-06-24 00:23:10.439 [info] I0624 00:23:10.439211 216242 main.go:602] Setting GOMAXPROCS to 4
2025-06-24 00:23:10.439 [info] I0624 00:23:10.439372 216242 main.go:817] Starting language server process with pid 216242
2025-06-24 00:23:10.439 [info] I0624 00:23:10.439503 216242 server.go:292] Language server will attempt to listen on host 127.0.0.1
2025-06-24 00:23:10.440 [info] I0624 00:23:10.439721 216242 server.go:299] Language server listening on random port at 42715
2025-06-24 00:23:11.262 [info] I0624 00:23:11.262160 216242 server.go:420] Created extension server client at port 38205
2025-06-24 00:23:11.642 [info] I0624 00:23:11.642285 216242 server.go:948] Local search is enabled, will index local files.
2025-06-24 00:23:11.642 [info] I0624 00:23:11.642313 216242 server.go:952] Using 2 indexer workers
2025-06-24 00:23:12.961 [info] (Windsurf) 2025-06-24 00:23:12.957 [INFO]: Language server started
2025-06-24 00:23:13.021 [info] (Windsurf) 2025-06-24 00:23:13.021 [INFO]: LS lspClient started successfully
2025-06-24 00:23:13.578 [info] BEWARE: your OS is not officially supported by Playwright; downloading fallback build for ubuntu20.04-x64.

2025-06-24 00:23:13.579 [info] BEWARE: your OS is not officially supported by Playwright; downloading fallback build for ubuntu20.04-x64.

2025-06-24 00:23:13.579 [info] BEWARE: your OS is not officially supported by Playwright; downloading fallback build for ubuntu20.04-x64.

2025-06-24 00:23:22.335 [info] (Windsurf) 2025-06-24 00:23:22.334 [INFO]: [Terminal] Command completed: npm install exit code 0
2025-06-24 00:23:23.176 [info] (Windsurf) 2025-06-24 00:23:23.175 [INFO]: [Terminal] Command completed: clear exit code 0
2025-06-24 00:23:30.592 [info] W0624 00:23:30.592220 216242 workspace_manager.go:491] Too many changes in DidChangeWatchedFiles: 19104
2025-06-24 00:23:48.867 [info] (Windsurf) 2025-06-24 00:23:48.867 [INFO]: [Cascade Manager] Opening diff zones for: 
2025-06-24 00:25:32.069 [info] (Windsurf) 2025-06-24 00:25:32.069 [INFO]: [Terminal] Command completed: npm run dev exit code 148
2025-06-24 00:25:33.308 [info] (Windsurf) 2025-06-24 00:25:33.308 [INFO]: [Terminal] Command completed: clear exit code 0
2025-06-24 00:25:37.279 [info] (Windsurf) 2025-06-24 00:25:37.278 [INFO]: [Terminal] Command completed: npm run deploy exit code 1
2025-06-24 00:25:39.469 [info] (Windsurf) 2025-06-24 00:25:39.469 [INFO]: [Terminal] Command completed: clear exit code 0
2025-06-24 00:25:42.319 [info] (Windsurf) 2025-06-24 00:25:42.319 [INFO]: [Terminal] Command completed: cat package exit code 1
2025-06-24 00:25:44.935 [info] (Windsurf) 2025-06-24 00:25:44.934 [INFO]: [Terminal] Command completed: cat package.json exit code 0
2025-06-24 00:25:54.333 [info] (Windsurf) 2025-06-24 00:25:54.333 [INFO]: [Terminal] Command completed: clear exit code 0
2025-06-24 00:27:52.562 [info] (Windsurf) 2025-06-24 00:27:52.561 [INFO]: [Terminal] Command completed: verel --prod exit code 127
2025-06-24 00:28:48.171 [info] (Windsurf) 2025-06-24 00:28:48.171 [INFO]: [Terminal] Command completed: vercel --prod exit code 0
2025-06-24 00:33:00.906 [info] (Windsurf) 2025-06-24 00:33:00.906 [INFO]: [Cascade Manager] Opening diff zones for: vercel.json
2025-06-24 00:33:45.535 [info] (Windsurf) 2025-06-24 00:33:45.535 [INFO]: [Terminal] Command completed: y-app-new]$ vercel --prod exit code 0
2025-06-24 00:33:48.538 [info] (Windsurf) 2025-06-24 00:33:48.537 [INFO]: [Terminal] Command force exited: y-app-new]$ vercel --prod, with exit code 0
2025-06-24 00:36:57.852 [info] E0624 00:36:57.852327 216242 interceptor.go:73] /exa.language_server_pb.LanguageServerService/HandleStreamingCommand (unknown): invalid position offset 169: offset 169 out of range [0, 168]
2025-06-24 00:37:00.269 [info] E0624 00:37:00.269211 216242 interceptor.go:73] /exa.language_server_pb.LanguageServerService/HandleStreamingCommand (unknown): invalid position offset 169: offset 169 out of range [0, 168]
2025-06-24 00:37:17.383 [info] (Windsurf) 2025-06-24 00:37:17.383 [INFO]: [Terminal] Command completed: npm run deploy exit code 1
2025-06-24 00:37:19.140 [info] (Windsurf) 2025-06-24 00:37:19.139 [INFO]: [Terminal] Command completed: clear exit code 0
2025-06-24 00:37:29.959 [info] (Windsurf) 2025-06-24 00:37:29.959 [INFO]: [Terminal] Command completed: vercel --prod exit code 0
2025-06-24 00:38:07.034 [info] (Windsurf) 2025-06-24 00:38:07.034 [INFO]: [Terminal] Command completed: vercel --prod exit code 0
2025-06-24 00:39:38.909 [info] (Windsurf) 2025-06-24 00:39:38.908 [INFO]: [Terminal] Command completed: clear exit code 0
2025-06-24 00:39:45.562 [info] (Windsurf) 2025-06-24 00:39:45.562 [INFO]: [Terminal] Command completed: npm run build exit code 0
2025-06-24 00:41:10.808 [info] (Windsurf) 2025-06-24 00:41:10.807 [INFO]: [Terminal] Command completed: npm run deploy exit code 1
2025-06-24 00:41:15.713 [info] (Windsurf) 2025-06-24 00:41:15.713 [INFO]: [Terminal] Command completed: clear exit code 0
2025-06-24 00:41:27.309 [info] (Windsurf) 2025-06-24 00:41:27.309 [INFO]: [Terminal] Command completed: vercel --prod exit code 0
2025-06-24 00:43:48.596 [info] (Windsurf) 2025-06-24 00:43:48.596 [INFO]: [Cascade Manager] Opening diff zones for: vercel.json
2025-06-24 00:45:15.786 [info] (Windsurf) 2025-06-24 00:45:15.786 [INFO]: [Terminal] Command completed: vercel --prod exit code 0
2025-06-24 00:45:19.137 [info] (Windsurf) 2025-06-24 00:45:19.136 [INFO]: [Cascade Manager] Opening diff zones for: vite.ts
2025-06-24 00:45:50.086 [info] E0624 00:45:50.085673 216242 interceptor.go:73] /exa.language_server_pb.LanguageServerService/AcknowledgeCascadeCodeEdit (unknown): no unacknowledged steps for file file:///home/thorfinn/app/Inventory-app-new/server/vite.ts
2025-06-24 00:46:14.678 [info] (Windsurf) 2025-06-24 00:46:14.678 [INFO]: [Terminal] Command completed: vercel --prod exit code 0
2025-06-24 00:46:30.623 [info] (Windsurf) 2025-06-24 00:46:30.623 [INFO]: [Terminal] Command completed: clear exit code 0
