2025-06-24 00:26:06.783 [info] /home/thorfinn/app/Inventory-app-new/package.json closed
2025-06-24 00:33:01.000 [info] Active editor: file:///home/thorfinn/app/Inventory-app-new/vercel.json
2025-06-24 00:33:03.805 [info] /6 closed
2025-06-24 00:38:57.689 [info] Active editor: file:///home/thorfinn/app/Inventory-app-new/package.json
2025-06-24 00:38:57.703 [info] /home/thorfinn/app/Inventory-app-new/vercel.json.git closed
2025-06-24 00:38:59.672 [info] Active editor: file:///home/thorfinn/app/Inventory-app-new/package.json
2025-06-24 00:40:55.759 [info] Active editor: file:///home/thorfinn/app/Inventory-app-new/vercel.json
2025-06-24 00:42:36.898 [info] /home/thorfinn/app/Inventory-app-new/package.json closed
2025-06-24 00:42:36.900 [info] /home/thorfinn/app/Inventory-app-new/package.json.git closed
2025-06-24 00:44:30.970 [info] /12 closed
2025-06-24 00:44:30.974 [info] /13 closed
2025-06-24 00:44:34.406 [info] /14 closed
2025-06-24 00:48:14.368 [info] Active editor: file:///home/thorfinn/app/Inventory-app-new/package-lock.json
2025-06-24 00:48:14.396 [info] /home/thorfinn/app/Inventory-app-new/vercel.json.git closed
2025-06-24 00:48:18.996 [info] /home/thorfinn/app/Inventory-app-new/server/vite.ts closed
2025-06-24 00:48:20.913 [info] /home/thorfinn/app/Inventory-app-new/package-lock.json closed
2025-06-24 00:48:20.973 [info] Active editor: file:///home/thorfinn/app/Inventory-app-new/server/storage.ts
2025-06-24 00:48:21.193 [info] /home/thorfinn/app/Inventory-app-new/package-lock.json.git closed
2025-06-24 00:48:23.550 [info] /home/thorfinn/app/Inventory-app-new/server/storage.ts closed
2025-06-24 00:48:23.599 [info] Active editor: file:///home/thorfinn/app/Inventory-app-new/client/src/components/inventory-section.tsx
2025-06-24 00:48:23.611 [info] /home/thorfinn/app/Inventory-app-new/server/storage.ts.git closed
2025-06-24 00:48:25.808 [info] /home/thorfinn/app/Inventory-app-new/client/src/components/inventory-section.tsx closed
2025-06-24 00:48:25.853 [info] Active editor: file:///home/thorfinn/app/Inventory-app-new/server/models/inventory.ts
2025-06-24 00:48:26.002 [info] /home/thorfinn/app/Inventory-app-new/client/src/components/inventory-section.tsx.git closed
2025-06-24 00:57:12.463 [info] Configuration changed
