2025-06-23 22:19:34.808 [info] Extension host with pid 131796 started
2025-06-23 22:19:34.808 [info] Skipping acquiring lock for /home/thorfinn/.config/Windsurf/User/workspaceStorage/661a84410620e19d0c09d7942c20ee7a.
2025-06-23 22:19:35.204 [info] ExtensionService#_doActivateExtension vscode.emmet, startup: false, activationEvent: 'onLanguage'
2025-06-23 22:19:35.259 [info] ExtensionService#_doActivateExtension vscode.configuration-editing, startup: false, activationEvent: 'onLanguage:json'
2025-06-23 22:19:35.271 [info] ExtensionService#_doActivateExtension vscode.extension-editing, startup: false, activationEvent: 'onLanguage:json'
2025-06-23 22:19:35.287 [info] ExtensionService#_doActivateExtension vscode.json-language-features, startup: false, activationEvent: 'onLanguage:json'
2025-06-23 22:19:35.375 [info] ExtensionService#_doActivateExtension vscode.npm, startup: false, activationEvent: 'onLanguage:json'
2025-06-23 22:19:35.702 [info] ExtensionService#_doActivateExtension vscode.typescript-language-features, startup: false, activationEvent: 'onLanguage:jsonc'
2025-06-23 22:19:35.858 [info] ExtensionService#_doActivateExtension vscode.git-base, startup: true, activationEvent: '*', root cause: vscode.git
2025-06-23 22:19:35.865 [info] ExtensionService#_doActivateExtension vscode.git, startup: true, activationEvent: '*'
2025-06-23 22:19:35.932 [info] ExtensionService#_doActivateExtension vscode.github, startup: true, activationEvent: '*'
2025-06-23 22:19:36.177 [info] ExtensionService#_doActivateExtension codeium.windsurf, startup: true, activationEvent: '*'
2025-06-23 22:19:37.187 [info] ExtensionService#_doActivateExtension vscode.github-authentication, startup: false, activationEvent: 'onAuthenticationRequest:github'
2025-06-23 22:19:41.640 [info] Eager extensions activated
2025-06-23 22:19:41.680 [info] ExtensionService#_doActivateExtension vscode.debug-auto-launch, startup: false, activationEvent: 'onStartupFinished'
2025-06-23 22:19:41.684 [info] ExtensionService#_doActivateExtension vscode.merge-conflict, startup: false, activationEvent: 'onStartupFinished'
2025-06-23 22:19:41.728 [info] ExtensionService#_doActivateExtension Codeium.windsurf-dev-containers, startup: false, activationEvent: 'onStartupFinished'
2025-06-23 22:19:41.757 [info] ExtensionService#_doActivateExtension vscodevim.vim, startup: false, activationEvent: 'onStartupFinished'
2025-06-23 22:19:41.898 [info] ExtensionService#_doActivateExtension yandeu.five-server, startup: false, activationEvent: 'onStartupFinished'
2025-06-23 22:19:42.236 [info] ExtensionService#_doActivateExtension vscode.html-language-features, startup: false, activationEvent: 'onLanguage:html'
2025-06-23 22:29:12.149 [error] ConnectError: [unknown] no unacknowledged steps for file file:///home/thorfinn/app/MongoAuthManager/backend/api/routes.ts
	at c (/usr/share/windsurf/resources/app/extensions/windsurf/dist/extension.js:2:3856441)
	at l (/usr/share/windsurf/resources/app/extensions/windsurf/dist/extension.js:2:3856837)
	at next (/usr/share/windsurf/resources/app/extensions/windsurf/dist/extension.js:2:3863488)
	at process.processTicksAndRejections (node:internal/process/task_queues:105:5)
	at async /usr/share/windsurf/resources/app/extensions/windsurf/dist/extension.js:2:3462828
	at async Object.unary (/usr/share/windsurf/resources/app/extensions/windsurf/dist/extension.js:2:3861824)
	at async Object.acknowledgeCascadeCodeEdit (/usr/share/windsurf/resources/app/extensions/windsurf/dist/extension.js:2:3849687)
	at async t.acknowledgeCascadeCodeEdit (/usr/share/windsurf/resources/app/extensions/windsurf/dist/extension.js:2:2307683)
2025-06-23 22:33:18.706 [error] ConnectError: [unknown] no unacknowledged steps for file file:///home/thorfinn/app/MongoAuthManager/backend/tsconfig.json
	at c (/usr/share/windsurf/resources/app/extensions/windsurf/dist/extension.js:2:3856441)
	at l (/usr/share/windsurf/resources/app/extensions/windsurf/dist/extension.js:2:3856837)
	at next (/usr/share/windsurf/resources/app/extensions/windsurf/dist/extension.js:2:3863488)
	at process.processTicksAndRejections (node:internal/process/task_queues:105:5)
	at async /usr/share/windsurf/resources/app/extensions/windsurf/dist/extension.js:2:3462828
	at async Object.unary (/usr/share/windsurf/resources/app/extensions/windsurf/dist/extension.js:2:3861824)
	at async Object.acknowledgeCascadeCodeEdit (/usr/share/windsurf/resources/app/extensions/windsurf/dist/extension.js:2:3849687)
	at async t.acknowledgeCascadeCodeEdit (/usr/share/windsurf/resources/app/extensions/windsurf/dist/extension.js:2:2307683)
2025-06-23 22:36:53.740 [error] ConnectError: [unknown] no unacknowledged steps for file file:///home/thorfinn/app/MongoAuthManager/backend/tsconfig.json
	at c (/usr/share/windsurf/resources/app/extensions/windsurf/dist/extension.js:2:3856441)
	at l (/usr/share/windsurf/resources/app/extensions/windsurf/dist/extension.js:2:3856837)
	at next (/usr/share/windsurf/resources/app/extensions/windsurf/dist/extension.js:2:3863488)
	at process.processTicksAndRejections (node:internal/process/task_queues:105:5)
	at async /usr/share/windsurf/resources/app/extensions/windsurf/dist/extension.js:2:3462828
	at async Object.unary (/usr/share/windsurf/resources/app/extensions/windsurf/dist/extension.js:2:3861824)
	at async Object.acknowledgeCascadeCodeEdit (/usr/share/windsurf/resources/app/extensions/windsurf/dist/extension.js:2:3849687)
	at async t.acknowledgeCascadeCodeEdit (/usr/share/windsurf/resources/app/extensions/windsurf/dist/extension.js:2:2307683)
2025-06-23 22:39:09.386 [error] ConnectError: [unknown] no unacknowledged steps for file file:///home/thorfinn/app/MongoAuthManager/backend/api/routes.ts
	at c (/usr/share/windsurf/resources/app/extensions/windsurf/dist/extension.js:2:3856441)
	at l (/usr/share/windsurf/resources/app/extensions/windsurf/dist/extension.js:2:3856837)
	at next (/usr/share/windsurf/resources/app/extensions/windsurf/dist/extension.js:2:3863488)
	at process.processTicksAndRejections (node:internal/process/task_queues:105:5)
	at async /usr/share/windsurf/resources/app/extensions/windsurf/dist/extension.js:2:3462828
	at async Object.unary (/usr/share/windsurf/resources/app/extensions/windsurf/dist/extension.js:2:3861824)
	at async Object.acknowledgeCascadeCodeEdit (/usr/share/windsurf/resources/app/extensions/windsurf/dist/extension.js:2:3849687)
	at async t.acknowledgeCascadeCodeEdit (/usr/share/windsurf/resources/app/extensions/windsurf/dist/extension.js:2:2307683)
2025-06-23 22:40:00.193 [error] ConnectError: [unknown] no unacknowledged steps for file file:///home/thorfinn/app/MongoAuthManager/backend/api/routes.ts
	at c (/usr/share/windsurf/resources/app/extensions/windsurf/dist/extension.js:2:3856441)
	at l (/usr/share/windsurf/resources/app/extensions/windsurf/dist/extension.js:2:3856837)
	at next (/usr/share/windsurf/resources/app/extensions/windsurf/dist/extension.js:2:3863488)
	at process.processTicksAndRejections (node:internal/process/task_queues:105:5)
	at async /usr/share/windsurf/resources/app/extensions/windsurf/dist/extension.js:2:3462828
	at async Object.unary (/usr/share/windsurf/resources/app/extensions/windsurf/dist/extension.js:2:3861824)
	at async Object.acknowledgeCascadeCodeEdit (/usr/share/windsurf/resources/app/extensions/windsurf/dist/extension.js:2:3849687)
	at async t.acknowledgeCascadeCodeEdit (/usr/share/windsurf/resources/app/extensions/windsurf/dist/extension.js:2:2307683)
2025-06-23 22:56:41.676 [error] [vscode.typescript-language-features] provider FAILED
2025-06-23 22:56:41.676 [error] Error: <semantic> TypeScript Server Error (5.8.2)
Cannot read properties of undefined (reading 'kind')
Additional information: BADCLIENT: Bad error code, 2322 not found in range 17679..17682 (found: )
TypeError: Cannot read properties of undefined (reading 'kind')
Additional information: BADCLIENT: Bad error code, 2322 not found in range 17679..17682 (found: )
    at isJsxAttribute (/usr/share/windsurf/resources/app/extensions/node_modules/typescript/lib/typescript.js:31001:15)
    at getInfo8 (/usr/share/windsurf/resources/app/extensions/node_modules/typescript/lib/typescript.js:159464:143)
    at Object.getCodeActions (/usr/share/windsurf/resources/app/extensions/node_modules/typescript/lib/typescript.js:159447:18)
    at /usr/share/windsurf/resources/app/extensions/node_modules/typescript/lib/typescript.js:154260:46
    at flatMap (/usr/share/windsurf/resources/app/extensions/node_modules/typescript/lib/typescript.js:2536:17)
    at Object.getFixes (/usr/share/windsurf/resources/app/extensions/node_modules/typescript/lib/typescript.js:154260:10)
    at /usr/share/windsurf/resources/app/extensions/node_modules/typescript/lib/typescript.js:152524:33
    at flatMap (/usr/share/windsurf/resources/app/extensions/node_modules/typescript/lib/typescript.js:2536:17)
    at Object.getCodeFixesAtPosition (/usr/share/windsurf/resources/app/extensions/node_modules/typescript/lib/typescript.js:152522:12)
    at IpcIOSession.getCodeFixes (/usr/share/windsurf/resources/app/extensions/node_modules/typescript/lib/typescript.js:195357:50)
    at getCodeFixes (/usr/share/windsurf/resources/app/extensions/node_modules/typescript/lib/typescript.js:193369:43)
    at /usr/share/windsurf/resources/app/extensions/node_modules/typescript/lib/typescript.js:195676:15
    at IpcIOSession.executeWithRequestId (/usr/share/windsurf/resources/app/extensions/node_modules/typescript/lib/typescript.js:195665:14)
    at IpcIOSession.executeCommand (/usr/share/windsurf/resources/app/extensions/node_modules/typescript/lib/typescript.js:195674:29)
    at IpcIOSession.onMessage (/usr/share/windsurf/resources/app/extensions/node_modules/typescript/lib/typescript.js:195722:68)
    at process.<anonymous> (/usr/share/windsurf/resources/app/extensions/node_modules/typescript/lib/_tsserver.js:519:14)
    at process.emit (node:events:518:28)
    at emit (node:internal/child_process:949:14)
    at process.processTicksAndRejections (node:internal/process/task_queues:91:21)
	at n.create (/usr/share/windsurf/resources/app/extensions/typescript-language-features/dist/extension.js:2:492527)
	at y.dispatchResponse (/usr/share/windsurf/resources/app/extensions/typescript-language-features/dist/extension.js:2:486497)
	at y.dispatchMessage (/usr/share/windsurf/resources/app/extensions/typescript-language-features/dist/extension.js:2:485295)
	at ChildProcess.<anonymous> (/usr/share/windsurf/resources/app/extensions/typescript-language-features/dist/extension.js:2:484788)
	at ChildProcess.emit (node:events:518:28)
	at ChildProcess.emit (node:domain:489:12)
	at emit (node:internal/child_process:949:14)
	at process.processTicksAndRejections (node:internal/process/task_queues:91:21)
2025-06-23 23:09:59.695 [error] [vscode.typescript-language-features] provider FAILED
2025-06-23 23:09:59.695 [error] Error: <semantic> TypeScript Server Error (5.8.2)
Cannot read properties of undefined (reading 'kind')
Additional information: BADCLIENT: Bad error code, 2304 not found in range 17678..17680 (found: )
TypeError: Cannot read properties of undefined (reading 'kind')
Additional information: BADCLIENT: Bad error code, 2304 not found in range 17678..17680 (found: )
    at isForInOrOfStatement (/usr/share/windsurf/resources/app/extensions/node_modules/typescript/lib/typescript.js:15884:15)
    at /usr/share/windsurf/resources/app/extensions/node_modules/typescript/lib/typescript.js:154669:56
    at findAncestor (/usr/share/windsurf/resources/app/extensions/node_modules/typescript/lib/typescript.js:14927:20)
    at makeChange4 (/usr/share/windsurf/resources/app/extensions/node_modules/typescript/lib/typescript.js:154669:26)
    at /usr/share/windsurf/resources/app/extensions/node_modules/typescript/lib/typescript.js:154656:79
    at _ChangeTracker.with (/usr/share/windsurf/resources/app/extensions/node_modules/typescript/lib/typescript.js:178070:5)
    at Object.getCodeActionsToAddMissingConst [as getCodeActions] (/usr/share/windsurf/resources/app/extensions/node_modules/typescript/lib/typescript.js:154656:62)
    at /usr/share/windsurf/resources/app/extensions/node_modules/typescript/lib/typescript.js:154260:46
    at flatMap (/usr/share/windsurf/resources/app/extensions/node_modules/typescript/lib/typescript.js:2536:17)
    at Object.getFixes (/usr/share/windsurf/resources/app/extensions/node_modules/typescript/lib/typescript.js:154260:10)
    at /usr/share/windsurf/resources/app/extensions/node_modules/typescript/lib/typescript.js:152524:33
    at flatMap (/usr/share/windsurf/resources/app/extensions/node_modules/typescript/lib/typescript.js:2536:17)
    at Object.getCodeFixesAtPosition (/usr/share/windsurf/resources/app/extensions/node_modules/typescript/lib/typescript.js:152522:12)
    at IpcIOSession.getCodeFixes (/usr/share/windsurf/resources/app/extensions/node_modules/typescript/lib/typescript.js:195357:50)
    at getCodeFixes (/usr/share/windsurf/resources/app/extensions/node_modules/typescript/lib/typescript.js:193369:43)
    at /usr/share/windsurf/resources/app/extensions/node_modules/typescript/lib/typescript.js:195676:15
    at IpcIOSession.executeWithRequestId (/usr/share/windsurf/resources/app/extensions/node_modules/typescript/lib/typescript.js:195665:14)
    at IpcIOSession.executeCommand (/usr/share/windsurf/resources/app/extensions/node_modules/typescript/lib/typescript.js:195674:29)
    at IpcIOSession.onMessage (/usr/share/windsurf/resources/app/extensions/node_modules/typescript/lib/typescript.js:195722:68)
    at process.<anonymous> (/usr/share/windsurf/resources/app/extensions/node_modules/typescript/lib/_tsserver.js:519:14)
    at process.emit (node:events:518:28)
    at emit (node:internal/child_process:949:14)
    at process.processTicksAndRejections (node:internal/process/task_queues:91:21)
	at n.create (/usr/share/windsurf/resources/app/extensions/typescript-language-features/dist/extension.js:2:492527)
	at y.dispatchResponse (/usr/share/windsurf/resources/app/extensions/typescript-language-features/dist/extension.js:2:486497)
	at y.dispatchMessage (/usr/share/windsurf/resources/app/extensions/typescript-language-features/dist/extension.js:2:485295)
	at ChildProcess.<anonymous> (/usr/share/windsurf/resources/app/extensions/typescript-language-features/dist/extension.js:2:484788)
	at ChildProcess.emit (node:events:518:28)
	at ChildProcess.emit (node:domain:489:12)
	at emit (node:internal/child_process:949:14)
	at process.processTicksAndRejections (node:internal/process/task_queues:91:21)
2025-06-23 23:09:59.698 [error] [vscode.typescript-language-features] provider FAILED
2025-06-23 23:09:59.698 [error] Error: <semantic> TypeScript Server Error (5.8.2)
Cannot read properties of undefined (reading 'kind')
Additional information: BADCLIENT: Bad error code, 2304 not found in range 17678..17680 (found: )
TypeError: Cannot read properties of undefined (reading 'kind')
Additional information: BADCLIENT: Bad error code, 2304 not found in range 17678..17680 (found: )
    at isForInOrOfStatement (/usr/share/windsurf/resources/app/extensions/node_modules/typescript/lib/typescript.js:15884:15)
    at /usr/share/windsurf/resources/app/extensions/node_modules/typescript/lib/typescript.js:154669:56
    at findAncestor (/usr/share/windsurf/resources/app/extensions/node_modules/typescript/lib/typescript.js:14927:20)
    at makeChange4 (/usr/share/windsurf/resources/app/extensions/node_modules/typescript/lib/typescript.js:154669:26)
    at /usr/share/windsurf/resources/app/extensions/node_modules/typescript/lib/typescript.js:154656:79
    at _ChangeTracker.with (/usr/share/windsurf/resources/app/extensions/node_modules/typescript/lib/typescript.js:178070:5)
    at Object.getCodeActionsToAddMissingConst [as getCodeActions] (/usr/share/windsurf/resources/app/extensions/node_modules/typescript/lib/typescript.js:154656:62)
    at /usr/share/windsurf/resources/app/extensions/node_modules/typescript/lib/typescript.js:154260:46
    at flatMap (/usr/share/windsurf/resources/app/extensions/node_modules/typescript/lib/typescript.js:2536:17)
    at Object.getFixes (/usr/share/windsurf/resources/app/extensions/node_modules/typescript/lib/typescript.js:154260:10)
    at /usr/share/windsurf/resources/app/extensions/node_modules/typescript/lib/typescript.js:152524:33
    at flatMap (/usr/share/windsurf/resources/app/extensions/node_modules/typescript/lib/typescript.js:2536:17)
    at Object.getCodeFixesAtPosition (/usr/share/windsurf/resources/app/extensions/node_modules/typescript/lib/typescript.js:152522:12)
    at IpcIOSession.getCodeFixes (/usr/share/windsurf/resources/app/extensions/node_modules/typescript/lib/typescript.js:195357:50)
    at getCodeFixes (/usr/share/windsurf/resources/app/extensions/node_modules/typescript/lib/typescript.js:193369:43)
    at /usr/share/windsurf/resources/app/extensions/node_modules/typescript/lib/typescript.js:195676:15
    at IpcIOSession.executeWithRequestId (/usr/share/windsurf/resources/app/extensions/node_modules/typescript/lib/typescript.js:195665:14)
    at IpcIOSession.executeCommand (/usr/share/windsurf/resources/app/extensions/node_modules/typescript/lib/typescript.js:195674:29)
    at IpcIOSession.onMessage (/usr/share/windsurf/resources/app/extensions/node_modules/typescript/lib/typescript.js:195722:68)
    at process.<anonymous> (/usr/share/windsurf/resources/app/extensions/node_modules/typescript/lib/_tsserver.js:519:14)
    at process.emit (node:events:518:28)
    at emit (node:internal/child_process:949:14)
    at process.processTicksAndRejections (node:internal/process/task_queues:91:21)
	at n.create (/usr/share/windsurf/resources/app/extensions/typescript-language-features/dist/extension.js:2:492527)
	at y.dispatchResponse (/usr/share/windsurf/resources/app/extensions/typescript-language-features/dist/extension.js:2:486497)
	at y.dispatchMessage (/usr/share/windsurf/resources/app/extensions/typescript-language-features/dist/extension.js:2:485295)
	at ChildProcess.<anonymous> (/usr/share/windsurf/resources/app/extensions/typescript-language-features/dist/extension.js:2:484788)
	at ChildProcess.emit (node:events:518:28)
	at ChildProcess.emit (node:domain:489:12)
	at emit (node:internal/child_process:949:14)
	at process.processTicksAndRejections (node:internal/process/task_queues:91:21)
2025-06-23 23:09:59.701 [error] [vscode.typescript-language-features] provider FAILED
2025-06-23 23:09:59.701 [error] Error: <semantic> TypeScript Server Error (5.8.2)
Cannot read properties of undefined (reading 'kind')
Additional information: BADCLIENT: Bad error code, 2304 not found in range 17678..17680 (found: )
TypeError: Cannot read properties of undefined (reading 'kind')
Additional information: BADCLIENT: Bad error code, 2304 not found in range 17678..17680 (found: )
    at isForInOrOfStatement (/usr/share/windsurf/resources/app/extensions/node_modules/typescript/lib/typescript.js:15884:15)
    at /usr/share/windsurf/resources/app/extensions/node_modules/typescript/lib/typescript.js:154669:56
    at findAncestor (/usr/share/windsurf/resources/app/extensions/node_modules/typescript/lib/typescript.js:14927:20)
    at makeChange4 (/usr/share/windsurf/resources/app/extensions/node_modules/typescript/lib/typescript.js:154669:26)
    at /usr/share/windsurf/resources/app/extensions/node_modules/typescript/lib/typescript.js:154656:79
    at _ChangeTracker.with (/usr/share/windsurf/resources/app/extensions/node_modules/typescript/lib/typescript.js:178070:5)
    at Object.getCodeActionsToAddMissingConst [as getCodeActions] (/usr/share/windsurf/resources/app/extensions/node_modules/typescript/lib/typescript.js:154656:62)
    at /usr/share/windsurf/resources/app/extensions/node_modules/typescript/lib/typescript.js:154260:46
    at flatMap (/usr/share/windsurf/resources/app/extensions/node_modules/typescript/lib/typescript.js:2536:17)
    at Object.getFixes (/usr/share/windsurf/resources/app/extensions/node_modules/typescript/lib/typescript.js:154260:10)
    at /usr/share/windsurf/resources/app/extensions/node_modules/typescript/lib/typescript.js:152524:33
    at flatMap (/usr/share/windsurf/resources/app/extensions/node_modules/typescript/lib/typescript.js:2536:17)
    at Object.getCodeFixesAtPosition (/usr/share/windsurf/resources/app/extensions/node_modules/typescript/lib/typescript.js:152522:12)
    at IpcIOSession.getCodeFixes (/usr/share/windsurf/resources/app/extensions/node_modules/typescript/lib/typescript.js:195357:50)
    at getCodeFixes (/usr/share/windsurf/resources/app/extensions/node_modules/typescript/lib/typescript.js:193369:43)
    at /usr/share/windsurf/resources/app/extensions/node_modules/typescript/lib/typescript.js:195676:15
    at IpcIOSession.executeWithRequestId (/usr/share/windsurf/resources/app/extensions/node_modules/typescript/lib/typescript.js:195665:14)
    at IpcIOSession.executeCommand (/usr/share/windsurf/resources/app/extensions/node_modules/typescript/lib/typescript.js:195674:29)
    at IpcIOSession.onMessage (/usr/share/windsurf/resources/app/extensions/node_modules/typescript/lib/typescript.js:195722:68)
    at process.<anonymous> (/usr/share/windsurf/resources/app/extensions/node_modules/typescript/lib/_tsserver.js:519:14)
    at process.emit (node:events:518:28)
    at emit (node:internal/child_process:949:14)
    at process.processTicksAndRejections (node:internal/process/task_queues:91:21)
	at n.create (/usr/share/windsurf/resources/app/extensions/typescript-language-features/dist/extension.js:2:492527)
	at y.dispatchResponse (/usr/share/windsurf/resources/app/extensions/typescript-language-features/dist/extension.js:2:486497)
	at y.dispatchMessage (/usr/share/windsurf/resources/app/extensions/typescript-language-features/dist/extension.js:2:485295)
	at ChildProcess.<anonymous> (/usr/share/windsurf/resources/app/extensions/typescript-language-features/dist/extension.js:2:484788)
	at ChildProcess.emit (node:events:518:28)
	at ChildProcess.emit (node:domain:489:12)
	at emit (node:internal/child_process:949:14)
	at process.processTicksAndRejections (node:internal/process/task_queues:91:21)
2025-06-23 23:09:59.706 [error] [vscode.typescript-language-features] provider FAILED
2025-06-23 23:09:59.706 [error] Error: <semantic> TypeScript Server Error (5.8.2)
Cannot read properties of undefined (reading 'kind')
Additional information: BADCLIENT: Bad error code, 2304 not found in range 17678..17680 (found: )
TypeError: Cannot read properties of undefined (reading 'kind')
Additional information: BADCLIENT: Bad error code, 2304 not found in range 17678..17680 (found: )
    at isForInOrOfStatement (/usr/share/windsurf/resources/app/extensions/node_modules/typescript/lib/typescript.js:15884:15)
    at /usr/share/windsurf/resources/app/extensions/node_modules/typescript/lib/typescript.js:154669:56
    at findAncestor (/usr/share/windsurf/resources/app/extensions/node_modules/typescript/lib/typescript.js:14927:20)
    at makeChange4 (/usr/share/windsurf/resources/app/extensions/node_modules/typescript/lib/typescript.js:154669:26)
    at /usr/share/windsurf/resources/app/extensions/node_modules/typescript/lib/typescript.js:154656:79
    at _ChangeTracker.with (/usr/share/windsurf/resources/app/extensions/node_modules/typescript/lib/typescript.js:178070:5)
    at Object.getCodeActionsToAddMissingConst [as getCodeActions] (/usr/share/windsurf/resources/app/extensions/node_modules/typescript/lib/typescript.js:154656:62)
    at /usr/share/windsurf/resources/app/extensions/node_modules/typescript/lib/typescript.js:154260:46
    at flatMap (/usr/share/windsurf/resources/app/extensions/node_modules/typescript/lib/typescript.js:2536:17)
    at Object.getFixes (/usr/share/windsurf/resources/app/extensions/node_modules/typescript/lib/typescript.js:154260:10)
    at /usr/share/windsurf/resources/app/extensions/node_modules/typescript/lib/typescript.js:152524:33
    at flatMap (/usr/share/windsurf/resources/app/extensions/node_modules/typescript/lib/typescript.js:2536:17)
    at Object.getCodeFixesAtPosition (/usr/share/windsurf/resources/app/extensions/node_modules/typescript/lib/typescript.js:152522:12)
    at IpcIOSession.getCodeFixes (/usr/share/windsurf/resources/app/extensions/node_modules/typescript/lib/typescript.js:195357:50)
    at getCodeFixes (/usr/share/windsurf/resources/app/extensions/node_modules/typescript/lib/typescript.js:193369:43)
    at /usr/share/windsurf/resources/app/extensions/node_modules/typescript/lib/typescript.js:195676:15
    at IpcIOSession.executeWithRequestId (/usr/share/windsurf/resources/app/extensions/node_modules/typescript/lib/typescript.js:195665:14)
    at IpcIOSession.executeCommand (/usr/share/windsurf/resources/app/extensions/node_modules/typescript/lib/typescript.js:195674:29)
    at IpcIOSession.onMessage (/usr/share/windsurf/resources/app/extensions/node_modules/typescript/lib/typescript.js:195722:68)
    at process.<anonymous> (/usr/share/windsurf/resources/app/extensions/node_modules/typescript/lib/_tsserver.js:519:14)
    at process.emit (node:events:518:28)
    at emit (node:internal/child_process:949:14)
    at process.processTicksAndRejections (node:internal/process/task_queues:91:21)
	at n.create (/usr/share/windsurf/resources/app/extensions/typescript-language-features/dist/extension.js:2:492527)
	at y.dispatchResponse (/usr/share/windsurf/resources/app/extensions/typescript-language-features/dist/extension.js:2:486497)
	at y.dispatchMessage (/usr/share/windsurf/resources/app/extensions/typescript-language-features/dist/extension.js:2:485295)
	at ChildProcess.<anonymous> (/usr/share/windsurf/resources/app/extensions/typescript-language-features/dist/extension.js:2:484788)
	at ChildProcess.emit (node:events:518:28)
	at ChildProcess.emit (node:domain:489:12)
	at emit (node:internal/child_process:949:14)
	at process.processTicksAndRejections (node:internal/process/task_queues:91:21)
2025-06-23 23:09:59.709 [error] [vscode.typescript-language-features] provider FAILED
2025-06-23 23:09:59.709 [error] Error: <semantic> TypeScript Server Error (5.8.2)
Cannot read properties of undefined (reading 'kind')
Additional information: BADCLIENT: Bad error code, 2304 not found in range 17678..17680 (found: )
TypeError: Cannot read properties of undefined (reading 'kind')
Additional information: BADCLIENT: Bad error code, 2304 not found in range 17678..17680 (found: )
    at isForInOrOfStatement (/usr/share/windsurf/resources/app/extensions/node_modules/typescript/lib/typescript.js:15884:15)
    at /usr/share/windsurf/resources/app/extensions/node_modules/typescript/lib/typescript.js:154669:56
    at findAncestor (/usr/share/windsurf/resources/app/extensions/node_modules/typescript/lib/typescript.js:14927:20)
    at makeChange4 (/usr/share/windsurf/resources/app/extensions/node_modules/typescript/lib/typescript.js:154669:26)
    at /usr/share/windsurf/resources/app/extensions/node_modules/typescript/lib/typescript.js:154656:79
    at _ChangeTracker.with (/usr/share/windsurf/resources/app/extensions/node_modules/typescript/lib/typescript.js:178070:5)
    at Object.getCodeActionsToAddMissingConst [as getCodeActions] (/usr/share/windsurf/resources/app/extensions/node_modules/typescript/lib/typescript.js:154656:62)
    at /usr/share/windsurf/resources/app/extensions/node_modules/typescript/lib/typescript.js:154260:46
    at flatMap (/usr/share/windsurf/resources/app/extensions/node_modules/typescript/lib/typescript.js:2536:17)
    at Object.getFixes (/usr/share/windsurf/resources/app/extensions/node_modules/typescript/lib/typescript.js:154260:10)
    at /usr/share/windsurf/resources/app/extensions/node_modules/typescript/lib/typescript.js:152524:33
    at flatMap (/usr/share/windsurf/resources/app/extensions/node_modules/typescript/lib/typescript.js:2536:17)
    at Object.getCodeFixesAtPosition (/usr/share/windsurf/resources/app/extensions/node_modules/typescript/lib/typescript.js:152522:12)
    at IpcIOSession.getCodeFixes (/usr/share/windsurf/resources/app/extensions/node_modules/typescript/lib/typescript.js:195357:50)
    at getCodeFixes (/usr/share/windsurf/resources/app/extensions/node_modules/typescript/lib/typescript.js:193369:43)
    at /usr/share/windsurf/resources/app/extensions/node_modules/typescript/lib/typescript.js:195676:15
    at IpcIOSession.executeWithRequestId (/usr/share/windsurf/resources/app/extensions/node_modules/typescript/lib/typescript.js:195665:14)
    at IpcIOSession.executeCommand (/usr/share/windsurf/resources/app/extensions/node_modules/typescript/lib/typescript.js:195674:29)
    at IpcIOSession.onMessage (/usr/share/windsurf/resources/app/extensions/node_modules/typescript/lib/typescript.js:195722:68)
    at process.<anonymous> (/usr/share/windsurf/resources/app/extensions/node_modules/typescript/lib/_tsserver.js:519:14)
    at process.emit (node:events:518:28)
    at emit (node:internal/child_process:949:14)
    at process.processTicksAndRejections (node:internal/process/task_queues:91:21)
	at n.create (/usr/share/windsurf/resources/app/extensions/typescript-language-features/dist/extension.js:2:492527)
	at y.dispatchResponse (/usr/share/windsurf/resources/app/extensions/typescript-language-features/dist/extension.js:2:486497)
	at y.dispatchMessage (/usr/share/windsurf/resources/app/extensions/typescript-language-features/dist/extension.js:2:485295)
	at ChildProcess.<anonymous> (/usr/share/windsurf/resources/app/extensions/typescript-language-features/dist/extension.js:2:484788)
	at ChildProcess.emit (node:events:518:28)
	at ChildProcess.emit (node:domain:489:12)
	at emit (node:internal/child_process:949:14)
	at process.processTicksAndRejections (node:internal/process/task_queues:91:21)
2025-06-23 23:20:53.927 [error] [vscode.typescript-language-features] provider FAILED
2025-06-23 23:20:53.927 [error] Error: <semantic> TypeScript Server Error (5.8.2)
Cannot read properties of undefined (reading 'kind')
Additional information: BADCLIENT: Bad error code, 6133 not found in range 17323..17326 (found: )
TypeError: Cannot read properties of undefined (reading 'kind')
Additional information: BADCLIENT: Bad error code, 6133 not found in range 17323..17326 (found: )
    at isObjectBindingPattern (/usr/share/windsurf/resources/app/extensions/node_modules/typescript/lib/typescript.js:30716:15)
    at Object.getCodeActions (/usr/share/windsurf/resources/app/extensions/node_modules/typescript/lib/typescript.js:161318:9)
    at /usr/share/windsurf/resources/app/extensions/node_modules/typescript/lib/typescript.js:154260:46
    at flatMap (/usr/share/windsurf/resources/app/extensions/node_modules/typescript/lib/typescript.js:2536:17)
    at Object.getFixes (/usr/share/windsurf/resources/app/extensions/node_modules/typescript/lib/typescript.js:154260:10)
    at /usr/share/windsurf/resources/app/extensions/node_modules/typescript/lib/typescript.js:152524:33
    at flatMap (/usr/share/windsurf/resources/app/extensions/node_modules/typescript/lib/typescript.js:2536:17)
    at Object.getCodeFixesAtPosition (/usr/share/windsurf/resources/app/extensions/node_modules/typescript/lib/typescript.js:152522:12)
    at IpcIOSession.getCodeFixes (/usr/share/windsurf/resources/app/extensions/node_modules/typescript/lib/typescript.js:195357:50)
    at getCodeFixes (/usr/share/windsurf/resources/app/extensions/node_modules/typescript/lib/typescript.js:193369:43)
    at /usr/share/windsurf/resources/app/extensions/node_modules/typescript/lib/typescript.js:195676:15
    at IpcIOSession.executeWithRequestId (/usr/share/windsurf/resources/app/extensions/node_modules/typescript/lib/typescript.js:195665:14)
    at IpcIOSession.executeCommand (/usr/share/windsurf/resources/app/extensions/node_modules/typescript/lib/typescript.js:195674:29)
    at IpcIOSession.onMessage (/usr/share/windsurf/resources/app/extensions/node_modules/typescript/lib/typescript.js:195722:68)
    at process.<anonymous> (/usr/share/windsurf/resources/app/extensions/node_modules/typescript/lib/_tsserver.js:519:14)
    at process.emit (node:events:518:28)
    at emit (node:internal/child_process:949:14)
    at process.processTicksAndRejections (node:internal/process/task_queues:91:21)
	at n.create (/usr/share/windsurf/resources/app/extensions/typescript-language-features/dist/extension.js:2:492527)
	at y.dispatchResponse (/usr/share/windsurf/resources/app/extensions/typescript-language-features/dist/extension.js:2:486497)
	at y.dispatchMessage (/usr/share/windsurf/resources/app/extensions/typescript-language-features/dist/extension.js:2:485295)
	at ChildProcess.<anonymous> (/usr/share/windsurf/resources/app/extensions/typescript-language-features/dist/extension.js:2:484788)
	at ChildProcess.emit (node:events:518:28)
	at ChildProcess.emit (node:domain:489:12)
	at emit (node:internal/child_process:949:14)
	at process.processTicksAndRejections (node:internal/process/task_queues:91:21)
2025-06-23 23:20:53.933 [error] [vscode.typescript-language-features] provider FAILED
2025-06-23 23:20:53.933 [error] Error: <semantic> TypeScript Server Error (5.8.2)
Cannot read properties of undefined (reading 'kind')
Additional information: BADCLIENT: Bad error code, 6133 not found in range 17310..17313 (found: )
TypeError: Cannot read properties of undefined (reading 'kind')
Additional information: BADCLIENT: Bad error code, 6133 not found in range 17310..17313 (found: )
    at isObjectBindingPattern (/usr/share/windsurf/resources/app/extensions/node_modules/typescript/lib/typescript.js:30716:15)
    at Object.getCodeActions (/usr/share/windsurf/resources/app/extensions/node_modules/typescript/lib/typescript.js:161318:9)
    at /usr/share/windsurf/resources/app/extensions/node_modules/typescript/lib/typescript.js:154260:46
    at flatMap (/usr/share/windsurf/resources/app/extensions/node_modules/typescript/lib/typescript.js:2536:17)
    at Object.getFixes (/usr/share/windsurf/resources/app/extensions/node_modules/typescript/lib/typescript.js:154260:10)
    at /usr/share/windsurf/resources/app/extensions/node_modules/typescript/lib/typescript.js:152524:33
    at flatMap (/usr/share/windsurf/resources/app/extensions/node_modules/typescript/lib/typescript.js:2536:17)
    at Object.getCodeFixesAtPosition (/usr/share/windsurf/resources/app/extensions/node_modules/typescript/lib/typescript.js:152522:12)
    at IpcIOSession.getCodeFixes (/usr/share/windsurf/resources/app/extensions/node_modules/typescript/lib/typescript.js:195357:50)
    at getCodeFixes (/usr/share/windsurf/resources/app/extensions/node_modules/typescript/lib/typescript.js:193369:43)
    at /usr/share/windsurf/resources/app/extensions/node_modules/typescript/lib/typescript.js:195676:15
    at IpcIOSession.executeWithRequestId (/usr/share/windsurf/resources/app/extensions/node_modules/typescript/lib/typescript.js:195665:14)
    at IpcIOSession.executeCommand (/usr/share/windsurf/resources/app/extensions/node_modules/typescript/lib/typescript.js:195674:29)
    at IpcIOSession.onMessage (/usr/share/windsurf/resources/app/extensions/node_modules/typescript/lib/typescript.js:195722:68)
    at process.<anonymous> (/usr/share/windsurf/resources/app/extensions/node_modules/typescript/lib/_tsserver.js:519:14)
    at process.emit (node:events:518:28)
    at emit (node:internal/child_process:949:14)
    at process.processTicksAndRejections (node:internal/process/task_queues:91:21)
	at n.create (/usr/share/windsurf/resources/app/extensions/typescript-language-features/dist/extension.js:2:492527)
	at y.dispatchResponse (/usr/share/windsurf/resources/app/extensions/typescript-language-features/dist/extension.js:2:486497)
	at y.dispatchMessage (/usr/share/windsurf/resources/app/extensions/typescript-language-features/dist/extension.js:2:485295)
	at ChildProcess.<anonymous> (/usr/share/windsurf/resources/app/extensions/typescript-language-features/dist/extension.js:2:484788)
	at ChildProcess.emit (node:events:518:28)
	at ChildProcess.emit (node:domain:489:12)
	at emit (node:internal/child_process:949:14)
	at process.processTicksAndRejections (node:internal/process/task_queues:91:21)
2025-06-23 23:20:54.495 [error] [vscode.typescript-language-features] provider FAILED
2025-06-23 23:20:54.495 [error] Error: <semantic> TypeScript Server Error (5.8.2)
Cannot read properties of undefined (reading 'kind')
Additional information: BADCLIENT: Bad error code, 6133 not found in range 17323..17326 (found: )
TypeError: Cannot read properties of undefined (reading 'kind')
Additional information: BADCLIENT: Bad error code, 6133 not found in range 17323..17326 (found: )
    at isObjectBindingPattern (/usr/share/windsurf/resources/app/extensions/node_modules/typescript/lib/typescript.js:30716:15)
    at Object.getCodeActions (/usr/share/windsurf/resources/app/extensions/node_modules/typescript/lib/typescript.js:161318:9)
    at /usr/share/windsurf/resources/app/extensions/node_modules/typescript/lib/typescript.js:154260:46
    at flatMap (/usr/share/windsurf/resources/app/extensions/node_modules/typescript/lib/typescript.js:2536:17)
    at Object.getFixes (/usr/share/windsurf/resources/app/extensions/node_modules/typescript/lib/typescript.js:154260:10)
    at /usr/share/windsurf/resources/app/extensions/node_modules/typescript/lib/typescript.js:152524:33
    at flatMap (/usr/share/windsurf/resources/app/extensions/node_modules/typescript/lib/typescript.js:2536:17)
    at Object.getCodeFixesAtPosition (/usr/share/windsurf/resources/app/extensions/node_modules/typescript/lib/typescript.js:152522:12)
    at IpcIOSession.getCodeFixes (/usr/share/windsurf/resources/app/extensions/node_modules/typescript/lib/typescript.js:195357:50)
    at getCodeFixes (/usr/share/windsurf/resources/app/extensions/node_modules/typescript/lib/typescript.js:193369:43)
    at /usr/share/windsurf/resources/app/extensions/node_modules/typescript/lib/typescript.js:195676:15
    at IpcIOSession.executeWithRequestId (/usr/share/windsurf/resources/app/extensions/node_modules/typescript/lib/typescript.js:195665:14)
    at IpcIOSession.executeCommand (/usr/share/windsurf/resources/app/extensions/node_modules/typescript/lib/typescript.js:195674:29)
    at IpcIOSession.onMessage (/usr/share/windsurf/resources/app/extensions/node_modules/typescript/lib/typescript.js:195722:68)
    at process.<anonymous> (/usr/share/windsurf/resources/app/extensions/node_modules/typescript/lib/_tsserver.js:519:14)
    at process.emit (node:events:518:28)
    at emit (node:internal/child_process:949:14)
    at process.processTicksAndRejections (node:internal/process/task_queues:91:21)
	at n.create (/usr/share/windsurf/resources/app/extensions/typescript-language-features/dist/extension.js:2:492527)
	at y.dispatchResponse (/usr/share/windsurf/resources/app/extensions/typescript-language-features/dist/extension.js:2:486497)
	at y.dispatchMessage (/usr/share/windsurf/resources/app/extensions/typescript-language-features/dist/extension.js:2:485295)
	at ChildProcess.<anonymous> (/usr/share/windsurf/resources/app/extensions/typescript-language-features/dist/extension.js:2:484788)
	at ChildProcess.emit (node:events:518:28)
	at ChildProcess.emit (node:domain:489:12)
	at emit (node:internal/child_process:949:14)
	at process.processTicksAndRejections (node:internal/process/task_queues:91:21)
2025-06-23 23:20:54.503 [error] [vscode.typescript-language-features] provider FAILED
2025-06-23 23:20:54.503 [error] Error: <semantic> TypeScript Server Error (5.8.2)
Cannot read properties of undefined (reading 'kind')
Additional information: BADCLIENT: Bad error code, 6133 not found in range 17310..17313 (found: )
TypeError: Cannot read properties of undefined (reading 'kind')
Additional information: BADCLIENT: Bad error code, 6133 not found in range 17310..17313 (found: )
    at isObjectBindingPattern (/usr/share/windsurf/resources/app/extensions/node_modules/typescript/lib/typescript.js:30716:15)
    at Object.getCodeActions (/usr/share/windsurf/resources/app/extensions/node_modules/typescript/lib/typescript.js:161318:9)
    at /usr/share/windsurf/resources/app/extensions/node_modules/typescript/lib/typescript.js:154260:46
    at flatMap (/usr/share/windsurf/resources/app/extensions/node_modules/typescript/lib/typescript.js:2536:17)
    at Object.getFixes (/usr/share/windsurf/resources/app/extensions/node_modules/typescript/lib/typescript.js:154260:10)
    at /usr/share/windsurf/resources/app/extensions/node_modules/typescript/lib/typescript.js:152524:33
    at flatMap (/usr/share/windsurf/resources/app/extensions/node_modules/typescript/lib/typescript.js:2536:17)
    at Object.getCodeFixesAtPosition (/usr/share/windsurf/resources/app/extensions/node_modules/typescript/lib/typescript.js:152522:12)
    at IpcIOSession.getCodeFixes (/usr/share/windsurf/resources/app/extensions/node_modules/typescript/lib/typescript.js:195357:50)
    at getCodeFixes (/usr/share/windsurf/resources/app/extensions/node_modules/typescript/lib/typescript.js:193369:43)
    at /usr/share/windsurf/resources/app/extensions/node_modules/typescript/lib/typescript.js:195676:15
    at IpcIOSession.executeWithRequestId (/usr/share/windsurf/resources/app/extensions/node_modules/typescript/lib/typescript.js:195665:14)
    at IpcIOSession.executeCommand (/usr/share/windsurf/resources/app/extensions/node_modules/typescript/lib/typescript.js:195674:29)
    at IpcIOSession.onMessage (/usr/share/windsurf/resources/app/extensions/node_modules/typescript/lib/typescript.js:195722:68)
    at process.<anonymous> (/usr/share/windsurf/resources/app/extensions/node_modules/typescript/lib/_tsserver.js:519:14)
    at process.emit (node:events:518:28)
    at emit (node:internal/child_process:949:14)
    at process.processTicksAndRejections (node:internal/process/task_queues:91:21)
	at n.create (/usr/share/windsurf/resources/app/extensions/typescript-language-features/dist/extension.js:2:492527)
	at y.dispatchResponse (/usr/share/windsurf/resources/app/extensions/typescript-language-features/dist/extension.js:2:486497)
	at y.dispatchMessage (/usr/share/windsurf/resources/app/extensions/typescript-language-features/dist/extension.js:2:485295)
	at ChildProcess.<anonymous> (/usr/share/windsurf/resources/app/extensions/typescript-language-features/dist/extension.js:2:484788)
	at ChildProcess.emit (node:events:518:28)
	at ChildProcess.emit (node:domain:489:12)
	at emit (node:internal/child_process:949:14)
	at process.processTicksAndRejections (node:internal/process/task_queues:91:21)
2025-06-23 23:29:59.907 [error] [vscode.typescript-language-features] provider FAILED
2025-06-23 23:29:59.907 [error] Error: <semantic> TypeScript Server Error (5.8.2)
Cannot read properties of undefined (reading 'declarations')
Additional information: BADCLIENT: Bad error code, 2554 not found in range 7274..7289 (found: )
TypeError: Cannot read properties of undefined (reading 'declarations')
Additional information: BADCLIENT: Bad error code, 2554 not found in range 7274..7289 (found: )
    at getInfo11 (/usr/share/windsurf/resources/app/extensions/node_modules/typescript/lib/typescript.js:160501:63)
    at Object.getCodeActions (/usr/share/windsurf/resources/app/extensions/node_modules/typescript/lib/typescript.js:160450:18)
    at /usr/share/windsurf/resources/app/extensions/node_modules/typescript/lib/typescript.js:154260:46
    at flatMap (/usr/share/windsurf/resources/app/extensions/node_modules/typescript/lib/typescript.js:2536:17)
    at Object.getFixes (/usr/share/windsurf/resources/app/extensions/node_modules/typescript/lib/typescript.js:154260:10)
    at /usr/share/windsurf/resources/app/extensions/node_modules/typescript/lib/typescript.js:152524:33
    at flatMap (/usr/share/windsurf/resources/app/extensions/node_modules/typescript/lib/typescript.js:2536:17)
    at Object.getCodeFixesAtPosition (/usr/share/windsurf/resources/app/extensions/node_modules/typescript/lib/typescript.js:152522:12)
    at IpcIOSession.getCodeFixes (/usr/share/windsurf/resources/app/extensions/node_modules/typescript/lib/typescript.js:195357:50)
    at getCodeFixes (/usr/share/windsurf/resources/app/extensions/node_modules/typescript/lib/typescript.js:193369:43)
    at /usr/share/windsurf/resources/app/extensions/node_modules/typescript/lib/typescript.js:195676:15
    at IpcIOSession.executeWithRequestId (/usr/share/windsurf/resources/app/extensions/node_modules/typescript/lib/typescript.js:195665:14)
    at IpcIOSession.executeCommand (/usr/share/windsurf/resources/app/extensions/node_modules/typescript/lib/typescript.js:195674:29)
    at IpcIOSession.onMessage (/usr/share/windsurf/resources/app/extensions/node_modules/typescript/lib/typescript.js:195722:68)
    at process.<anonymous> (/usr/share/windsurf/resources/app/extensions/node_modules/typescript/lib/_tsserver.js:519:14)
    at process.emit (node:events:518:28)
    at emit (node:internal/child_process:949:14)
    at process.processTicksAndRejections (node:internal/process/task_queues:91:21)
	at n.create (/usr/share/windsurf/resources/app/extensions/typescript-language-features/dist/extension.js:2:492527)
	at y.dispatchResponse (/usr/share/windsurf/resources/app/extensions/typescript-language-features/dist/extension.js:2:486497)
	at y.dispatchMessage (/usr/share/windsurf/resources/app/extensions/typescript-language-features/dist/extension.js:2:485295)
	at ChildProcess.<anonymous> (/usr/share/windsurf/resources/app/extensions/typescript-language-features/dist/extension.js:2:484788)
	at ChildProcess.emit (node:events:518:28)
	at ChildProcess.emit (node:domain:489:12)
	at emit (node:internal/child_process:949:14)
	at process.processTicksAndRejections (node:internal/process/task_queues:91:21)
2025-06-23 23:29:59.909 [error] [vscode.typescript-language-features] provider FAILED
2025-06-23 23:29:59.910 [error] Error: <semantic> TypeScript Server Error (5.8.2)
Cannot read properties of undefined (reading 'declarations')
Additional information: BADCLIENT: Bad error code, 2554 not found in range 7274..7289 (found: )
TypeError: Cannot read properties of undefined (reading 'declarations')
Additional information: BADCLIENT: Bad error code, 2554 not found in range 7274..7289 (found: )
    at getInfo11 (/usr/share/windsurf/resources/app/extensions/node_modules/typescript/lib/typescript.js:160501:63)
    at Object.getCodeActions (/usr/share/windsurf/resources/app/extensions/node_modules/typescript/lib/typescript.js:160450:18)
    at /usr/share/windsurf/resources/app/extensions/node_modules/typescript/lib/typescript.js:154260:46
    at flatMap (/usr/share/windsurf/resources/app/extensions/node_modules/typescript/lib/typescript.js:2536:17)
    at Object.getFixes (/usr/share/windsurf/resources/app/extensions/node_modules/typescript/lib/typescript.js:154260:10)
    at /usr/share/windsurf/resources/app/extensions/node_modules/typescript/lib/typescript.js:152524:33
    at flatMap (/usr/share/windsurf/resources/app/extensions/node_modules/typescript/lib/typescript.js:2536:17)
    at Object.getCodeFixesAtPosition (/usr/share/windsurf/resources/app/extensions/node_modules/typescript/lib/typescript.js:152522:12)
    at IpcIOSession.getCodeFixes (/usr/share/windsurf/resources/app/extensions/node_modules/typescript/lib/typescript.js:195357:50)
    at getCodeFixes (/usr/share/windsurf/resources/app/extensions/node_modules/typescript/lib/typescript.js:193369:43)
    at /usr/share/windsurf/resources/app/extensions/node_modules/typescript/lib/typescript.js:195676:15
    at IpcIOSession.executeWithRequestId (/usr/share/windsurf/resources/app/extensions/node_modules/typescript/lib/typescript.js:195665:14)
    at IpcIOSession.executeCommand (/usr/share/windsurf/resources/app/extensions/node_modules/typescript/lib/typescript.js:195674:29)
    at IpcIOSession.onMessage (/usr/share/windsurf/resources/app/extensions/node_modules/typescript/lib/typescript.js:195722:68)
    at process.<anonymous> (/usr/share/windsurf/resources/app/extensions/node_modules/typescript/lib/_tsserver.js:519:14)
    at process.emit (node:events:518:28)
    at emit (node:internal/child_process:949:14)
    at process.processTicksAndRejections (node:internal/process/task_queues:91:21)
	at n.create (/usr/share/windsurf/resources/app/extensions/typescript-language-features/dist/extension.js:2:492527)
	at y.dispatchResponse (/usr/share/windsurf/resources/app/extensions/typescript-language-features/dist/extension.js:2:486497)
	at y.dispatchMessage (/usr/share/windsurf/resources/app/extensions/typescript-language-features/dist/extension.js:2:485295)
	at ChildProcess.<anonymous> (/usr/share/windsurf/resources/app/extensions/typescript-language-features/dist/extension.js:2:484788)
	at ChildProcess.emit (node:events:518:28)
	at ChildProcess.emit (node:domain:489:12)
	at emit (node:internal/child_process:949:14)
	at process.processTicksAndRejections (node:internal/process/task_queues:91:21)
2025-06-23 23:31:01.621 [error] ConnectError: [unknown] no unacknowledged steps for file file:///home/thorfinn/app/MongoAuthManager/shared/schema.ts
	at c (/usr/share/windsurf/resources/app/extensions/windsurf/dist/extension.js:2:3856441)
	at l (/usr/share/windsurf/resources/app/extensions/windsurf/dist/extension.js:2:3856837)
	at next (/usr/share/windsurf/resources/app/extensions/windsurf/dist/extension.js:2:3863488)
	at process.processTicksAndRejections (node:internal/process/task_queues:105:5)
	at async /usr/share/windsurf/resources/app/extensions/windsurf/dist/extension.js:2:3462828
	at async Object.unary (/usr/share/windsurf/resources/app/extensions/windsurf/dist/extension.js:2:3861824)
	at async Object.acknowledgeCascadeCodeEdit (/usr/share/windsurf/resources/app/extensions/windsurf/dist/extension.js:2:3849687)
	at async t.acknowledgeCascadeCodeEdit (/usr/share/windsurf/resources/app/extensions/windsurf/dist/extension.js:2:2307683)
2025-06-23 23:33:17.850 [error] [vscode.typescript-language-features] provider FAILED
2025-06-23 23:33:17.850 [error] Error: <semantic> TypeScript Server Error (5.8.2)
Cannot read properties of undefined (reading 'declarations')
Additional information: BADCLIENT: Bad error code, 2554 not found in range 6561..6576 (found: )
TypeError: Cannot read properties of undefined (reading 'declarations')
Additional information: BADCLIENT: Bad error code, 2554 not found in range 6561..6576 (found: )
    at getInfo11 (/usr/share/windsurf/resources/app/extensions/node_modules/typescript/lib/typescript.js:160501:63)
    at Object.getCodeActions (/usr/share/windsurf/resources/app/extensions/node_modules/typescript/lib/typescript.js:160450:18)
    at /usr/share/windsurf/resources/app/extensions/node_modules/typescript/lib/typescript.js:154260:46
    at flatMap (/usr/share/windsurf/resources/app/extensions/node_modules/typescript/lib/typescript.js:2536:17)
    at Object.getFixes (/usr/share/windsurf/resources/app/extensions/node_modules/typescript/lib/typescript.js:154260:10)
    at /usr/share/windsurf/resources/app/extensions/node_modules/typescript/lib/typescript.js:152524:33
    at flatMap (/usr/share/windsurf/resources/app/extensions/node_modules/typescript/lib/typescript.js:2536:17)
    at Object.getCodeFixesAtPosition (/usr/share/windsurf/resources/app/extensions/node_modules/typescript/lib/typescript.js:152522:12)
    at IpcIOSession.getCodeFixes (/usr/share/windsurf/resources/app/extensions/node_modules/typescript/lib/typescript.js:195357:50)
    at getCodeFixes (/usr/share/windsurf/resources/app/extensions/node_modules/typescript/lib/typescript.js:193369:43)
    at /usr/share/windsurf/resources/app/extensions/node_modules/typescript/lib/typescript.js:195676:15
    at IpcIOSession.executeWithRequestId (/usr/share/windsurf/resources/app/extensions/node_modules/typescript/lib/typescript.js:195665:14)
    at IpcIOSession.executeCommand (/usr/share/windsurf/resources/app/extensions/node_modules/typescript/lib/typescript.js:195674:29)
    at IpcIOSession.onMessage (/usr/share/windsurf/resources/app/extensions/node_modules/typescript/lib/typescript.js:195722:68)
    at process.<anonymous> (/usr/share/windsurf/resources/app/extensions/node_modules/typescript/lib/_tsserver.js:519:14)
    at process.emit (node:events:518:28)
    at emit (node:internal/child_process:949:14)
    at process.processTicksAndRejections (node:internal/process/task_queues:91:21)
	at n.create (/usr/share/windsurf/resources/app/extensions/typescript-language-features/dist/extension.js:2:492527)
	at y.dispatchResponse (/usr/share/windsurf/resources/app/extensions/typescript-language-features/dist/extension.js:2:486497)
	at y.dispatchMessage (/usr/share/windsurf/resources/app/extensions/typescript-language-features/dist/extension.js:2:485295)
	at ChildProcess.<anonymous> (/usr/share/windsurf/resources/app/extensions/typescript-language-features/dist/extension.js:2:484788)
	at ChildProcess.emit (node:events:518:28)
	at ChildProcess.emit (node:domain:489:12)
	at emit (node:internal/child_process:949:14)
	at process.processTicksAndRejections (node:internal/process/task_queues:91:21)
2025-06-23 23:33:17.890 [error] [vscode.typescript-language-features] provider FAILED
2025-06-23 23:33:17.890 [error] Error: <semantic> TypeScript Server Error (5.8.2)
Cannot read properties of undefined (reading 'kind')
Additional information: BADCLIENT: Bad error code, 2322 not found in range 9560..9562 (found: )
TypeError: Cannot read properties of undefined (reading 'kind')
Additional information: BADCLIENT: Bad error code, 2322 not found in range 9560..9562 (found: )
    at isJsxAttribute (/usr/share/windsurf/resources/app/extensions/node_modules/typescript/lib/typescript.js:31001:15)
    at getInfo8 (/usr/share/windsurf/resources/app/extensions/node_modules/typescript/lib/typescript.js:159464:143)
    at Object.getCodeActions (/usr/share/windsurf/resources/app/extensions/node_modules/typescript/lib/typescript.js:159447:18)
    at /usr/share/windsurf/resources/app/extensions/node_modules/typescript/lib/typescript.js:154260:46
    at flatMap (/usr/share/windsurf/resources/app/extensions/node_modules/typescript/lib/typescript.js:2536:17)
    at Object.getFixes (/usr/share/windsurf/resources/app/extensions/node_modules/typescript/lib/typescript.js:154260:10)
    at /usr/share/windsurf/resources/app/extensions/node_modules/typescript/lib/typescript.js:152524:33
    at flatMap (/usr/share/windsurf/resources/app/extensions/node_modules/typescript/lib/typescript.js:2536:17)
    at Object.getCodeFixesAtPosition (/usr/share/windsurf/resources/app/extensions/node_modules/typescript/lib/typescript.js:152522:12)
    at IpcIOSession.getCodeFixes (/usr/share/windsurf/resources/app/extensions/node_modules/typescript/lib/typescript.js:195357:50)
    at getCodeFixes (/usr/share/windsurf/resources/app/extensions/node_modules/typescript/lib/typescript.js:193369:43)
    at /usr/share/windsurf/resources/app/extensions/node_modules/typescript/lib/typescript.js:195676:15
    at IpcIOSession.executeWithRequestId (/usr/share/windsurf/resources/app/extensions/node_modules/typescript/lib/typescript.js:195665:14)
    at IpcIOSession.executeCommand (/usr/share/windsurf/resources/app/extensions/node_modules/typescript/lib/typescript.js:195674:29)
    at IpcIOSession.onMessage (/usr/share/windsurf/resources/app/extensions/node_modules/typescript/lib/typescript.js:195722:68)
    at process.<anonymous> (/usr/share/windsurf/resources/app/extensions/node_modules/typescript/lib/_tsserver.js:519:14)
    at process.emit (node:events:518:28)
    at emit (node:internal/child_process:949:14)
    at process.processTicksAndRejections (node:internal/process/task_queues:91:21)
	at n.create (/usr/share/windsurf/resources/app/extensions/typescript-language-features/dist/extension.js:2:492527)
	at y.dispatchResponse (/usr/share/windsurf/resources/app/extensions/typescript-language-features/dist/extension.js:2:486497)
	at y.dispatchMessage (/usr/share/windsurf/resources/app/extensions/typescript-language-features/dist/extension.js:2:485295)
	at ChildProcess.<anonymous> (/usr/share/windsurf/resources/app/extensions/typescript-language-features/dist/extension.js:2:484788)
	at ChildProcess.emit (node:events:518:28)
	at ChildProcess.emit (node:domain:489:12)
	at emit (node:internal/child_process:949:14)
	at process.processTicksAndRejections (node:internal/process/task_queues:91:21)
2025-06-23 23:40:48.337 [error] ConnectError: [unknown] no unacknowledged steps for file file:///home/thorfinn/app/MongoAuthManager/shared/schema.ts
	at c (/usr/share/windsurf/resources/app/extensions/windsurf/dist/extension.js:2:3856441)
	at l (/usr/share/windsurf/resources/app/extensions/windsurf/dist/extension.js:2:3856837)
	at next (/usr/share/windsurf/resources/app/extensions/windsurf/dist/extension.js:2:3863488)
	at process.processTicksAndRejections (node:internal/process/task_queues:105:5)
	at async /usr/share/windsurf/resources/app/extensions/windsurf/dist/extension.js:2:3462828
	at async Object.unary (/usr/share/windsurf/resources/app/extensions/windsurf/dist/extension.js:2:3861824)
	at async Object.acknowledgeCascadeCodeEdit (/usr/share/windsurf/resources/app/extensions/windsurf/dist/extension.js:2:3849687)
	at async t.acknowledgeCascadeCodeEdit (/usr/share/windsurf/resources/app/extensions/windsurf/dist/extension.js:2:2307683)
2025-06-23 23:41:53.220 [error] [vscode.typescript-language-features] provider FAILED
2025-06-23 23:41:53.220 [error] Error: <semantic> TypeScript Server Error (5.8.2)
Cannot read properties of undefined (reading 'kind')
Additional information: BADCLIENT: Bad error code, 2322 not found in range 12147..12150 (found: )
TypeError: Cannot read properties of undefined (reading 'kind')
Additional information: BADCLIENT: Bad error code, 2322 not found in range 12147..12150 (found: )
    at isJsxAttribute (/usr/share/windsurf/resources/app/extensions/node_modules/typescript/lib/typescript.js:31001:15)
    at getInfo8 (/usr/share/windsurf/resources/app/extensions/node_modules/typescript/lib/typescript.js:159464:143)
    at Object.getCodeActions (/usr/share/windsurf/resources/app/extensions/node_modules/typescript/lib/typescript.js:159447:18)
    at /usr/share/windsurf/resources/app/extensions/node_modules/typescript/lib/typescript.js:154260:46
    at flatMap (/usr/share/windsurf/resources/app/extensions/node_modules/typescript/lib/typescript.js:2536:17)
    at Object.getFixes (/usr/share/windsurf/resources/app/extensions/node_modules/typescript/lib/typescript.js:154260:10)
    at /usr/share/windsurf/resources/app/extensions/node_modules/typescript/lib/typescript.js:152524:33
    at flatMap (/usr/share/windsurf/resources/app/extensions/node_modules/typescript/lib/typescript.js:2536:17)
    at Object.getCodeFixesAtPosition (/usr/share/windsurf/resources/app/extensions/node_modules/typescript/lib/typescript.js:152522:12)
    at IpcIOSession.getCodeFixes (/usr/share/windsurf/resources/app/extensions/node_modules/typescript/lib/typescript.js:195357:50)
    at getCodeFixes (/usr/share/windsurf/resources/app/extensions/node_modules/typescript/lib/typescript.js:193369:43)
    at /usr/share/windsurf/resources/app/extensions/node_modules/typescript/lib/typescript.js:195676:15
    at IpcIOSession.executeWithRequestId (/usr/share/windsurf/resources/app/extensions/node_modules/typescript/lib/typescript.js:195665:14)
    at IpcIOSession.executeCommand (/usr/share/windsurf/resources/app/extensions/node_modules/typescript/lib/typescript.js:195674:29)
    at IpcIOSession.onMessage (/usr/share/windsurf/resources/app/extensions/node_modules/typescript/lib/typescript.js:195722:68)
    at process.<anonymous> (/usr/share/windsurf/resources/app/extensions/node_modules/typescript/lib/_tsserver.js:519:14)
    at process.emit (node:events:518:28)
    at emit (node:internal/child_process:949:14)
    at process.processTicksAndRejections (node:internal/process/task_queues:91:21)
	at n.create (/usr/share/windsurf/resources/app/extensions/typescript-language-features/dist/extension.js:2:492527)
	at y.dispatchResponse (/usr/share/windsurf/resources/app/extensions/typescript-language-features/dist/extension.js:2:486497)
	at y.dispatchMessage (/usr/share/windsurf/resources/app/extensions/typescript-language-features/dist/extension.js:2:485295)
	at ChildProcess.<anonymous> (/usr/share/windsurf/resources/app/extensions/typescript-language-features/dist/extension.js:2:484788)
	at ChildProcess.emit (node:events:518:28)
	at ChildProcess.emit (node:domain:489:12)
	at emit (node:internal/child_process:949:14)
	at process.processTicksAndRejections (node:internal/process/task_queues:91:21)
2025-06-23 23:41:53.225 [error] [vscode.typescript-language-features] provider FAILED
2025-06-23 23:41:53.226 [error] Error: <semantic> TypeScript Server Error (5.8.2)
Cannot read properties of undefined (reading 'kind')
Additional information: BADCLIENT: Bad error code, 2322 not found in range 12147..12150 (found: )
TypeError: Cannot read properties of undefined (reading 'kind')
Additional information: BADCLIENT: Bad error code, 2322 not found in range 12147..12150 (found: )
    at isJsxAttribute (/usr/share/windsurf/resources/app/extensions/node_modules/typescript/lib/typescript.js:31001:15)
    at getInfo8 (/usr/share/windsurf/resources/app/extensions/node_modules/typescript/lib/typescript.js:159464:143)
    at Object.getCodeActions (/usr/share/windsurf/resources/app/extensions/node_modules/typescript/lib/typescript.js:159447:18)
    at /usr/share/windsurf/resources/app/extensions/node_modules/typescript/lib/typescript.js:154260:46
    at flatMap (/usr/share/windsurf/resources/app/extensions/node_modules/typescript/lib/typescript.js:2536:17)
    at Object.getFixes (/usr/share/windsurf/resources/app/extensions/node_modules/typescript/lib/typescript.js:154260:10)
    at /usr/share/windsurf/resources/app/extensions/node_modules/typescript/lib/typescript.js:152524:33
    at flatMap (/usr/share/windsurf/resources/app/extensions/node_modules/typescript/lib/typescript.js:2536:17)
    at Object.getCodeFixesAtPosition (/usr/share/windsurf/resources/app/extensions/node_modules/typescript/lib/typescript.js:152522:12)
    at IpcIOSession.getCodeFixes (/usr/share/windsurf/resources/app/extensions/node_modules/typescript/lib/typescript.js:195357:50)
    at getCodeFixes (/usr/share/windsurf/resources/app/extensions/node_modules/typescript/lib/typescript.js:193369:43)
    at /usr/share/windsurf/resources/app/extensions/node_modules/typescript/lib/typescript.js:195676:15
    at IpcIOSession.executeWithRequestId (/usr/share/windsurf/resources/app/extensions/node_modules/typescript/lib/typescript.js:195665:14)
    at IpcIOSession.executeCommand (/usr/share/windsurf/resources/app/extensions/node_modules/typescript/lib/typescript.js:195674:29)
    at IpcIOSession.onMessage (/usr/share/windsurf/resources/app/extensions/node_modules/typescript/lib/typescript.js:195722:68)
    at process.<anonymous> (/usr/share/windsurf/resources/app/extensions/node_modules/typescript/lib/_tsserver.js:519:14)
    at process.emit (node:events:518:28)
    at emit (node:internal/child_process:949:14)
    at process.processTicksAndRejections (node:internal/process/task_queues:91:21)
	at n.create (/usr/share/windsurf/resources/app/extensions/typescript-language-features/dist/extension.js:2:492527)
	at y.dispatchResponse (/usr/share/windsurf/resources/app/extensions/typescript-language-features/dist/extension.js:2:486497)
	at y.dispatchMessage (/usr/share/windsurf/resources/app/extensions/typescript-language-features/dist/extension.js:2:485295)
	at ChildProcess.<anonymous> (/usr/share/windsurf/resources/app/extensions/typescript-language-features/dist/extension.js:2:484788)
	at ChildProcess.emit (node:events:518:28)
	at ChildProcess.emit (node:domain:489:12)
	at emit (node:internal/child_process:949:14)
	at process.processTicksAndRejections (node:internal/process/task_queues:91:21)
2025-06-23 23:51:08.687 [error] ConnectError: [unknown] no unacknowledged steps for file file:///home/thorfinn/app/MongoAuthManager/api/inventory-quantity.ts
	at c (/usr/share/windsurf/resources/app/extensions/windsurf/dist/extension.js:2:3856441)
	at l (/usr/share/windsurf/resources/app/extensions/windsurf/dist/extension.js:2:3856837)
	at next (/usr/share/windsurf/resources/app/extensions/windsurf/dist/extension.js:2:3863488)
	at process.processTicksAndRejections (node:internal/process/task_queues:105:5)
	at async /usr/share/windsurf/resources/app/extensions/windsurf/dist/extension.js:2:3462828
	at async Object.unary (/usr/share/windsurf/resources/app/extensions/windsurf/dist/extension.js:2:3861824)
	at async Object.acknowledgeCascadeCodeEdit (/usr/share/windsurf/resources/app/extensions/windsurf/dist/extension.js:2:3849687)
	at async t.acknowledgeCascadeCodeEdit (/usr/share/windsurf/resources/app/extensions/windsurf/dist/extension.js:2:2307683)
2025-06-23 23:58:13.310 [error] ConnectError: [unknown] no unacknowledged steps for file file:///home/thorfinn/app/MongoAuthManager/vercel.json
	at c (/usr/share/windsurf/resources/app/extensions/windsurf/dist/extension.js:2:3856441)
	at l (/usr/share/windsurf/resources/app/extensions/windsurf/dist/extension.js:2:3856837)
	at next (/usr/share/windsurf/resources/app/extensions/windsurf/dist/extension.js:2:3863488)
	at process.processTicksAndRejections (node:internal/process/task_queues:105:5)
	at async /usr/share/windsurf/resources/app/extensions/windsurf/dist/extension.js:2:3462828
	at async Object.unary (/usr/share/windsurf/resources/app/extensions/windsurf/dist/extension.js:2:3861824)
	at async Object.acknowledgeCascadeCodeEdit (/usr/share/windsurf/resources/app/extensions/windsurf/dist/extension.js:2:3849687)
	at async t.acknowledgeCascadeCodeEdit (/usr/share/windsurf/resources/app/extensions/windsurf/dist/extension.js:2:2307683)
2025-06-24 00:04:39.699 [error] ConnectError: [unknown] no unacknowledged steps for file file:///home/thorfinn/app/MongoAuthManager/api/user-list.ts
	at c (/usr/share/windsurf/resources/app/extensions/windsurf/dist/extension.js:2:3856441)
	at l (/usr/share/windsurf/resources/app/extensions/windsurf/dist/extension.js:2:3856837)
	at next (/usr/share/windsurf/resources/app/extensions/windsurf/dist/extension.js:2:3863488)
	at process.processTicksAndRejections (node:internal/process/task_queues:105:5)
	at async /usr/share/windsurf/resources/app/extensions/windsurf/dist/extension.js:2:3462828
	at async Object.unary (/usr/share/windsurf/resources/app/extensions/windsurf/dist/extension.js:2:3861824)
	at async Object.acknowledgeCascadeCodeEdit (/usr/share/windsurf/resources/app/extensions/windsurf/dist/extension.js:2:3849687)
	at async t.acknowledgeCascadeCodeEdit (/usr/share/windsurf/resources/app/extensions/windsurf/dist/extension.js:2:2307683)
2025-06-24 00:13:26.813 [error] ConnectError: [unknown] no unacknowledged steps for file file:///home/thorfinn/app/MongoAuthManager/vercel.json
	at c (/usr/share/windsurf/resources/app/extensions/windsurf/dist/extension.js:2:3856441)
	at l (/usr/share/windsurf/resources/app/extensions/windsurf/dist/extension.js:2:3856837)
	at next (/usr/share/windsurf/resources/app/extensions/windsurf/dist/extension.js:2:3863488)
	at process.processTicksAndRejections (node:internal/process/task_queues:105:5)
	at async /usr/share/windsurf/resources/app/extensions/windsurf/dist/extension.js:2:3462828
	at async Object.unary (/usr/share/windsurf/resources/app/extensions/windsurf/dist/extension.js:2:3861824)
	at async Object.acknowledgeCascadeCodeEdit (/usr/share/windsurf/resources/app/extensions/windsurf/dist/extension.js:2:3849687)
	at async t.acknowledgeCascadeCodeEdit (/usr/share/windsurf/resources/app/extensions/windsurf/dist/extension.js:2:2307683)
2025-06-24 00:23:07.806 [info] Extension host terminating: renderer closed the MessagePort
2025-06-24 00:23:07.894 [error] TypeError: r.some is not a function
	at h.saveToDisk (/home/thorfinn/.windsurf/extensions/vscodevim.vim-1.30.1-universal/out/extension.js:2:642157)
	at t.deactivate (/home/thorfinn/.windsurf/extensions/vscodevim.vim-1.30.1-universal/out/extension.js:2:769030)
	at cte.eb (file:///usr/share/windsurf/resources/app/out/vs/workbench/api/node/extensionHostProcess.js:116:11874)
	at file:///usr/share/windsurf/resources/app/out/vs/workbench/api/node/extensionHostProcess.js:116:10024
	at Array.map (<anonymous>)
	at cte.$ (file:///usr/share/windsurf/resources/app/out/vs/workbench/api/node/extensionHostProcess.js:116:10012)
	at cte.terminate (file:///usr/share/windsurf/resources/app/out/vs/workbench/api/node/extensionHostProcess.js:116:10255)
	at Zx.terminate (file:///usr/share/windsurf/resources/app/out/vs/workbench/api/node/extensionHostProcess.js:117:1434)
	at _s (file:///usr/share/windsurf/resources/app/out/vs/workbench/api/node/extensionHostProcess.js:198:5722)
	at MessagePortMain.<anonymous> (file:///usr/share/windsurf/resources/app/out/vs/workbench/api/node/extensionHostProcess.js:198:2262)
	at MessagePortMain.emit (node:events:518:28)
	at MessagePortMain.emit (node:domain:489:12)
	at MessagePortMain._internalPort.emit (node:electron/js2c/utility_init:2:2949)
2025-06-24 00:23:07.896 [error] Canceled: Canceled
	at new t2 (file:///usr/share/windsurf/resources/app/out/vs/workbench/api/node/extensionHostProcess.js:29:113090)
	at qA.U (file:///usr/share/windsurf/resources/app/out/vs/workbench/api/node/extensionHostProcess.js:29:117701)
	at s.<computed>.r.charCodeAt.s.<computed> (file:///usr/share/windsurf/resources/app/out/vs/workbench/api/node/extensionHostProcess.js:29:115195)
	at CI.g (file:///usr/share/windsurf/resources/app/out/vs/workbench/api/node/extensionHostProcess.js:111:40984)
	at CI.executeCommand (file:///usr/share/windsurf/resources/app/out/vs/workbench/api/node/extensionHostProcess.js:111:40488)
	at i.registerCommand.description (file:///usr/share/windsurf/resources/app/out/vs/workbench/api/node/extensionHostProcess.js:111:39818)
	at CI.h (file:///usr/share/windsurf/resources/app/out/vs/workbench/api/node/extensionHostProcess.js:111:41504)
	at CI.g (file:///usr/share/windsurf/resources/app/out/vs/workbench/api/node/extensionHostProcess.js:111:40581)
	at CI.executeCommand (file:///usr/share/windsurf/resources/app/out/vs/workbench/api/node/extensionHostProcess.js:111:40488)
	at Object.executeCommand (file:///usr/share/windsurf/resources/app/out/vs/workbench/api/node/extensionHostProcess.js:174:39981)
	at Eg.L [as value] (/usr/share/windsurf/resources/app/extensions/git/dist/main.js:2:514222)
	at y.B (file:///usr/share/windsurf/resources/app/out/vs/workbench/api/node/extensionHostProcess.js:27:2375)
	at y.C (file:///usr/share/windsurf/resources/app/out/vs/workbench/api/node/extensionHostProcess.js:27:2445)
	at y.fire (file:///usr/share/windsurf/resources/app/out/vs/workbench/api/node/extensionHostProcess.js:27:2662)
	at Object.g [as dispose] (/usr/share/windsurf/resources/app/extensions/git/dist/main.js:2:536862)
	at /usr/share/windsurf/resources/app/extensions/git/dist/main.js:2:543180
	at Array.forEach (<anonymous>)
	at b.dispose (/usr/share/windsurf/resources/app/extensions/git/dist/main.js:2:543166)
	at hb.<anonymous> (file:///usr/share/windsurf/resources/app/out/vs/workbench/api/node/extensionHostProcess.js:107:8922)
	at hb.dispose (file:///usr/share/windsurf/resources/app/out/vs/workbench/api/node/extensionHostProcess.js:107:9018)
	at hb.<anonymous> (/usr/share/windsurf/resources/app/extensions/git/dist/main.js:2:516706)
	at hb.dispose (file:///usr/share/windsurf/resources/app/out/vs/workbench/api/node/extensionHostProcess.js:107:9018)
	at On (file:///usr/share/windsurf/resources/app/out/vs/workbench/api/node/extensionHostProcess.js:25:701)
	at file:///usr/share/windsurf/resources/app/out/vs/workbench/api/node/extensionHostProcess.js:116:15142
	at file:///usr/share/windsurf/resources/app/out/vs/workbench/api/node/extensionHostProcess.js:25:1011
	at Object.dispose (file:///usr/share/windsurf/resources/app/out/vs/workbench/api/node/extensionHostProcess.js:8:705)
	at cte.eb (file:///usr/share/windsurf/resources/app/out/vs/workbench/api/node/extensionHostProcess.js:116:12069)
	at file:///usr/share/windsurf/resources/app/out/vs/workbench/api/node/extensionHostProcess.js:116:10024
	at Array.map (<anonymous>)
	at cte.$ (file:///usr/share/windsurf/resources/app/out/vs/workbench/api/node/extensionHostProcess.js:116:10012)
	at cte.terminate (file:///usr/share/windsurf/resources/app/out/vs/workbench/api/node/extensionHostProcess.js:116:10255)
	at Zx.terminate (file:///usr/share/windsurf/resources/app/out/vs/workbench/api/node/extensionHostProcess.js:117:1434)
	at _s (file:///usr/share/windsurf/resources/app/out/vs/workbench/api/node/extensionHostProcess.js:198:5722)
	at MessagePortMain.<anonymous> (file:///usr/share/windsurf/resources/app/out/vs/workbench/api/node/extensionHostProcess.js:198:2262)
	at MessagePortMain.emit (node:events:518:28)
	at MessagePortMain.emit (node:domain:489:12)
	at MessagePortMain._internalPort.emit (node:electron/js2c/utility_init:2:2949) setContext undefined
2025-06-24 00:23:07.897 [error] Canceled: Canceled
	at new t2 (file:///usr/share/windsurf/resources/app/out/vs/workbench/api/node/extensionHostProcess.js:29:113090)
	at qA.U (file:///usr/share/windsurf/resources/app/out/vs/workbench/api/node/extensionHostProcess.js:29:117701)
	at s.<computed>.r.charCodeAt.s.<computed> (file:///usr/share/windsurf/resources/app/out/vs/workbench/api/node/extensionHostProcess.js:29:115195)
	at CI.g (file:///usr/share/windsurf/resources/app/out/vs/workbench/api/node/extensionHostProcess.js:111:40984)
	at CI.executeCommand (file:///usr/share/windsurf/resources/app/out/vs/workbench/api/node/extensionHostProcess.js:111:40488)
	at i.registerCommand.description (file:///usr/share/windsurf/resources/app/out/vs/workbench/api/node/extensionHostProcess.js:111:39818)
	at CI.h (file:///usr/share/windsurf/resources/app/out/vs/workbench/api/node/extensionHostProcess.js:111:41504)
	at CI.g (file:///usr/share/windsurf/resources/app/out/vs/workbench/api/node/extensionHostProcess.js:111:40581)
	at CI.executeCommand (file:///usr/share/windsurf/resources/app/out/vs/workbench/api/node/extensionHostProcess.js:111:40488)
	at Object.executeCommand (file:///usr/share/windsurf/resources/app/out/vs/workbench/api/node/extensionHostProcess.js:174:39981)
	at set hasGitHubRepositories (/usr/share/windsurf/resources/app/extensions/github/dist/extension.js:2:217807)
	at /usr/share/windsurf/resources/app/extensions/github/dist/extension.js:2:218766
	at Eg.value (/usr/share/windsurf/resources/app/extensions/git/dist/main.js:2:634408)
	at y.B (file:///usr/share/windsurf/resources/app/out/vs/workbench/api/node/extensionHostProcess.js:27:2375)
	at y.C (file:///usr/share/windsurf/resources/app/out/vs/workbench/api/node/extensionHostProcess.js:27:2445)
	at y.fire (file:///usr/share/windsurf/resources/app/out/vs/workbench/api/node/extensionHostProcess.js:27:2662)
	at Object.g [as dispose] (/usr/share/windsurf/resources/app/extensions/git/dist/main.js:2:536862)
	at /usr/share/windsurf/resources/app/extensions/git/dist/main.js:2:543180
	at Array.forEach (<anonymous>)
	at b.dispose (/usr/share/windsurf/resources/app/extensions/git/dist/main.js:2:543166)
	at hb.<anonymous> (file:///usr/share/windsurf/resources/app/out/vs/workbench/api/node/extensionHostProcess.js:107:8922)
	at hb.dispose (file:///usr/share/windsurf/resources/app/out/vs/workbench/api/node/extensionHostProcess.js:107:9018)
	at hb.<anonymous> (/usr/share/windsurf/resources/app/extensions/git/dist/main.js:2:516706)
	at hb.dispose (file:///usr/share/windsurf/resources/app/out/vs/workbench/api/node/extensionHostProcess.js:107:9018)
	at On (file:///usr/share/windsurf/resources/app/out/vs/workbench/api/node/extensionHostProcess.js:25:701)
	at file:///usr/share/windsurf/resources/app/out/vs/workbench/api/node/extensionHostProcess.js:116:15142
	at file:///usr/share/windsurf/resources/app/out/vs/workbench/api/node/extensionHostProcess.js:25:1011
	at Object.dispose (file:///usr/share/windsurf/resources/app/out/vs/workbench/api/node/extensionHostProcess.js:8:705)
	at cte.eb (file:///usr/share/windsurf/resources/app/out/vs/workbench/api/node/extensionHostProcess.js:116:12069)
	at file:///usr/share/windsurf/resources/app/out/vs/workbench/api/node/extensionHostProcess.js:116:10024
	at Array.map (<anonymous>)
	at cte.$ (file:///usr/share/windsurf/resources/app/out/vs/workbench/api/node/extensionHostProcess.js:116:10012)
	at cte.terminate (file:///usr/share/windsurf/resources/app/out/vs/workbench/api/node/extensionHostProcess.js:116:10255)
	at Zx.terminate (file:///usr/share/windsurf/resources/app/out/vs/workbench/api/node/extensionHostProcess.js:117:1434)
	at _s (file:///usr/share/windsurf/resources/app/out/vs/workbench/api/node/extensionHostProcess.js:198:5722)
	at MessagePortMain.<anonymous> (file:///usr/share/windsurf/resources/app/out/vs/workbench/api/node/extensionHostProcess.js:198:2262)
	at MessagePortMain.emit (node:events:518:28)
	at MessagePortMain.emit (node:domain:489:12)
	at MessagePortMain._internalPort.emit (node:electron/js2c/utility_init:2:2949) setContext undefined
2025-06-24 00:23:07.905 [info] Extension host with pid 131796 exiting with code 0
