2025-06-23 22:19:38.906 [info] 2025/06/23 22:19:38 maxprocs: Leaving GOMAXPROCS=8: CPU quota undefined
2025-06-23 22:19:39.111 [info] I0623 22:19:39.110889 131996 main.go:602] Setting GOMAXPROCS to 4
2025-06-23 22:19:39.111 [info] I0623 22:19:39.111250 131996 main.go:817] Starting language server process with pid 131996
2025-06-23 22:19:39.111 [info] I0623 22:19:39.111390 131996 server.go:292] Language server will attempt to listen on host 127.0.0.1
2025-06-23 22:19:39.111 [info] I0623 22:19:39.111586 131996 server.go:299] Language server listening on random port at 33689
2025-06-23 22:19:39.925 [info] I0623 22:19:39.925280 131996 server.go:420] Created extension server client at port 41811
2025-06-23 22:19:40.267 [info] I0623 22:19:40.266785 131996 server.go:948] Local search is enabled, will index local files.
2025-06-23 22:19:40.267 [info] I0623 22:19:40.266816 131996 server.go:952] Using 2 indexer workers
2025-06-23 22:19:41.605 [info] (Windsurf) 2025-06-23 22:19:41.601 [INFO]: Language server started
2025-06-23 22:19:42.359 [info] (Windsurf) 2025-06-23 22:19:42.359 [INFO]: LS lspClient started successfully
2025-06-23 22:19:42.554 [info] BEWARE: your OS is not officially supported by Playwright; downloading fallback build for ubuntu20.04-x64.
BEWARE: your OS is not officially supported by Playwright; downloading fallback build for ubuntu20.04-x64.
BEWARE: your OS is not officially supported by Playwright; downloading fallback build for ubuntu20.04-x64.

2025-06-23 22:19:52.142 [info] (Windsurf) 2025-06-23 22:19:52.141 [INFO]: [Cascade Manager] Opening diff zones for: 
2025-06-23 22:20:31.653 [info] (Windsurf) 2025-06-23 22:20:31.653 [INFO]: [Cascade Manager] Opening diff zones for: netlify.toml
2025-06-23 22:22:40.487 [info] (Windsurf) 2025-06-23 22:22:40.486 [INFO]: [Terminal] Command completed: clear exit code 0
2025-06-23 22:22:59.324 [info] E0623 22:22:59.324117 131996 interceptor.go:73] /exa.language_server_pb.LanguageServerService/GetCodeValidationStates (unknown): open /home/thorfinn/app/MongoAuthManager/netlify.toml: no such file or directory
2025-06-23 22:23:24.261 [info] (Windsurf) 2025-06-23 22:23:24.260 [INFO]: [Terminal] Command completed: npm run deploy exit code 0
2025-06-23 22:24:33.218 [info] (Windsurf) 2025-06-23 22:24:33.217 [INFO]: [Terminal] Command completed: clear exit code 0
2025-06-23 22:25:30.990 [info] (Windsurf) 2025-06-23 22:25:30.990 [INFO]: [Cascade Manager] Opening diff zones for: vercel.json
2025-06-23 22:25:51.812 [info] (Windsurf) 2025-06-23 22:25:51.812 [INFO]: [Terminal] Command completed: hManager]$ npm run deploy exit code 1
2025-06-23 22:25:54.814 [info] (Windsurf) 2025-06-23 22:25:54.814 [INFO]: [Terminal] Command force exited: hManager]$ npm run deploy, with exit code 1
2025-06-23 22:26:17.181 [info] (Windsurf) 2025-06-23 22:26:17.180 [INFO]: [Cascade Manager] Opening diff zones for: vercel.json
2025-06-23 22:26:52.585 [info] (Windsurf) 2025-06-23 22:26:52.585 [INFO]: [Terminal] Command completed: npm run deploy exit code 1
2025-06-23 22:26:55.587 [info] (Windsurf) 2025-06-23 22:26:55.586 [INFO]: [Terminal] Command force exited: npm run deploy, with exit code 1
2025-06-23 22:28:44.118 [info] (Windsurf) 2025-06-23 22:28:44.117 [INFO]: [Cascade Manager] Opening diff zones for: routes.ts
2025-06-23 22:29:11.145 [info] E0623 22:29:11.143765 131996 interceptor.go:73] /exa.language_server_pb.LanguageServerService/AcknowledgeCascadeCodeEdit (unknown): no unacknowledged steps for file file:///home/thorfinn/app/MongoAuthManager/backend/api/routes.ts
2025-06-23 22:29:31.063 [info] (Windsurf) 2025-06-23 22:29:31.062 [INFO]: [Cascade Manager] Opening diff zones for: tsconfig.json
2025-06-23 22:29:52.734 [info] (Windsurf) 2025-06-23 22:29:52.734 [INFO]: [Cascade Manager] Opening diff zones for: tsconfig.json
2025-06-23 22:30:08.305 [info] (Windsurf) 2025-06-23 22:30:08.305 [INFO]: [Cascade Manager] Opening diff zones for: auth.ts
2025-06-23 22:31:37.014 [info] (Windsurf) 2025-06-23 22:31:37.014 [INFO]: [Cascade Manager] Opening diff zones for: tsconfig.json
2025-06-23 22:32:01.364 [info] (Windsurf) 2025-06-23 22:32:01.364 [INFO]: [Cascade Manager] Opening diff zones for: tsconfig.json
2025-06-23 22:33:17.703 [info] E0623 22:33:17.703445 131996 interceptor.go:73] /exa.language_server_pb.LanguageServerService/AcknowledgeCascadeCodeEdit (unknown): no unacknowledged steps for file file:///home/thorfinn/app/MongoAuthManager/backend/tsconfig.json
2025-06-23 22:33:28.370 [info] (Windsurf) 2025-06-23 22:33:28.369 [INFO]: [Cascade Manager] Opening diff zones for: auth.ts
2025-06-23 22:33:29.741 [info] (Windsurf) 2025-06-23 22:33:29.741 [INFO]: [Cascade Manager] Opening diff zones for: tsconfig.json
2025-06-23 22:33:35.113 [info] (Windsurf) 2025-06-23 22:33:35.113 [INFO]: [Cascade Manager] Opening diff zones for: tsconfig.json
2025-06-23 22:33:35.130 [info] (Windsurf) 2025-06-23 22:33:35.129 [INFO]: [Cascade Manager] Opening diff zones for: storage.ts
2025-06-23 22:33:36.284 [info] (Windsurf) 2025-06-23 22:33:36.284 [INFO]: [Cascade Manager] Opening diff zones for: index.ts
2025-06-23 22:34:48.219 [info] (Windsurf) 2025-06-23 22:34:48.219 [INFO]: [Cascade Manager] Opening diff zones for: routes.ts
2025-06-23 22:36:11.225 [info] (Windsurf) 2025-06-23 22:36:11.225 [INFO]: [Cascade Manager] Opening diff zones for: tsconfig.json
2025-06-23 22:36:52.736 [info] E0623 22:36:52.736002 131996 interceptor.go:73] /exa.language_server_pb.LanguageServerService/AcknowledgeCascadeCodeEdit (unknown): no unacknowledged steps for file file:///home/thorfinn/app/MongoAuthManager/backend/tsconfig.json
2025-06-23 22:37:27.452 [info] (Windsurf) 2025-06-23 22:37:27.452 [INFO]: [Cascade Manager] Opening diff zones for: index.ts
2025-06-23 22:38:29.297 [info] (Windsurf) 2025-06-23 22:38:29.297 [INFO]: [Cascade Manager] Opening diff zones for: routes.ts
2025-06-23 22:38:53.109 [info] (Windsurf) 2025-06-23 22:38:53.109 [INFO]: [Cascade Manager] Opening diff zones for: index.ts
2025-06-23 22:39:08.380 [info] E0623 22:39:08.380261 131996 interceptor.go:73] /exa.language_server_pb.LanguageServerService/AcknowledgeCascadeCodeEdit (unknown): no unacknowledged steps for file file:///home/thorfinn/app/MongoAuthManager/backend/api/routes.ts
2025-06-23 22:39:39.885 [info] (Windsurf) 2025-06-23 22:39:39.885 [INFO]: [Cascade Manager] Opening diff zones for: routes.ts
2025-06-23 22:39:59.189 [info] E0623 22:39:59.189530 131996 interceptor.go:73] /exa.language_server_pb.LanguageServerService/AcknowledgeCascadeCodeEdit (unknown): no unacknowledged steps for file file:///home/thorfinn/app/MongoAuthManager/backend/api/routes.ts
2025-06-23 22:40:34.299 [info] (Windsurf) 2025-06-23 22:40:34.299 [INFO]: [Terminal] Command completed: npm run deply exit code 1
2025-06-23 22:40:36.081 [info] (Windsurf) 2025-06-23 22:40:36.080 [INFO]: [Terminal] Command completed: npm run deplyclear exit code 1
2025-06-23 22:40:38.886 [info] (Windsurf) 2025-06-23 22:40:38.886 [INFO]: [Terminal] Command completed: clear exit code 0
2025-06-23 22:40:50.780 [info] (Windsurf) 2025-06-23 22:40:50.779 [INFO]: [Cascade Manager] Opening diff zones for: routes.ts
2025-06-23 22:41:06.991 [info] (Windsurf) 2025-06-23 22:41:06.991 [INFO]: [Terminal] Command completed: npm run deploy exit code 1
2025-06-23 22:42:11.387 [info] (Windsurf) 2025-06-23 22:42:11.387 [INFO]: [Terminal] Command completed: vercel build exit code 0
2025-06-23 22:42:53.592 [info] (Windsurf) 2025-06-23 22:42:53.592 [INFO]: [Terminal] Command completed: npm run deploy exit code 0
2025-06-23 22:56:12.488 [info] (Windsurf) 2025-06-23 22:56:12.488 [INFO]: [Cascade Manager] Opening diff zones for: routes.ts
2025-06-23 22:56:14.152 [info] E0623 22:56:14.151753 131996 interceptor.go:73] /exa.language_server_pb.LanguageServerService/AcknowledgeCascadeCodeEdit (unknown): no unacknowledged steps for file file:///home/thorfinn/app/MongoAuthManager/backend/api/routes.ts
2025-06-23 22:56:40.394 [info] (Windsurf) 2025-06-23 22:56:40.393 [INFO]: [Cascade Manager] Opening diff zones for: routes.ts
2025-06-23 22:57:00.976 [info] (Windsurf) 2025-06-23 22:57:00.976 [INFO]: [Terminal] Command completed: npx tsc --project backend/tsconfig.json exit code 0
2025-06-23 22:57:04.024 [info] (Windsurf) 2025-06-23 22:57:04.024 [INFO]: [Terminal] Command completed: clear exit code 0
2025-06-23 22:57:43.224 [info] (Windsurf) 2025-06-23 22:57:43.224 [INFO]: [Terminal] Command completed: npm run deploy exit code 0
2025-06-23 22:59:55.543 [info] (Windsurf) 2025-06-23 22:59:55.543 [INFO]: [Terminal] Command completed: npm run deploy exit code 0
2025-06-23 23:02:36.506 [info] (Windsurf) 2025-06-23 23:02:36.505 [INFO]: [Terminal] Command completed: npm run deploy exit code 0
2025-06-23 23:05:54.114 [info] (Windsurf) 2025-06-23 23:05:54.114 [INFO]: [Terminal] Command completed: clear exit code 0
2025-06-23 23:06:22.445 [info] (Windsurf) 2025-06-23 23:06:22.445 [INFO]: [Terminal] Command completed: npm run deploy exit code 1
2025-06-23 23:10:03.953 [info] (Windsurf) 2025-06-23 23:10:03.953 [INFO]: [Terminal] Command completed: clear exit code 0
2025-06-23 23:10:41.567 [info] (Windsurf) 2025-06-23 23:10:41.567 [INFO]: [Terminal] Command completed: npm run deploy exit code 0
2025-06-23 23:16:07.851 [info] (Windsurf) 2025-06-23 23:16:07.850 [INFO]: [Terminal] Command completed: clear exit code 0
2025-06-23 23:16:54.966 [info] (Windsurf) 2025-06-23 23:16:54.966 [INFO]: [Cascade Manager] Opening diff zones for: routes.ts
2025-06-23 23:20:51.458 [info] (Windsurf) 2025-06-23 23:20:51.458 [INFO]: [Cascade Manager] Opening diff zones for: routes.ts
2025-06-23 23:25:03.553 [info] (Windsurf) 2025-06-23 23:25:03.552 [INFO]: [Terminal] Command completed: npm run deploy exit code 1
2025-06-23 23:25:17.204 [info] (Windsurf) 2025-06-23 23:25:17.204 [INFO]: [Terminal] Command completed: vercel logs inventory-app-gti8boirh-praveenthanikachalams-projects.vercel.app exit code 1
2025-06-23 23:28:11.785 [info] (Windsurf) 2025-06-23 23:28:11.785 [INFO]: [Cascade Manager] Opening diff zones for: routes.ts
2025-06-23 23:28:53.526 [info] (Windsurf) 2025-06-23 23:28:53.526 [INFO]: [Cascade Manager] Opening diff zones for: 
2025-06-23 23:29:06.509 [info] (Windsurf) 2025-06-23 23:29:06.509 [INFO]: [Cascade Manager] Opening diff zones for: 
2025-06-23 23:29:22.991 [info] (Windsurf) 2025-06-23 23:29:22.991 [INFO]: [Cascade Manager] Opening diff zones for: 
2025-06-23 23:29:55.049 [info] E0623 23:29:55.040167 131996 interceptor.go:73] /exa.language_server_pb.LanguageServerService/HandleStreamingCommand (unknown): invalid position offset 17240: offset 17240 out of range [0, 16811]
2025-06-23 23:30:00.130 [info] (Windsurf) 2025-06-23 23:30:00.130 [INFO]: [Cascade Manager] Opening diff zones for: routes.ts
2025-06-23 23:30:11.809 [info] (Windsurf) 2025-06-23 23:30:11.809 [INFO]: [Cascade Manager] Opening diff zones for: schema.ts
2025-06-23 23:31:00.609 [info] E0623 23:31:00.608628 131996 interceptor.go:73] /exa.language_server_pb.LanguageServerService/AcknowledgeCascadeCodeEdit (unknown): no unacknowledged steps for file file:///home/thorfinn/app/MongoAuthManager/shared/schema.ts
2025-06-23 23:31:14.861 [info] (Windsurf) 2025-06-23 23:31:14.861 [INFO]: [Cascade Manager] Opening diff zones for: routes.ts
2025-06-23 23:31:39.983 [info] (Windsurf) 2025-06-23 23:31:39.982 [INFO]: [Cascade Manager] Opening diff zones for: routes.ts
2025-06-23 23:33:16.737 [info] (Windsurf) 2025-06-23 23:33:16.737 [INFO]: [Cascade Manager] Opening diff zones for: routes.ts
2025-06-23 23:35:13.263 [info] (Windsurf) 2025-06-23 23:35:13.263 [INFO]: [Cascade Manager] Opening diff zones for: 
2025-06-23 23:37:42.793 [info] (Windsurf) 2025-06-23 23:37:42.793 [INFO]: [Cascade Manager] Opening diff zones for: schema.ts
2025-06-23 23:37:42.982 [info] (Windsurf) 2025-06-23 23:37:42.982 [INFO]: [Cascade Manager] Opening diff zones for: routes.ts
2025-06-23 23:40:41.714 [info] (Windsurf) 2025-06-23 23:40:41.714 [INFO]: [Terminal] Command completed: clear exit code 0
2025-06-23 23:40:47.332 [info] E0623 23:40:47.331625 131996 interceptor.go:73] /exa.language_server_pb.LanguageServerService/AcknowledgeCascadeCodeEdit (unknown): no unacknowledged steps for file file:///home/thorfinn/app/MongoAuthManager/shared/schema.ts
2025-06-23 23:41:25.737 [info] (Windsurf) 2025-06-23 23:41:25.737 [INFO]: [Terminal] Command completed: npm run deploy exit code 0
2025-06-23 23:47:30.866 [info] (Windsurf) 2025-06-23 23:47:30.866 [INFO]: [Cascade Manager] Opening diff zones for: inventory-quantity.ts
2025-06-23 23:51:07.682 [info] E0623 23:51:07.682305 131996 interceptor.go:73] /exa.language_server_pb.LanguageServerService/AcknowledgeCascadeCodeEdit (unknown): no unacknowledged steps for file file:///home/thorfinn/app/MongoAuthManager/api/inventory-quantity.ts
2025-06-23 23:52:14.609 [info] (Windsurf) 2025-06-23 23:52:14.609 [INFO]: [Terminal] Command completed: npm run deploy exit code 0
2025-06-23 23:57:18.470 [info] (Windsurf) 2025-06-23 23:57:18.469 [INFO]: [Terminal] Command completed: clear exit code 0
2025-06-23 23:57:44.441 [info] (Windsurf) 2025-06-23 23:57:44.440 [INFO]: [Cascade Manager] Opening diff zones for: vercel.json
2025-06-23 23:58:12.308 [info] E0623 23:58:12.306963 131996 interceptor.go:73] /exa.language_server_pb.LanguageServerService/AcknowledgeCascadeCodeEdit (unknown): no unacknowledged steps for file file:///home/thorfinn/app/MongoAuthManager/vercel.json
2025-06-24 00:00:07.783 [info] (Windsurf) 2025-06-24 00:00:07.782 [INFO]: [Cascade Manager] Opening diff zones for: inventory-get.ts
2025-06-24 00:00:08.402 [info] (Windsurf) 2025-06-24 00:00:08.402 [INFO]: [Cascade Manager] Opening diff zones for: inventory-list.ts
2025-06-24 00:00:08.405 [info] (Windsurf) 2025-06-24 00:00:08.405 [INFO]: [Cascade Manager] Opening diff zones for: inventory-create.ts
2025-06-24 00:00:08.413 [info] (Windsurf) 2025-06-24 00:00:08.413 [INFO]: [Cascade Manager] Opening diff zones for: inventory-delete.ts
2025-06-24 00:03:17.661 [info] (Windsurf) 2025-06-24 00:03:17.660 [INFO]: [Cascade Manager] Opening diff zones for: auth-login.ts
2025-06-24 00:03:17.664 [info] (Windsurf) 2025-06-24 00:03:17.664 [INFO]: [Cascade Manager] Opening diff zones for: auth-validate.ts
2025-06-24 00:03:17.666 [info] (Windsurf) 2025-06-24 00:03:17.666 [INFO]: [Cascade Manager] Opening diff zones for: auth-register.ts
2025-06-24 00:03:17.669 [info] (Windsurf) 2025-06-24 00:03:17.668 [INFO]: [Cascade Manager] Opening diff zones for: user-list.ts
2025-06-24 00:04:38.696 [info] E0624 00:04:38.695761 131996 interceptor.go:73] /exa.language_server_pb.LanguageServerService/AcknowledgeCascadeCodeEdit (unknown): no unacknowledged steps for file file:///home/thorfinn/app/MongoAuthManager/api/user-list.ts
2025-06-24 00:05:00.443 [info] (Windsurf) 2025-06-24 00:05:00.443 [INFO]: [Terminal] Command completed: cd /home/thorfinn/app/MongoAuthManager/client exit code 0
2025-06-24 00:05:03.446 [info] (Windsurf) 2025-06-24 00:05:03.445 [INFO]: [Terminal] Command force exited: cd /home/thorfinn/app/MongoAuthManager/client, with exit code 0
2025-06-24 00:05:09.145 [info] (Windsurf) 2025-06-24 00:05:09.145 [INFO]: [Terminal] Command completed: npm install && npm run build exit code 0
2025-06-24 00:06:53.400 [info] (Windsurf) 2025-06-24 00:06:53.400 [INFO]: [Terminal] Command completed: ls -la exit code 0
2025-06-24 00:08:43.885 [info] (Windsurf) 2025-06-24 00:08:43.884 [INFO]: [Terminal] Command completed: npm run build exit code 0
2025-06-24 00:11:44.833 [info] (Windsurf) 2025-06-24 00:11:44.833 [INFO]: [Terminal] Command completed: mkdir -p dist && cp -r ../dist/public/* dist/ exit code 0
2025-06-24 00:12:08.194 [info] (Windsurf) 2025-06-24 00:12:08.194 [INFO]: [Terminal] Command completed: clear exit code 0
2025-06-24 00:12:22.059 [info] (Windsurf) 2025-06-24 00:12:22.059 [INFO]: [Terminal] Command completed: npm run deploy exit code 0
2025-06-24 00:13:00.430 [info] (Windsurf) 2025-06-24 00:13:00.430 [INFO]: [Terminal] Command completed: npm run deploy exit code 0
2025-06-24 00:13:21.321 [info] (Windsurf) 2025-06-24 00:13:21.321 [INFO]: [Cascade Manager] Opening diff zones for: vercel.json
2025-06-24 00:13:25.809 [info] E0624 00:13:25.809061 131996 interceptor.go:73] /exa.language_server_pb.LanguageServerService/AcknowledgeCascadeCodeEdit (unknown): no unacknowledged steps for file file:///home/thorfinn/app/MongoAuthManager/vercel.json
2025-06-24 00:13:34.694 [info] (Windsurf) 2025-06-24 00:13:34.694 [INFO]: [Terminal] Command completed: clear exit code 0
2025-06-24 00:13:36.738 [info] (Windsurf) 2025-06-24 00:13:36.738 [INFO]: [Terminal] Command completed: npm run deply exit code 1
2025-06-24 00:13:48.220 [info] (Windsurf) 2025-06-24 00:13:48.220 [INFO]: [Terminal] Command completed: npm run deploy exit code 0
2025-06-24 00:20:50.112 [info] (Windsurf) 2025-06-24 00:20:50.112 [INFO]: [Terminal] Command completed: cd /home/thorfinn/app/MongoAuthManager exit code 0
2025-06-24 00:20:51.141 [info] (Windsurf) 2025-06-24 00:20:51.141 [INFO]: [Terminal] Command completed: curl -X POST https://inventory-app-q30oxdbby-praveenthanikachalams-projects.vercel.app/api/auth-login -H "Content-Type: application/json" -d '{"username":"admin","password":"admin123"}' exit code 0
2025-06-24 00:22:04.603 [info] (Windsurf) 2025-06-24 00:22:04.603 [INFO]: [Terminal] Command completed: clear exit code 0
2025-06-24 00:22:05.082 [info] (Windsurf) 2025-06-24 00:22:05.081 [INFO]: [Terminal] Command completed: ls exit code 0
2025-06-24 00:22:05.768 [info] (Windsurf) 2025-06-24 00:22:05.767 [INFO]: [Terminal] Command completed: clear exit code 0
2025-06-24 00:22:06.537 [info] (Windsurf) 2025-06-24 00:22:06.536 [INFO]: [Terminal] Command completed: cd exit code 0
2025-06-24 00:22:10.412 [info] (Windsurf) 2025-06-24 00:22:10.411 [INFO]: [Terminal] Command completed: ls exit code 0
2025-06-24 00:22:17.513 [info] (Windsurf) 2025-06-24 00:22:17.513 [INFO]: [Terminal] Command completed: cd a exit code 1
2025-06-24 00:22:19.739 [info] (Windsurf) 2025-06-24 00:22:19.739 [INFO]: [Terminal] Command completed: cd app/ exit code 0
2025-06-24 00:22:20.484 [info] (Windsurf) 2025-06-24 00:22:20.484 [INFO]: [Terminal] Command completed: clear exit code 0
2025-06-24 00:22:20.768 [info] (Windsurf) 2025-06-24 00:22:20.768 [INFO]: [Terminal] Command completed: ls exit code 0
2025-06-24 00:22:46.023 [info] (Windsurf) 2025-06-24 00:22:46.022 [INFO]: [Terminal] Command completed: git clone https://github.com/prave01/Inventory-app-new.git exit code 0
2025-06-24 00:22:53.306 [info] (Windsurf) 2025-06-24 00:22:53.305 [INFO]: [Terminal] Command completed: cdInventory-app-new/  MongoAuthManager/   new/                spares-central-hub/ [thorfinn@Praveen app]$ cd Inventory-app-new/  MongoAuthManager/   new/                spares-central-hub/ [thorfinn@Praveen app]$ cd Inventory-app-new/ exit code 0
2025-06-24 00:22:53.934 [info] (Windsurf) 2025-06-24 00:22:53.934 [INFO]: [Terminal] Command completed: clear exit code 0
2025-06-24 00:22:54.159 [info] (Windsurf) 2025-06-24 00:22:54.159 [INFO]: [Terminal] Command completed: ls exit code 0
2025-06-24 00:22:58.658 [info] (Windsurf) 2025-06-24 00:22:58.658 [INFO]: [Terminal] Command completed: windsurf . exit code 0
