2025-06-24 00:35:34.944 [info] [main] Log level: Info
2025-06-24 00:35:34.944 [info] [main] Validating found git in: "git"
2025-06-24 00:35:34.944 [info] [main] Using git "2.49.0" from "git"
2025-06-24 00:35:34.944 [info] [Model][doInitialScan] Initial repository scan started
2025-06-24 00:35:34.944 [info] [Model][doInitialScan] Initial repository scan completed - repositories (0), closed repositories (0), parent repositories (0), unsafe repositories (0)
2025-06-24 00:35:39.319 [info] [main] Log level: Info
2025-06-24 00:35:39.319 [info] [main] Validating found git in: "git"
2025-06-24 00:35:39.319 [info] [main] Using git "2.49.0" from "git"
2025-06-24 00:35:39.319 [info] [Model][doInitialScan] Initial repository scan started
2025-06-24 00:35:39.319 [info] > git rev-parse --show-toplevel [895ms]
2025-06-24 00:35:39.389 [info] > git rev-parse --git-dir --git-common-dir [50ms]
2025-06-24 00:35:39.441 [info] [Model][openRepository] Opened repository: /home/thorfinn/app/MongoAuthManager
2025-06-24 00:35:39.560 [info] > git config --get commit.template [69ms]
2025-06-24 00:35:39.747 [info] > git for-each-ref --format=%(refname)%00%(upstream:short)%00%(objectname)%00%(upstream:track)%00%(upstream:remotename)%00%(upstream:remoteref) refs/heads/main refs/remotes/main [17ms]
2025-06-24 00:35:39.808 [info] > git status -z -uall [20ms]
2025-06-24 00:35:39.809 [info] > git rev-parse --show-toplevel [39ms]
2025-06-24 00:35:39.829 [info] > git for-each-ref --sort -committerdate --format %(refname)%00%(objectname)%00%(*objectname) [22ms]
2025-06-24 00:35:39.895 [info] > git for-each-ref --format=%(refname)%00%(upstream:short)%00%(objectname)%00%(upstream:track)%00%(upstream:remotename)%00%(upstream:remoteref) refs/heads/main refs/remotes/main [20ms]
2025-06-24 00:35:39.913 [info] > git rev-parse --show-toplevel [85ms]
2025-06-24 00:35:39.955 [info] > git config --get --local branch.main.vscode-merge-base [43ms]
2025-06-24 00:35:39.973 [info] > git config --get commit.template [79ms]
2025-06-24 00:35:40.000 [info] > git for-each-ref --format=%(refname)%00%(upstream:short)%00%(objectname)%00%(upstream:track)%00%(upstream:remotename)%00%(upstream:remoteref) refs/heads/origin/main refs/remotes/origin/main [27ms]
2025-06-24 00:35:40.020 [info] > git rev-parse --show-toplevel [84ms]
2025-06-24 00:35:40.132 [info] > git merge-base refs/heads/main refs/remotes/origin/main [113ms]
2025-06-24 00:35:40.236 [info] > git diff --name-status -z --diff-filter=ADMR 08968f1517b0e21284f31a8522e6deb0864d05ad...refs/remotes/origin/main [85ms]
2025-06-24 00:35:40.237 [info] > git rev-parse --show-toplevel [108ms]
2025-06-24 00:35:40.238 [info] > git for-each-ref --format=%(refname)%00%(upstream:short)%00%(objectname)%00%(upstream:track)%00%(upstream:remotename)%00%(upstream:remoteref) refs/heads/main refs/remotes/main [127ms]
2025-06-24 00:35:40.333 [info] > git check-ignore -v -z --stdin [44ms]
2025-06-24 00:35:40.334 [info] > git rev-parse --show-toplevel [65ms]
2025-06-24 00:35:40.402 [info] > git status -z -uall [19ms]
2025-06-24 00:35:40.402 [info] > git rev-parse --show-toplevel [37ms]
2025-06-24 00:35:40.422 [info] > git for-each-ref --sort -committerdate --format %(refname)%00%(objectname)%00%(*objectname) [22ms]
2025-06-24 00:35:40.435 [info] > git rev-parse --show-toplevel [14ms]
2025-06-24 00:35:40.454 [info] > git rev-parse --show-toplevel [4ms]
2025-06-24 00:35:40.474 [info] > git rev-parse --show-toplevel [3ms]
2025-06-24 00:35:40.478 [info] [Model][doInitialScan] Initial repository scan completed - repositories (1), closed repositories (0), parent repositories (0), unsafe repositories (0)
2025-06-24 00:35:40.517 [info] > git show --textconv :vercel.json [18ms]
2025-06-24 00:35:40.518 [info] > git ls-files --stage -- vercel.json [4ms]
2025-06-24 00:35:40.576 [info] > git cat-file -s 59e04cfb690b2986b0990945e242aea1a0f2ca13 [34ms]
2025-06-24 00:35:40.807 [info] > git blame --root --incremental 08968f1517b0e21284f31a8522e6deb0864d05ad -- vercel.json [3ms]
