2025-06-24 01:03:22.265 [info] 2025/06/24 01:03:22 maxprocs: Leaving GOMAXPROCS=8: CPU quota undefined
2025-06-24 01:03:22.463 [info] I0624 01:03:22.463452 246021 main.go:602] Setting GOMAXPROCS to 4
2025-06-24 01:03:22.463 [info] I0624 01:03:22.463604 246021 main.go:817] Starting language server process with pid 246021
2025-06-24 01:03:22.464 [info] I0624 01:03:22.463738 246021 server.go:292] Language server will attempt to listen on host 127.0.0.1
2025-06-24 01:03:22.464 [info] I0624 01:03:22.463924 246021 server.go:299] Language server listening on random port at 34441
2025-06-24 01:03:23.274 [info] I0624 01:03:23.273951 246021 server.go:420] Created extension server client at port 37977
2025-06-24 01:03:23.599 [info] I0624 01:03:23.599256 246021 server.go:948] Local search is enabled, will index local files.
2025-06-24 01:03:23.599 [info] I0624 01:03:23.599284 246021 server.go:952] Using 2 indexer workers
2025-06-24 01:03:24.836 [info] (Windsurf) 2025-06-24 01:03:24.831 [INFO]: Language server started
2025-06-24 01:03:25.230 [info] (Windsurf) 2025-06-24 01:03:25.229 [INFO]: LS lspClient started successfully
2025-06-24 01:03:25.747 [info] BEWARE: your OS is not officially supported by Playwright; downloading fallback build for ubuntu20.04-x64.

2025-06-24 01:03:25.749 [info] BEWARE: your OS is not officially supported by Playwright; downloading fallback build for ubuntu20.04-x64.

2025-06-24 01:03:25.750 [info] BEWARE: your OS is not officially supported by Playwright; downloading fallback build for ubuntu20.04-x64.

2025-06-24 01:05:13.510 [info] (Windsurf) 2025-06-24 01:05:13.509 [INFO]: [Terminal] Command completed: git status exit code 0
2025-06-24 01:05:15.842 [info] (Windsurf) 2025-06-24 01:05:15.842 [INFO]: [Terminal] Command completed: git add . exit code 0
2025-06-24 01:05:20.085 [info] (Windsurf) 2025-06-24 01:05:20.085 [INFO]: [Terminal] Command completed: git commit -m "asdfasdf" exit code 0
2025-06-24 01:05:26.506 [info] (Windsurf) 2025-06-24 01:05:26.505 [INFO]: [Terminal] Command completed: git push -f exit code 0
2025-06-24 01:05:27.463 [info] (Windsurf) 2025-06-24 01:05:27.463 [INFO]: [Terminal] Command completed: clear exit code 0
2025-06-24 01:05:29.643 [info] (Windsurf) 2025-06-24 01:05:29.643 [INFO]: [Terminal] Command completed: git remote -v exit code 0
2025-06-24 01:06:50.665 [info] (Windsurf) 2025-06-24 01:06:50.664 [INFO]: [Terminal] Command completed: git branch exit code 128
2025-06-24 01:06:52.658 [info] (Windsurf) 2025-06-24 01:06:52.657 [INFO]: [Terminal] Command completed: clear exit code 0
2025-06-24 01:07:03.559 [info] (Windsurf) 2025-06-24 01:07:03.559 [INFO]: [Terminal] Command completed: git branch -M MAIN exit code 0
2025-06-24 01:07:07.933 [info] (Windsurf) 2025-06-24 01:07:07.933 [INFO]: [Terminal] Command completed: git branch -M main exit code 0
2025-06-24 01:07:10.054 [info] (Windsurf) 2025-06-24 01:07:10.054 [INFO]: [Terminal] Command completed: clear exit code 0
2025-06-24 01:07:11.945 [info] (Windsurf) 2025-06-24 01:07:11.945 [INFO]: [Terminal] Command completed: git branch exit code 128
2025-06-24 01:07:13.996 [info] (Windsurf) 2025-06-24 01:07:13.995 [INFO]: [Terminal] Command completed: clear exit code 0
2025-06-24 01:07:43.867 [info] (Windsurf) 2025-06-24 01:07:43.867 [INFO]: [Terminal] Command completed: git remote add origin2 https://github.com/prave01/new-inventory-app.git exit code 0
2025-06-24 01:07:54.716 [info] (Windsurf) 2025-06-24 01:07:54.716 [INFO]: [Terminal] Command completed: git push -u origin2 main exit code 0
2025-06-24 01:08:52.327 [info] (Windsurf) 2025-06-24 01:08:52.327 [INFO]: [Terminal] Command completed: clear exit code 0
2025-06-24 01:09:24.950 [info] (Windsurf) 2025-06-24 01:09:24.949 [INFO]: [Terminal] Command completed: vercel build exit code 1
2025-06-24 01:09:32.052 [info] (Windsurf) 2025-06-24 01:09:32.052 [INFO]: [Terminal] Command completed: clear exit code 0
2025-06-24 01:09:32.317 [info] (Windsurf) 2025-06-24 01:09:32.317 [INFO]: [Terminal] Command completed: ls exit code 0
2025-06-24 01:09:36.282 [info] (Windsurf) 2025-06-24 01:09:36.282 [INFO]: [Terminal] Command completed: clear exit code 0
2025-06-24 01:09:43.659 [info] (Windsurf) 2025-06-24 01:09:43.659 [INFO]: [Terminal] Command completed: npm run build exit code 0
2025-06-24 01:09:44.975 [info] (Windsurf) 2025-06-24 01:09:44.975 [INFO]: [Terminal] Command completed: clear exit code 0
2025-06-24 01:09:47.513 [info] (Windsurf) 2025-06-24 01:09:47.512 [INFO]: [Terminal] Command completed: vercel build exit code 1
2025-06-24 01:10:24.491 [info] (Windsurf) 2025-06-24 01:10:24.491 [INFO]: [Cascade Manager] Opening diff zones for: 
2025-06-24 01:10:38.783 [info] (Windsurf) 2025-06-24 01:10:38.782 [INFO]: [Terminal] Command completed: npx vercel --prod exit code 1
2025-06-24 01:10:55.900 [info] (Windsurf) 2025-06-24 01:10:55.900 [INFO]: [Terminal] Command completed: vercel--prod exit code 1
2025-06-24 01:11:08.431 [info] (Windsurf) 2025-06-24 01:11:08.431 [INFO]: [Terminal] Command completed: vercel--prod exit code 1
2025-06-24 01:11:26.127 [info] (Windsurf) 2025-06-24 01:11:26.127 [INFO]: [Cascade Manager] Opening diff zones for: vercel.json
2025-06-24 01:11:35.641 [info] (Windsurf) 2025-06-24 01:11:35.641 [INFO]: [Cascade Manager] Opening diff zones for: vercel.json
2025-06-24 01:12:07.232 [info] (Windsurf) 2025-06-24 01:12:07.232 [INFO]: [Terminal] Command completed: npx vercel --prod exit code 1
2025-06-24 01:12:48.503 [info] (Windsurf) 2025-06-24 01:12:48.503 [INFO]: [Cascade Manager] Opening diff zones for: vercel.json
2025-06-24 01:12:50.106 [info] E0624 01:12:50.105820 246021 interceptor.go:73] /exa.language_server_pb.LanguageServerService/AcknowledgeCascadeCodeEdit (unknown): no unacknowledged steps for file file:///home/thorfinn/MongoAuthManager%281%29/MongoAuthManager/vercel.json
2025-06-24 01:13:21.733 [info] (Windsurf) 2025-06-24 01:13:21.733 [INFO]: [Terminal] Command completed: npx vercel --prod exit code 1
2025-06-24 01:14:05.459 [info] (Windsurf) 2025-06-24 01:14:05.459 [INFO]: [Cascade Manager] Opening diff zones for: vercel.json
2025-06-24 01:14:05.686 [info] (Windsurf) 2025-06-24 01:14:05.686 [INFO]: [Cascade Manager] Opening diff zones for: vite.config.ts
2025-06-24 01:14:37.016 [info] (Windsurf) 2025-06-24 01:14:37.016 [INFO]: [Terminal] Command completed: npx vercel --prod exit code 1
2025-06-24 01:14:43.625 [info] E0624 01:14:43.625368 246021 interceptor.go:73] /exa.language_server_pb.LanguageServerService/AcknowledgeCascadeCodeEdit (unknown): no unacknowledged steps for file file:///home/thorfinn/MongoAuthManager%281%29/MongoAuthManager/vite.config.ts
2025-06-24 01:15:04.501 [info] (Windsurf) 2025-06-24 01:15:04.501 [INFO]: [Cascade Manager] Opening diff zones for: package.json
2025-06-24 01:15:10.233 [info] E0624 01:15:10.233098 246021 interceptor.go:73] /exa.language_server_pb.LanguageServerService/AcknowledgeCascadeCodeEdit (unknown): no unacknowledged steps for file file:///home/thorfinn/MongoAuthManager%281%29/MongoAuthManager/package.json
2025-06-24 01:15:30.611 [info] (Windsurf) 2025-06-24 01:15:30.611 [INFO]: [Terminal] Command completed: npx vercel --prod exit code 1
2025-06-24 01:16:30.861 [info] (Windsurf) 2025-06-24 01:16:30.861 [INFO]: [Terminal] Command completed: ls -la client/dist exit code 2
2025-06-24 01:16:40.603 [info] (Windsurf) 2025-06-24 01:16:40.602 [INFO]: [Terminal] Command completed: npm run build exit code 1
2025-06-24 01:18:00.703 [info] (Windsurf) 2025-06-24 01:18:00.703 [INFO]: [Cascade Manager] Opening diff zones for: tailwind.config.ts
2025-06-24 01:18:35.915 [info] (Windsurf) 2025-06-24 01:18:35.915 [INFO]: [Terminal] Command completed: npm run build exit code 1
2025-06-24 01:18:38.282 [info] E0624 01:18:38.280099 246021 interceptor.go:73] /exa.language_server_pb.LanguageServerService/AcknowledgeCascadeCodeEdit (unknown): no unacknowledged steps for file file:///home/thorfinn/MongoAuthManager%281%29/MongoAuthManager/tailwind.config.ts
2025-06-24 01:20:32.032 [info] (Windsurf) 2025-06-24 01:20:32.031 [INFO]: [Cascade Manager] Opening diff zones for: vite.config.ts
2025-06-24 01:20:48.768 [info] E0624 01:20:48.768274 246021 interceptor.go:73] /exa.language_server_pb.LanguageServerService/AcknowledgeCascadeCodeEdit (unknown): no unacknowledged steps for file file:///home/thorfinn/MongoAuthManager%281%29/MongoAuthManager/vite.config.ts
2025-06-24 01:20:51.216 [info] (Windsurf) 2025-06-24 01:20:51.215 [INFO]: [Terminal] Command completed: npm run build exit code 1
2025-06-24 01:21:53.645 [info] (Windsurf) 2025-06-24 01:21:53.644 [INFO]: [Cascade Manager] Opening diff zones for: tailwind.config.ts
2025-06-24 01:21:55.012 [info] E0624 01:21:55.012156 246021 interceptor.go:73] /exa.language_server_pb.LanguageServerService/AcknowledgeCascadeCodeEdit (unknown): no unacknowledged steps for file file:///home/thorfinn/MongoAuthManager%281%29/MongoAuthManager/tailwind.config.ts
2025-06-24 01:22:17.345 [info] (Windsurf) 2025-06-24 01:22:17.345 [INFO]: [Terminal] Command completed: npm run build exit code 1
2025-06-24 01:22:37.140 [info] (Windsurf) 2025-06-24 01:22:37.140 [INFO]: [Cascade Manager] Opening diff zones for: vite.config.ts
2025-06-24 01:22:38.981 [info] E0624 01:22:38.980269 246021 interceptor.go:73] /exa.language_server_pb.LanguageServerService/AcknowledgeCascadeCodeEdit (unknown): no unacknowledged steps for file file:///home/thorfinn/MongoAuthManager%281%29/MongoAuthManager/vite.config.ts
2025-06-24 01:22:45.025 [info] (Windsurf) 2025-06-24 01:22:45.024 [INFO]: [Cascade Manager] Opening diff zones for: vite.config.ts
2025-06-24 01:22:46.617 [info] E0624 01:22:46.617266 246021 interceptor.go:73] /exa.language_server_pb.LanguageServerService/AcknowledgeCascadeCodeEdit (unknown): no unacknowledged steps for file file:///home/thorfinn/MongoAuthManager%281%29/MongoAuthManager/vite.config.ts
2025-06-24 01:22:51.824 [info] (Windsurf) 2025-06-24 01:22:51.824 [INFO]: [Terminal] Command completed: npm run build exit code 1
2025-06-24 01:23:04.004 [info] (Windsurf) 2025-06-24 01:23:04.004 [INFO]: [Cascade Manager] Opening diff zones for: tailwind.config.ts
2025-06-24 01:23:05.426 [info] E0624 01:23:05.426653 246021 interceptor.go:73] /exa.language_server_pb.LanguageServerService/AcknowledgeCascadeCodeEdit (unknown): no unacknowledged steps for file file:///home/thorfinn/MongoAuthManager%281%29/MongoAuthManager/tailwind.config.ts
2025-06-24 01:25:11.522 [info] (Windsurf) 2025-06-24 01:25:11.521 [INFO]: [Cascade Manager] Opening diff zones for: tailwind.config.ts
2025-06-24 01:25:14.650 [info] E0624 01:25:14.650352 246021 interceptor.go:73] /exa.language_server_pb.LanguageServerService/AcknowledgeCascadeCodeEdit (unknown): no unacknowledged steps for file file:///home/thorfinn/MongoAuthManager%281%29/MongoAuthManager/tailwind.config.ts
2025-06-24 01:26:45.033 [info] (Windsurf) 2025-06-24 01:26:45.033 [INFO]: [Cascade Manager] Opening diff zones for: tailwind.config.ts
2025-06-24 01:27:15.020 [info] E0624 01:27:15.020379 246021 interceptor.go:73] /exa.language_server_pb.LanguageServerService/AcknowledgeCascadeCodeEdit (unknown): no unacknowledged steps for file file:///home/thorfinn/MongoAuthManager%281%29/MongoAuthManager/tailwind.config.ts
2025-06-24 01:27:26.079 [info] E0624 01:27:26.078962 246021 interceptor.go:73] /exa.language_server_pb.LanguageServerService/HandleStreamingCommand (unknown): invalid position offset 3083: offset 3083 out of range [0, 3066]
2025-06-24 01:29:26.042 [info] (Windsurf) 2025-06-24 01:29:26.041 [INFO]: [Terminal] Command completed: c exit code 127
2025-06-24 01:29:27.664 [info] (Windsurf) 2025-06-24 01:29:27.664 [INFO]: [Terminal] Command completed: clear exit code 0
2025-06-24 01:29:36.446 [info] (Windsurf) 2025-06-24 01:29:36.446 [INFO]: [Terminal] Command completed: npm run build exit code 1
2025-06-24 01:30:22.741 [info] (Windsurf) 2025-06-24 01:30:22.740 [INFO]: [Cascade Manager] Opening diff zones for: tailwind.config.ts
2025-06-24 01:30:48.048 [info] (Windsurf) 2025-06-24 01:30:48.048 [INFO]: [Terminal] Command completed: clear exit code 0
2025-06-24 01:30:53.892 [info] (Windsurf) 2025-06-24 01:30:53.892 [INFO]: [Terminal] Command completed: npm run build exit code 1
