2025-06-24 00:57:15.760 [info] [main] Log level: Info
2025-06-24 00:57:15.760 [info] [main] Validating found git in: "git"
2025-06-24 00:57:15.760 [info] [main] Using git "2.49.0" from "git"
2025-06-24 00:57:15.760 [info] [Model][doInitialScan] Initial repository scan started
2025-06-24 00:57:15.760 [info] > git rev-parse --show-toplevel [479ms]
2025-06-24 00:57:15.760 [info] > git rev-parse --git-dir --git-common-dir [44ms]
2025-06-24 00:57:15.760 [info] [Model][openRepository] Opened repository: /home/thorfinn/MongoAuthManager(1)/MongoAuthManager
2025-06-24 00:57:15.762 [info] > git config --get commit.template [90ms]
2025-06-24 00:57:15.795 [info] [Git][getRemotes] No remotes found in the git config file
2025-06-24 00:57:15.797 [info] > git rev-parse --show-toplevel [18ms]
2025-06-24 00:57:15.822 [info] > git for-each-ref --format=%(refname)%00%(upstream:short)%00%(objectname)%00%(upstream:track)%00%(upstream:remotename)%00%(upstream:remoteref) refs/heads/main refs/remotes/main [28ms]
2025-06-24 00:57:15.872 [info] > git status -z -uall [33ms]
2025-06-24 00:57:15.872 [info] > git for-each-ref --sort -committerdate --format %(refname)%00%(objectname)%00%(*objectname) [16ms]
2025-06-24 00:57:15.919 [info] > git rev-parse --show-toplevel [98ms]
2025-06-24 00:57:15.972 [info] > git for-each-ref --format=%(refname)%00%(upstream:short)%00%(objectname)%00%(upstream:track)%00%(upstream:remotename)%00%(upstream:remoteref) refs/heads/main refs/remotes/main [57ms]
2025-06-24 00:57:15.994 [info] > git config --get --local branch.main.vscode-merge-base [5ms]
2025-06-24 00:57:15.994 [warning] [Git][config] git config failed: Failed to execute git
2025-06-24 00:57:16.008 [info] > git rev-parse --show-toplevel [57ms]
2025-06-24 00:57:16.009 [info] > git config --get commit.template [74ms]
2025-06-24 00:57:16.055 [info] > git reflog main --grep-reflog=branch: Created from *. [47ms]
2025-06-24 00:57:16.130 [info] [Git][getRemotes] No remotes found in the git config file
2025-06-24 00:57:16.155 [info] > git rev-parse --show-toplevel [105ms]
2025-06-24 00:57:16.207 [info] > git for-each-ref --format=%(refname)%00%(upstream:short)%00%(objectname)%00%(upstream:track)%00%(upstream:remotename)%00%(upstream:remoteref) refs/heads/main refs/remotes/main [65ms]
2025-06-24 00:57:16.264 [info] > git status -z -uall [39ms]
2025-06-24 00:57:16.264 [info] > git rev-parse --show-toplevel [58ms]
2025-06-24 00:57:16.300 [info] > git for-each-ref --sort -committerdate --format %(refname)%00%(objectname)%00%(*objectname) [60ms]
2025-06-24 00:57:16.304 [info] > git check-ignore -v -z --stdin [20ms]
2025-06-24 00:57:16.305 [info] > git rev-parse --show-toplevel [6ms]
2025-06-24 00:57:16.308 [info] [Model][doInitialScan] Initial repository scan completed - repositories (1), closed repositories (0), parent repositories (0), unsafe repositories (0)
2025-06-24 00:57:20.358 [info] > git show --textconv :vercel.json [24ms]
2025-06-24 00:57:20.358 [info] > git ls-files --stage -- vercel.json [6ms]
2025-06-24 00:57:20.380 [info] > git cat-file -s 5edf35e9bc23c42fe54e2a4228a48c00ca6c9955 [3ms]
2025-06-24 00:57:22.295 [info] > git blame --root --incremental 366c6cf2a7f39de3ca03ab6870d06ba984ed9dde -- vercel.json [6ms]
2025-06-24 00:57:37.133 [info] [Git][getRemotes] No remotes found in the git config file
2025-06-24 00:57:37.136 [info] > git for-each-ref --format=%(refname)%00%(upstream:short)%00%(objectname)%00%(upstream:track)%00%(upstream:remotename)%00%(upstream:remoteref) refs/heads/main refs/remotes/main [3ms]
2025-06-24 00:57:37.136 [info] > git config --get commit.template [29ms]
2025-06-24 00:57:37.191 [info] > git status -z -uall [27ms]
2025-06-24 00:57:37.191 [info] > git for-each-ref --sort -committerdate --format %(refname)%00%(objectname)%00%(*objectname) [3ms]
2025-06-24 00:57:37.222 [info] > git ls-files --stage -- vercel.json [4ms]
2025-06-24 00:57:37.245 [info] > git cat-file -s 5edf35e9bc23c42fe54e2a4228a48c00ca6c9955 [4ms]
2025-06-24 00:57:37.272 [info] > git show --textconv :vercel.json [5ms]
2025-06-24 00:58:00.657 [info] > git config --get commit.template [22ms]
2025-06-24 00:58:00.658 [info] > git for-each-ref --format=%(refname)%00%(upstream:short)%00%(objectname)%00%(upstream:track)%00%(upstream:remotename)%00%(upstream:remoteref) refs/heads/main refs/remotes/main [2ms]
2025-06-24 00:58:00.699 [info] > git status -z -uall [21ms]
2025-06-24 00:58:00.702 [info] > git for-each-ref --sort -committerdate --format %(refname)%00%(objectname)%00%(*objectname) [4ms]
2025-06-24 00:58:00.743 [info] > git ls-files --stage -- vercel.json [4ms]
2025-06-24 00:58:00.767 [info] > git cat-file -s 5edf35e9bc23c42fe54e2a4228a48c00ca6c9955 [2ms]
2025-06-24 00:58:00.797 [info] > git show --textconv :vercel.json [6ms]
2025-06-24 00:59:31.451 [info] > git config --get commit.template [24ms]
2025-06-24 00:59:31.454 [info] > git for-each-ref --format=%(refname)%00%(upstream:short)%00%(objectname)%00%(upstream:track)%00%(upstream:remotename)%00%(upstream:remoteref) refs/heads/main refs/remotes/main [5ms]
2025-06-24 00:59:31.486 [info] > git status -z -uall [16ms]
2025-06-24 00:59:31.487 [info] > git for-each-ref --sort -committerdate --format %(refname)%00%(objectname)%00%(*objectname) [3ms]
2025-06-24 00:59:31.516 [info] > git merge-base refs/heads/main refs/remotes/origin/main [3ms]
2025-06-24 00:59:31.541 [info] > git diff --name-status -z --diff-filter=ADMR 366c6cf2a7f39de3ca03ab6870d06ba984ed9dde...refs/remotes/origin/main [4ms]
2025-06-24 00:59:32.622 [info] > git ls-files --stage -- vercel.json [3ms]
2025-06-24 00:59:32.654 [info] > git cat-file -s 5edf35e9bc23c42fe54e2a4228a48c00ca6c9955 [3ms]
2025-06-24 00:59:32.689 [info] > git show --textconv :vercel.json [4ms]
2025-06-24 00:59:36.525 [info] > git config --get commit.template [2ms]
2025-06-24 00:59:36.552 [info] > git for-each-ref --format=%(refname)%00%(upstream:short)%00%(objectname)%00%(upstream:track)%00%(upstream:remotename)%00%(upstream:remoteref) refs/heads/main refs/remotes/main [3ms]
2025-06-24 00:59:36.610 [info] > git status -z -uall [28ms]
2025-06-24 00:59:36.615 [info] > git for-each-ref --sort -committerdate --format %(refname)%00%(objectname)%00%(*objectname) [7ms]
2025-06-24 01:00:39.037 [info] > git ls-files --stage -- vercel.json [2ms]
2025-06-24 01:00:39.060 [info] > git cat-file -s 5edf35e9bc23c42fe54e2a4228a48c00ca6c9955 [3ms]
2025-06-24 01:00:39.099 [info] > git show --textconv :vercel.json [2ms]
2025-06-24 01:00:41.553 [info] > git show --textconv :package.json [19ms]
2025-06-24 01:00:41.554 [info] > git ls-files --stage -- package.json [2ms]
2025-06-24 01:00:41.574 [info] > git cat-file -s c958c12fa9a42725836d3216917a14e347026669 [5ms]
2025-06-24 01:00:42.860 [info] > git blame --root --incremental 366c6cf2a7f39de3ca03ab6870d06ba984ed9dde -- package.json [30ms]
2025-06-24 01:01:05.766 [info] > git check-ignore -v -z --stdin [2ms]
2025-06-24 01:01:06.078 [info] > git config --get commit.template [21ms]
2025-06-24 01:01:06.080 [info] > git for-each-ref --format=%(refname)%00%(upstream:short)%00%(objectname)%00%(upstream:track)%00%(upstream:remotename)%00%(upstream:remoteref) refs/heads/main refs/remotes/main [3ms]
2025-06-24 01:01:06.119 [info] > git status -z -uall [21ms]
2025-06-24 01:01:06.123 [info] > git for-each-ref --sort -committerdate --format %(refname)%00%(objectname)%00%(*objectname) [4ms]
2025-06-24 01:01:20.088 [info] > git config --get commit.template [17ms]
2025-06-24 01:01:20.095 [info] > git for-each-ref --format=%(refname)%00%(upstream:short)%00%(objectname)%00%(upstream:track)%00%(upstream:remotename)%00%(upstream:remoteref) refs/heads/main refs/remotes/main [9ms]
2025-06-24 01:01:20.145 [info] > git status -z -uall [27ms]
2025-06-24 01:01:20.145 [info] > git for-each-ref --sort -committerdate --format %(refname)%00%(objectname)%00%(*objectname) [7ms]
2025-06-24 01:01:22.362 [info] > git show --textconv :.env.example [24ms]
2025-06-24 01:01:22.363 [info] > git ls-files --stage -- .env.example [2ms]
2025-06-24 01:01:22.380 [info] > git cat-file -s 0faaaec5b665b70b9cccb85e08a88da0a856df61 [1ms]
2025-06-24 01:01:22.909 [info] > git blame --root --incremental 366c6cf2a7f39de3ca03ab6870d06ba984ed9dde -- .env.example [9ms]
2025-06-24 01:01:25.198 [info] > git config --get commit.template [17ms]
2025-06-24 01:01:25.199 [info] > git for-each-ref --format=%(refname)%00%(upstream:short)%00%(objectname)%00%(upstream:track)%00%(upstream:remotename)%00%(upstream:remoteref) refs/heads/main refs/remotes/main [2ms]
2025-06-24 01:01:25.234 [info] > git status -z -uall [19ms]
2025-06-24 01:01:25.234 [info] > git for-each-ref --sort -committerdate --format %(refname)%00%(objectname)%00%(*objectname) [3ms]
2025-06-24 01:02:34.721 [info] > git config --get commit.template [32ms]
2025-06-24 01:02:34.722 [info] > git for-each-ref --format=%(refname)%00%(upstream:short)%00%(objectname)%00%(upstream:track)%00%(upstream:remotename)%00%(upstream:remoteref) refs/heads/main refs/remotes/main [4ms]
2025-06-24 01:02:34.766 [info] > git status -z -uall [23ms]
2025-06-24 01:02:34.768 [info] > git for-each-ref --sort -committerdate --format %(refname)%00%(objectname)%00%(*objectname) [3ms]
