2025-06-24 01:03:19.693 [info] [main] Log level: Info
2025-06-24 01:03:19.693 [info] [main] Validating found git in: "git"
2025-06-24 01:03:19.693 [info] [main] Using git "2.49.0" from "git"
2025-06-24 01:03:19.693 [info] [Model][doInitialScan] Initial repository scan started
2025-06-24 01:03:19.693 [info] > git rev-parse --show-toplevel [14ms]
2025-06-24 01:03:19.693 [info] > git rev-parse --git-dir --git-common-dir [8ms]
2025-06-24 01:03:19.693 [info] [Model][openRepository] Opened repository: /home/thorfinn/MongoAuthManager(1)/MongoAuthManager
2025-06-24 01:03:19.693 [info] > git config --get commit.template [58ms]
2025-06-24 01:03:19.693 [info] > git rev-parse --show-toplevel [22ms]
2025-06-24 01:03:19.693 [info] > git for-each-ref --format=%(refname)%00%(upstream:short)%00%(objectname)%00%(upstream:track)%00%(upstream:remotename)%00%(upstream:remoteref) refs/heads/main refs/remotes/main [22ms]
2025-06-24 01:03:19.694 [info] > git rev-parse --show-toplevel [3ms]
2025-06-24 01:03:19.777 [info] > git status -z -uall [46ms]
2025-06-24 01:03:19.777 [info] > git for-each-ref --sort -committerdate --format %(refname)%00%(objectname)%00%(*objectname) [26ms]
2025-06-24 01:03:19.866 [info] > git rev-parse --show-toplevel [155ms]
2025-06-24 01:03:20.111 [info] > git for-each-ref --format=%(refname)%00%(upstream:short)%00%(objectname)%00%(upstream:track)%00%(upstream:remotename)%00%(upstream:remoteref) refs/heads/main refs/remotes/main [254ms]
2025-06-24 01:03:20.301 [info] > git check-ignore -v -z --stdin [81ms]
2025-06-24 01:03:20.304 [info] > git config --get --local branch.main.vscode-merge-base [178ms]
2025-06-24 01:03:20.304 [warning] [Git][config] git config failed: Failed to execute git
2025-06-24 01:03:20.320 [info] > git rev-parse --show-toplevel [210ms]
2025-06-24 01:03:20.321 [info] > git config --get commit.template [223ms]
2025-06-24 01:03:20.367 [info] > git rev-parse --show-toplevel [23ms]
2025-06-24 01:03:20.368 [info] > git reflog main --grep-reflog=branch: Created from *. [48ms]
2025-06-24 01:03:20.452 [info] > git for-each-ref --format=%(refname)%00%(upstream:short)%00%(objectname)%00%(upstream:track)%00%(upstream:remotename)%00%(upstream:remoteref) refs/heads/main refs/remotes/main [86ms]
2025-06-24 01:03:20.528 [info] > git rev-parse --show-toplevel [76ms]
2025-06-24 01:03:20.535 [info] [Model][doInitialScan] Initial repository scan completed - repositories (1), closed repositories (0), parent repositories (0), unsafe repositories (0)
2025-06-24 01:03:20.578 [info] > git symbolic-ref --short refs/remotes/origin/HEAD [192ms]
2025-06-24 01:03:20.578 [info] fatal: ref refs/remotes/origin/HEAD is not a symbolic ref
2025-06-24 01:03:20.578 [warning] [Repository][getDefaultBranch] Failed to get default branch details: Failed to execute git.
2025-06-24 01:03:20.676 [info] > git show --textconv :.env.example [120ms]
2025-06-24 01:03:20.677 [info] > git merge-base refs/heads/main refs/remotes/origin/main [76ms]
2025-06-24 01:03:20.691 [info] > git ls-files --stage -- .env.example [114ms]
2025-06-24 01:03:20.747 [info] > git cat-file -s 0faaaec5b665b70b9cccb85e08a88da0a856df61 [40ms]
2025-06-24 01:03:20.748 [info] > git diff --name-status -z --diff-filter=ADMR 366c6cf2a7f39de3ca03ab6870d06ba984ed9dde...refs/remotes/origin/main [57ms]
2025-06-24 01:03:20.804 [info] > git status -z -uall [34ms]
2025-06-24 01:03:20.804 [info] > git for-each-ref --sort -committerdate --format %(refname)%00%(objectname)%00%(*objectname) [20ms]
2025-06-24 01:03:20.832 [info] > git blame --root --incremental 366c6cf2a7f39de3ca03ab6870d06ba984ed9dde -- .env.example [3ms]
2025-06-24 01:03:42.384 [info] > git config --get commit.template [16ms]
2025-06-24 01:03:42.385 [info] > git for-each-ref --format=%(refname)%00%(upstream:short)%00%(objectname)%00%(upstream:track)%00%(upstream:remotename)%00%(upstream:remoteref) refs/heads/main refs/remotes/main [2ms]
2025-06-24 01:03:42.425 [info] > git status -z -uall [18ms]
2025-06-24 01:03:42.427 [info] > git for-each-ref --sort -committerdate --format %(refname)%00%(objectname)%00%(*objectname) [2ms]
2025-06-24 01:05:14.587 [info] > git config --get commit.template [4ms]
2025-06-24 01:05:14.612 [info] > git for-each-ref --format=%(refname)%00%(upstream:short)%00%(objectname)%00%(upstream:track)%00%(upstream:remotename)%00%(upstream:remoteref) refs/heads/main refs/remotes/main [2ms]
2025-06-24 01:05:14.657 [info] > git status -z -uall [24ms]
2025-06-24 01:05:14.657 [info] > git for-each-ref --sort -committerdate --format %(refname)%00%(objectname)%00%(*objectname) [3ms]
2025-06-24 01:05:14.688 [info] > git ls-files --stage -- .env.example [4ms]
2025-06-24 01:05:14.709 [info] > git cat-file -s 0faaaec5b665b70b9cccb85e08a88da0a856df61 [3ms]
2025-06-24 01:05:14.733 [info] > git show --textconv :.env.example [4ms]
2025-06-24 01:05:15.881 [info] > git config --get commit.template [2ms]
2025-06-24 01:05:15.905 [info] > git for-each-ref --format=%(refname)%00%(upstream:short)%00%(objectname)%00%(upstream:track)%00%(upstream:remotename)%00%(upstream:remoteref) refs/heads/main refs/remotes/main [5ms]
2025-06-24 01:05:15.944 [info] > git status -z -uall [20ms]
2025-06-24 01:05:15.947 [info] > git for-each-ref --sort -committerdate --format %(refname)%00%(objectname)%00%(*objectname) [4ms]
2025-06-24 01:05:16.308 [info] > git show --textconv HEAD:.env.example [26ms]
2025-06-24 01:05:16.311 [info] > git ls-tree -l HEAD -- .env.example [4ms]
2025-06-24 01:05:17.040 [info] > git ls-files --stage -- .env.example [17ms]
2025-06-24 01:05:17.061 [info] > git ls-tree -l HEAD -- .env.example [22ms]
2025-06-24 01:05:17.082 [info] > git cat-file -s 9706bd1b1b9848a8dbb937c36882565f2a463a15 [22ms]
2025-06-24 01:05:17.106 [info] > git show --textconv HEAD:.env.example [23ms]
2025-06-24 01:05:17.109 [info] > git show --textconv :.env.example [4ms]
2025-06-24 01:05:20.125 [info] > git config --get commit.template [16ms]
2025-06-24 01:05:20.126 [info] > git for-each-ref --format=%(refname)%00%(upstream:short)%00%(objectname)%00%(upstream:track)%00%(upstream:remotename)%00%(upstream:remoteref) refs/heads/main refs/remotes/main [3ms]
2025-06-24 01:05:20.178 [info] > git status -z -uall [32ms]
2025-06-24 01:05:20.179 [info] > git for-each-ref --sort -committerdate --format %(refname)%00%(objectname)%00%(*objectname) [4ms]
2025-06-24 01:05:20.209 [info] > git merge-base refs/heads/main refs/remotes/origin/main [3ms]
2025-06-24 01:05:20.233 [info] > git diff --name-status -z --diff-filter=ADMR 366c6cf2a7f39de3ca03ab6870d06ba984ed9dde...refs/remotes/origin/main [4ms]
2025-06-24 01:05:21.307 [info] > git ls-files --stage -- .env.example [2ms]
2025-06-24 01:05:21.338 [info] > git cat-file -s 9706bd1b1b9848a8dbb937c36882565f2a463a15 [6ms]
2025-06-24 01:05:21.368 [info] > git show --textconv :.env.example [2ms]
2025-06-24 01:05:26.545 [info] > git config --get commit.template [1ms]
2025-06-24 01:05:26.562 [info] > git for-each-ref --format=%(refname)%00%(upstream:short)%00%(objectname)%00%(upstream:track)%00%(upstream:remotename)%00%(upstream:remoteref) refs/heads/main refs/remotes/main [3ms]
2025-06-24 01:05:26.604 [info] > git status -z -uall [21ms]
2025-06-24 01:05:26.607 [info] > git for-each-ref --sort -committerdate --format %(refname)%00%(objectname)%00%(*objectname) [4ms]
2025-06-24 01:05:26.634 [info] > git merge-base refs/heads/main refs/remotes/origin/main [3ms]
2025-06-24 01:05:26.655 [info] > git diff --name-status -z --diff-filter=ADMR ea82da3c2172e4dce54a0efd8d0894fa4aded6e1...refs/remotes/origin/main [3ms]
2025-06-24 01:05:27.693 [info] > git ls-files --stage -- .env.example [2ms]
2025-06-24 01:05:27.716 [info] > git cat-file -s 9706bd1b1b9848a8dbb937c36882565f2a463a15 [4ms]
2025-06-24 01:05:27.749 [info] > git show --textconv :.env.example [3ms]
2025-06-24 01:07:03.608 [info] > git config --get commit.template [17ms]
2025-06-24 01:07:03.609 [info] > git for-each-ref --format=%(refname)%00%(upstream:short)%00%(objectname)%00%(upstream:track)%00%(upstream:remotename)%00%(upstream:remoteref) refs/heads/MAIN refs/remotes/MAIN [2ms]
2025-06-24 01:07:03.640 [info] > git status -z -uall [17ms]
2025-06-24 01:07:03.641 [info] > git for-each-ref --sort -committerdate --format %(refname)%00%(objectname)%00%(*objectname) [3ms]
2025-06-24 01:07:03.664 [info] > git for-each-ref --format=%(refname)%00%(upstream:short)%00%(objectname)%00%(upstream:track)%00%(upstream:remotename)%00%(upstream:remoteref) refs/heads/MAIN refs/remotes/MAIN [3ms]
2025-06-24 01:07:03.685 [info] > git config --get --local branch.MAIN.vscode-merge-base [1ms]
2025-06-24 01:07:03.685 [warning] [Git][config] git config failed: Failed to execute git
2025-06-24 01:07:03.703 [info] > git reflog MAIN --grep-reflog=branch: Created from *. [4ms]
2025-06-24 01:07:03.720 [info] > git symbolic-ref --short refs/remotes/origin/HEAD [2ms]
2025-06-24 01:07:03.720 [info] fatal: ref refs/remotes/origin/HEAD is not a symbolic ref
2025-06-24 01:07:03.720 [warning] [Repository][getDefaultBranch] Failed to get default branch details: Failed to execute git.
2025-06-24 01:07:03.743 [info] > git merge-base refs/heads/MAIN refs/remotes/origin/main [3ms]
2025-06-24 01:07:03.762 [info] > git diff --name-status -z --diff-filter=ADMR ea82da3c2172e4dce54a0efd8d0894fa4aded6e1...refs/remotes/origin/main [3ms]
2025-06-24 01:07:04.781 [info] > git ls-files --stage -- .env.example [2ms]
2025-06-24 01:07:04.804 [info] > git cat-file -s 9706bd1b1b9848a8dbb937c36882565f2a463a15 [4ms]
2025-06-24 01:07:04.829 [info] > git show --textconv :.env.example [5ms]
2025-06-24 01:07:07.966 [info] > git config --get commit.template [3ms]
2025-06-24 01:07:07.994 [info] > git for-each-ref --format=%(refname)%00%(upstream:short)%00%(objectname)%00%(upstream:track)%00%(upstream:remotename)%00%(upstream:remoteref) refs/heads/main refs/remotes/main [3ms]
2025-06-24 01:07:08.045 [info] > git status -z -uall [24ms]
2025-06-24 01:07:08.045 [info] > git for-each-ref --sort -committerdate --format %(refname)%00%(objectname)%00%(*objectname) [2ms]
2025-06-24 01:07:08.073 [info] > git for-each-ref --format=%(refname)%00%(upstream:short)%00%(objectname)%00%(upstream:track)%00%(upstream:remotename)%00%(upstream:remoteref) refs/heads/main refs/remotes/main [4ms]
2025-06-24 01:07:08.088 [info] > git config --get --local branch.main.vscode-merge-base [1ms]
2025-06-24 01:07:08.088 [warning] [Git][config] git config failed: Failed to execute git
2025-06-24 01:07:08.114 [info] > git reflog main --grep-reflog=branch: Created from *. [9ms]
2025-06-24 01:07:08.130 [info] > git symbolic-ref --short refs/remotes/origin/HEAD [2ms]
2025-06-24 01:07:08.130 [info] fatal: ref refs/remotes/origin/HEAD is not a symbolic ref
2025-06-24 01:07:08.130 [warning] [Repository][getDefaultBranch] Failed to get default branch details: Failed to execute git.
2025-06-24 01:07:08.146 [info] > git merge-base refs/heads/main refs/remotes/origin/main [2ms]
2025-06-24 01:07:08.168 [info] > git diff --name-status -z --diff-filter=ADMR ea82da3c2172e4dce54a0efd8d0894fa4aded6e1...refs/remotes/origin/main [4ms]
2025-06-24 01:07:09.176 [info] > git ls-files --stage -- .env.example [1ms]
2025-06-24 01:07:09.204 [info] > git cat-file -s 9706bd1b1b9848a8dbb937c36882565f2a463a15 [3ms]
2025-06-24 01:07:09.230 [info] > git show --textconv :.env.example [2ms]
2025-06-24 01:07:44.951 [info] > git config --get commit.template [15ms]
2025-06-24 01:07:44.952 [info] > git for-each-ref --format=%(refname)%00%(upstream:short)%00%(objectname)%00%(upstream:track)%00%(upstream:remotename)%00%(upstream:remoteref) refs/heads/main refs/remotes/main [2ms]
2025-06-24 01:07:44.996 [info] > git status -z -uall [24ms]
2025-06-24 01:07:44.998 [info] > git for-each-ref --sort -committerdate --format %(refname)%00%(objectname)%00%(*objectname) [3ms]
2025-06-24 01:07:45.046 [info] > git ls-files --stage -- .env.example [2ms]
2025-06-24 01:07:45.076 [info] > git cat-file -s 9706bd1b1b9848a8dbb937c36882565f2a463a15 [4ms]
2025-06-24 01:07:45.100 [info] > git show --textconv :.env.example [1ms]
2025-06-24 01:07:54.735 [info] > git config --get commit.template [2ms]
2025-06-24 01:07:54.751 [info] > git for-each-ref --format=%(refname)%00%(upstream:short)%00%(objectname)%00%(upstream:track)%00%(upstream:remotename)%00%(upstream:remoteref) refs/heads/main refs/remotes/main [2ms]
2025-06-24 01:07:54.785 [info] > git status -z -uall [19ms]
2025-06-24 01:07:54.787 [info] > git for-each-ref --sort -committerdate --format %(refname)%00%(objectname)%00%(*objectname) [2ms]
2025-06-24 01:07:54.806 [info] > git merge-base refs/heads/main refs/remotes/origin2/main [2ms]
2025-06-24 01:07:54.829 [info] > git diff --name-status -z --diff-filter=ADMR ea82da3c2172e4dce54a0efd8d0894fa4aded6e1...refs/remotes/origin2/main [2ms]
2025-06-24 01:07:55.903 [info] > git ls-files --stage -- .env.example [1ms]
2025-06-24 01:07:55.918 [info] > git cat-file -s 9706bd1b1b9848a8dbb937c36882565f2a463a15 [2ms]
2025-06-24 01:07:55.936 [info] > git show --textconv :.env.example [2ms]
2025-06-24 01:08:06.357 [info] > git blame --root --incremental ea82da3c2172e4dce54a0efd8d0894fa4aded6e1 -- .env.example [5ms]
2025-06-24 01:08:13.913 [info] > git config --get commit.template [16ms]
2025-06-24 01:08:13.914 [info] > git for-each-ref --format=%(refname)%00%(upstream:short)%00%(objectname)%00%(upstream:track)%00%(upstream:remotename)%00%(upstream:remoteref) refs/heads/main refs/remotes/main [2ms]
2025-06-24 01:08:13.941 [info] > git status -z -uall [14ms]
2025-06-24 01:08:13.942 [info] > git for-each-ref --sort -committerdate --format %(refname)%00%(objectname)%00%(*objectname) [2ms]
2025-06-24 01:08:34.719 [info] > git show --textconv :vercel.json [14ms]
2025-06-24 01:08:34.721 [info] > git ls-files --stage -- vercel.json [2ms]
2025-06-24 01:08:34.741 [info] > git cat-file -s 5edf35e9bc23c42fe54e2a4228a48c00ca6c9955 [2ms]
2025-06-24 01:08:34.772 [info] > git blame --root --incremental ea82da3c2172e4dce54a0efd8d0894fa4aded6e1 -- vercel.json [5ms]
2025-06-24 01:08:49.962 [info] > git config --get commit.template [14ms]
2025-06-24 01:08:49.964 [info] > git for-each-ref --format=%(refname)%00%(upstream:short)%00%(objectname)%00%(upstream:track)%00%(upstream:remotename)%00%(upstream:remoteref) refs/heads/main refs/remotes/main [2ms]
2025-06-24 01:08:50.009 [info] > git status -z -uall [24ms]
2025-06-24 01:08:50.011 [info] > git for-each-ref --sort -committerdate --format %(refname)%00%(objectname)%00%(*objectname) [3ms]
2025-06-24 01:09:25.598 [info] > git check-ignore -v -z --stdin [4ms]
2025-06-24 01:09:26.097 [info] > git config --get commit.template [26ms]
2025-06-24 01:09:26.100 [info] > git for-each-ref --format=%(refname)%00%(upstream:short)%00%(objectname)%00%(upstream:track)%00%(upstream:remotename)%00%(upstream:remoteref) refs/heads/main refs/remotes/main [5ms]
2025-06-24 01:09:26.150 [info] > git status -z -uall [21ms]
2025-06-24 01:09:26.153 [info] > git for-each-ref --sort -committerdate --format %(refname)%00%(objectname)%00%(*objectname) [4ms]
2025-06-24 01:09:44.679 [info] > git check-ignore -v -z --stdin [2ms]
2025-06-24 01:09:44.817 [info] > git for-each-ref --format=%(refname)%00%(upstream:short)%00%(objectname)%00%(upstream:track)%00%(upstream:remotename)%00%(upstream:remoteref) refs/heads/main refs/remotes/main [4ms]
2025-06-24 01:09:44.818 [info] > git config --get commit.template [25ms]
2025-06-24 01:09:44.862 [info] > git status -z -uall [21ms]
2025-06-24 01:09:44.866 [info] > git for-each-ref --sort -committerdate --format %(refname)%00%(objectname)%00%(*objectname) [5ms]
2025-06-24 01:09:49.914 [info] > git config --get commit.template [17ms]
2025-06-24 01:09:49.914 [info] > git for-each-ref --format=%(refname)%00%(upstream:short)%00%(objectname)%00%(upstream:track)%00%(upstream:remotename)%00%(upstream:remoteref) refs/heads/main refs/remotes/main [2ms]
2025-06-24 01:09:49.946 [info] > git status -z -uall [15ms]
2025-06-24 01:09:49.947 [info] > git for-each-ref --sort -committerdate --format %(refname)%00%(objectname)%00%(*objectname) [2ms]
2025-06-24 01:10:00.024 [info] > git show --textconv :.replit [15ms]
2025-06-24 01:10:00.025 [info] > git ls-files --stage -- .replit [2ms]
2025-06-24 01:10:00.044 [info] > git cat-file -s 51f344ffac11f3c19cd01f940721e073a6ab4c1d [2ms]
2025-06-24 01:10:58.533 [info] > git blame --root --incremental ea82da3c2172e4dce54a0efd8d0894fa4aded6e1 -- .replit [6ms]
2025-06-24 01:11:00.930 [info] > git show --textconv :vercel.json [23ms]
2025-06-24 01:11:00.931 [info] > git ls-files --stage -- vercel.json [2ms]
2025-06-24 01:11:00.948 [info] > git cat-file -s 5edf35e9bc23c42fe54e2a4228a48c00ca6c9955 [2ms]
2025-06-24 01:11:06.030 [info] > git config --get commit.template [30ms]
2025-06-24 01:11:06.031 [info] > git for-each-ref --format=%(refname)%00%(upstream:short)%00%(objectname)%00%(upstream:track)%00%(upstream:remotename)%00%(upstream:remoteref) refs/heads/main refs/remotes/main [1ms]
2025-06-24 01:11:06.073 [info] > git status -z -uall [22ms]
2025-06-24 01:11:06.075 [info] > git for-each-ref --sort -committerdate --format %(refname)%00%(objectname)%00%(*objectname) [3ms]
2025-06-24 01:11:29.083 [info] > git config --get commit.template [17ms]
2025-06-24 01:11:29.084 [info] > git for-each-ref --format=%(refname)%00%(upstream:short)%00%(objectname)%00%(upstream:track)%00%(upstream:remotename)%00%(upstream:remoteref) refs/heads/main refs/remotes/main [2ms]
2025-06-24 01:11:29.115 [info] > git status -z -uall [16ms]
2025-06-24 01:11:29.116 [info] > git for-each-ref --sort -committerdate --format %(refname)%00%(objectname)%00%(*objectname) [1ms]
2025-06-24 01:11:36.762 [info] > git config --get commit.template [5ms]
2025-06-24 01:11:36.791 [info] > git for-each-ref --format=%(refname)%00%(upstream:short)%00%(objectname)%00%(upstream:track)%00%(upstream:remotename)%00%(upstream:remoteref) refs/heads/main refs/remotes/main [2ms]
2025-06-24 01:11:36.839 [info] > git status -z -uall [21ms]
2025-06-24 01:11:36.839 [info] > git for-each-ref --sort -committerdate --format %(refname)%00%(objectname)%00%(*objectname) [6ms]
2025-06-24 01:12:49.642 [info] > git config --get commit.template [23ms]
2025-06-24 01:12:49.644 [info] > git for-each-ref --format=%(refname)%00%(upstream:short)%00%(objectname)%00%(upstream:track)%00%(upstream:remotename)%00%(upstream:remoteref) refs/heads/main refs/remotes/main [4ms]
2025-06-24 01:12:49.695 [info] > git status -z -uall [27ms]
2025-06-24 01:12:49.698 [info] > git for-each-ref --sort -committerdate --format %(refname)%00%(objectname)%00%(*objectname) [4ms]
2025-06-24 01:14:06.835 [info] > git config --get commit.template [18ms]
2025-06-24 01:14:06.836 [info] > git for-each-ref --format=%(refname)%00%(upstream:short)%00%(objectname)%00%(upstream:track)%00%(upstream:remotename)%00%(upstream:remoteref) refs/heads/main refs/remotes/main [2ms]
2025-06-24 01:14:06.878 [info] > git status -z -uall [25ms]
2025-06-24 01:14:06.879 [info] > git for-each-ref --sort -committerdate --format %(refname)%00%(objectname)%00%(*objectname) [2ms]
2025-06-24 01:15:03.178 [info] > git check-ignore -v -z --stdin [3ms]
2025-06-24 01:15:05.642 [info] > git config --get commit.template [18ms]
2025-06-24 01:15:05.643 [info] > git for-each-ref --format=%(refname)%00%(upstream:short)%00%(objectname)%00%(upstream:track)%00%(upstream:remotename)%00%(upstream:remoteref) refs/heads/main refs/remotes/main [2ms]
2025-06-24 01:15:05.686 [info] > git status -z -uall [27ms]
2025-06-24 01:15:05.688 [info] > git for-each-ref --sort -committerdate --format %(refname)%00%(objectname)%00%(*objectname) [7ms]
2025-06-24 01:15:07.421 [info] > git check-ignore -v -z --stdin [3ms]
2025-06-24 01:18:34.008 [info] > git config --get commit.template [2ms]
2025-06-24 01:18:34.027 [info] > git for-each-ref --format=%(refname)%00%(upstream:short)%00%(objectname)%00%(upstream:track)%00%(upstream:remotename)%00%(upstream:remoteref) refs/heads/main refs/remotes/main [3ms]
2025-06-24 01:18:34.062 [info] > git status -z -uall [19ms]
2025-06-24 01:18:34.063 [info] > git for-each-ref --sort -committerdate --format %(refname)%00%(objectname)%00%(*objectname) [2ms]
2025-06-24 01:20:47.256 [info] > git config --get commit.template [19ms]
2025-06-24 01:20:47.257 [info] > git for-each-ref --format=%(refname)%00%(upstream:short)%00%(objectname)%00%(upstream:track)%00%(upstream:remotename)%00%(upstream:remoteref) refs/heads/main refs/remotes/main [2ms]
2025-06-24 01:20:47.295 [info] > git status -z -uall [22ms]
2025-06-24 01:20:47.295 [info] > git for-each-ref --sort -committerdate --format %(refname)%00%(objectname)%00%(*objectname) [4ms]
2025-06-24 01:21:54.788 [info] > git config --get commit.template [21ms]
2025-06-24 01:21:54.789 [info] > git for-each-ref --format=%(refname)%00%(upstream:short)%00%(objectname)%00%(upstream:track)%00%(upstream:remotename)%00%(upstream:remoteref) refs/heads/main refs/remotes/main [1ms]
2025-06-24 01:21:54.828 [info] > git status -z -uall [22ms]
2025-06-24 01:21:54.830 [info] > git for-each-ref --sort -committerdate --format %(refname)%00%(objectname)%00%(*objectname) [2ms]
2025-06-24 01:22:38.267 [info] > git config --get commit.template [2ms]
2025-06-24 01:22:38.287 [info] > git for-each-ref --format=%(refname)%00%(upstream:short)%00%(objectname)%00%(upstream:track)%00%(upstream:remotename)%00%(upstream:remoteref) refs/heads/main refs/remotes/main [1ms]
2025-06-24 01:22:38.325 [info] > git status -z -uall [20ms]
2025-06-24 01:22:38.326 [info] > git for-each-ref --sort -committerdate --format %(refname)%00%(objectname)%00%(*objectname) [4ms]
2025-06-24 01:22:46.131 [info] > git config --get commit.template [30ms]
2025-06-24 01:22:46.132 [info] > git for-each-ref --format=%(refname)%00%(upstream:short)%00%(objectname)%00%(upstream:track)%00%(upstream:remotename)%00%(upstream:remoteref) refs/heads/main refs/remotes/main [2ms]
2025-06-24 01:22:46.169 [info] > git status -z -uall [18ms]
2025-06-24 01:22:46.171 [info] > git for-each-ref --sort -committerdate --format %(refname)%00%(objectname)%00%(*objectname) [2ms]
2025-06-24 01:23:05.112 [info] > git config --get commit.template [25ms]
2025-06-24 01:23:05.115 [info] > git for-each-ref --format=%(refname)%00%(upstream:short)%00%(objectname)%00%(upstream:track)%00%(upstream:remotename)%00%(upstream:remoteref) refs/heads/main refs/remotes/main [3ms]
2025-06-24 01:23:05.167 [info] > git status -z -uall [26ms]
2025-06-24 01:23:05.169 [info] > git for-each-ref --sort -committerdate --format %(refname)%00%(objectname)%00%(*objectname) [2ms]
2025-06-24 01:25:12.671 [info] > git config --get commit.template [17ms]
2025-06-24 01:25:12.672 [info] > git for-each-ref --format=%(refname)%00%(upstream:short)%00%(objectname)%00%(upstream:track)%00%(upstream:remotename)%00%(upstream:remoteref) refs/heads/main refs/remotes/main [2ms]
2025-06-24 01:25:12.723 [info] > git status -z -uall [26ms]
2025-06-24 01:25:12.728 [info] > git for-each-ref --sort -committerdate --format %(refname)%00%(objectname)%00%(*objectname) [8ms]
2025-06-24 01:27:13.556 [info] > git config --get commit.template [27ms]
2025-06-24 01:27:13.557 [info] > git for-each-ref --format=%(refname)%00%(upstream:short)%00%(objectname)%00%(upstream:track)%00%(upstream:remotename)%00%(upstream:remoteref) refs/heads/main refs/remotes/main [2ms]
2025-06-24 01:27:13.592 [info] > git status -z -uall [18ms]
2025-06-24 01:27:13.593 [info] > git for-each-ref --sort -committerdate --format %(refname)%00%(objectname)%00%(*objectname) [2ms]
2025-06-24 01:27:20.821 [info] > git show --textconv :tailwind.config.ts [21ms]
2025-06-24 01:27:20.822 [info] > git ls-files --stage -- tailwind.config.ts [2ms]
2025-06-24 01:27:20.841 [info] > git cat-file -s ab1bca54d78bf9d3ce3822bddaee047f10a50bfc [2ms]
2025-06-24 01:27:25.351 [info] > git blame --root --incremental ea82da3c2172e4dce54a0efd8d0894fa4aded6e1 -- tailwind.config.ts [6ms]
2025-06-24 01:29:22.983 [info] > git config --get commit.template [2ms]
2025-06-24 01:29:23.007 [info] > git for-each-ref --format=%(refname)%00%(upstream:short)%00%(objectname)%00%(upstream:track)%00%(upstream:remotename)%00%(upstream:remoteref) refs/heads/main refs/remotes/main [2ms]
2025-06-24 01:29:23.046 [info] > git status -z -uall [23ms]
2025-06-24 01:29:23.047 [info] > git for-each-ref --sort -committerdate --format %(refname)%00%(objectname)%00%(*objectname) [2ms]
2025-06-24 01:30:23.823 [info] > git config --get commit.template [2ms]
2025-06-24 01:30:23.846 [info] > git for-each-ref --format=%(refname)%00%(upstream:short)%00%(objectname)%00%(upstream:track)%00%(upstream:remotename)%00%(upstream:remoteref) refs/heads/main refs/remotes/main [2ms]
2025-06-24 01:30:23.902 [info] > git status -z -uall [33ms]
2025-06-24 01:30:23.902 [info] > git for-each-ref --sort -committerdate --format %(refname)%00%(objectname)%00%(*objectname) [5ms]
