2025-06-24 00:23:01.264 [info] Extension host with pid 216005 started
2025-06-24 00:23:01.264 [info] Skipping acquiring lock for /home/thorfinn/.config/Windsurf/User/workspaceStorage/5cee0554a5f2595a5f1acc020d0cb892.
2025-06-24 00:23:01.290 [info] ExtensionService#_doActivateExtension vscode.git-base, startup: true, activationEvent: '*', root cause: vscode.git
2025-06-24 00:23:01.298 [info] ExtensionService#_doActivateExtension vscode.npm, startup: true, activationEvent: 'workspaceContains:package.json'
2025-06-24 00:23:01.361 [info] ExtensionService#_doActivateExtension vscode.configuration-editing, startup: false, activationEvent: 'onLanguage:jsonc'
2025-06-24 00:23:01.374 [info] ExtensionService#_doActivateExtension vscode.json-language-features, startup: false, activationEvent: 'onLanguage:jsonc'
2025-06-24 00:23:01.456 [info] ExtensionService#_doActivateExtension vscode.typescript-language-features, startup: false, activationEvent: 'onLanguage:jsonc'
2025-06-24 00:23:01.533 [info] ExtensionService#_doActivateExtension vscode.emmet, startup: false, activationEvent: 'onLanguage'
2025-06-24 00:23:01.560 [info] ExtensionService#_doActivateExtension vscode.git, startup: true, activationEvent: '*'
2025-06-24 00:23:01.627 [info] ExtensionService#_doActivateExtension vscode.github, startup: true, activationEvent: '*'
2025-06-24 00:23:01.997 [info] ExtensionService#_doActivateExtension codeium.windsurf, startup: true, activationEvent: '*'
2025-06-24 00:23:03.087 [info] ExtensionService#_doActivateExtension vscode.github-authentication, startup: false, activationEvent: 'onAuthenticationRequest:github'
2025-06-24 00:23:06.786 [info] ExtensionService#_doActivateExtension vscode.extension-editing, startup: false, activationEvent: 'onLanguage:json'
2025-06-24 00:23:10.038 [info] ExtensionService#_doActivateExtension yandeu.five-server, startup: false, activationEvent: 'onStartupFinished'
2025-06-24 00:23:11.286 [info] ExtensionService#_doActivateExtension vscode.debug-auto-launch, startup: false, activationEvent: 'onStartupFinished'
2025-06-24 00:23:11.291 [info] ExtensionService#_doActivateExtension vscode.merge-conflict, startup: false, activationEvent: 'onStartupFinished'
2025-06-24 00:23:11.319 [info] ExtensionService#_doActivateExtension Codeium.windsurf-dev-containers, startup: false, activationEvent: 'onStartupFinished'
2025-06-24 00:23:11.326 [info] ExtensionService#_doActivateExtension vscodevim.vim, startup: false, activationEvent: 'onStartupFinished'
2025-06-24 00:23:12.991 [info] Eager extensions activated
2025-06-24 00:45:51.090 [error] ConnectError: [unknown] no unacknowledged steps for file file:///home/thorfinn/app/Inventory-app-new/server/vite.ts
	at c (/usr/share/windsurf/resources/app/extensions/windsurf/dist/extension.js:2:3856441)
	at l (/usr/share/windsurf/resources/app/extensions/windsurf/dist/extension.js:2:3856837)
	at next (/usr/share/windsurf/resources/app/extensions/windsurf/dist/extension.js:2:3863488)
	at process.processTicksAndRejections (node:internal/process/task_queues:105:5)
	at async /usr/share/windsurf/resources/app/extensions/windsurf/dist/extension.js:2:3462828
	at async Object.unary (/usr/share/windsurf/resources/app/extensions/windsurf/dist/extension.js:2:3861824)
	at async Object.acknowledgeCascadeCodeEdit (/usr/share/windsurf/resources/app/extensions/windsurf/dist/extension.js:2:3849687)
	at async t.acknowledgeCascadeCodeEdit (/usr/share/windsurf/resources/app/extensions/windsurf/dist/extension.js:2:2307683)
2025-06-24 01:02:59.077 [info] Extension host terminating: renderer closed the MessagePort
2025-06-24 01:02:59.180 [error] TypeError: r.some is not a function
	at h.saveToDisk (/home/thorfinn/.windsurf/extensions/vscodevim.vim-1.30.1-universal/out/extension.js:2:642157)
	at t.deactivate (/home/thorfinn/.windsurf/extensions/vscodevim.vim-1.30.1-universal/out/extension.js:2:769030)
	at cte.eb (file:///usr/share/windsurf/resources/app/out/vs/workbench/api/node/extensionHostProcess.js:116:11874)
	at file:///usr/share/windsurf/resources/app/out/vs/workbench/api/node/extensionHostProcess.js:116:10024
	at Array.map (<anonymous>)
	at cte.$ (file:///usr/share/windsurf/resources/app/out/vs/workbench/api/node/extensionHostProcess.js:116:10012)
	at cte.terminate (file:///usr/share/windsurf/resources/app/out/vs/workbench/api/node/extensionHostProcess.js:116:10255)
	at Zx.terminate (file:///usr/share/windsurf/resources/app/out/vs/workbench/api/node/extensionHostProcess.js:117:1434)
	at _s (file:///usr/share/windsurf/resources/app/out/vs/workbench/api/node/extensionHostProcess.js:198:5722)
	at MessagePortMain.<anonymous> (file:///usr/share/windsurf/resources/app/out/vs/workbench/api/node/extensionHostProcess.js:198:2262)
	at MessagePortMain.emit (node:events:518:28)
	at MessagePortMain.emit (node:domain:489:12)
	at MessagePortMain._internalPort.emit (node:electron/js2c/utility_init:2:2949)
2025-06-24 01:02:59.183 [error] Canceled: Canceled
	at new t2 (file:///usr/share/windsurf/resources/app/out/vs/workbench/api/node/extensionHostProcess.js:29:113090)
	at qA.U (file:///usr/share/windsurf/resources/app/out/vs/workbench/api/node/extensionHostProcess.js:29:117701)
	at s.<computed>.r.charCodeAt.s.<computed> (file:///usr/share/windsurf/resources/app/out/vs/workbench/api/node/extensionHostProcess.js:29:115195)
	at CI.g (file:///usr/share/windsurf/resources/app/out/vs/workbench/api/node/extensionHostProcess.js:111:40984)
	at CI.executeCommand (file:///usr/share/windsurf/resources/app/out/vs/workbench/api/node/extensionHostProcess.js:111:40488)
	at i.registerCommand.description (file:///usr/share/windsurf/resources/app/out/vs/workbench/api/node/extensionHostProcess.js:111:39818)
	at CI.h (file:///usr/share/windsurf/resources/app/out/vs/workbench/api/node/extensionHostProcess.js:111:41504)
	at CI.g (file:///usr/share/windsurf/resources/app/out/vs/workbench/api/node/extensionHostProcess.js:111:40581)
	at CI.executeCommand (file:///usr/share/windsurf/resources/app/out/vs/workbench/api/node/extensionHostProcess.js:111:40488)
	at Object.executeCommand (file:///usr/share/windsurf/resources/app/out/vs/workbench/api/node/extensionHostProcess.js:174:39981)
	at Eg.L [as value] (/usr/share/windsurf/resources/app/extensions/git/dist/main.js:2:514222)
	at y.B (file:///usr/share/windsurf/resources/app/out/vs/workbench/api/node/extensionHostProcess.js:27:2375)
	at y.C (file:///usr/share/windsurf/resources/app/out/vs/workbench/api/node/extensionHostProcess.js:27:2445)
	at y.fire (file:///usr/share/windsurf/resources/app/out/vs/workbench/api/node/extensionHostProcess.js:27:2662)
	at Object.g [as dispose] (/usr/share/windsurf/resources/app/extensions/git/dist/main.js:2:536862)
	at /usr/share/windsurf/resources/app/extensions/git/dist/main.js:2:543180
	at Array.forEach (<anonymous>)
	at b.dispose (/usr/share/windsurf/resources/app/extensions/git/dist/main.js:2:543166)
	at hb.<anonymous> (file:///usr/share/windsurf/resources/app/out/vs/workbench/api/node/extensionHostProcess.js:107:8922)
	at hb.dispose (file:///usr/share/windsurf/resources/app/out/vs/workbench/api/node/extensionHostProcess.js:107:9018)
	at hb.<anonymous> (/usr/share/windsurf/resources/app/extensions/git/dist/main.js:2:516706)
	at hb.dispose (file:///usr/share/windsurf/resources/app/out/vs/workbench/api/node/extensionHostProcess.js:107:9018)
	at On (file:///usr/share/windsurf/resources/app/out/vs/workbench/api/node/extensionHostProcess.js:25:701)
	at file:///usr/share/windsurf/resources/app/out/vs/workbench/api/node/extensionHostProcess.js:116:15142
	at file:///usr/share/windsurf/resources/app/out/vs/workbench/api/node/extensionHostProcess.js:25:1011
	at Object.dispose (file:///usr/share/windsurf/resources/app/out/vs/workbench/api/node/extensionHostProcess.js:8:705)
	at cte.eb (file:///usr/share/windsurf/resources/app/out/vs/workbench/api/node/extensionHostProcess.js:116:12069)
	at file:///usr/share/windsurf/resources/app/out/vs/workbench/api/node/extensionHostProcess.js:116:10024
	at Array.map (<anonymous>)
	at cte.$ (file:///usr/share/windsurf/resources/app/out/vs/workbench/api/node/extensionHostProcess.js:116:10012)
	at cte.terminate (file:///usr/share/windsurf/resources/app/out/vs/workbench/api/node/extensionHostProcess.js:116:10255)
	at Zx.terminate (file:///usr/share/windsurf/resources/app/out/vs/workbench/api/node/extensionHostProcess.js:117:1434)
	at _s (file:///usr/share/windsurf/resources/app/out/vs/workbench/api/node/extensionHostProcess.js:198:5722)
	at MessagePortMain.<anonymous> (file:///usr/share/windsurf/resources/app/out/vs/workbench/api/node/extensionHostProcess.js:198:2262)
	at MessagePortMain.emit (node:events:518:28)
	at MessagePortMain.emit (node:domain:489:12)
	at MessagePortMain._internalPort.emit (node:electron/js2c/utility_init:2:2949) setContext undefined
2025-06-24 01:02:59.184 [error] Canceled: Canceled
	at new t2 (file:///usr/share/windsurf/resources/app/out/vs/workbench/api/node/extensionHostProcess.js:29:113090)
	at qA.U (file:///usr/share/windsurf/resources/app/out/vs/workbench/api/node/extensionHostProcess.js:29:117701)
	at s.<computed>.r.charCodeAt.s.<computed> (file:///usr/share/windsurf/resources/app/out/vs/workbench/api/node/extensionHostProcess.js:29:115195)
	at CI.g (file:///usr/share/windsurf/resources/app/out/vs/workbench/api/node/extensionHostProcess.js:111:40984)
	at CI.executeCommand (file:///usr/share/windsurf/resources/app/out/vs/workbench/api/node/extensionHostProcess.js:111:40488)
	at i.registerCommand.description (file:///usr/share/windsurf/resources/app/out/vs/workbench/api/node/extensionHostProcess.js:111:39818)
	at CI.h (file:///usr/share/windsurf/resources/app/out/vs/workbench/api/node/extensionHostProcess.js:111:41504)
	at CI.g (file:///usr/share/windsurf/resources/app/out/vs/workbench/api/node/extensionHostProcess.js:111:40581)
	at CI.executeCommand (file:///usr/share/windsurf/resources/app/out/vs/workbench/api/node/extensionHostProcess.js:111:40488)
	at Object.executeCommand (file:///usr/share/windsurf/resources/app/out/vs/workbench/api/node/extensionHostProcess.js:174:39981)
	at set hasGitHubRepositories (/usr/share/windsurf/resources/app/extensions/github/dist/extension.js:2:217807)
	at /usr/share/windsurf/resources/app/extensions/github/dist/extension.js:2:218766
	at Eg.value (/usr/share/windsurf/resources/app/extensions/git/dist/main.js:2:634408)
	at y.B (file:///usr/share/windsurf/resources/app/out/vs/workbench/api/node/extensionHostProcess.js:27:2375)
	at y.C (file:///usr/share/windsurf/resources/app/out/vs/workbench/api/node/extensionHostProcess.js:27:2445)
	at y.fire (file:///usr/share/windsurf/resources/app/out/vs/workbench/api/node/extensionHostProcess.js:27:2662)
	at Object.g [as dispose] (/usr/share/windsurf/resources/app/extensions/git/dist/main.js:2:536862)
	at /usr/share/windsurf/resources/app/extensions/git/dist/main.js:2:543180
	at Array.forEach (<anonymous>)
	at b.dispose (/usr/share/windsurf/resources/app/extensions/git/dist/main.js:2:543166)
	at hb.<anonymous> (file:///usr/share/windsurf/resources/app/out/vs/workbench/api/node/extensionHostProcess.js:107:8922)
	at hb.dispose (file:///usr/share/windsurf/resources/app/out/vs/workbench/api/node/extensionHostProcess.js:107:9018)
	at hb.<anonymous> (/usr/share/windsurf/resources/app/extensions/git/dist/main.js:2:516706)
	at hb.dispose (file:///usr/share/windsurf/resources/app/out/vs/workbench/api/node/extensionHostProcess.js:107:9018)
	at On (file:///usr/share/windsurf/resources/app/out/vs/workbench/api/node/extensionHostProcess.js:25:701)
	at file:///usr/share/windsurf/resources/app/out/vs/workbench/api/node/extensionHostProcess.js:116:15142
	at file:///usr/share/windsurf/resources/app/out/vs/workbench/api/node/extensionHostProcess.js:25:1011
	at Object.dispose (file:///usr/share/windsurf/resources/app/out/vs/workbench/api/node/extensionHostProcess.js:8:705)
	at cte.eb (file:///usr/share/windsurf/resources/app/out/vs/workbench/api/node/extensionHostProcess.js:116:12069)
	at file:///usr/share/windsurf/resources/app/out/vs/workbench/api/node/extensionHostProcess.js:116:10024
	at Array.map (<anonymous>)
	at cte.$ (file:///usr/share/windsurf/resources/app/out/vs/workbench/api/node/extensionHostProcess.js:116:10012)
	at cte.terminate (file:///usr/share/windsurf/resources/app/out/vs/workbench/api/node/extensionHostProcess.js:116:10255)
	at Zx.terminate (file:///usr/share/windsurf/resources/app/out/vs/workbench/api/node/extensionHostProcess.js:117:1434)
	at _s (file:///usr/share/windsurf/resources/app/out/vs/workbench/api/node/extensionHostProcess.js:198:5722)
	at MessagePortMain.<anonymous> (file:///usr/share/windsurf/resources/app/out/vs/workbench/api/node/extensionHostProcess.js:198:2262)
	at MessagePortMain.emit (node:events:518:28)
	at MessagePortMain.emit (node:domain:489:12)
	at MessagePortMain._internalPort.emit (node:electron/js2c/utility_init:2:2949) setContext undefined
2025-06-24 01:02:59.188 [info] Extension host with pid 216005 exiting with code 0
