2025-06-26 00:43:30.799 [info] Extension host with pid 471330 started
2025-06-26 00:43:30.823 [info] ExtensionService#_doActivateExtension vscode.git-base, startup: true, activationEvent: '*', root cause: vscode.git
2025-06-26 00:43:30.834 [info] ExtensionService#_doActivateExtension vscode.git, startup: true, activationEvent: '*'
2025-06-26 00:43:30.891 [info] ExtensionService#_doActivateExtension vscode.github, startup: true, activationEvent: '*'
2025-06-26 00:43:31.019 [info] ExtensionService#_doActivateExtension codeium.windsurf, startup: true, activationEvent: '*'
2025-06-26 00:43:31.975 [info] ExtensionService#_doActivateExtension vscode.emmet, startup: false, activationEvent: 'onLanguage'
2025-06-26 00:43:32.538 [info] ExtensionService#_doActivateExtension vscode.configuration-editing, startup: false, activationEvent: 'onLanguage:jsonc'
2025-06-26 00:43:32.552 [info] ExtensionService#_doActivateExtension vscode.json-language-features, startup: false, activationEvent: 'onLanguage:jsonc'
2025-06-26 00:43:32.635 [info] ExtensionService#_doActivateExtension vscode.typescript-language-features, startup: false, activationEvent: 'onLanguage:jsonc'
2025-06-26 00:43:36.247 [info] Eager extensions activated
2025-06-26 00:43:36.264 [info] ExtensionService#_doActivateExtension vscode.debug-auto-launch, startup: false, activationEvent: 'onStartupFinished'
2025-06-26 00:43:36.269 [info] ExtensionService#_doActivateExtension vscode.merge-conflict, startup: false, activationEvent: 'onStartupFinished'
2025-06-26 00:43:36.303 [info] ExtensionService#_doActivateExtension Codeium.windsurf-dev-containers, startup: false, activationEvent: 'onStartupFinished'
2025-06-26 00:43:36.312 [info] ExtensionService#_doActivateExtension yandeu.five-server, startup: false, activationEvent: 'onStartupFinished'
2025-06-26 00:47:46.536 [info] ExtensionService#_doActivateExtension vscode.npm, startup: false, activationEvent: 'onTerminalQuickFixRequest:ms-vscode.npm-command'
2025-06-26 00:48:21.623 [error] ConnectError: [unknown] no unacknowledged steps for file file:///tmp/fix_lsp.lua
	at c (/usr/share/windsurf/resources/app/extensions/windsurf/dist/extension.js:2:3856441)
	at l (/usr/share/windsurf/resources/app/extensions/windsurf/dist/extension.js:2:3856837)
	at next (/usr/share/windsurf/resources/app/extensions/windsurf/dist/extension.js:2:3863488)
	at process.processTicksAndRejections (node:internal/process/task_queues:105:5)
	at async /usr/share/windsurf/resources/app/extensions/windsurf/dist/extension.js:2:3462828
	at async Object.unary (/usr/share/windsurf/resources/app/extensions/windsurf/dist/extension.js:2:3861824)
	at async Object.acknowledgeCascadeCodeEdit (/usr/share/windsurf/resources/app/extensions/windsurf/dist/extension.js:2:3849687)
	at async t.acknowledgeCascadeCodeEdit (/usr/share/windsurf/resources/app/extensions/windsurf/dist/extension.js:2:2307683)
2025-06-26 01:03:03.882 [info] Extension host terminating: renderer closed the MessagePort
2025-06-26 01:03:03.942 [info] Extension host with pid 471330 exiting with code 0
