2025-06-23 22:19:36.896 [info] [main] Log level: Info
2025-06-23 22:19:36.896 [info] [main] Validating found git in: "git"
2025-06-23 22:19:36.896 [info] [main] Using git "2.49.0" from "git"
2025-06-23 22:19:36.896 [info] [Model][doInitialScan] Initial repository scan started
2025-06-23 22:19:36.896 [info] > git rev-parse --show-toplevel [536ms]
2025-06-23 22:19:36.896 [info] > git rev-parse --git-dir --git-common-dir [3ms]
2025-06-23 22:19:36.896 [info] [Model][openRepository] Opened repository: /home/thorfinn/app/MongoAuthManager
2025-06-23 22:19:36.899 [info] > git config --get commit.template [9ms]
2025-06-23 22:19:36.946 [info] > git for-each-ref --format=%(refname)%00%(upstream:short)%00%(objectname)%00%(upstream:track)%00%(upstream:remotename)%00%(upstream:remoteref) refs/heads/main refs/remotes/main [32ms]
2025-06-23 22:19:36.971 [info] > git rev-parse --show-toplevel [27ms]
2025-06-23 22:19:37.040 [info] > git status -z -uall [15ms]
2025-06-23 22:19:37.040 [info] > git rev-parse --show-toplevel [35ms]
2025-06-23 22:19:37.058 [info] > git for-each-ref --sort -committerdate --format %(refname)%00%(objectname)%00%(*objectname) [20ms]
2025-06-23 22:19:37.120 [info] > git rev-parse --show-toplevel [62ms]
2025-06-23 22:19:37.143 [info] > git config --get commit.template [27ms]
2025-06-23 22:19:37.143 [info] > git for-each-ref --format=%(refname)%00%(upstream:short)%00%(objectname)%00%(upstream:track)%00%(upstream:remotename)%00%(upstream:remoteref) refs/heads/main refs/remotes/main [48ms]
2025-06-23 22:19:37.167 [info] > git config --get --local branch.main.vscode-merge-base [6ms]
2025-06-23 22:19:37.168 [warning] [Git][config] git config failed: Failed to execute git
2025-06-23 22:19:37.186 [info] > git rev-parse --show-toplevel [44ms]
2025-06-23 22:19:37.246 [info] > git reflog main --grep-reflog=branch: Created from *. [60ms]
2025-06-23 22:19:37.293 [info] > git symbolic-ref --short refs/remotes/origin/HEAD [33ms]
2025-06-23 22:19:37.312 [info] > git rev-parse --show-toplevel [67ms]
2025-06-23 22:19:37.313 [info] > git for-each-ref --format=%(refname)%00%(upstream:short)%00%(objectname)%00%(upstream:track)%00%(upstream:remotename)%00%(upstream:remoteref) refs/heads/main refs/remotes/main [82ms]
2025-06-23 22:19:37.335 [info] > git for-each-ref --format=%(refname)%00%(upstream:short)%00%(objectname)%00%(upstream:track)%00%(upstream:remotename)%00%(upstream:remoteref) refs/heads/origin/main refs/remotes/origin/main [23ms]
2025-06-23 22:19:37.366 [info] > git rev-parse --show-toplevel [33ms]
2025-06-23 22:19:37.420 [info] > git config --add --local branch.main.vscode-merge-base origin/main [69ms]
2025-06-23 22:19:37.421 [info] > git for-each-ref --sort -committerdate --format %(refname)%00%(objectname)%00%(*objectname) [18ms] (cancelled)
2025-06-23 22:19:37.480 [info] > git status -z -uall [96ms] (cancelled)
2025-06-23 22:19:37.480 [info] > git check-ignore -v -z --stdin [22ms]
2025-06-23 22:19:37.482 [info] > git for-each-ref --format=%(refname)%00%(upstream:short)%00%(objectname)%00%(upstream:track)%00%(upstream:remotename)%00%(upstream:remoteref) refs/heads/main refs/remotes/main [45ms]
2025-06-23 22:19:37.500 [info] > git rev-parse --show-toplevel [81ms]
2025-06-23 22:19:37.519 [info] > git config --get --local branch.main.vscode-merge-base [20ms]
2025-06-23 22:19:37.535 [info] > git config --get commit.template [56ms]
2025-06-23 22:19:37.536 [info] > git rev-parse --show-toplevel [19ms]
2025-06-23 22:19:37.539 [info] [Model][doInitialScan] Initial repository scan completed - repositories (1), closed repositories (0), parent repositories (0), unsafe repositories (0)
2025-06-23 22:19:37.591 [info] > git show --textconv :vercel.json [32ms]
2025-06-23 22:19:37.592 [info] > git for-each-ref --format=%(refname)%00%(upstream:short)%00%(objectname)%00%(upstream:track)%00%(upstream:remotename)%00%(upstream:remoteref) refs/heads/origin/main refs/remotes/origin/main [57ms]
2025-06-23 22:19:37.609 [info] > git for-each-ref --format=%(refname)%00%(upstream:short)%00%(objectname)%00%(upstream:track)%00%(upstream:remotename)%00%(upstream:remoteref) refs/heads/main refs/remotes/main [19ms]
2025-06-23 22:19:37.609 [info] > git ls-files --stage -- vercel.json [33ms]
2025-06-23 22:19:37.625 [info] > git merge-base refs/heads/main refs/remotes/origin/main [17ms]
2025-06-23 22:19:37.641 [info] > git cat-file -s 59e04cfb690b2986b0990945e242aea1a0f2ca13 [17ms]
2025-06-23 22:19:37.672 [info] > git status -z -uall [17ms]
2025-06-23 22:19:37.672 [info] > git diff --name-status -z --diff-filter=ADMR 08968f1517b0e21284f31a8522e6deb0864d05ad...refs/remotes/origin/main [32ms]
2025-06-23 22:19:37.675 [info] > git for-each-ref --sort -committerdate --format %(refname)%00%(objectname)%00%(*objectname) [4ms]
2025-06-23 22:19:37.702 [info] > git blame --root --incremental 08968f1517b0e21284f31a8522e6deb0864d05ad -- vercel.json [5ms]
2025-06-23 22:20:32.233 [info] > git check-ignore -v -z --stdin [1ms]
2025-06-23 22:20:32.778 [info] > git config --get commit.template [30ms]
2025-06-23 22:20:32.781 [info] > git for-each-ref --format=%(refname)%00%(upstream:short)%00%(objectname)%00%(upstream:track)%00%(upstream:remotename)%00%(upstream:remoteref) refs/heads/main refs/remotes/main [4ms]
2025-06-23 22:20:32.820 [info] > git status -z -uall [17ms]
2025-06-23 22:20:32.821 [info] > git for-each-ref --sort -committerdate --format %(refname)%00%(objectname)%00%(*objectname) [2ms]
2025-06-23 22:22:29.214 [info] > git config --get commit.template [27ms]
2025-06-23 22:22:29.215 [info] > git for-each-ref --format=%(refname)%00%(upstream:short)%00%(objectname)%00%(upstream:track)%00%(upstream:remotename)%00%(upstream:remoteref) refs/heads/main refs/remotes/main [5ms]
2025-06-23 22:22:29.297 [info] > git status -z -uall [52ms]
2025-06-23 22:22:29.297 [info] > git for-each-ref --sort -committerdate --format %(refname)%00%(objectname)%00%(*objectname) [30ms]
2025-06-23 22:22:29.311 [info] > git check-ignore -v -z --stdin [21ms]
2025-06-23 22:22:34.369 [info] > git config --get commit.template [31ms]
2025-06-23 22:22:34.372 [info] > git for-each-ref --format=%(refname)%00%(upstream:short)%00%(objectname)%00%(upstream:track)%00%(upstream:remotename)%00%(upstream:remoteref) refs/heads/main refs/remotes/main [4ms]
2025-06-23 22:22:34.417 [info] > git status -z -uall [23ms]
2025-06-23 22:22:34.418 [info] > git for-each-ref --sort -committerdate --format %(refname)%00%(objectname)%00%(*objectname) [3ms]
2025-06-23 22:23:01.118 [info] > git config --get commit.template [21ms]
2025-06-23 22:23:01.120 [info] > git for-each-ref --format=%(refname)%00%(upstream:short)%00%(objectname)%00%(upstream:track)%00%(upstream:remotename)%00%(upstream:remoteref) refs/heads/main refs/remotes/main [4ms]
2025-06-23 22:23:01.172 [info] > git status -z -uall [23ms]
2025-06-23 22:23:01.174 [info] > git for-each-ref --sort -committerdate --format %(refname)%00%(objectname)%00%(*objectname) [3ms]
2025-06-23 22:25:32.135 [info] > git config --get commit.template [29ms]
2025-06-23 22:25:32.137 [info] > git for-each-ref --format=%(refname)%00%(upstream:short)%00%(objectname)%00%(upstream:track)%00%(upstream:remotename)%00%(upstream:remoteref) refs/heads/main refs/remotes/main [4ms]
2025-06-23 22:25:32.191 [info] > git status -z -uall [25ms]
2025-06-23 22:25:32.193 [info] > git for-each-ref --sort -committerdate --format %(refname)%00%(objectname)%00%(*objectname) [3ms]
2025-06-23 22:26:18.657 [info] > git config --get commit.template [18ms]
2025-06-23 22:26:18.658 [info] > git for-each-ref --format=%(refname)%00%(upstream:short)%00%(objectname)%00%(upstream:track)%00%(upstream:remotename)%00%(upstream:remoteref) refs/heads/main refs/remotes/main [3ms]
2025-06-23 22:26:18.695 [info] > git status -z -uall [21ms]
2025-06-23 22:26:18.696 [info] > git for-each-ref --sort -committerdate --format %(refname)%00%(objectname)%00%(*objectname) [2ms]
2025-06-23 22:26:19.145 [info] > git show --textconv :vercel.json [23ms]
2025-06-23 22:26:19.148 [info] > git ls-files --stage -- vercel.json [3ms]
2025-06-23 22:26:19.168 [info] > git cat-file -s 59e04cfb690b2986b0990945e242aea1a0f2ca13 [3ms]
2025-06-23 22:26:23.735 [info] > git config --get commit.template [4ms]
2025-06-23 22:26:23.757 [info] > git for-each-ref --format=%(refname)%00%(upstream:short)%00%(objectname)%00%(upstream:track)%00%(upstream:remotename)%00%(upstream:remoteref) refs/heads/main refs/remotes/main [1ms]
2025-06-23 22:26:23.798 [info] > git status -z -uall [21ms]
2025-06-23 22:26:23.800 [info] > git for-each-ref --sort -committerdate --format %(refname)%00%(objectname)%00%(*objectname) [2ms]
2025-06-23 22:28:44.668 [info] > git check-ignore -v -z --stdin [2ms]
2025-06-23 22:28:45.250 [info] > git config --get commit.template [22ms]
2025-06-23 22:28:45.252 [info] > git for-each-ref --format=%(refname)%00%(upstream:short)%00%(objectname)%00%(upstream:track)%00%(upstream:remotename)%00%(upstream:remoteref) refs/heads/main refs/remotes/main [3ms]
2025-06-23 22:28:45.288 [info] > git status -z -uall [19ms]
2025-06-23 22:28:45.289 [info] > git for-each-ref --sort -committerdate --format %(refname)%00%(objectname)%00%(*objectname) [2ms]
2025-06-23 22:29:32.178 [info] > git config --get commit.template [5ms]
2025-06-23 22:29:32.204 [info] > git for-each-ref --format=%(refname)%00%(upstream:short)%00%(objectname)%00%(upstream:track)%00%(upstream:remotename)%00%(upstream:remoteref) refs/heads/main refs/remotes/main [5ms]
2025-06-23 22:29:32.243 [info] > git status -z -uall [23ms]
2025-06-23 22:29:32.246 [info] > git for-each-ref --sort -committerdate --format %(refname)%00%(objectname)%00%(*objectname) [4ms]
2025-06-23 22:29:53.823 [info] > git config --get commit.template [14ms]
2025-06-23 22:29:53.856 [info] > git for-each-ref --format=%(refname)%00%(upstream:short)%00%(objectname)%00%(upstream:track)%00%(upstream:remotename)%00%(upstream:remoteref) refs/heads/main refs/remotes/main [11ms]
2025-06-23 22:29:53.905 [info] > git status -z -uall [25ms]
2025-06-23 22:29:53.911 [info] > git for-each-ref --sort -committerdate --format %(refname)%00%(objectname)%00%(*objectname) [9ms]
2025-06-23 22:30:08.868 [info] > git check-ignore -v -z --stdin [3ms]
2025-06-23 22:30:09.464 [info] > git config --get commit.template [26ms]
2025-06-23 22:30:09.467 [info] > git for-each-ref --format=%(refname)%00%(upstream:short)%00%(objectname)%00%(upstream:track)%00%(upstream:remotename)%00%(upstream:remoteref) refs/heads/main refs/remotes/main [4ms]
2025-06-23 22:30:09.521 [info] > git status -z -uall [26ms]
2025-06-23 22:30:09.521 [info] > git for-each-ref --sort -committerdate --format %(refname)%00%(objectname)%00%(*objectname) [5ms]
2025-06-23 22:31:38.144 [info] > git config --get commit.template [29ms]
2025-06-23 22:31:38.146 [info] > git for-each-ref --format=%(refname)%00%(upstream:short)%00%(objectname)%00%(upstream:track)%00%(upstream:remotename)%00%(upstream:remoteref) refs/heads/main refs/remotes/main [4ms]
2025-06-23 22:31:38.196 [info] > git status -z -uall [28ms]
2025-06-23 22:31:38.198 [info] > git for-each-ref --sort -committerdate --format %(refname)%00%(objectname)%00%(*objectname) [7ms]
2025-06-23 22:32:02.419 [info] > git config --get commit.template [26ms]
2025-06-23 22:32:02.422 [info] > git for-each-ref --format=%(refname)%00%(upstream:short)%00%(objectname)%00%(upstream:track)%00%(upstream:remotename)%00%(upstream:remoteref) refs/heads/main refs/remotes/main [4ms]
2025-06-23 22:32:02.475 [info] > git status -z -uall [25ms]
2025-06-23 22:32:02.475 [info] > git for-each-ref --sort -committerdate --format %(refname)%00%(objectname)%00%(*objectname) [5ms]
2025-06-23 22:33:29.401 [info] > git config --get commit.template [2ms]
2025-06-23 22:33:29.423 [info] > git for-each-ref --format=%(refname)%00%(upstream:short)%00%(objectname)%00%(upstream:track)%00%(upstream:remotename)%00%(upstream:remoteref) refs/heads/main refs/remotes/main [1ms]
2025-06-23 22:33:29.484 [info] > git status -z -uall [32ms]
2025-06-23 22:33:29.486 [info] > git for-each-ref --sort -committerdate --format %(refname)%00%(objectname)%00%(*objectname) [8ms]
2025-06-23 22:33:34.546 [info] > git config --get commit.template [26ms]
2025-06-23 22:33:34.548 [info] > git for-each-ref --format=%(refname)%00%(upstream:short)%00%(objectname)%00%(upstream:track)%00%(upstream:remotename)%00%(upstream:remoteref) refs/heads/main refs/remotes/main [6ms]
2025-06-23 22:33:34.588 [info] > git status -z -uall [16ms]
2025-06-23 22:33:34.589 [info] > git for-each-ref --sort -committerdate --format %(refname)%00%(objectname)%00%(*objectname) [1ms]
2025-06-23 22:33:35.704 [info] > git check-ignore -v -z --stdin [3ms]
2025-06-23 22:33:39.639 [info] > git config --get commit.template [23ms]
2025-06-23 22:33:39.642 [info] > git for-each-ref --format=%(refname)%00%(upstream:short)%00%(objectname)%00%(upstream:track)%00%(upstream:remotename)%00%(upstream:remoteref) refs/heads/main refs/remotes/main [4ms]
2025-06-23 22:33:39.691 [info] > git status -z -uall [25ms]
2025-06-23 22:33:39.693 [info] > git for-each-ref --sort -committerdate --format %(refname)%00%(objectname)%00%(*objectname) [3ms]
2025-06-23 22:34:49.298 [info] > git config --get commit.template [26ms]
2025-06-23 22:34:49.300 [info] > git for-each-ref --format=%(refname)%00%(upstream:short)%00%(objectname)%00%(upstream:track)%00%(upstream:remotename)%00%(upstream:remoteref) refs/heads/main refs/remotes/main [4ms]
2025-06-23 22:34:49.353 [info] > git status -z -uall [28ms]
2025-06-23 22:34:49.356 [info] > git for-each-ref --sort -committerdate --format %(refname)%00%(objectname)%00%(*objectname) [4ms]
2025-06-23 22:36:12.353 [info] > git config --get commit.template [29ms]
2025-06-23 22:36:12.354 [info] > git for-each-ref --format=%(refname)%00%(upstream:short)%00%(objectname)%00%(upstream:track)%00%(upstream:remotename)%00%(upstream:remoteref) refs/heads/main refs/remotes/main [3ms]
2025-06-23 22:36:12.398 [info] > git status -z -uall [18ms]
2025-06-23 22:36:12.399 [info] > git for-each-ref --sort -committerdate --format %(refname)%00%(objectname)%00%(*objectname) [2ms]
2025-06-23 22:37:28.511 [info] > git config --get commit.template [7ms]
2025-06-23 22:37:28.537 [info] > git for-each-ref --format=%(refname)%00%(upstream:short)%00%(objectname)%00%(upstream:track)%00%(upstream:remotename)%00%(upstream:remoteref) refs/heads/main refs/remotes/main [2ms]
2025-06-23 22:37:28.582 [info] > git status -z -uall [16ms]
2025-06-23 22:37:28.583 [info] > git for-each-ref --sort -committerdate --format %(refname)%00%(objectname)%00%(*objectname) [2ms]
2025-06-23 22:38:30.455 [info] > git config --get commit.template [22ms]
2025-06-23 22:38:30.456 [info] > git for-each-ref --format=%(refname)%00%(upstream:short)%00%(objectname)%00%(upstream:track)%00%(upstream:remotename)%00%(upstream:remoteref) refs/heads/main refs/remotes/main [2ms]
2025-06-23 22:38:30.500 [info] > git status -z -uall [22ms]
2025-06-23 22:38:30.502 [info] > git for-each-ref --sort -committerdate --format %(refname)%00%(objectname)%00%(*objectname) [2ms]
2025-06-23 22:38:54.229 [info] > git config --get commit.template [31ms]
2025-06-23 22:38:54.231 [info] > git for-each-ref --format=%(refname)%00%(upstream:short)%00%(objectname)%00%(upstream:track)%00%(upstream:remotename)%00%(upstream:remoteref) refs/heads/main refs/remotes/main [4ms]
2025-06-23 22:38:54.279 [info] > git status -z -uall [21ms]
2025-06-23 22:38:54.281 [info] > git for-each-ref --sort -committerdate --format %(refname)%00%(objectname)%00%(*objectname) [3ms]
2025-06-23 22:39:40.931 [info] > git config --get commit.template [20ms]
2025-06-23 22:39:40.932 [info] > git for-each-ref --format=%(refname)%00%(upstream:short)%00%(objectname)%00%(upstream:track)%00%(upstream:remotename)%00%(upstream:remoteref) refs/heads/main refs/remotes/main [2ms]
2025-06-23 22:39:40.972 [info] > git status -z -uall [21ms]
2025-06-23 22:39:40.973 [info] > git for-each-ref --sort -committerdate --format %(refname)%00%(objectname)%00%(*objectname) [2ms]
2025-06-23 22:40:15.306 [info] > git check-ignore -v -z --stdin [1ms]
2025-06-23 22:40:51.923 [info] > git config --get commit.template [25ms]
2025-06-23 22:40:51.923 [info] > git for-each-ref --format=%(refname)%00%(upstream:short)%00%(objectname)%00%(upstream:track)%00%(upstream:remotename)%00%(upstream:remoteref) refs/heads/main refs/remotes/main [2ms]
2025-06-23 22:40:51.962 [info] > git status -z -uall [20ms]
2025-06-23 22:40:51.966 [info] > git for-each-ref --sort -committerdate --format %(refname)%00%(objectname)%00%(*objectname) [5ms]
2025-06-23 22:41:51.863 [info] > git config --get commit.template [30ms]
2025-06-23 22:41:51.866 [info] > git for-each-ref --format=%(refname)%00%(upstream:short)%00%(objectname)%00%(upstream:track)%00%(upstream:remotename)%00%(upstream:remoteref) refs/heads/main refs/remotes/main [4ms]
2025-06-23 22:41:51.931 [info] > git status -z -uall [35ms]
2025-06-23 22:41:51.934 [info] > git for-each-ref --sort -committerdate --format %(refname)%00%(objectname)%00%(*objectname) [6ms]
2025-06-23 22:41:58.189 [info] > git config --get commit.template [2ms]
2025-06-23 22:41:58.213 [info] > git for-each-ref --format=%(refname)%00%(upstream:short)%00%(objectname)%00%(upstream:track)%00%(upstream:remotename)%00%(upstream:remoteref) refs/heads/main refs/remotes/main [2ms]
2025-06-23 22:41:58.246 [info] > git status -z -uall [16ms]
2025-06-23 22:41:58.247 [info] > git for-each-ref --sort -committerdate --format %(refname)%00%(objectname)%00%(*objectname) [3ms]
2025-06-23 22:42:03.287 [info] > git config --get commit.template [19ms]
2025-06-23 22:42:03.289 [info] > git for-each-ref --format=%(refname)%00%(upstream:short)%00%(objectname)%00%(upstream:track)%00%(upstream:remotename)%00%(upstream:remoteref) refs/heads/main refs/remotes/main [3ms]
2025-06-23 22:42:03.324 [info] > git status -z -uall [17ms]
2025-06-23 22:42:03.326 [info] > git for-each-ref --sort -committerdate --format %(refname)%00%(objectname)%00%(*objectname) [3ms]
2025-06-23 22:42:07.467 [info] > git check-ignore -v -z --stdin [2ms]
2025-06-23 22:42:08.370 [info] > git config --get commit.template [17ms]
2025-06-23 22:42:08.371 [info] > git for-each-ref --format=%(refname)%00%(upstream:short)%00%(objectname)%00%(upstream:track)%00%(upstream:remotename)%00%(upstream:remoteref) refs/heads/main refs/remotes/main [2ms]
2025-06-23 22:42:08.417 [info] > git status -z -uall [25ms]
2025-06-23 22:42:08.420 [info] > git for-each-ref --sort -committerdate --format %(refname)%00%(objectname)%00%(*objectname) [4ms]
2025-06-23 22:42:13.491 [info] > git config --get commit.template [33ms]
2025-06-23 22:42:13.494 [info] > git for-each-ref --format=%(refname)%00%(upstream:short)%00%(objectname)%00%(upstream:track)%00%(upstream:remotename)%00%(upstream:remoteref) refs/heads/main refs/remotes/main [4ms]
2025-06-23 22:42:13.547 [info] > git status -z -uall [29ms]
2025-06-23 22:42:13.550 [info] > git for-each-ref --sort -committerdate --format %(refname)%00%(objectname)%00%(*objectname) [4ms]
2025-06-23 22:55:03.939 [info] > git config --get commit.template [17ms]
2025-06-23 22:55:03.940 [info] > git for-each-ref --format=%(refname)%00%(upstream:short)%00%(objectname)%00%(upstream:track)%00%(upstream:remotename)%00%(upstream:remoteref) refs/heads/main refs/remotes/main [2ms]
2025-06-23 22:55:03.972 [info] > git status -z -uall [17ms]
2025-06-23 22:55:03.973 [info] > git for-each-ref --sort -committerdate --format %(refname)%00%(objectname)%00%(*objectname) [2ms]
2025-06-23 22:56:13.738 [info] > git config --get commit.template [26ms]
2025-06-23 22:56:13.741 [info] > git for-each-ref --format=%(refname)%00%(upstream:short)%00%(objectname)%00%(upstream:track)%00%(upstream:remotename)%00%(upstream:remoteref) refs/heads/main refs/remotes/main [4ms]
2025-06-23 22:56:13.774 [info] > git status -z -uall [17ms]
2025-06-23 22:56:13.775 [info] > git for-each-ref --sort -committerdate --format %(refname)%00%(objectname)%00%(*objectname) [2ms]
2025-06-23 22:56:41.626 [info] > git config --get commit.template [24ms]
2025-06-23 22:56:41.627 [info] > git for-each-ref --format=%(refname)%00%(upstream:short)%00%(objectname)%00%(upstream:track)%00%(upstream:remotename)%00%(upstream:remoteref) refs/heads/main refs/remotes/main [3ms]
2025-06-23 22:56:41.678 [info] > git status -z -uall [22ms]
2025-06-23 22:56:41.679 [info] > git for-each-ref --sort -committerdate --format %(refname)%00%(objectname)%00%(*objectname) [8ms]
2025-06-23 22:57:01.992 [info] > git config --get commit.template [2ms]
2025-06-23 22:57:02.015 [info] > git for-each-ref --format=%(refname)%00%(upstream:short)%00%(objectname)%00%(upstream:track)%00%(upstream:remotename)%00%(upstream:remoteref) refs/heads/main refs/remotes/main [1ms]
2025-06-23 22:57:02.064 [info] > git status -z -uall [27ms]
2025-06-23 22:57:02.068 [info] > git for-each-ref --sort -committerdate --format %(refname)%00%(objectname)%00%(*objectname) [5ms]
2025-06-23 23:05:53.209 [info] > git config --get commit.template [2ms]
2025-06-23 23:05:53.235 [info] > git for-each-ref --format=%(refname)%00%(upstream:short)%00%(objectname)%00%(upstream:track)%00%(upstream:remotename)%00%(upstream:remoteref) refs/heads/main refs/remotes/main [2ms]
2025-06-23 23:05:53.285 [info] > git status -z -uall [29ms]
2025-06-23 23:05:53.288 [info] > git for-each-ref --sort -committerdate --format %(refname)%00%(objectname)%00%(*objectname) [4ms]
2025-06-23 23:10:02.501 [info] > git config --get commit.template [24ms]
2025-06-23 23:10:02.502 [info] > git for-each-ref --format=%(refname)%00%(upstream:short)%00%(objectname)%00%(upstream:track)%00%(upstream:remotename)%00%(upstream:remoteref) refs/heads/main refs/remotes/main [2ms]
2025-06-23 23:10:02.548 [info] > git status -z -uall [21ms]
2025-06-23 23:10:02.549 [info] > git for-each-ref --sort -committerdate --format %(refname)%00%(objectname)%00%(*objectname) [2ms]
2025-06-23 23:16:56.247 [info] > git config --get commit.template [30ms]
2025-06-23 23:16:56.249 [info] > git for-each-ref --format=%(refname)%00%(upstream:short)%00%(objectname)%00%(upstream:track)%00%(upstream:remotename)%00%(upstream:remoteref) refs/heads/main refs/remotes/main [3ms]
2025-06-23 23:16:56.296 [info] > git status -z -uall [25ms]
2025-06-23 23:16:56.298 [info] > git for-each-ref --sort -committerdate --format %(refname)%00%(objectname)%00%(*objectname) [3ms]
2025-06-23 23:20:53.247 [info] > git config --get commit.template [2ms]
2025-06-23 23:20:53.265 [info] > git for-each-ref --format=%(refname)%00%(upstream:short)%00%(objectname)%00%(upstream:track)%00%(upstream:remotename)%00%(upstream:remoteref) refs/heads/main refs/remotes/main [2ms]
2025-06-23 23:20:53.300 [info] > git status -z -uall [18ms]
2025-06-23 23:20:53.301 [info] > git for-each-ref --sort -committerdate --format %(refname)%00%(objectname)%00%(*objectname) [2ms]
2025-06-23 23:28:12.825 [info] > git for-each-ref --format=%(refname)%00%(upstream:short)%00%(objectname)%00%(upstream:track)%00%(upstream:remotename)%00%(upstream:remoteref) refs/heads/main refs/remotes/main [5ms]
2025-06-23 23:28:12.825 [info] > git config --get commit.template [24ms]
2025-06-23 23:28:12.862 [info] > git status -z -uall [19ms]
2025-06-23 23:28:12.864 [info] > git for-each-ref --sort -committerdate --format %(refname)%00%(objectname)%00%(*objectname) [2ms]
2025-06-23 23:28:48.398 [info] > git check-ignore -v -z --stdin [3ms]
2025-06-23 23:28:54.399 [info] > git config --get commit.template [7ms]
2025-06-23 23:28:54.433 [info] > git for-each-ref --format=%(refname)%00%(upstream:short)%00%(objectname)%00%(upstream:track)%00%(upstream:remotename)%00%(upstream:remoteref) refs/heads/main refs/remotes/main [4ms]
2025-06-23 23:28:54.480 [info] > git status -z -uall [18ms]
2025-06-23 23:28:54.480 [info] > git for-each-ref --sort -committerdate --format %(refname)%00%(objectname)%00%(*objectname) [2ms]
2025-06-23 23:29:09.760 [info] > git config --get commit.template [22ms]
2025-06-23 23:29:09.763 [info] > git for-each-ref --format=%(refname)%00%(upstream:short)%00%(objectname)%00%(upstream:track)%00%(upstream:remotename)%00%(upstream:remoteref) refs/heads/main refs/remotes/main [4ms]
2025-06-23 23:29:09.808 [info] > git status -z -uall [21ms]
2025-06-23 23:29:09.812 [info] > git for-each-ref --sort -committerdate --format %(refname)%00%(objectname)%00%(*objectname) [4ms]
2025-06-23 23:29:57.319 [info] > git config --get commit.template [11ms]
2025-06-23 23:29:57.355 [info] > git for-each-ref --format=%(refname)%00%(upstream:short)%00%(objectname)%00%(upstream:track)%00%(upstream:remotename)%00%(upstream:remoteref) refs/heads/main refs/remotes/main [12ms]
2025-06-23 23:29:57.410 [info] > git status -z -uall [24ms]
2025-06-23 23:29:57.414 [info] > git for-each-ref --sort -committerdate --format %(refname)%00%(objectname)%00%(*objectname) [5ms]
2025-06-23 23:30:02.471 [info] > git config --get commit.template [22ms]
2025-06-23 23:30:02.473 [info] > git for-each-ref --format=%(refname)%00%(upstream:short)%00%(objectname)%00%(upstream:track)%00%(upstream:remotename)%00%(upstream:remoteref) refs/heads/main refs/remotes/main [3ms]
2025-06-23 23:30:02.507 [info] > git status -z -uall [17ms]
2025-06-23 23:30:02.509 [info] > git for-each-ref --sort -committerdate --format %(refname)%00%(objectname)%00%(*objectname) [3ms]
2025-06-23 23:30:12.854 [info] > git config --get commit.template [2ms]
2025-06-23 23:30:12.881 [info] > git for-each-ref --format=%(refname)%00%(upstream:short)%00%(objectname)%00%(upstream:track)%00%(upstream:remotename)%00%(upstream:remoteref) refs/heads/main refs/remotes/main [2ms]
2025-06-23 23:30:12.925 [info] > git status -z -uall [25ms]
2025-06-23 23:30:12.928 [info] > git for-each-ref --sort -committerdate --format %(refname)%00%(objectname)%00%(*objectname) [4ms]
2025-06-23 23:31:16.085 [info] > git config --get commit.template [4ms]
2025-06-23 23:31:16.104 [info] > git for-each-ref --format=%(refname)%00%(upstream:short)%00%(objectname)%00%(upstream:track)%00%(upstream:remotename)%00%(upstream:remoteref) refs/heads/main refs/remotes/main [2ms]
2025-06-23 23:31:16.141 [info] > git status -z -uall [19ms]
2025-06-23 23:31:16.143 [info] > git for-each-ref --sort -committerdate --format %(refname)%00%(objectname)%00%(*objectname) [2ms]
2025-06-23 23:31:41.029 [info] > git config --get commit.template [25ms]
2025-06-23 23:31:41.032 [info] > git for-each-ref --format=%(refname)%00%(upstream:short)%00%(objectname)%00%(upstream:track)%00%(upstream:remotename)%00%(upstream:remoteref) refs/heads/main refs/remotes/main [4ms]
2025-06-23 23:31:41.080 [info] > git status -z -uall [25ms]
2025-06-23 23:31:41.082 [info] > git for-each-ref --sort -committerdate --format %(refname)%00%(objectname)%00%(*objectname) [4ms]
2025-06-23 23:33:18.054 [info] > git config --get commit.template [27ms]
2025-06-23 23:33:18.056 [info] > git for-each-ref --format=%(refname)%00%(upstream:short)%00%(objectname)%00%(upstream:track)%00%(upstream:remotename)%00%(upstream:remoteref) refs/heads/main refs/remotes/main [3ms]
2025-06-23 23:33:18.102 [info] > git status -z -uall [22ms]
2025-06-23 23:33:18.104 [info] > git for-each-ref --sort -committerdate --format %(refname)%00%(objectname)%00%(*objectname) [2ms]
2025-06-23 23:35:04.163 [info] > git config --get commit.template [4ms]
2025-06-23 23:35:04.197 [info] > git for-each-ref --format=%(refname)%00%(upstream:short)%00%(objectname)%00%(upstream:track)%00%(upstream:remotename)%00%(upstream:remoteref) refs/heads/main refs/remotes/main [4ms]
2025-06-23 23:35:04.251 [info] > git status -z -uall [31ms]
2025-06-23 23:35:04.255 [info] > git for-each-ref --sort -committerdate --format %(refname)%00%(objectname)%00%(*objectname) [5ms]
2025-06-23 23:37:44.171 [info] > git config --get commit.template [2ms]
2025-06-23 23:37:44.202 [info] > git for-each-ref --format=%(refname)%00%(upstream:short)%00%(objectname)%00%(upstream:track)%00%(upstream:remotename)%00%(upstream:remoteref) refs/heads/main refs/remotes/main [4ms]
2025-06-23 23:37:44.244 [info] > git status -z -uall [18ms]
2025-06-23 23:37:44.246 [info] > git for-each-ref --sort -committerdate --format %(refname)%00%(objectname)%00%(*objectname) [2ms]
2025-06-23 23:41:55.025 [info] > git config --get commit.template [31ms]
2025-06-23 23:41:55.028 [info] > git for-each-ref --format=%(refname)%00%(upstream:short)%00%(objectname)%00%(upstream:track)%00%(upstream:remotename)%00%(upstream:remoteref) refs/heads/main refs/remotes/main [4ms]
2025-06-23 23:41:55.082 [info] > git status -z -uall [23ms]
2025-06-23 23:41:55.084 [info] > git for-each-ref --sort -committerdate --format %(refname)%00%(objectname)%00%(*objectname) [3ms]
2025-06-23 23:47:31.411 [info] > git check-ignore -v -z --stdin [1ms]
2025-06-23 23:47:32.054 [info] > git config --get commit.template [30ms]
2025-06-23 23:47:32.057 [info] > git for-each-ref --format=%(refname)%00%(upstream:short)%00%(objectname)%00%(upstream:track)%00%(upstream:remotename)%00%(upstream:remoteref) refs/heads/main refs/remotes/main [3ms]
2025-06-23 23:47:32.119 [info] > git status -z -uall [29ms]
2025-06-23 23:47:32.122 [info] > git for-each-ref --sort -committerdate --format %(refname)%00%(objectname)%00%(*objectname) [5ms]
2025-06-23 23:57:45.564 [info] > git config --get commit.template [20ms]
2025-06-23 23:57:45.565 [info] > git for-each-ref --format=%(refname)%00%(upstream:short)%00%(objectname)%00%(upstream:track)%00%(upstream:remotename)%00%(upstream:remoteref) refs/heads/main refs/remotes/main [2ms]
2025-06-23 23:57:45.598 [info] > git status -z -uall [16ms]
2025-06-23 23:57:45.600 [info] > git for-each-ref --sort -committerdate --format %(refname)%00%(objectname)%00%(*objectname) [2ms]
2025-06-24 00:00:08.403 [info] > git check-ignore -v -z --stdin [5ms]
2025-06-24 00:00:09.048 [info] > git check-ignore -v -z --stdin [5ms]
2025-06-24 00:00:09.459 [info] > git config --get commit.template [25ms]
2025-06-24 00:00:09.462 [info] > git for-each-ref --format=%(refname)%00%(upstream:short)%00%(objectname)%00%(upstream:track)%00%(upstream:remotename)%00%(upstream:remoteref) refs/heads/main refs/remotes/main [4ms]
2025-06-24 00:00:09.505 [info] > git status -z -uall [18ms]
2025-06-24 00:00:09.509 [info] > git for-each-ref --sort -committerdate --format %(refname)%00%(objectname)%00%(*objectname) [5ms]
2025-06-24 00:03:18.305 [info] > git check-ignore -v -z --stdin [1ms]
2025-06-24 00:03:18.849 [info] > git config --get commit.template [25ms]
2025-06-24 00:03:18.850 [info] > git for-each-ref --format=%(refname)%00%(upstream:short)%00%(objectname)%00%(upstream:track)%00%(upstream:remotename)%00%(upstream:remoteref) refs/heads/main refs/remotes/main [1ms]
2025-06-24 00:03:18.910 [info] > git status -z -uall [30ms]
2025-06-24 00:03:18.914 [info] > git for-each-ref --sort -committerdate --format %(refname)%00%(objectname)%00%(*objectname) [5ms]
2025-06-24 00:05:03.554 [info] > git config --get commit.template [22ms]
2025-06-24 00:05:03.556 [info] > git for-each-ref --format=%(refname)%00%(upstream:short)%00%(objectname)%00%(upstream:track)%00%(upstream:remotename)%00%(upstream:remoteref) refs/heads/main refs/remotes/main [3ms]
2025-06-24 00:05:03.594 [info] > git status -z -uall [20ms]
2025-06-24 00:05:03.595 [info] > git for-each-ref --sort -committerdate --format %(refname)%00%(objectname)%00%(*objectname) [2ms]
2025-06-24 00:05:08.650 [info] > git config --get commit.template [22ms]
2025-06-24 00:05:08.652 [info] > git for-each-ref --format=%(refname)%00%(upstream:short)%00%(objectname)%00%(upstream:track)%00%(upstream:remotename)%00%(upstream:remoteref) refs/heads/main refs/remotes/main [3ms]
2025-06-24 00:05:08.694 [info] > git status -z -uall [20ms]
2025-06-24 00:05:08.696 [info] > git for-each-ref --sort -committerdate --format %(refname)%00%(objectname)%00%(*objectname) [3ms]
2025-06-24 00:05:13.732 [info] > git config --get commit.template [15ms]
2025-06-24 00:05:13.733 [info] > git for-each-ref --format=%(refname)%00%(upstream:short)%00%(objectname)%00%(upstream:track)%00%(upstream:remotename)%00%(upstream:remoteref) refs/heads/main refs/remotes/main [1ms]
2025-06-24 00:05:13.768 [info] > git status -z -uall [19ms]
2025-06-24 00:05:13.769 [info] > git for-each-ref --sort -committerdate --format %(refname)%00%(objectname)%00%(*objectname) [2ms]
2025-06-24 00:08:39.843 [info] > git config --get commit.template [26ms]
2025-06-24 00:08:39.844 [info] > git for-each-ref --format=%(refname)%00%(upstream:short)%00%(objectname)%00%(upstream:track)%00%(upstream:remotename)%00%(upstream:remoteref) refs/heads/main refs/remotes/main [2ms]
2025-06-24 00:08:39.881 [info] > git status -z -uall [18ms]
2025-06-24 00:08:39.883 [info] > git for-each-ref --sort -committerdate --format %(refname)%00%(objectname)%00%(*objectname) [2ms]
2025-06-24 00:08:45.137 [info] > git config --get commit.template [27ms]
2025-06-24 00:08:45.138 [info] > git for-each-ref --format=%(refname)%00%(upstream:short)%00%(objectname)%00%(upstream:track)%00%(upstream:remotename)%00%(upstream:remoteref) refs/heads/main refs/remotes/main [2ms]
2025-06-24 00:08:45.187 [info] > git status -z -uall [24ms]
2025-06-24 00:08:45.189 [info] > git for-each-ref --sort -committerdate --format %(refname)%00%(objectname)%00%(*objectname) [3ms]
2025-06-24 00:11:45.869 [info] > git config --get commit.template [33ms]
2025-06-24 00:11:45.872 [info] > git for-each-ref --format=%(refname)%00%(upstream:short)%00%(objectname)%00%(upstream:track)%00%(upstream:remotename)%00%(upstream:remoteref) refs/heads/main refs/remotes/main [4ms]
2025-06-24 00:11:45.926 [info] > git status -z -uall [30ms]
2025-06-24 00:11:45.930 [info] > git for-each-ref --sort -committerdate --format %(refname)%00%(objectname)%00%(*objectname) [4ms]
2025-06-24 00:11:55.210 [info] > git check-ignore -v -z --stdin [4ms]
2025-06-24 00:13:22.326 [info] > git config --get commit.template [1ms]
2025-06-24 00:13:22.350 [info] > git for-each-ref --format=%(refname)%00%(upstream:short)%00%(objectname)%00%(upstream:track)%00%(upstream:remotename)%00%(upstream:remoteref) refs/heads/main refs/remotes/main [2ms]
2025-06-24 00:13:22.386 [info] > git status -z -uall [17ms]
2025-06-24 00:13:22.388 [info] > git for-each-ref --sort -committerdate --format %(refname)%00%(objectname)%00%(*objectname) [3ms]
2025-06-24 00:22:01.876 [info] > git show --textconv :.gitignore [18ms]
2025-06-24 00:22:01.877 [info] > git ls-files --stage -- .gitignore [2ms]
2025-06-24 00:22:01.894 [info] > git cat-file -s 7d572b2b869e0683658c5756daf058ad688803f8 [2ms]
2025-06-24 00:22:01.923 [info] > git blame --root --incremental 08968f1517b0e21284f31a8522e6deb0864d05ad -- .gitignore [4ms]
