2025-06-23 19:10:24.561 [info] [main] Log level: Info
2025-06-23 19:10:24.561 [info] [main] Validating found git in: "git"
2025-06-23 19:10:24.562 [info] [main] Using git "2.49.0" from "git"
2025-06-23 19:10:24.562 [info] [Model][doInitialScan] Initial repository scan started
2025-06-23 19:10:24.562 [info] > git rev-parse --show-toplevel [81ms]
2025-06-23 19:10:24.562 [info] > git rev-parse --git-dir --git-common-dir [63ms]
2025-06-23 19:10:24.562 [info] [Model][openRepository] Opened repository: /home/thorfinn/app/MongoAuthManager
2025-06-23 19:10:24.562 [info] > git rev-parse --show-toplevel [21ms]
2025-06-23 19:10:24.562 [info] > git config --get commit.template [52ms]
2025-06-23 19:10:24.747 [info] [Git][getRemotes] No remotes found in the git config file
2025-06-23 19:10:24.750 [info] > git rev-parse --show-toplevel [174ms]
2025-06-23 19:10:24.772 [info] > git for-each-ref --format=%(refname)%00%(upstream:short)%00%(objectname)%00%(upstream:track)%00%(upstream:remotename)%00%(upstream:remoteref) refs/heads/main refs/remotes/main [26ms]
2025-06-23 19:10:24.810 [info] > git status -z -uall [22ms]
2025-06-23 19:10:24.811 [info] > git for-each-ref --sort -committerdate --format %(refname)%00%(objectname)%00%(*objectname) [7ms]
2025-06-23 19:10:24.852 [info] > git rev-parse --show-toplevel [82ms]
2025-06-23 19:10:24.953 [info] > git for-each-ref --format=%(refname)%00%(upstream:short)%00%(objectname)%00%(upstream:track)%00%(upstream:remotename)%00%(upstream:remoteref) refs/heads/main refs/remotes/main [105ms]
2025-06-23 19:10:24.991 [info] > git config --get --local branch.main.vscode-merge-base [24ms]
2025-06-23 19:10:24.991 [warning] [Git][config] git config failed: Failed to execute git
2025-06-23 19:10:25.005 [info] > git rev-parse --show-toplevel [53ms]
2025-06-23 19:10:25.008 [info] [Model][doInitialScan] Initial repository scan completed - repositories (1), closed repositories (0), parent repositories (0), unsafe repositories (0)
2025-06-23 19:10:25.040 [info] > git config --get commit.template [106ms]
2025-06-23 19:10:25.042 [info] > git show --textconv :vercel.json [16ms]
2025-06-23 19:10:25.056 [info] > git reflog main --grep-reflog=branch: Created from *. [52ms]
2025-06-23 19:10:25.097 [info] [Git][getRemotes] No remotes found in the git config file
2025-06-23 19:10:25.100 [info] > git hash-object -t tree /dev/null [44ms]
2025-06-23 19:10:25.100 [warning] [GitFileSystemProvider][readFile] File not found - git:/home/thorfinn/app/MongoAuthManager/vercel.json.git?%7B%22path%22%3A%22%2Fhome%2Fthorfinn%2Fapp%2FMongoAuthManager%2Fvercel.json%22%2C%22ref%22%3A%22%22%7D
2025-06-23 19:10:25.101 [info] > git ls-files --stage -- vercel.json [61ms]
2025-06-23 19:10:25.102 [warning] [GitFileSystemProvider][stat] File not found - git:/home/thorfinn/app/MongoAuthManager/vercel.json.git?%7B%22path%22%3A%22%2Fhome%2Fthorfinn%2Fapp%2FMongoAuthManager%2Fvercel.json%22%2C%22ref%22%3A%22%22%7D
2025-06-23 19:10:25.122 [info] > git for-each-ref --format=%(refname)%00%(upstream:short)%00%(objectname)%00%(upstream:track)%00%(upstream:remotename)%00%(upstream:remoteref) refs/heads/main refs/remotes/main [25ms]
2025-06-23 19:10:25.156 [info] > git status -z -uall [20ms]
2025-06-23 19:10:25.160 [info] > git for-each-ref --sort -committerdate --format %(refname)%00%(objectname)%00%(*objectname) [10ms]
2025-06-23 19:10:25.194 [info] > git check-ignore -v -z --stdin [2ms]
2025-06-23 19:10:25.195 [info] > git blame --root --incremental 1d4bd9cdc8c0e223c93ca71a07920d8553a4887b -- vercel.json [16ms]
2025-06-23 19:10:25.195 [info] fatal: no such path vercel.json in 1d4bd9cdc8c0e223c93ca71a07920d8553a4887b
