2025-06-24 11:50:29.512 [info] 2025/06/24 11:50:29 maxprocs: Leaving GOMAXPROCS=8: CPU quota undefined
2025-06-24 11:50:29.869 [info] I0624 11:50:29.869011 52200 main.go:602] Setting GOMAXPROCS to 4
2025-06-24 11:50:29.870 [info] I0624 11:50:29.870092 52200 main.go:817] Starting language server process with pid 52200
2025-06-24 11:50:29.871 [info] I0624 11:50:29.871024 52200 server.go:292] Language server will attempt to listen on host 127.0.0.1
2025-06-24 11:50:29.871 [info] I0624 11:50:29.871362 52200 server.go:299] Language server listening on random port at 39937
2025-06-24 11:50:30.684 [info] I0624 11:50:30.683462 52200 server.go:420] Created extension server client at port 35171
2025-06-24 11:50:31.093 [info] I0624 11:50:31.093071 52200 server.go:948] Local search is enabled, will index local files.
2025-06-24 11:50:31.093 [info] I0624 11:50:31.093108 52200 server.go:952] Using 2 indexer workers
2025-06-24 11:50:32.489 [info] (Windsurf) 2025-06-24 11:50:32.482 [INFO]: Language server started
2025-06-24 11:50:33.097 [info] (Windsurf) 2025-06-24 11:50:33.097 [INFO]: LS lspClient started successfully
2025-06-24 11:50:33.909 [info] BEWARE: your OS is not officially supported by Playwright; downloading fallback build for ubuntu20.04-x64.
BEWARE: your OS is not officially supported by Playwright; downloading fallback build for ubuntu20.04-x64.

2025-06-24 11:50:33.910 [info] BEWARE: your OS is not officially supported by Playwright; downloading fallback build for ubuntu20.04-x64.

2025-06-24 11:53:00.864 [info] I0624 11:53:00.859444 52200 server.go:1411] Exit requested on language server process 52200
2025-06-24 11:53:00.864 [info] I0624 11:53:00.859888 52200 server.go:1384] Language server shutting down
2025-06-24 11:53:06.311 [info] 2025/06/24 11:53:06 maxprocs: Leaving GOMAXPROCS=8: CPU quota undefined
2025-06-24 11:53:06.590 [info] I0624 11:53:06.590190 53558 main.go:602] Setting GOMAXPROCS to 4
2025-06-24 11:53:06.590 [info] I0624 11:53:06.590388 53558 main.go:817] Starting language server process with pid 53558
2025-06-24 11:53:06.590 [info] I0624 11:53:06.590567 53558 server.go:292] Language server will attempt to listen on host 127.0.0.1
2025-06-24 11:53:06.590 [info] I0624 11:53:06.590801 53558 server.go:299] Language server listening on random port at 41445
2025-06-24 11:53:07.667 [info] I0624 11:53:07.664014 53558 server.go:420] Created extension server client at port 34745
2025-06-24 11:53:08.043 [info] I0624 11:53:08.043464 53558 server.go:948] Local search is enabled, will index local files.
2025-06-24 11:53:08.043 [info] I0624 11:53:08.043508 53558 server.go:952] Using 2 indexer workers
2025-06-24 11:53:09.138 [info] (Windsurf) 2025-06-24 11:53:09.132 [INFO]: Language server started
2025-06-24 11:53:09.422 [info] (Windsurf) 2025-06-24 11:53:09.422 [INFO]: LS lspClient started successfully
2025-06-24 11:53:09.993 [info] BEWARE: your OS is not officially supported by Playwright; downloading fallback build for ubuntu20.04-x64.

2025-06-24 11:53:09.994 [info] BEWARE: your OS is not officially supported by Playwright; downloading fallback build for ubuntu20.04-x64.

2025-06-24 11:53:09.994 [info] BEWARE: your OS is not officially supported by Playwright; downloading fallback build for ubuntu20.04-x64.

