--------------------------------------------------------------------------------
[Jun 04, 2025 11:06:39.9 AM GMT:ERROR:creative_new_tab_page_ads_util.cc(114)] Successfully saved creative new tab page ads
[Jun 04, 2025 11:06:39.9 AM GMT:ERROR:creative_new_tab_page_ads_util.cc(101)] Successfully saved creative set conversions
--------------------------------------------------------------------------------
[Jun 04, 2025 11:33:50.1 AM GMT:ERROR:creative_new_tab_page_ads_util.cc(114)] Successfully saved creative new tab page ads
[Jun 04, 2025 11:33:50.1 AM GMT:ERROR:creative_new_tab_page_ads_util.cc(101)] Successfully saved creative set conversions
--------------------------------------------------------------------------------
[Jun 04, 2025 12:39:05.3 PM GMT:ERROR:creative_new_tab_page_ads_util.cc(114)] Successfully saved creative new tab page ads
[Jun 04, 2025 12:39:05.3 PM GMT:ERROR:creative_new_tab_page_ads_util.cc(101)] Successfully saved creative set conversions
--------------------------------------------------------------------------------
[Jun 04, 2025 12:52:18.4 PM GMT:ERROR:creative_new_tab_page_ads_util.cc(114)] Successfully saved creative new tab page ads
[Jun 04, 2025 12:52:18.4 PM GMT:ERROR:creative_new_tab_page_ads_util.cc(101)] Successfully saved creative set conversions
--------------------------------------------------------------------------------
[Jun 04, 2025 6:39:51.8 PM GMT:ERROR:creative_new_tab_page_ads_util.cc(114)] Successfully saved creative new tab page ads
[Jun 04, 2025 6:39:51.8 PM GMT:ERROR:creative_new_tab_page_ads_util.cc(101)] Successfully saved creative set conversions
--------------------------------------------------------------------------------
[Jun 04, 2025 6:59:23.7 PM GMT:ERROR:creative_new_tab_page_ads_util.cc(114)] Successfully saved creative new tab page ads
[Jun 04, 2025 6:59:23.7 PM GMT:ERROR:creative_new_tab_page_ads_util.cc(101)] Successfully saved creative set conversions
--------------------------------------------------------------------------------
[Jun 06, 2025 8:34:19.0 AM GMT:ERROR:creative_new_tab_page_ads_util.cc(114)] Successfully saved creative new tab page ads
[Jun 06, 2025 8:34:19.0 AM GMT:ERROR:creative_new_tab_page_ads_util.cc(101)] Successfully saved creative set conversions
[Jun 06, 2025 8:34:19.0 AM GMT:ERROR:creative_new_tab_page_ads_util.cc(114)] Successfully saved creative new tab page ads
[Jun 06, 2025 8:34:19.0 AM GMT:ERROR:creative_new_tab_page_ads_util.cc(101)] Successfully saved creative set conversions
--------------------------------------------------------------------------------
[Jun 07, 2025 6:41:58.6 AM GMT:ERROR:creative_new_tab_page_ads_util.cc(114)] Successfully saved creative new tab page ads
[Jun 07, 2025 6:41:58.6 AM GMT:ERROR:creative_new_tab_page_ads_util.cc(101)] Successfully saved creative set conversions
[Jun 07, 2025 6:41:58.6 AM GMT:ERROR:creative_new_tab_page_ads_util.cc(114)] Successfully saved creative new tab page ads
[Jun 07, 2025 6:41:58.6 AM GMT:ERROR:creative_new_tab_page_ads_util.cc(101)] Successfully saved creative set conversions
--------------------------------------------------------------------------------
[Jun 07, 2025 10:27:26.2 AM GMT:ERROR:creative_new_tab_page_ads_util.cc(114)] Successfully saved creative new tab page ads
[Jun 07, 2025 10:27:26.2 AM GMT:ERROR:creative_new_tab_page_ads_util.cc(101)] Successfully saved creative set conversions
--------------------------------------------------------------------------------
[Jun 07, 2025 10:31:34.4 AM GMT:ERROR:creative_new_tab_page_ads_util.cc(114)] Successfully saved creative new tab page ads
[Jun 07, 2025 10:31:34.4 AM GMT:ERROR:creative_new_tab_page_ads_util.cc(101)] Successfully saved creative set conversions
--------------------------------------------------------------------------------
[Jun 07, 2025 1:02:22.7 PM GMT:ERROR:creative_new_tab_page_ads_util.cc(114)] Successfully saved creative new tab page ads
[Jun 07, 2025 1:02:22.7 PM GMT:ERROR:creative_new_tab_page_ads_util.cc(101)] Successfully saved creative set conversions
--------------------------------------------------------------------------------
[Jun 11, 2025 2:11:39.3 PM GMT:ERROR:creative_new_tab_page_ads_util.cc(114)] Successfully saved creative new tab page ads
[Jun 11, 2025 2:11:39.3 PM GMT:ERROR:creative_new_tab_page_ads_util.cc(101)] Successfully saved creative set conversions
[Jun 11, 2025 2:11:39.4 PM GMT:ERROR:creative_new_tab_page_ads_util.cc(114)] Successfully saved creative new tab page ads
[Jun 11, 2025 2:11:39.4 PM GMT:ERROR:creative_new_tab_page_ads_util.cc(101)] Successfully saved creative set conversions
--------------------------------------------------------------------------------
[Jun 11, 2025 2:13:03.5 PM GMT:ERROR:creative_new_tab_page_ads_util.cc(114)] Successfully saved creative new tab page ads
[Jun 11, 2025 2:13:03.5 PM GMT:ERROR:creative_new_tab_page_ads_util.cc(101)] Successfully saved creative set conversions
--------------------------------------------------------------------------------
[Jun 11, 2025 2:13:44.6 PM GMT:ERROR:creative_new_tab_page_ads_util.cc(114)] Successfully saved creative new tab page ads
[Jun 11, 2025 2:13:44.6 PM GMT:ERROR:creative_new_tab_page_ads_util.cc(101)] Successfully saved creative set conversions
--------------------------------------------------------------------------------
[Jun 11, 2025 2:58:55.4 PM GMT:ERROR:creative_new_tab_page_ads_util.cc(114)] Successfully saved creative new tab page ads
[Jun 11, 2025 2:58:55.4 PM GMT:ERROR:creative_new_tab_page_ads_util.cc(101)] Successfully saved creative set conversions
--------------------------------------------------------------------------------
[Jun 11, 2025 4:20:21.9 PM GMT:ERROR:creative_new_tab_page_ads_util.cc(114)] Successfully saved creative new tab page ads
[Jun 11, 2025 4:20:21.9 PM GMT:ERROR:creative_new_tab_page_ads_util.cc(101)] Successfully saved creative set conversions
--------------------------------------------------------------------------------
[Jun 12, 2025 5:26:36.6 AM GMT:ERROR:creative_new_tab_page_ads_util.cc(114)] Successfully saved creative new tab page ads
[Jun 12, 2025 5:26:36.6 AM GMT:ERROR:creative_new_tab_page_ads_util.cc(101)] Successfully saved creative set conversions
[Jun 12, 2025 5:26:37.0 AM GMT:ERROR:creative_new_tab_page_ads_util.cc(114)] Successfully saved creative new tab page ads
[Jun 12, 2025 5:26:37.0 AM GMT:ERROR:creative_new_tab_page_ads_util.cc(101)] Successfully saved creative set conversions
--------------------------------------------------------------------------------
[Jun 12, 2025 5:28:41.0 AM GMT:ERROR:creative_new_tab_page_ads_util.cc(114)] Successfully saved creative new tab page ads
[Jun 12, 2025 5:28:41.0 AM GMT:ERROR:creative_new_tab_page_ads_util.cc(101)] Successfully saved creative set conversions
--------------------------------------------------------------------------------
[Jun 12, 2025 6:10:19.0 AM GMT:ERROR:creative_new_tab_page_ads_util.cc(114)] Successfully saved creative new tab page ads
[Jun 12, 2025 6:10:19.0 AM GMT:ERROR:creative_new_tab_page_ads_util.cc(101)] Successfully saved creative set conversions
--------------------------------------------------------------------------------
[Jun 12, 2025 9:13:29.5 AM GMT:ERROR:creative_new_tab_page_ads_util.cc(114)] Successfully saved creative new tab page ads
[Jun 12, 2025 9:13:29.5 AM GMT:ERROR:creative_new_tab_page_ads_util.cc(101)] Successfully saved creative set conversions
--------------------------------------------------------------------------------
[Jun 12, 2025 4:45:48.5 PM GMT:ERROR:creative_new_tab_page_ads_util.cc(114)] Successfully saved creative new tab page ads
[Jun 12, 2025 4:45:48.5 PM GMT:ERROR:creative_new_tab_page_ads_util.cc(101)] Successfully saved creative set conversions
--------------------------------------------------------------------------------
[Jun 14, 2025 5:01:03.4 AM GMT:ERROR:creative_new_tab_page_ads_util.cc(114)] Successfully saved creative new tab page ads
[Jun 14, 2025 5:01:03.4 AM GMT:ERROR:creative_new_tab_page_ads_util.cc(101)] Successfully saved creative set conversions
--------------------------------------------------------------------------------
[Jun 17, 2025 6:28:16.9 AM GMT:ERROR:creative_new_tab_page_ads_util.cc(114)] Successfully saved creative new tab page ads
[Jun 17, 2025 6:28:16.9 AM GMT:ERROR:creative_new_tab_page_ads_util.cc(101)] Successfully saved creative set conversions
[Jun 17, 2025 6:28:16.9 AM GMT:ERROR:creative_new_tab_page_ads_util.cc(114)] Successfully saved creative new tab page ads
[Jun 17, 2025 6:28:16.9 AM GMT:ERROR:creative_new_tab_page_ads_util.cc(101)] Successfully saved creative set conversions
--------------------------------------------------------------------------------
[Jun 17, 2025 6:46:45.2 AM GMT:ERROR:creative_new_tab_page_ads_util.cc(114)] Successfully saved creative new tab page ads
[Jun 17, 2025 6:46:45.2 AM GMT:ERROR:creative_new_tab_page_ads_util.cc(101)] Successfully saved creative set conversions
--------------------------------------------------------------------------------
[Jun 17, 2025 6:56:23.3 AM GMT:ERROR:creative_new_tab_page_ads_util.cc(114)] Successfully saved creative new tab page ads
[Jun 17, 2025 6:56:23.3 AM GMT:ERROR:creative_new_tab_page_ads_util.cc(101)] Successfully saved creative set conversions
--------------------------------------------------------------------------------
[Jun 17, 2025 7:35:53.5 AM GMT:ERROR:creative_new_tab_page_ads_util.cc(114)] Successfully saved creative new tab page ads
[Jun 17, 2025 7:35:53.5 AM GMT:ERROR:creative_new_tab_page_ads_util.cc(101)] Successfully saved creative set conversions
--------------------------------------------------------------------------------
[Jun 17, 2025 7:36:11.0 AM GMT:ERROR:creative_new_tab_page_ads_util.cc(114)] Successfully saved creative new tab page ads
[Jun 17, 2025 7:36:11.0 AM GMT:ERROR:creative_new_tab_page_ads_util.cc(101)] Successfully saved creative set conversions
--------------------------------------------------------------------------------
[Jun 17, 2025 7:41:41.1 AM GMT:ERROR:creative_new_tab_page_ads_util.cc(114)] Successfully saved creative new tab page ads
[Jun 17, 2025 7:41:41.1 AM GMT:ERROR:creative_new_tab_page_ads_util.cc(101)] Successfully saved creative set conversions
--------------------------------------------------------------------------------
[Jun 17, 2025 8:59:58.1 AM GMT:ERROR:creative_new_tab_page_ads_util.cc(114)] Successfully saved creative new tab page ads
[Jun 17, 2025 8:59:58.1 AM GMT:ERROR:creative_new_tab_page_ads_util.cc(101)] Successfully saved creative set conversions
--------------------------------------------------------------------------------
[Jun 17, 2025 12:35:23.9 PM GMT:ERROR:creative_new_tab_page_ads_util.cc(114)] Successfully saved creative new tab page ads
[Jun 17, 2025 12:35:23.9 PM GMT:ERROR:creative_new_tab_page_ads_util.cc(101)] Successfully saved creative set conversions
--------------------------------------------------------------------------------
[Jun 19, 2025 8:36:07.2 AM GMT:ERROR:creative_new_tab_page_ads_util.cc(114)] Successfully saved creative new tab page ads
[Jun 19, 2025 8:36:07.2 AM GMT:ERROR:creative_new_tab_page_ads_util.cc(101)] Successfully saved creative set conversions
[Jun 19, 2025 8:36:07.2 AM GMT:ERROR:creative_new_tab_page_ads_util.cc(114)] Successfully saved creative new tab page ads
[Jun 19, 2025 8:36:07.2 AM GMT:ERROR:creative_new_tab_page_ads_util.cc(101)] Successfully saved creative set conversions
--------------------------------------------------------------------------------
[Jun 21, 2025 2:05:53.9 PM GMT:ERROR:creative_new_tab_page_ads_util.cc(114)] Successfully saved creative new tab page ads
[Jun 21, 2025 2:05:53.9 PM GMT:ERROR:creative_new_tab_page_ads_util.cc(101)] Successfully saved creative set conversions
[Jun 21, 2025 2:05:53.9 PM GMT:ERROR:creative_new_tab_page_ads_util.cc(114)] Successfully saved creative new tab page ads
[Jun 21, 2025 2:05:53.9 PM GMT:ERROR:creative_new_tab_page_ads_util.cc(101)] Successfully saved creative set conversions
--------------------------------------------------------------------------------
[Jun 23, 2025 3:22:06.8 PM GMT:ERROR:creative_new_tab_page_ads_util.cc(114)] Successfully saved creative new tab page ads
[Jun 23, 2025 3:22:06.8 PM GMT:ERROR:creative_new_tab_page_ads_util.cc(101)] Successfully saved creative set conversions
[Jun 23, 2025 3:22:06.8 PM GMT:ERROR:creative_new_tab_page_ads_util.cc(114)] Successfully saved creative new tab page ads
[Jun 23, 2025 3:22:06.8 PM GMT:ERROR:creative_new_tab_page_ads_util.cc(101)] Successfully saved creative set conversions
--------------------------------------------------------------------------------
[Jun 25, 2025 4:28:05.2 AM GMT:ERROR:creative_new_tab_page_ads_util.cc(114)] Successfully saved creative new tab page ads
[Jun 25, 2025 4:28:05.2 AM GMT:ERROR:creative_new_tab_page_ads_util.cc(101)] Successfully saved creative set conversions
[Jun 25, 2025 4:28:05.2 AM GMT:ERROR:creative_new_tab_page_ads_util.cc(114)] Successfully saved creative new tab page ads
[Jun 25, 2025 4:28:05.2 AM GMT:ERROR:creative_new_tab_page_ads_util.cc(101)] Successfully saved creative set conversions
