2025-06-23 19:11:33.565 [info] [main] Log level: Info
2025-06-23 19:11:33.565 [info] [main] Validating found git in: "git"
2025-06-23 19:11:33.565 [info] [main] Using git "2.49.0" from "git"
2025-06-23 19:11:33.565 [info] [Model][doInitialScan] Initial repository scan started
2025-06-23 19:11:33.565 [info] > git rev-parse --show-toplevel [48ms]
2025-06-23 19:11:33.565 [info] > git rev-parse --git-dir --git-common-dir [190ms]
2025-06-23 19:11:33.565 [info] [Model][openRepository] Opened repository: /home/thorfinn/app/MongoAuthManager
2025-06-23 19:11:33.619 [info] > git rev-parse --show-toplevel [11ms]
2025-06-23 19:11:33.621 [info] > git config --get commit.template [35ms]
2025-06-23 19:11:33.737 [info] [Git][getRemotes] No remotes found in the git config file
2025-06-23 19:11:33.738 [info] > git rev-parse --show-toplevel [21ms]
2025-06-23 19:11:33.753 [info] > git for-each-ref --format=%(refname)%00%(upstream:short)%00%(objectname)%00%(upstream:track)%00%(upstream:remotename)%00%(upstream:remoteref) refs/heads/main refs/remotes/main [17ms]
2025-06-23 19:11:33.814 [info] > git status -z -uall [40ms]
2025-06-23 19:11:33.815 [info] > git for-each-ref --sort -committerdate --format %(refname)%00%(objectname)%00%(*objectname) [20ms]
2025-06-23 19:11:33.862 [info] > git rev-parse --show-toplevel [110ms]
2025-06-23 19:11:33.899 [info] > git for-each-ref --format=%(refname)%00%(upstream:short)%00%(objectname)%00%(upstream:track)%00%(upstream:remotename)%00%(upstream:remoteref) refs/heads/main refs/remotes/main [41ms]
2025-06-23 19:11:33.954 [info] > git config --get --local branch.main.vscode-merge-base [39ms]
2025-06-23 19:11:33.955 [warning] [Git][config] git config failed: Failed to execute git
2025-06-23 19:11:33.970 [info] > git rev-parse --show-toplevel [73ms]
2025-06-23 19:11:33.973 [info] [Model][doInitialScan] Initial repository scan completed - repositories (1), closed repositories (0), parent repositories (0), unsafe repositories (0)
2025-06-23 19:11:33.974 [info] > git config --get commit.template [98ms]
2025-06-23 19:11:34.032 [info] > git reflog main --grep-reflog=branch: Created from *. [62ms]
2025-06-23 19:11:34.057 [info] [Git][getRemotes] No remotes found in the git config file
2025-06-23 19:11:34.061 [info] > git for-each-ref --format=%(refname)%00%(upstream:short)%00%(objectname)%00%(upstream:track)%00%(upstream:remotename)%00%(upstream:remoteref) refs/heads/main refs/remotes/main [4ms]
2025-06-23 19:11:34.106 [info] > git status -z -uall [21ms]
2025-06-23 19:11:34.109 [info] > git for-each-ref --sort -committerdate --format %(refname)%00%(objectname)%00%(*objectname) [3ms]
2025-06-23 19:11:34.643 [info] > git check-ignore -v -z --stdin [3ms]
2025-06-23 19:14:27.642 [info] [Git][getRemotes] No remotes found in the git config file
2025-06-23 19:14:27.644 [info] > git config --get commit.template [24ms]
2025-06-23 19:14:27.645 [info] > git for-each-ref --format=%(refname)%00%(upstream:short)%00%(objectname)%00%(upstream:track)%00%(upstream:remotename)%00%(upstream:remoteref) refs/heads/main refs/remotes/main [3ms]
2025-06-23 19:14:27.700 [info] > git status -z -uall [25ms]
2025-06-23 19:14:27.703 [info] > git for-each-ref --sort -committerdate --format %(refname)%00%(objectname)%00%(*objectname) [4ms]
2025-06-23 19:15:47.745 [info] > git check-ignore -v -z --stdin [2ms]
2025-06-23 19:15:49.838 [info] > git show --textconv :package.json [21ms]
2025-06-23 19:15:49.840 [info] > git ls-files --stage -- package.json [2ms]
2025-06-23 19:15:49.856 [info] > git cat-file -s 9f616e3f4c565c862e7a5618f8fcbd2e1bb6ce20 [2ms]
2025-06-23 19:15:51.146 [info] > git blame --root --incremental 1d4bd9cdc8c0e223c93ca71a07920d8553a4887b -- package.json [16ms]
2025-06-23 19:16:07.954 [info] > git show --textconv :.replit [26ms]
2025-06-23 19:16:07.956 [info] > git ls-files --stage -- .replit [3ms]
2025-06-23 19:16:07.980 [info] > git cat-file -s 51f344ffac11f3c19cd01f940721e073a6ab4c1d [3ms]
2025-06-23 19:16:41.797 [info] > git show --textconv :package.json [17ms]
2025-06-23 19:16:41.799 [info] > git ls-files --stage -- package.json [3ms]
2025-06-23 19:16:41.816 [info] > git cat-file -s 9f616e3f4c565c862e7a5618f8fcbd2e1bb6ce20 [2ms]
2025-06-23 19:16:57.937 [info] > git check-ignore -v -z --stdin [3ms]
2025-06-23 19:17:03.091 [info] > git config --get commit.template [2ms]
2025-06-23 19:17:03.092 [info] [Git][getRemotes] No remotes found in the git config file
2025-06-23 19:17:03.111 [info] > git for-each-ref --format=%(refname)%00%(upstream:short)%00%(objectname)%00%(upstream:track)%00%(upstream:remotename)%00%(upstream:remoteref) refs/heads/main refs/remotes/main [3ms]
2025-06-23 19:17:03.155 [info] > git status -z -uall [27ms]
2025-06-23 19:17:03.155 [info] > git for-each-ref --sort -committerdate --format %(refname)%00%(objectname)%00%(*objectname) [10ms]
2025-06-23 19:17:13.804 [info] [Git][getRemotes] No remotes found in the git config file
2025-06-23 19:17:13.834 [info] > git config --get commit.template [30ms]
2025-06-23 19:17:13.836 [info] > git for-each-ref --format=%(refname)%00%(upstream:short)%00%(objectname)%00%(upstream:track)%00%(upstream:remotename)%00%(upstream:remoteref) refs/heads/main refs/remotes/main [4ms]
2025-06-23 19:17:13.879 [info] > git status -z -uall [22ms]
2025-06-23 19:17:13.880 [info] > git for-each-ref --sort -committerdate --format %(refname)%00%(objectname)%00%(*objectname) [2ms]
2025-06-23 19:18:03.545 [info] > git check-ignore -v -z --stdin [4ms]
2025-06-23 19:18:03.733 [info] [Git][getRemotes] No remotes found in the git config file
2025-06-23 19:18:03.733 [info] > git config --get commit.template [22ms]
2025-06-23 19:18:03.738 [info] > git for-each-ref --format=%(refname)%00%(upstream:short)%00%(objectname)%00%(upstream:track)%00%(upstream:remotename)%00%(upstream:remoteref) refs/heads/main refs/remotes/main [6ms]
2025-06-23 19:18:03.785 [info] > git status -z -uall [25ms]
2025-06-23 19:18:03.786 [info] > git for-each-ref --sort -committerdate --format %(refname)%00%(objectname)%00%(*objectname) [3ms]
2025-06-23 19:18:34.903 [info] > git check-ignore -v -z --stdin [2ms]
2025-06-23 19:18:36.657 [info] > git check-ignore -v -z --stdin [2ms]
2025-06-23 19:18:47.188 [info] > git show --textconv :drizzle.config.ts [60ms]
2025-06-23 19:18:47.196 [info] > git ls-files --stage -- drizzle.config.ts [12ms]
2025-06-23 19:18:47.237 [info] > git cat-file -s 4cd7b4cb3770a444d70ce72acabcb58e4e3ab18a [8ms]
2025-06-23 19:18:47.319 [info] > git blame --root --incremental 1d4bd9cdc8c0e223c93ca71a07920d8553a4887b -- drizzle.config.ts [7ms]
2025-06-23 19:18:53.510 [info] > git check-ignore -v -z --stdin [3ms]
2025-06-23 19:18:56.258 [info] > git check-ignore -v -z --stdin [3ms]
2025-06-23 19:19:29.822 [info] > git check-ignore -v -z --stdin [4ms]
2025-06-23 19:19:36.460 [info] > git show --textconv :server/models/inventory.ts [23ms]
2025-06-23 19:19:36.463 [info] > git ls-files --stage -- server/models/inventory.ts [5ms]
2025-06-23 19:19:36.484 [info] > git cat-file -s d86a5b2cb28906b4e09a920564d3342c80fecd48 [2ms]
2025-06-23 19:19:36.514 [info] > git blame --root --incremental 1d4bd9cdc8c0e223c93ca71a07920d8553a4887b -- server/models/inventory.ts [3ms]
2025-06-23 19:19:36.606 [info] > git check-ignore -v -z --stdin [2ms]
2025-06-23 19:19:49.918 [info] > git check-ignore -v -z --stdin [3ms]
2025-06-23 19:21:22.778 [info] > git check-ignore -v -z --stdin [3ms]
2025-06-23 19:30:13.228 [info] > git show --textconv :package.json [17ms]
2025-06-23 19:30:13.229 [info] > git ls-files --stage -- package.json [2ms]
2025-06-23 19:30:13.255 [info] > git cat-file -s 9f616e3f4c565c862e7a5618f8fcbd2e1bb6ce20 [5ms]
2025-06-23 19:32:35.496 [info] > git config --get commit.template [18ms]
2025-06-23 19:32:35.496 [info] > git for-each-ref --format=%(refname)%00%(upstream:short)%00%(objectname)%00%(upstream:track)%00%(upstream:remotename)%00%(upstream:remoteref) refs/heads/main refs/remotes/main [1ms]
2025-06-23 19:32:35.533 [info] > git status -z -uall [21ms]
2025-06-23 19:32:35.533 [info] > git for-each-ref --sort -committerdate --format %(refname)%00%(objectname)%00%(*objectname) [4ms]
2025-06-23 19:32:35.635 [info] > git ls-files --stage -- package.json [3ms]
2025-06-23 19:32:35.667 [info] > git cat-file -s 9f616e3f4c565c862e7a5618f8fcbd2e1bb6ce20 [3ms]
2025-06-23 19:32:35.729 [info] > git show --textconv :package.json [2ms]
2025-06-23 19:33:15.131 [info] > git config --get commit.template [3ms]
2025-06-23 19:33:15.156 [info] > git for-each-ref --format=%(refname)%00%(upstream:short)%00%(objectname)%00%(upstream:track)%00%(upstream:remotename)%00%(upstream:remoteref) refs/heads/main refs/remotes/main [2ms]
2025-06-23 19:33:15.208 [info] > git status -z -uall [28ms]
2025-06-23 19:33:15.208 [info] > git for-each-ref --sort -committerdate --format %(refname)%00%(objectname)%00%(*objectname) [3ms]
2025-06-23 19:33:15.288 [info] > git ls-files --stage -- package.json [1ms]
2025-06-23 19:33:15.318 [info] > git cat-file -s 598d63dcc5d13ff74a1c3ef1793a874cd4f41aea [9ms]
2025-06-23 19:33:15.359 [info] > git show --textconv :package.json [3ms]
2025-06-23 19:33:15.618 [info] > git show --textconv HEAD:package.json [24ms]
2025-06-23 19:33:15.621 [info] > git ls-tree -l HEAD -- package.json [3ms]
2025-06-23 19:34:15.169 [info] > git config --get commit.template [2ms]
2025-06-23 19:34:15.192 [info] > git for-each-ref --format=%(refname)%00%(upstream:short)%00%(objectname)%00%(upstream:track)%00%(upstream:remotename)%00%(upstream:remoteref) refs/heads/main refs/remotes/main [2ms]
2025-06-23 19:34:15.245 [info] > git status -z -uall [25ms]
2025-06-23 19:34:15.245 [info] > git for-each-ref --sort -committerdate --format %(refname)%00%(objectname)%00%(*objectname) [4ms]
2025-06-23 19:34:15.291 [info] > git blame --root --incremental 6fd202442fe3bd6497fec148b2db7e30280ddd9a -- package.json [22ms]
2025-06-23 19:34:15.328 [info] > git ls-files --stage -- package.json [19ms]
2025-06-23 19:34:15.346 [info] > git merge-base refs/heads/main refs/remotes/origin/main [58ms]
2025-06-23 19:34:15.365 [info] > git diff --name-status -z --diff-filter=ADMR 6fd202442fe3bd6497fec148b2db7e30280ddd9a...refs/remotes/origin/main [3ms]
2025-06-23 19:34:15.366 [info] > git cat-file -s 598d63dcc5d13ff74a1c3ef1793a874cd4f41aea [20ms]
2025-06-23 19:34:15.366 [info] > git ls-tree -l HEAD -- package.json [39ms]
2025-06-23 19:34:15.416 [info] > git show --textconv :package.json [29ms]
2025-06-23 19:34:15.419 [info] > git show --textconv HEAD:package.json [8ms]
2025-06-23 19:35:42.494 [info] > git config --get commit.template [18ms]
2025-06-23 19:35:42.495 [info] > git for-each-ref --format=%(refname)%00%(upstream:short)%00%(objectname)%00%(upstream:track)%00%(upstream:remotename)%00%(upstream:remoteref) refs/heads/main refs/remotes/main [2ms]
2025-06-23 19:35:42.543 [info] > git status -z -uall [31ms]
2025-06-23 19:35:42.544 [info] > git for-each-ref --sort -committerdate --format %(refname)%00%(objectname)%00%(*objectname) [4ms]
2025-06-23 19:38:14.226 [info] > git check-ignore -v -z --stdin [3ms]
2025-06-23 19:38:15.220 [info] > git check-ignore -v -z --stdin [3ms]
2025-06-23 19:39:06.978 [info] > git for-each-ref --format=%(refname)%00%(upstream:short)%00%(objectname)%00%(upstream:track)%00%(upstream:remotename)%00%(upstream:remoteref) refs/heads/main refs/remotes/main [3ms]
2025-06-23 19:39:06.978 [info] > git config --get commit.template [20ms]
2025-06-23 19:39:07.022 [info] > git status -z -uall [26ms]
2025-06-23 19:39:07.024 [info] > git for-each-ref --sort -committerdate --format %(refname)%00%(objectname)%00%(*objectname) [5ms]
2025-06-23 19:39:07.078 [info] > git merge-base refs/heads/main refs/remotes/origin/main [5ms]
2025-06-23 19:39:07.097 [info] > git blame --root --incremental 8b11cdb2fe36b18c4230ed2439e14532e51d24e0 -- package.json [47ms]
2025-06-23 19:39:07.099 [info] > git diff --name-status -z --diff-filter=ADMR 8b11cdb2fe36b18c4230ed2439e14532e51d24e0...refs/remotes/origin/main [1ms]
2025-06-23 19:39:07.162 [info] > git ls-files --stage -- package.json [2ms]
2025-06-23 19:39:07.180 [info] > git cat-file -s 9f616e3f4c565c862e7a5618f8fcbd2e1bb6ce20 [1ms]
2025-06-23 19:39:07.209 [info] > git show --textconv :package.json [2ms]
2025-06-23 19:40:30.862 [info] > git config --get commit.template [24ms]
2025-06-23 19:40:30.863 [info] > git for-each-ref --format=%(refname)%00%(upstream:short)%00%(objectname)%00%(upstream:track)%00%(upstream:remotename)%00%(upstream:remoteref) refs/heads/main refs/remotes/main [2ms]
2025-06-23 19:40:30.911 [info] > git status -z -uall [26ms]
2025-06-23 19:40:30.911 [info] > git for-each-ref --sort -committerdate --format %(refname)%00%(objectname)%00%(*objectname) [3ms]
2025-06-23 19:40:58.072 [info] > git config --get commit.template [19ms]
2025-06-23 19:40:58.073 [info] > git for-each-ref --format=%(refname)%00%(upstream:short)%00%(objectname)%00%(upstream:track)%00%(upstream:remotename)%00%(upstream:remoteref) refs/heads/main refs/remotes/main [2ms]
2025-06-23 19:40:58.105 [info] > git status -z -uall [16ms]
2025-06-23 19:40:58.107 [info] > git for-each-ref --sort -committerdate --format %(refname)%00%(objectname)%00%(*objectname) [2ms]
2025-06-23 19:41:32.155 [info] > git show --textconv :server/index.ts [19ms]
2025-06-23 19:41:32.156 [info] > git ls-files --stage -- server/index.ts [2ms]
2025-06-23 19:41:32.176 [info] > git cat-file -s 8a9b9ff85be54d45ecad01af59e8076d577fe58d [3ms]
2025-06-23 19:41:38.122 [info] > git show --textconv :.gitignore [24ms]
2025-06-23 19:41:38.124 [info] > git ls-files --stage -- .gitignore [3ms]
2025-06-23 19:41:38.147 [info] > git cat-file -s 7d572b2b869e0683658c5756daf058ad688803f8 [2ms]
2025-06-23 19:42:16.473 [info] > git blame --root --incremental 8b11cdb2fe36b18c4230ed2439e14532e51d24e0 -- .gitignore [4ms]
2025-06-23 19:42:24.586 [info] > git show --textconv :postcss.config.js [19ms]
2025-06-23 19:42:24.589 [info] > git ls-files --stage -- postcss.config.js [4ms]
2025-06-23 19:42:24.609 [info] > git cat-file -s 2e7af2b7f1a6f391da1631d93968a9d487ba977d [2ms]
2025-06-23 19:42:25.365 [info] > git show --textconv :tailwind.config.ts [19ms]
2025-06-23 19:42:25.367 [info] > git ls-files --stage -- tailwind.config.ts [3ms]
2025-06-23 19:42:25.386 [info] > git cat-file -s ab1bca54d78bf9d3ce3822bddaee047f10a50bfc [2ms]
2025-06-23 19:43:25.574 [info] > git show --textconv :drizzle.config.ts [18ms]
2025-06-23 19:43:25.576 [info] > git ls-files --stage -- drizzle.config.ts [2ms]
2025-06-23 19:43:25.603 [info] > git cat-file -s 4cd7b4cb3770a444d70ce72acabcb58e4e3ab18a [6ms]
2025-06-23 19:43:25.636 [info] > git blame --root --incremental 8b11cdb2fe36b18c4230ed2439e14532e51d24e0 -- drizzle.config.ts [3ms]
2025-06-23 19:44:00.419 [info] > git show --textconv :server/models/inventory.ts [23ms]
2025-06-23 19:44:00.420 [info] > git ls-files --stage -- server/models/inventory.ts [2ms]
2025-06-23 19:44:00.439 [info] > git cat-file -s d86a5b2cb28906b4e09a920564d3342c80fecd48 [3ms]
2025-06-23 19:44:00.463 [info] > git blame --root --incremental 8b11cdb2fe36b18c4230ed2439e14532e51d24e0 -- server/models/inventory.ts [3ms]
2025-06-23 19:44:22.117 [info] > git config --get commit.template [1ms]
2025-06-23 19:44:22.139 [info] > git for-each-ref --format=%(refname)%00%(upstream:short)%00%(objectname)%00%(upstream:track)%00%(upstream:remotename)%00%(upstream:remoteref) refs/heads/main refs/remotes/main [2ms]
2025-06-23 19:44:22.185 [info] > git status -z -uall [24ms]
2025-06-23 19:44:22.186 [info] > git for-each-ref --sort -committerdate --format %(refname)%00%(objectname)%00%(*objectname) [2ms]
2025-06-23 19:44:30.515 [info] > git config --get commit.template [29ms]
2025-06-23 19:44:30.516 [info] > git for-each-ref --format=%(refname)%00%(upstream:short)%00%(objectname)%00%(upstream:track)%00%(upstream:remotename)%00%(upstream:remoteref) refs/heads/main refs/remotes/main [2ms]
2025-06-23 19:44:30.556 [info] > git status -z -uall [19ms]
2025-06-23 19:44:30.557 [info] > git for-each-ref --sort -committerdate --format %(refname)%00%(objectname)%00%(*objectname) [2ms]
2025-06-23 19:44:33.450 [info] > git show --textconv :client/src/pages/inventory-app.tsx [33ms]
2025-06-23 19:44:33.455 [info] > git ls-files --stage -- client/src/pages/inventory-app.tsx [6ms]
2025-06-23 19:44:33.505 [info] > git cat-file -s fe86a5c11fe6fd1d139e0c32ba9db574ecb4c76a [22ms]
2025-06-23 19:44:33.511 [info] > git check-ignore -v -z --stdin [6ms]
2025-06-23 19:44:33.586 [info] > git blame --root --incremental 8b11cdb2fe36b18c4230ed2439e14532e51d24e0 -- client/src/pages/inventory-app.tsx [5ms]
2025-06-23 19:45:13.634 [info] > git check-ignore -v -z --stdin [3ms]
2025-06-23 19:45:29.409 [info] > git show --textconv :server/models/inventory.ts [25ms]
2025-06-23 19:45:29.411 [info] > git ls-files --stage -- server/models/inventory.ts [4ms]
2025-06-23 19:45:29.439 [info] > git cat-file -s d86a5b2cb28906b4e09a920564d3342c80fecd48 [4ms]
2025-06-23 19:45:31.314 [info] > git show --textconv :server/models/transaction.ts [21ms]
2025-06-23 19:45:31.316 [info] > git ls-files --stage -- server/models/transaction.ts [3ms]
2025-06-23 19:45:31.350 [info] > git cat-file -s 9f6bbbb958dd15e37ebf5a93ba953704a1f6041a [6ms]
2025-06-23 19:45:31.395 [info] > git blame --root --incremental 8b11cdb2fe36b18c4230ed2439e14532e51d24e0 -- server/models/transaction.ts [7ms]
2025-06-23 19:45:33.435 [info] > git show --textconv :server/models/user.ts [24ms]
2025-06-23 19:45:33.437 [info] > git ls-files --stage -- server/models/user.ts [3ms]
2025-06-23 19:45:33.472 [info] > git cat-file -s 9a97591f7187260c92b33489a3d076b7ce58139a [6ms]
2025-06-23 19:45:33.513 [info] > git blame --root --incremental 8b11cdb2fe36b18c4230ed2439e14532e51d24e0 -- server/models/user.ts [7ms]
2025-06-23 19:45:34.463 [info] > git check-ignore -v -z --stdin [4ms]
2025-06-23 19:45:50.177 [info] > git config --get commit.template [1ms]
2025-06-23 19:45:50.201 [info] > git for-each-ref --format=%(refname)%00%(upstream:short)%00%(objectname)%00%(upstream:track)%00%(upstream:remotename)%00%(upstream:remoteref) refs/heads/main refs/remotes/main [2ms]
2025-06-23 19:45:50.249 [info] > git status -z -uall [24ms]
2025-06-23 19:45:50.249 [info] > git for-each-ref --sort -committerdate --format %(refname)%00%(objectname)%00%(*objectname) [3ms]
2025-06-23 19:45:55.985 [info] > git show --textconv :shared/schema.ts [16ms]
2025-06-23 19:45:55.987 [info] > git ls-files --stage -- shared/schema.ts [3ms]
2025-06-23 19:45:56.005 [info] > git cat-file -s a525a2ce6010a02bf9e4c7ed95c8094ea6ce2c8b [2ms]
2025-06-23 19:45:56.041 [info] > git blame --root --incremental 8b11cdb2fe36b18c4230ed2439e14532e51d24e0 -- shared/schema.ts [6ms]
2025-06-23 19:45:57.505 [info] > git show --textconv :server/models/user.ts [17ms]
2025-06-23 19:45:57.507 [info] > git ls-files --stage -- server/models/user.ts [2ms]
2025-06-23 19:45:57.526 [info] > git cat-file -s 9a97591f7187260c92b33489a3d076b7ce58139a [3ms]
2025-06-23 19:45:58.254 [info] > git show --textconv :server/models/transaction.ts [19ms]
2025-06-23 19:45:58.255 [info] > git ls-files --stage -- server/models/transaction.ts [2ms]
2025-06-23 19:45:58.274 [info] > git cat-file -s 9f6bbbb958dd15e37ebf5a93ba953704a1f6041a [3ms]
2025-06-23 19:46:17.117 [info] > git config --get commit.template [23ms]
2025-06-23 19:46:17.119 [info] > git for-each-ref --format=%(refname)%00%(upstream:short)%00%(objectname)%00%(upstream:track)%00%(upstream:remotename)%00%(upstream:remoteref) refs/heads/main refs/remotes/main [3ms]
2025-06-23 19:46:17.153 [info] > git status -z -uall [17ms]
2025-06-23 19:46:17.155 [info] > git for-each-ref --sort -committerdate --format %(refname)%00%(objectname)%00%(*objectname) [2ms]
2025-06-23 19:46:21.041 [info] > git show --textconv :server/models/inventory.ts [30ms]
2025-06-23 19:46:21.046 [info] > git ls-files --stage -- server/models/inventory.ts [7ms]
2025-06-23 19:46:21.070 [info] > git cat-file -s d86a5b2cb28906b4e09a920564d3342c80fecd48 [4ms]
2025-06-23 19:46:23.585 [info] > git show --textconv :server/routes.ts [17ms]
2025-06-23 19:46:23.589 [info] > git ls-files --stage -- server/routes.ts [5ms]
2025-06-23 19:46:23.607 [info] > git cat-file -s 1090929c46bf4ed14ebe6232fc6e8e6e877e4f98 [2ms]
2025-06-23 19:46:23.633 [info] > git blame --root --incremental 8b11cdb2fe36b18c4230ed2439e14532e51d24e0 -- server/routes.ts [4ms]
2025-06-23 19:46:24.686 [info] > git show --textconv :client/src/pages/inventory-app.tsx [28ms]
2025-06-23 19:46:24.690 [info] > git ls-files --stage -- client/src/pages/inventory-app.tsx [6ms]
2025-06-23 19:46:24.714 [info] > git cat-file -s fe86a5c11fe6fd1d139e0c32ba9db574ecb4c76a [2ms]
2025-06-23 19:46:25.855 [info] > git show --textconv :client/src/components/inventory-section.tsx [20ms]
2025-06-23 19:46:25.858 [info] > git ls-files --stage -- client/src/components/inventory-section.tsx [3ms]
2025-06-23 19:46:25.881 [info] > git cat-file -s 7d2dcf33d0a5fa133a7263cae0c2eda05535c3e2 [2ms]
2025-06-23 19:46:25.910 [info] > git blame --root --incremental 8b11cdb2fe36b18c4230ed2439e14532e51d24e0 -- client/src/components/inventory-section.tsx [3ms]
2025-06-23 19:46:27.712 [info] > git show --textconv :package-lock.json [39ms]
2025-06-23 19:46:27.748 [info] > git ls-files --stage -- package-lock.json [50ms]
2025-06-23 19:46:27.767 [info] > git cat-file -s ed876abaea8b1aa7aa6f702f87afd538b5e6db96 [2ms]
2025-06-23 19:46:27.908 [info] > git blame --root --incremental 8b11cdb2fe36b18c4230ed2439e14532e51d24e0 -- package-lock.json [3ms]
2025-06-23 19:49:13.825 [info] > git show --textconv :client/src/components/inventory-section.tsx [17ms]
2025-06-23 19:49:13.826 [info] > git ls-files --stage -- client/src/components/inventory-section.tsx [2ms]
2025-06-23 19:49:13.847 [info] > git cat-file -s 7d2dcf33d0a5fa133a7263cae0c2eda05535c3e2 [5ms]
2025-06-23 19:49:15.247 [info] > git check-ignore -v -z --stdin [4ms]
2025-06-23 19:52:35.518 [info] > git check-ignore -v -z --stdin [4ms]
2025-06-23 20:16:47.854 [info] > git config --get commit.template [21ms]
2025-06-23 20:16:47.856 [info] > git for-each-ref --format=%(refname)%00%(upstream:short)%00%(objectname)%00%(upstream:track)%00%(upstream:remotename)%00%(upstream:remoteref) refs/heads/main refs/remotes/main [2ms]
2025-06-23 20:16:47.904 [info] > git status -z -uall [30ms]
2025-06-23 20:16:47.904 [info] > git for-each-ref --sort -committerdate --format %(refname)%00%(objectname)%00%(*objectname) [6ms]
2025-06-23 20:16:47.952 [info] > git merge-base refs/heads/main refs/remotes/origin/main [5ms]
2025-06-23 20:16:47.973 [info] > git blame --root --incremental 2a2c40901c282f5b960f675d08ce0cb70ea1c9fb -- client/src/components/inventory-section.tsx [45ms]
2025-06-23 20:16:47.994 [info] > git diff --name-status -z --diff-filter=ADMR 8b11cdb2fe36b18c4230ed2439e14532e51d24e0...refs/remotes/origin/main [22ms]
2025-06-23 20:16:47.997 [info] > git ls-files --stage -- client/src/components/inventory-section.tsx [4ms]
2025-06-23 20:16:48.016 [info] > git cat-file -s 7d2dcf33d0a5fa133a7263cae0c2eda05535c3e2 [2ms]
2025-06-23 20:16:48.039 [info] > git show --textconv :client/src/components/inventory-section.tsx [2ms]
2025-06-23 20:17:14.783 [info] > git config --get commit.template [26ms]
2025-06-23 20:17:14.784 [info] > git for-each-ref --format=%(refname)%00%(upstream:short)%00%(objectname)%00%(upstream:track)%00%(upstream:remotename)%00%(upstream:remoteref) refs/heads/main refs/remotes/main [2ms]
2025-06-23 20:17:14.838 [info] > git status -z -uall [25ms]
2025-06-23 20:17:14.839 [info] > git for-each-ref --sort -committerdate --format %(refname)%00%(objectname)%00%(*objectname) [5ms]
2025-06-23 20:17:14.865 [info] > git merge-base refs/heads/main refs/remotes/origin/main [3ms]
2025-06-23 20:17:14.889 [info] > git diff --name-status -z --diff-filter=ADMR 2a2c40901c282f5b960f675d08ce0cb70ea1c9fb...refs/remotes/origin/main [4ms]
2025-06-23 20:20:16.141 [info] > git config --get commit.template [2ms]
2025-06-23 20:20:16.165 [info] > git for-each-ref --format=%(refname)%00%(upstream:short)%00%(objectname)%00%(upstream:track)%00%(upstream:remotename)%00%(upstream:remoteref) refs/heads/main refs/remotes/main [2ms]
2025-06-23 20:20:16.199 [info] > git status -z -uall [17ms]
2025-06-23 20:20:16.200 [info] > git for-each-ref --sort -committerdate --format %(refname)%00%(objectname)%00%(*objectname) [2ms]
2025-06-23 20:20:31.346 [info] > git config --get commit.template [2ms]
2025-06-23 20:20:31.371 [info] > git for-each-ref --format=%(refname)%00%(upstream:short)%00%(objectname)%00%(upstream:track)%00%(upstream:remotename)%00%(upstream:remoteref) refs/heads/main refs/remotes/main [2ms]
2025-06-23 20:20:31.424 [info] > git status -z -uall [24ms]
2025-06-23 20:20:31.425 [info] > git for-each-ref --sort -committerdate --format %(refname)%00%(objectname)%00%(*objectname) [3ms]
2025-06-23 20:21:09.736 [info] > git config --get commit.template [19ms]
2025-06-23 20:21:09.737 [info] > git for-each-ref --format=%(refname)%00%(upstream:short)%00%(objectname)%00%(upstream:track)%00%(upstream:remotename)%00%(upstream:remoteref) refs/heads/main refs/remotes/main [2ms]
2025-06-23 20:21:09.778 [info] > git status -z -uall [23ms]
2025-06-23 20:21:09.781 [info] > git for-each-ref --sort -committerdate --format %(refname)%00%(objectname)%00%(*objectname) [5ms]
2025-06-23 20:21:14.828 [info] > git config --get commit.template [20ms]
2025-06-23 20:21:14.829 [info] > git for-each-ref --format=%(refname)%00%(upstream:short)%00%(objectname)%00%(upstream:track)%00%(upstream:remotename)%00%(upstream:remoteref) refs/heads/main refs/remotes/main [2ms]
2025-06-23 20:21:14.873 [info] > git status -z -uall [22ms]
2025-06-23 20:21:14.876 [info] > git for-each-ref --sort -committerdate --format %(refname)%00%(objectname)%00%(*objectname) [3ms]
2025-06-23 20:22:34.259 [info] > git config --get commit.template [3ms]
2025-06-23 20:22:34.283 [info] > git for-each-ref --format=%(refname)%00%(upstream:short)%00%(objectname)%00%(upstream:track)%00%(upstream:remotename)%00%(upstream:remoteref) refs/heads/main refs/remotes/main [3ms]
2025-06-23 20:22:34.329 [info] > git status -z -uall [24ms]
2025-06-23 20:22:34.329 [info] > git for-each-ref --sort -committerdate --format %(refname)%00%(objectname)%00%(*objectname) [6ms]
2025-06-23 20:22:52.991 [info] > git config --get commit.template [29ms]
2025-06-23 20:22:52.993 [info] > git for-each-ref --format=%(refname)%00%(upstream:short)%00%(objectname)%00%(upstream:track)%00%(upstream:remotename)%00%(upstream:remoteref) refs/heads/main refs/remotes/main [3ms]
2025-06-23 20:22:53.044 [info] > git status -z -uall [20ms]
2025-06-23 20:22:53.045 [info] > git for-each-ref --sort -committerdate --format %(refname)%00%(objectname)%00%(*objectname) [2ms]
2025-06-23 20:22:59.321 [info] > git config --get commit.template [17ms]
2025-06-23 20:22:59.322 [info] > git for-each-ref --format=%(refname)%00%(upstream:short)%00%(objectname)%00%(upstream:track)%00%(upstream:remotename)%00%(upstream:remoteref) refs/heads/main refs/remotes/main [2ms]
2025-06-23 20:22:59.359 [info] > git status -z -uall [18ms]
2025-06-23 20:22:59.360 [info] > git for-each-ref --sort -committerdate --format %(refname)%00%(objectname)%00%(*objectname) [2ms]
2025-06-23 20:23:12.686 [info] > git config --get commit.template [23ms]
2025-06-23 20:23:12.687 [info] > git for-each-ref --format=%(refname)%00%(upstream:short)%00%(objectname)%00%(upstream:track)%00%(upstream:remotename)%00%(upstream:remoteref) refs/heads/main refs/remotes/main [3ms]
2025-06-23 20:23:12.724 [info] > git status -z -uall [19ms]
2025-06-23 20:23:12.725 [info] > git for-each-ref --sort -committerdate --format %(refname)%00%(objectname)%00%(*objectname) [2ms]
2025-06-23 20:23:19.250 [info] > git show --textconv :client/src/pages/inventory-app.tsx [23ms]
2025-06-23 20:23:19.252 [info] > git ls-files --stage -- client/src/pages/inventory-app.tsx [7ms]
2025-06-23 20:23:19.271 [info] > git cat-file -s fe86a5c11fe6fd1d139e0c32ba9db574ecb4c76a [2ms]
2025-06-23 20:23:19.316 [info] > git blame --root --incremental 2a2c40901c282f5b960f675d08ce0cb70ea1c9fb -- client/src/pages/inventory-app.tsx [6ms]
2025-06-23 20:23:24.115 [info] > git config --get commit.template [18ms]
2025-06-23 20:23:24.116 [info] > git for-each-ref --format=%(refname)%00%(upstream:short)%00%(objectname)%00%(upstream:track)%00%(upstream:remotename)%00%(upstream:remoteref) refs/heads/main refs/remotes/main [2ms]
2025-06-23 20:23:24.155 [info] > git status -z -uall [20ms]
2025-06-23 20:23:24.156 [info] > git for-each-ref --sort -committerdate --format %(refname)%00%(objectname)%00%(*objectname) [3ms]
2025-06-23 20:23:36.791 [info] > git config --get commit.template [1ms]
2025-06-23 20:23:36.821 [info] > git for-each-ref --format=%(refname)%00%(upstream:short)%00%(objectname)%00%(upstream:track)%00%(upstream:remotename)%00%(upstream:remoteref) refs/heads/main refs/remotes/main [3ms]
2025-06-23 20:23:36.864 [info] > git status -z -uall [26ms]
2025-06-23 20:23:36.865 [info] > git for-each-ref --sort -committerdate --format %(refname)%00%(objectname)%00%(*objectname) [2ms]
2025-06-23 20:23:49.602 [info] > git config --get commit.template [34ms]
2025-06-23 20:23:49.603 [info] > git for-each-ref --format=%(refname)%00%(upstream:short)%00%(objectname)%00%(upstream:track)%00%(upstream:remotename)%00%(upstream:remoteref) refs/heads/main refs/remotes/main [2ms]
2025-06-23 20:23:49.667 [info] > git status -z -uall [34ms]
2025-06-23 20:23:49.669 [info] > git for-each-ref --sort -committerdate --format %(refname)%00%(objectname)%00%(*objectname) [5ms]
2025-06-23 20:24:21.803 [info] > git show --textconv :server/vite.ts [31ms]
2025-06-23 20:24:21.805 [info] > git ls-files --stage -- server/vite.ts [8ms]
2025-06-23 20:24:21.829 [info] > git cat-file -s 95395a0cf4d14020edd7155297743375c61aebbd [2ms]
2025-06-23 20:24:27.562 [info] > git blame --root --incremental 2a2c40901c282f5b960f675d08ce0cb70ea1c9fb -- server/vite.ts [7ms]
2025-06-23 20:36:42.211 [info] > git config --get commit.template [25ms]
2025-06-23 20:36:42.214 [info] > git for-each-ref --format=%(refname)%00%(upstream:short)%00%(objectname)%00%(upstream:track)%00%(upstream:remotename)%00%(upstream:remoteref) refs/heads/main refs/remotes/main [4ms]
2025-06-23 20:36:42.256 [info] > git status -z -uall [24ms]
2025-06-23 20:36:42.256 [info] > git for-each-ref --sort -committerdate --format %(refname)%00%(objectname)%00%(*objectname) [5ms]
2025-06-23 20:36:42.303 [info] > git merge-base refs/heads/main refs/remotes/origin/main [4ms]
2025-06-23 20:36:42.321 [info] > git blame --root --incremental 21818c5ee299af3c89fe89035e9bfa8a874e0bca -- server/vite.ts [41ms]
2025-06-23 20:36:42.342 [info] > git diff --name-status -z --diff-filter=ADMR 21818c5ee299af3c89fe89035e9bfa8a874e0bca...refs/remotes/origin/main [21ms]
2025-06-23 20:36:42.344 [info] > git ls-files --stage -- server/vite.ts [3ms]
2025-06-23 20:36:42.365 [info] > git cat-file -s b6499a8a614edea831863299cff12f85e5186578 [3ms]
2025-06-23 20:36:42.410 [info] > git show --textconv :server/vite.ts [2ms]
2025-06-23 20:36:47.331 [info] > git config --get commit.template [2ms]
2025-06-23 20:36:47.356 [info] > git for-each-ref --format=%(refname)%00%(upstream:short)%00%(objectname)%00%(upstream:track)%00%(upstream:remotename)%00%(upstream:remoteref) refs/heads/main refs/remotes/main [2ms]
2025-06-23 20:36:47.415 [info] > git status -z -uall [29ms]
2025-06-23 20:36:47.417 [info] > git for-each-ref --sort -committerdate --format %(refname)%00%(objectname)%00%(*objectname) [3ms]
2025-06-23 20:36:54.149 [info] > git config --get commit.template [19ms]
2025-06-23 20:36:54.150 [info] > git for-each-ref --format=%(refname)%00%(upstream:short)%00%(objectname)%00%(upstream:track)%00%(upstream:remotename)%00%(upstream:remoteref) refs/heads/main refs/remotes/main [2ms]
2025-06-23 20:36:54.198 [info] > git status -z -uall [24ms]
2025-06-23 20:36:54.201 [info] > git for-each-ref --sort -committerdate --format %(refname)%00%(objectname)%00%(*objectname) [4ms]
2025-06-23 20:37:06.793 [info] > git config --get commit.template [31ms]
2025-06-23 20:37:06.795 [info] > git for-each-ref --format=%(refname)%00%(upstream:short)%00%(objectname)%00%(upstream:track)%00%(upstream:remotename)%00%(upstream:remoteref) refs/heads/main refs/remotes/main [4ms]
2025-06-23 20:37:06.853 [info] > git status -z -uall [28ms]
2025-06-23 20:37:06.854 [info] > git for-each-ref --sort -committerdate --format %(refname)%00%(objectname)%00%(*objectname) [2ms]
2025-06-23 20:37:15.368 [info] > git show --textconv :client/src/pages/inventory-app.tsx [41ms]
2025-06-23 20:37:15.368 [info] > git ls-files --stage -- client/src/pages/inventory-app.tsx [16ms]
2025-06-23 20:37:15.392 [info] > git cat-file -s fe86a5c11fe6fd1d139e0c32ba9db574ecb4c76a [3ms]
2025-06-23 20:37:15.432 [info] > git blame --root --incremental 21818c5ee299af3c89fe89035e9bfa8a874e0bca -- client/src/pages/inventory-app.tsx [5ms]
2025-06-23 20:43:20.152 [info] > git show --textconv :server/vite.ts [19ms]
2025-06-23 20:43:20.154 [info] > git ls-files --stage -- server/vite.ts [5ms]
2025-06-23 20:43:20.173 [info] > git cat-file -s b6499a8a614edea831863299cff12f85e5186578 [1ms]
2025-06-23 20:43:21.391 [info] > git show --textconv :client/src/pages/inventory-app.tsx [43ms]
2025-06-23 20:43:21.397 [info] > git ls-files --stage -- client/src/pages/inventory-app.tsx [24ms]
2025-06-23 20:43:21.439 [info] > git cat-file -s fe86a5c11fe6fd1d139e0c32ba9db574ecb4c76a [24ms]
2025-06-23 20:43:21.447 [info] > git config --get commit.template [10ms]
2025-06-23 20:43:21.470 [info] > git for-each-ref --format=%(refname)%00%(upstream:short)%00%(objectname)%00%(upstream:track)%00%(upstream:remotename)%00%(upstream:remoteref) refs/heads/main refs/remotes/main [4ms]
2025-06-23 20:43:21.509 [info] > git status -z -uall [20ms]
2025-06-23 20:43:21.511 [info] > git for-each-ref --sort -committerdate --format %(refname)%00%(objectname)%00%(*objectname) [4ms]
2025-06-23 20:43:23.642 [info] > git show --textconv :server/vite.ts [22ms]
2025-06-23 20:43:23.644 [info] > git ls-files --stage -- server/vite.ts [6ms]
2025-06-23 20:43:23.665 [info] > git cat-file -s b6499a8a614edea831863299cff12f85e5186578 [4ms]
2025-06-23 20:43:27.808 [info] > git config --get commit.template [1226ms]
2025-06-23 20:43:29.079 [info] > git for-each-ref --format=%(refname)%00%(upstream:short)%00%(objectname)%00%(upstream:track)%00%(upstream:remotename)%00%(upstream:remoteref) refs/heads/main refs/remotes/main [1225ms]
2025-06-23 20:43:30.379 [info] > git status -z -uall [1247ms]
2025-06-23 20:43:30.379 [info] > git for-each-ref --sort -committerdate --format %(refname)%00%(objectname)%00%(*objectname) [1221ms]
2025-06-23 20:43:43.550 [info] > git config --get commit.template [27ms]
2025-06-23 20:43:43.551 [info] > git for-each-ref --format=%(refname)%00%(upstream:short)%00%(objectname)%00%(upstream:track)%00%(upstream:remotename)%00%(upstream:remoteref) refs/heads/main refs/remotes/main [2ms]
2025-06-23 20:43:43.614 [info] > git status -z -uall [32ms]
2025-06-23 20:43:43.616 [info] > git for-each-ref --sort -committerdate --format %(refname)%00%(objectname)%00%(*objectname) [6ms]
2025-06-23 20:45:02.659 [info] > git config --get commit.template [20ms]
2025-06-23 20:45:02.661 [info] > git for-each-ref --format=%(refname)%00%(upstream:short)%00%(objectname)%00%(upstream:track)%00%(upstream:remotename)%00%(upstream:remoteref) refs/heads/main refs/remotes/main [3ms]
2025-06-23 20:45:02.703 [info] > git status -z -uall [24ms]
2025-06-23 20:45:02.703 [info] > git for-each-ref --sort -committerdate --format %(refname)%00%(objectname)%00%(*objectname) [6ms]
2025-06-23 20:45:02.777 [info] > git ls-files --stage -- server/vite.ts [2ms]
2025-06-23 20:45:02.798 [info] > git cat-file -s 90297f5b95e15ab1ed82fa2e70c5d1a71f542961 [2ms]
2025-06-23 20:45:02.831 [info] > git show --textconv :server/vite.ts [2ms]
2025-06-23 20:45:03.081 [info] > git show --textconv HEAD:server/vite.ts [25ms]
2025-06-23 20:45:03.082 [info] > git ls-tree -l HEAD -- server/vite.ts [1ms]
2025-06-23 20:45:07.753 [info] > git config --get commit.template [27ms]
2025-06-23 20:45:07.753 [info] > git for-each-ref --format=%(refname)%00%(upstream:short)%00%(objectname)%00%(upstream:track)%00%(upstream:remotename)%00%(upstream:remoteref) refs/heads/main refs/remotes/main [1ms]
2025-06-23 20:45:07.810 [info] > git status -z -uall [26ms]
2025-06-23 20:45:07.810 [info] > git for-each-ref --sort -committerdate --format %(refname)%00%(objectname)%00%(*objectname) [4ms]
2025-06-23 20:45:09.597 [info] > git config --get commit.template [2ms]
2025-06-23 20:45:09.615 [info] > git for-each-ref --format=%(refname)%00%(upstream:short)%00%(objectname)%00%(upstream:track)%00%(upstream:remotename)%00%(upstream:remoteref) refs/heads/main refs/remotes/main [2ms]
2025-06-23 20:45:09.646 [info] > git status -z -uall [15ms]
2025-06-23 20:45:09.647 [info] > git for-each-ref --sort -committerdate --format %(refname)%00%(objectname)%00%(*objectname) [2ms]
2025-06-23 20:45:21.869 [info] > git config --get commit.template [2ms]
2025-06-23 20:45:21.901 [info] > git for-each-ref --format=%(refname)%00%(upstream:short)%00%(objectname)%00%(upstream:track)%00%(upstream:remotename)%00%(upstream:remoteref) refs/heads/main refs/remotes/main [3ms]
2025-06-23 20:45:21.957 [info] > git status -z -uall [31ms]
2025-06-23 20:45:21.960 [info] > git for-each-ref --sort -committerdate --format %(refname)%00%(objectname)%00%(*objectname) [4ms]
2025-06-23 20:45:22.004 [info] > git blame --root --incremental 5a2c0a70beb36b441794b1cb793f9b3f6fb711b0 -- server/vite.ts [18ms]
2025-06-23 20:45:22.005 [info] > git merge-base refs/heads/main refs/remotes/origin/main [3ms]
2025-06-23 20:45:22.032 [info] > git diff --name-status -z --diff-filter=ADMR 21818c5ee299af3c89fe89035e9bfa8a874e0bca...refs/remotes/origin/main [5ms]
2025-06-23 20:45:23.023 [info] > git ls-files --stage -- server/vite.ts [2ms]
2025-06-23 20:45:23.045 [info] > git cat-file -s 90297f5b95e15ab1ed82fa2e70c5d1a71f542961 [2ms]
2025-06-23 20:45:23.067 [info] > git show --textconv :server/vite.ts [2ms]
2025-06-23 20:45:29.789 [info] > git config --get commit.template [30ms]
2025-06-23 20:45:29.791 [info] > git for-each-ref --format=%(refname)%00%(upstream:short)%00%(objectname)%00%(upstream:track)%00%(upstream:remotename)%00%(upstream:remoteref) refs/heads/main refs/remotes/main [4ms]
2025-06-23 20:45:29.843 [info] > git status -z -uall [24ms]
2025-06-23 20:45:29.845 [info] > git for-each-ref --sort -committerdate --format %(refname)%00%(objectname)%00%(*objectname) [3ms]
2025-06-23 20:45:29.877 [info] > git merge-base refs/heads/main refs/remotes/origin/main [3ms]
2025-06-23 20:45:29.897 [info] > git diff --name-status -z --diff-filter=ADMR 5a2c0a70beb36b441794b1cb793f9b3f6fb711b0...refs/remotes/origin/main [2ms]
2025-06-23 20:47:39.122 [info] > git config --get commit.template [1ms]
2025-06-23 20:47:39.151 [info] > git for-each-ref --format=%(refname)%00%(upstream:short)%00%(objectname)%00%(upstream:track)%00%(upstream:remotename)%00%(upstream:remoteref) refs/heads/main refs/remotes/main [2ms]
2025-06-23 20:47:39.186 [info] > git status -z -uall [17ms]
2025-06-23 20:47:39.188 [info] > git for-each-ref --sort -committerdate --format %(refname)%00%(objectname)%00%(*objectname) [3ms]
2025-06-23 20:48:26.781 [info] > git config --get commit.template [22ms]
2025-06-23 20:48:26.781 [info] > git for-each-ref --format=%(refname)%00%(upstream:short)%00%(objectname)%00%(upstream:track)%00%(upstream:remotename)%00%(upstream:remoteref) refs/heads/main refs/remotes/main [4ms]
2025-06-23 20:48:26.821 [info] > git status -z -uall [23ms]
2025-06-23 20:48:26.821 [info] > git for-each-ref --sort -committerdate --format %(refname)%00%(objectname)%00%(*objectname) [6ms]
2025-06-23 20:48:37.162 [info] > git config --get commit.template [18ms]
2025-06-23 20:48:37.163 [info] > git for-each-ref --format=%(refname)%00%(upstream:short)%00%(objectname)%00%(upstream:track)%00%(upstream:remotename)%00%(upstream:remoteref) refs/heads/main refs/remotes/main [2ms]
2025-06-23 20:48:37.209 [info] > git status -z -uall [23ms]
2025-06-23 20:48:37.210 [info] > git for-each-ref --sort -committerdate --format %(refname)%00%(objectname)%00%(*objectname) [2ms]
2025-06-23 20:48:48.427 [info] > git config --get commit.template [24ms]
2025-06-23 20:48:48.428 [info] > git for-each-ref --format=%(refname)%00%(upstream:short)%00%(objectname)%00%(upstream:track)%00%(upstream:remotename)%00%(upstream:remoteref) refs/heads/main refs/remotes/main [1ms]
2025-06-23 20:48:48.462 [info] > git status -z -uall [17ms]
2025-06-23 20:48:48.463 [info] > git for-each-ref --sort -committerdate --format %(refname)%00%(objectname)%00%(*objectname) [2ms]
2025-06-23 20:48:55.856 [info] > git config --get commit.template [4ms]
2025-06-23 20:48:55.881 [info] > git for-each-ref --format=%(refname)%00%(upstream:short)%00%(objectname)%00%(upstream:track)%00%(upstream:remotename)%00%(upstream:remoteref) refs/heads/main refs/remotes/main [4ms]
2025-06-23 20:48:55.928 [info] > git status -z -uall [24ms]
2025-06-23 20:48:55.929 [info] > git for-each-ref --sort -committerdate --format %(refname)%00%(objectname)%00%(*objectname) [2ms]
2025-06-23 20:49:00.963 [info] > git config --get commit.template [4ms]
2025-06-23 20:49:00.987 [info] > git for-each-ref --format=%(refname)%00%(upstream:short)%00%(objectname)%00%(upstream:track)%00%(upstream:remotename)%00%(upstream:remoteref) refs/heads/main refs/remotes/main [3ms]
2025-06-23 20:49:01.035 [info] > git status -z -uall [25ms]
2025-06-23 20:49:01.038 [info] > git for-each-ref --sort -committerdate --format %(refname)%00%(objectname)%00%(*objectname) [4ms]
2025-06-23 20:51:19.813 [info] > git show --textconv :package.json [32ms]
2025-06-23 20:51:19.822 [info] > git ls-files --stage -- package.json [10ms]
2025-06-23 20:51:19.852 [info] > git cat-file -s 9f616e3f4c565c862e7a5618f8fcbd2e1bb6ce20 [6ms]
2025-06-23 20:51:19.930 [info] > git blame --root --incremental 5a2c0a70beb36b441794b1cb793f9b3f6fb711b0 -- package.json [3ms]
2025-06-23 20:51:40.740 [info] > git config --get commit.template [1ms]
2025-06-23 20:51:40.765 [info] > git for-each-ref --format=%(refname)%00%(upstream:short)%00%(objectname)%00%(upstream:track)%00%(upstream:remotename)%00%(upstream:remoteref) refs/heads/main refs/remotes/main [2ms]
2025-06-23 20:51:40.821 [info] > git status -z -uall [26ms]
2025-06-23 20:51:40.822 [info] > git for-each-ref --sort -committerdate --format %(refname)%00%(objectname)%00%(*objectname) [3ms]
2025-06-23 20:54:18.497 [info] > git config --get commit.template [20ms]
2025-06-23 20:54:18.498 [info] > git for-each-ref --format=%(refname)%00%(upstream:short)%00%(objectname)%00%(upstream:track)%00%(upstream:remotename)%00%(upstream:remoteref) refs/heads/main refs/remotes/main [2ms]
2025-06-23 20:54:18.541 [info] > git status -z -uall [26ms]
2025-06-23 20:54:18.541 [info] > git for-each-ref --sort -committerdate --format %(refname)%00%(objectname)%00%(*objectname) [6ms]
2025-06-23 20:54:23.609 [info] > git config --get commit.template [32ms]
2025-06-23 20:54:23.611 [info] > git for-each-ref --format=%(refname)%00%(upstream:short)%00%(objectname)%00%(upstream:track)%00%(upstream:remotename)%00%(upstream:remoteref) refs/heads/main refs/remotes/main [5ms]
2025-06-23 20:54:23.655 [info] > git status -z -uall [22ms]
2025-06-23 20:54:23.656 [info] > git for-each-ref --sort -committerdate --format %(refname)%00%(objectname)%00%(*objectname) [2ms]
2025-06-23 20:55:33.981 [info] > git show --textconv :client/index.html [18ms]
2025-06-23 20:55:33.982 [info] > git ls-files --stage -- client/index.html [2ms]
2025-06-23 20:55:34.000 [info] > git cat-file -s 4b4d09e3151713b7af7e8d38dd2bac2a27d5a7ee [2ms]
2025-06-23 20:55:41.875 [info] > git show --textconv :package.json [28ms]
2025-06-23 20:55:41.880 [info] > git ls-files --stage -- package.json [7ms]
2025-06-23 20:55:41.907 [info] > git cat-file -s 9f616e3f4c565c862e7a5618f8fcbd2e1bb6ce20 [2ms]
2025-06-23 20:56:27.814 [info] > git show --textconv :tsconfig.json [19ms]
2025-06-23 20:56:27.815 [info] > git ls-files --stage -- tsconfig.json [3ms]
2025-06-23 20:56:27.833 [info] > git cat-file -s a0203eefcb88d0dcf5e5ff0e2f90150a1b46ee05 [1ms]
2025-06-23 20:56:31.924 [info] > git blame --root --incremental 5a2c0a70beb36b441794b1cb793f9b3f6fb711b0 -- tsconfig.json [7ms]
2025-06-23 20:57:04.287 [info] > git config --get commit.template [5ms]
2025-06-23 20:57:04.312 [info] > git for-each-ref --format=%(refname)%00%(upstream:short)%00%(objectname)%00%(upstream:track)%00%(upstream:remotename)%00%(upstream:remoteref) refs/heads/main refs/remotes/main [1ms]
2025-06-23 20:57:04.352 [info] > git status -z -uall [20ms]
2025-06-23 20:57:04.354 [info] > git for-each-ref --sort -committerdate --format %(refname)%00%(objectname)%00%(*objectname) [3ms]
2025-06-23 20:57:30.686 [info] > git config --get commit.template [29ms]
2025-06-23 20:57:30.688 [info] > git for-each-ref --format=%(refname)%00%(upstream:short)%00%(objectname)%00%(upstream:track)%00%(upstream:remotename)%00%(upstream:remoteref) refs/heads/main refs/remotes/main [3ms]
2025-06-23 20:57:30.735 [info] > git status -z -uall [24ms]
2025-06-23 20:57:30.737 [info] > git for-each-ref --sort -committerdate --format %(refname)%00%(objectname)%00%(*objectname) [3ms]
2025-06-23 20:57:37.945 [info] > git config --get commit.template [3ms]
2025-06-23 20:57:37.969 [info] > git for-each-ref --format=%(refname)%00%(upstream:short)%00%(objectname)%00%(upstream:track)%00%(upstream:remotename)%00%(upstream:remoteref) refs/heads/main refs/remotes/main [2ms]
2025-06-23 20:57:38.010 [info] > git status -z -uall [18ms]
2025-06-23 20:57:38.012 [info] > git for-each-ref --sort -committerdate --format %(refname)%00%(objectname)%00%(*objectname) [3ms]
2025-06-23 20:57:39.103 [info] > git ls-files --stage -- tsconfig.json [4ms]
2025-06-23 20:57:39.127 [info] > git cat-file -s a0203eefcb88d0dcf5e5ff0e2f90150a1b46ee05 [1ms]
2025-06-23 20:57:39.147 [info] > git show --textconv :tsconfig.json [2ms]
2025-06-23 20:57:47.668 [info] > git config --get commit.template [2ms]
2025-06-23 20:57:47.686 [info] > git for-each-ref --format=%(refname)%00%(upstream:short)%00%(objectname)%00%(upstream:track)%00%(upstream:remotename)%00%(upstream:remoteref) refs/heads/main refs/remotes/main [2ms]
2025-06-23 20:57:47.753 [info] > git status -z -uall [39ms]
2025-06-23 20:57:47.754 [info] > git for-each-ref --sort -committerdate --format %(refname)%00%(objectname)%00%(*objectname) [4ms]
2025-06-23 20:57:47.817 [info] > git blame --root --incremental 623fcf54bfd2bab3f2b74f6726c0a8afe241bf11 -- tsconfig.json [25ms]
2025-06-23 20:57:47.820 [info] > git merge-base refs/heads/main refs/remotes/origin/main [4ms]
2025-06-23 20:57:47.837 [info] > git diff --name-status -z --diff-filter=ADMR 5a2c0a70beb36b441794b1cb793f9b3f6fb711b0...refs/remotes/origin/main [1ms]
2025-06-23 20:57:48.888 [info] > git ls-files --stage -- tsconfig.json [3ms]
2025-06-23 20:57:48.913 [info] > git cat-file -s a0203eefcb88d0dcf5e5ff0e2f90150a1b46ee05 [2ms]
2025-06-23 20:57:48.942 [info] > git show --textconv :tsconfig.json [2ms]
2025-06-23 20:57:54.686 [info] > git config --get commit.template [27ms]
2025-06-23 20:57:54.690 [info] > git for-each-ref --format=%(refname)%00%(upstream:short)%00%(objectname)%00%(upstream:track)%00%(upstream:remotename)%00%(upstream:remoteref) refs/heads/main refs/remotes/main [5ms]
2025-06-23 20:57:54.734 [info] > git status -z -uall [18ms]
2025-06-23 20:57:54.735 [info] > git for-each-ref --sort -committerdate --format %(refname)%00%(objectname)%00%(*objectname) [2ms]
2025-06-23 20:57:54.771 [info] > git merge-base refs/heads/main refs/remotes/origin/main [2ms]
2025-06-23 20:57:54.789 [info] > git diff --name-status -z --diff-filter=ADMR 623fcf54bfd2bab3f2b74f6726c0a8afe241bf11...refs/remotes/origin/main [2ms]
2025-06-23 20:58:47.198 [info] > git show --textconv :package.json [24ms]
2025-06-23 20:58:47.202 [info] > git ls-files --stage -- package.json [4ms]
2025-06-23 20:58:47.226 [info] > git cat-file -s c5f6fc9c2b53a033335ef1b777304d5d43a31c6e [3ms]
2025-06-23 20:58:47.259 [info] > git blame --root --incremental 623fcf54bfd2bab3f2b74f6726c0a8afe241bf11 -- package.json [7ms]
2025-06-23 20:59:05.202 [info] > git config --get commit.template [1ms]
2025-06-23 20:59:05.226 [info] > git for-each-ref --format=%(refname)%00%(upstream:short)%00%(objectname)%00%(upstream:track)%00%(upstream:remotename)%00%(upstream:remoteref) refs/heads/main refs/remotes/main [2ms]
2025-06-23 20:59:05.268 [info] > git status -z -uall [25ms]
2025-06-23 20:59:05.269 [info] > git for-each-ref --sort -committerdate --format %(refname)%00%(objectname)%00%(*objectname) [4ms]
2025-06-23 20:59:10.111 [info] > git config --get commit.template [2ms]
2025-06-23 20:59:10.142 [info] > git for-each-ref --format=%(refname)%00%(upstream:short)%00%(objectname)%00%(upstream:track)%00%(upstream:remotename)%00%(upstream:remoteref) refs/heads/main refs/remotes/main [2ms]
2025-06-23 20:59:10.193 [info] > git status -z -uall [28ms]
2025-06-23 20:59:10.196 [info] > git for-each-ref --sort -committerdate --format %(refname)%00%(objectname)%00%(*objectname) [4ms]
2025-06-23 20:59:10.544 [info] > git show --textconv HEAD:package.json [16ms]
2025-06-23 20:59:10.545 [info] > git ls-tree -l HEAD -- package.json [2ms]
2025-06-23 20:59:11.288 [info] > git ls-files --stage -- package.json [18ms]
2025-06-23 20:59:11.308 [info] > git cat-file -s b8c4a637825fb8277addf01c9bc6f045194fbfb3 [5ms]
2025-06-23 20:59:11.309 [info] > git ls-tree -l HEAD -- package.json [21ms]
2025-06-23 20:59:11.374 [info] > git show --textconv :package.json [32ms]
2025-06-23 20:59:11.374 [info] > git show --textconv HEAD:package.json [3ms]
2025-06-23 20:59:16.666 [info] > git config --get commit.template [4ms]
2025-06-23 20:59:16.699 [info] > git for-each-ref --format=%(refname)%00%(upstream:short)%00%(objectname)%00%(upstream:track)%00%(upstream:remotename)%00%(upstream:remoteref) refs/heads/main refs/remotes/main [4ms]
2025-06-23 20:59:16.739 [info] > git status -z -uall [23ms]
2025-06-23 20:59:16.740 [info] > git for-each-ref --sort -committerdate --format %(refname)%00%(objectname)%00%(*objectname) [2ms]
2025-06-23 20:59:16.791 [info] > git blame --root --incremental c5b8a9a38b120a71072684f233ab0e9d8c94b820 -- package.json [19ms]
2025-06-23 20:59:16.794 [info] > git merge-base refs/heads/main refs/remotes/origin/main [5ms]
2025-06-23 20:59:16.821 [info] > git diff --name-status -z --diff-filter=ADMR 623fcf54bfd2bab3f2b74f6726c0a8afe241bf11...refs/remotes/origin/main [4ms]
2025-06-23 20:59:17.835 [info] > git ls-files --stage -- package.json [4ms]
2025-06-23 20:59:17.861 [info] > git cat-file -s b8c4a637825fb8277addf01c9bc6f045194fbfb3 [3ms]
2025-06-23 20:59:17.896 [info] > git show --textconv :package.json [5ms]
2025-06-23 20:59:22.513 [info] > git config --get commit.template [2ms]
2025-06-23 20:59:22.539 [info] > git for-each-ref --format=%(refname)%00%(upstream:short)%00%(objectname)%00%(upstream:track)%00%(upstream:remotename)%00%(upstream:remoteref) refs/heads/main refs/remotes/main [4ms]
2025-06-23 20:59:22.570 [info] > git status -z -uall [16ms]
2025-06-23 20:59:22.572 [info] > git for-each-ref --sort -committerdate --format %(refname)%00%(objectname)%00%(*objectname) [2ms]
2025-06-23 20:59:22.609 [info] > git merge-base refs/heads/main refs/remotes/origin/main [4ms]
2025-06-23 20:59:22.634 [info] > git diff --name-status -z --diff-filter=ADMR c5b8a9a38b120a71072684f233ab0e9d8c94b820...refs/remotes/origin/main [4ms]
2025-06-23 21:04:19.845 [info] > git config --get commit.template [20ms]
2025-06-23 21:04:19.846 [info] > git for-each-ref --format=%(refname)%00%(upstream:short)%00%(objectname)%00%(upstream:track)%00%(upstream:remotename)%00%(upstream:remoteref) refs/heads/main refs/remotes/main [2ms]
2025-06-23 21:04:19.886 [info] > git status -z -uall [22ms]
2025-06-23 21:04:19.890 [info] > git for-each-ref --sort -committerdate --format %(refname)%00%(objectname)%00%(*objectname) [5ms]
2025-06-23 21:04:42.200 [info] > git config --get commit.template [25ms]
2025-06-23 21:04:42.201 [info] > git for-each-ref --format=%(refname)%00%(upstream:short)%00%(objectname)%00%(upstream:track)%00%(upstream:remotename)%00%(upstream:remoteref) refs/heads/main refs/remotes/main [3ms]
2025-06-23 21:04:42.245 [info] > git status -z -uall [24ms]
2025-06-23 21:04:42.245 [info] > git for-each-ref --sort -committerdate --format %(refname)%00%(objectname)%00%(*objectname) [7ms]
2025-06-23 21:04:42.292 [info] > git blame --root --incremental 08968f1517b0e21284f31a8522e6deb0864d05ad -- package.json [24ms]
2025-06-23 21:04:42.293 [info] > git merge-base refs/heads/main refs/remotes/origin/main [4ms]
2025-06-23 21:04:42.315 [info] > git diff --name-status -z --diff-filter=ADMR 08968f1517b0e21284f31a8522e6deb0864d05ad...refs/remotes/origin/main [2ms]
2025-06-23 21:04:42.351 [info] > git ls-files --stage -- package.json [2ms]
2025-06-23 21:04:42.371 [info] > git cat-file -s 8e4006a8181e6b3aa88e75138d640d226d24518b [3ms]
2025-06-23 21:04:42.417 [info] > git show --textconv :package.json [4ms]
2025-06-23 21:04:47.349 [info] > git config --get commit.template [30ms]
2025-06-23 21:04:47.351 [info] > git for-each-ref --format=%(refname)%00%(upstream:short)%00%(objectname)%00%(upstream:track)%00%(upstream:remotename)%00%(upstream:remoteref) refs/heads/main refs/remotes/main [3ms]
2025-06-23 21:04:47.401 [info] > git status -z -uall [27ms]
2025-06-23 21:04:47.403 [info] > git for-each-ref --sort -committerdate --format %(refname)%00%(objectname)%00%(*objectname) [3ms]
2025-06-23 21:05:55.682 [info] > git config --get commit.template [24ms]
2025-06-23 21:05:55.682 [info] > git for-each-ref --format=%(refname)%00%(upstream:short)%00%(objectname)%00%(upstream:track)%00%(upstream:remotename)%00%(upstream:remoteref) refs/heads/main refs/remotes/main [2ms]
2025-06-23 21:05:55.734 [info] > git status -z -uall [23ms]
2025-06-23 21:05:55.734 [info] > git for-each-ref --sort -committerdate --format %(refname)%00%(objectname)%00%(*objectname) [1ms]
2025-06-23 21:06:17.624 [info] > git config --get commit.template [4ms]
2025-06-23 21:06:17.650 [info] > git for-each-ref --format=%(refname)%00%(upstream:short)%00%(objectname)%00%(upstream:track)%00%(upstream:remotename)%00%(upstream:remoteref) refs/heads/main refs/remotes/main [2ms]
2025-06-23 21:06:17.702 [info] > git status -z -uall [26ms]
2025-06-23 21:06:17.703 [info] > git for-each-ref --sort -committerdate --format %(refname)%00%(objectname)%00%(*objectname) [1ms]
2025-06-23 21:06:31.958 [info] > git config --get commit.template [21ms]
2025-06-23 21:06:31.959 [info] > git for-each-ref --format=%(refname)%00%(upstream:short)%00%(objectname)%00%(upstream:track)%00%(upstream:remotename)%00%(upstream:remoteref) refs/heads/main refs/remotes/main [2ms]
2025-06-23 21:06:32.018 [info] > git status -z -uall [37ms]
2025-06-23 21:06:32.018 [info] > git for-each-ref --sort -committerdate --format %(refname)%00%(objectname)%00%(*objectname) [14ms]
2025-06-23 21:06:40.375 [info] > git config --get commit.template [2ms]
2025-06-23 21:06:40.399 [info] > git for-each-ref --format=%(refname)%00%(upstream:short)%00%(objectname)%00%(upstream:track)%00%(upstream:remotename)%00%(upstream:remoteref) refs/heads/main refs/remotes/main [2ms]
2025-06-23 21:06:40.454 [info] > git status -z -uall [34ms]
2025-06-23 21:06:40.454 [info] > git for-each-ref --sort -committerdate --format %(refname)%00%(objectname)%00%(*objectname) [10ms]
2025-06-23 21:16:50.954 [info] > git config --get commit.template [4ms]
2025-06-23 21:16:50.983 [info] > git for-each-ref --format=%(refname)%00%(upstream:short)%00%(objectname)%00%(upstream:track)%00%(upstream:remotename)%00%(upstream:remoteref) refs/heads/main refs/remotes/main [2ms]
2025-06-23 21:16:51.023 [info] > git status -z -uall [23ms]
2025-06-23 21:16:51.024 [info] > git for-each-ref --sort -committerdate --format %(refname)%00%(objectname)%00%(*objectname) [6ms]
2025-06-23 21:16:51.161 [info] > git ls-files --stage -- package.json [3ms]
2025-06-23 21:16:51.185 [info] > git cat-file -s 8e4006a8181e6b3aa88e75138d640d226d24518b [3ms]
2025-06-23 21:16:51.224 [info] > git show --textconv :package.json [2ms]
2025-06-23 21:17:09.086 [info] > git config --get commit.template [29ms]
2025-06-23 21:17:09.086 [info] > git for-each-ref --format=%(refname)%00%(upstream:short)%00%(objectname)%00%(upstream:track)%00%(upstream:remotename)%00%(upstream:remoteref) refs/heads/main refs/remotes/main [2ms]
2025-06-23 21:17:09.128 [info] > git status -z -uall [22ms]
2025-06-23 21:17:09.128 [info] > git for-each-ref --sort -committerdate --format %(refname)%00%(objectname)%00%(*objectname) [6ms]
2025-06-23 21:23:10.516 [info] > git config --get commit.template [4ms]
2025-06-23 21:23:10.536 [info] > git for-each-ref --format=%(refname)%00%(upstream:short)%00%(objectname)%00%(upstream:track)%00%(upstream:remotename)%00%(upstream:remoteref) refs/heads/main refs/remotes/main [2ms]
2025-06-23 21:23:10.579 [info] > git status -z -uall [23ms]
2025-06-23 21:23:10.579 [info] > git for-each-ref --sort -committerdate --format %(refname)%00%(objectname)%00%(*objectname) [5ms]
2025-06-23 21:23:10.674 [info] > git ls-files --stage -- package.json [2ms]
2025-06-23 21:23:10.697 [info] > git cat-file -s 8e4006a8181e6b3aa88e75138d640d226d24518b [2ms]
2025-06-23 21:23:10.729 [info] > git show --textconv :package.json [2ms]
2025-06-23 21:23:33.077 [info] > git config --get commit.template [31ms]
2025-06-23 21:23:33.078 [info] > git for-each-ref --format=%(refname)%00%(upstream:short)%00%(objectname)%00%(upstream:track)%00%(upstream:remotename)%00%(upstream:remoteref) refs/heads/main refs/remotes/main [2ms]
2025-06-23 21:23:33.143 [info] > git status -z -uall [39ms]
2025-06-23 21:23:33.143 [info] > git for-each-ref --sort -committerdate --format %(refname)%00%(objectname)%00%(*objectname) [13ms]
2025-06-23 21:29:00.254 [info] > git config --get commit.template [20ms]
2025-06-23 21:29:00.255 [info] > git for-each-ref --format=%(refname)%00%(upstream:short)%00%(objectname)%00%(upstream:track)%00%(upstream:remotename)%00%(upstream:remoteref) refs/heads/main refs/remotes/main [2ms]
2025-06-23 21:29:00.303 [info] > git status -z -uall [30ms]
2025-06-23 21:29:00.303 [info] > git for-each-ref --sort -committerdate --format %(refname)%00%(objectname)%00%(*objectname) [8ms]
2025-06-23 21:32:00.134 [info] > git check-ignore -v -z --stdin [2ms]
2025-06-23 21:35:57.785 [info] > git config --get commit.template [19ms]
2025-06-23 21:35:57.787 [info] > git for-each-ref --format=%(refname)%00%(upstream:short)%00%(objectname)%00%(upstream:track)%00%(upstream:remotename)%00%(upstream:remoteref) refs/heads/main refs/remotes/main [1ms]
2025-06-23 21:35:57.827 [info] > git status -z -uall [23ms]
2025-06-23 21:35:57.828 [info] > git for-each-ref --sort -committerdate --format %(refname)%00%(objectname)%00%(*objectname) [6ms]
2025-06-23 21:36:45.292 [info] > git config --get commit.template [24ms]
2025-06-23 21:36:45.293 [info] > git for-each-ref --format=%(refname)%00%(upstream:short)%00%(objectname)%00%(upstream:track)%00%(upstream:remotename)%00%(upstream:remoteref) refs/heads/main refs/remotes/main [3ms]
2025-06-23 21:36:45.338 [info] > git status -z -uall [25ms]
2025-06-23 21:36:45.338 [info] > git for-each-ref --sort -committerdate --format %(refname)%00%(objectname)%00%(*objectname) [5ms]
2025-06-23 21:37:39.153 [info] > git show --textconv :vercel.json [30ms]
2025-06-23 21:37:39.155 [info] > git ls-files --stage -- vercel.json [4ms]
2025-06-23 21:37:39.183 [info] > git cat-file -s 59e04cfb690b2986b0990945e242aea1a0f2ca13 [3ms]
2025-06-23 21:37:39.229 [info] > git blame --root --incremental 08968f1517b0e21284f31a8522e6deb0864d05ad -- vercel.json [5ms]
2025-06-23 21:37:40.084 [info] > git show --textconv :package.json [25ms]
2025-06-23 21:37:40.088 [info] > git ls-files --stage -- package.json [7ms]
2025-06-23 21:37:40.108 [info] > git cat-file -s 8e4006a8181e6b3aa88e75138d640d226d24518b [2ms]
2025-06-23 21:38:06.363 [info] > git config --get commit.template [21ms]
2025-06-23 21:38:06.365 [info] > git for-each-ref --format=%(refname)%00%(upstream:short)%00%(objectname)%00%(upstream:track)%00%(upstream:remotename)%00%(upstream:remoteref) refs/heads/main refs/remotes/main [2ms]
2025-06-23 21:38:06.407 [info] > git status -z -uall [25ms]
2025-06-23 21:38:06.407 [info] > git for-each-ref --sort -committerdate --format %(refname)%00%(objectname)%00%(*objectname) [7ms]
2025-06-23 21:38:31.794 [info] > git config --get commit.template [19ms]
2025-06-23 21:38:31.796 [info] > git for-each-ref --format=%(refname)%00%(upstream:short)%00%(objectname)%00%(upstream:track)%00%(upstream:remotename)%00%(upstream:remoteref) refs/heads/main refs/remotes/main [2ms]
2025-06-23 21:38:31.832 [info] > git status -z -uall [17ms]
2025-06-23 21:38:31.833 [info] > git for-each-ref --sort -committerdate --format %(refname)%00%(objectname)%00%(*objectname) [2ms]
2025-06-23 21:38:43.447 [info] > git check-ignore -v -z --stdin [3ms]
2025-06-23 21:39:00.493 [info] > git show --textconv :vite.config.ts [25ms]
2025-06-23 21:39:00.495 [info] > git ls-files --stage -- vite.config.ts [3ms]
2025-06-23 21:39:00.521 [info] > git cat-file -s ce3e3d1f6b15a33e4ae097b4cfff0f42b3309380 [1ms]
2025-06-23 21:39:01.495 [info] > git blame --root --incremental 08968f1517b0e21284f31a8522e6deb0864d05ad -- vite.config.ts [5ms]
2025-06-23 21:39:15.262 [info] > git config --get commit.template [15ms]
2025-06-23 21:39:15.262 [info] > git for-each-ref --format=%(refname)%00%(upstream:short)%00%(objectname)%00%(upstream:track)%00%(upstream:remotename)%00%(upstream:remoteref) refs/heads/main refs/remotes/main [1ms]
2025-06-23 21:39:15.306 [info] > git status -z -uall [19ms]
2025-06-23 21:39:15.306 [info] > git for-each-ref --sort -committerdate --format %(refname)%00%(objectname)%00%(*objectname) [3ms]
2025-06-23 21:39:15.359 [info] > git ls-files --stage -- vite.config.ts [3ms]
2025-06-23 21:39:15.376 [info] > git cat-file -s ce3e3d1f6b15a33e4ae097b4cfff0f42b3309380 [2ms]
2025-06-23 21:39:15.394 [info] > git show --textconv :vite.config.ts [2ms]
2025-06-23 21:39:17.999 [info] > git config --get commit.template [2ms]
2025-06-23 21:39:18.017 [info] > git for-each-ref --format=%(refname)%00%(upstream:short)%00%(objectname)%00%(upstream:track)%00%(upstream:remotename)%00%(upstream:remoteref) refs/heads/main refs/remotes/main [1ms]
2025-06-23 21:39:18.048 [info] > git status -z -uall [15ms]
2025-06-23 21:39:18.050 [info] > git for-each-ref --sort -committerdate --format %(refname)%00%(objectname)%00%(*objectname) [2ms]
2025-06-23 21:39:19.212 [info] > git ls-files --stage -- vite.config.ts [4ms]
2025-06-23 21:39:19.235 [info] > git cat-file -s ce3e3d1f6b15a33e4ae097b4cfff0f42b3309380 [2ms]
2025-06-23 21:39:19.253 [info] > git show --textconv :vite.config.ts [2ms]
2025-06-23 21:39:20.337 [info] > git config --get commit.template [2ms]
2025-06-23 21:39:20.363 [info] > git for-each-ref --format=%(refname)%00%(upstream:short)%00%(objectname)%00%(upstream:track)%00%(upstream:remotename)%00%(upstream:remoteref) refs/heads/main refs/remotes/main [1ms]
2025-06-23 21:39:20.414 [info] > git status -z -uall [26ms]
2025-06-23 21:39:20.414 [info] > git for-each-ref --sort -committerdate --format %(refname)%00%(objectname)%00%(*objectname) [2ms]
2025-06-23 21:39:25.930 [info] > git config --get commit.template [17ms]
2025-06-23 21:39:25.931 [info] > git for-each-ref --format=%(refname)%00%(upstream:short)%00%(objectname)%00%(upstream:track)%00%(upstream:remotename)%00%(upstream:remoteref) refs/heads/main refs/remotes/main [2ms]
2025-06-23 21:39:25.967 [info] > git status -z -uall [17ms]
2025-06-23 21:39:25.968 [info] > git for-each-ref --sort -committerdate --format %(refname)%00%(objectname)%00%(*objectname) [2ms]
2025-06-23 21:39:26.011 [info] > git ls-files --stage -- vite.config.ts [2ms]
2025-06-23 21:39:26.027 [info] > git cat-file -s ce3e3d1f6b15a33e4ae097b4cfff0f42b3309380 [1ms]
2025-06-23 21:39:26.045 [info] > git show --textconv :vite.config.ts [2ms]
2025-06-23 21:39:28.066 [info] > git config --get commit.template [3ms]
2025-06-23 21:39:28.097 [info] > git for-each-ref --format=%(refname)%00%(upstream:short)%00%(objectname)%00%(upstream:track)%00%(upstream:remotename)%00%(upstream:remoteref) refs/heads/main refs/remotes/main [5ms]
2025-06-23 21:39:28.152 [info] > git status -z -uall [24ms]
2025-06-23 21:39:28.153 [info] > git for-each-ref --sort -committerdate --format %(refname)%00%(objectname)%00%(*objectname) [3ms]
2025-06-23 21:39:28.980 [info] > git ls-files --stage -- vite.config.ts [1ms]
2025-06-23 21:39:29.001 [info] > git cat-file -s ce3e3d1f6b15a33e4ae097b4cfff0f42b3309380 [2ms]
2025-06-23 21:39:29.020 [info] > git show --textconv :vite.config.ts [1ms]
2025-06-23 21:39:31.006 [info] > git config --get commit.template [18ms]
2025-06-23 21:39:31.007 [info] > git for-each-ref --format=%(refname)%00%(upstream:short)%00%(objectname)%00%(upstream:track)%00%(upstream:remotename)%00%(upstream:remoteref) refs/heads/main refs/remotes/main [2ms]
2025-06-23 21:39:31.045 [info] > git status -z -uall [23ms]
2025-06-23 21:39:31.046 [info] > git for-each-ref --sort -committerdate --format %(refname)%00%(objectname)%00%(*objectname) [3ms]
2025-06-23 21:39:32.120 [info] > git show --textconv :tsconfig.json [16ms]
2025-06-23 21:39:32.121 [info] > git ls-files --stage -- tsconfig.json [2ms]
2025-06-23 21:39:32.140 [info] > git cat-file -s a0203eefcb88d0dcf5e5ff0e2f90150a1b46ee05 [2ms]
2025-06-23 21:39:32.166 [info] > git blame --root --incremental 08968f1517b0e21284f31a8522e6deb0864d05ad -- tsconfig.json [3ms]
2025-06-23 21:39:35.269 [info] > git show --textconv :vite.config.ts [17ms]
2025-06-23 21:39:35.270 [info] > git ls-files --stage -- vite.config.ts [2ms]
2025-06-23 21:39:35.289 [info] > git cat-file -s ce3e3d1f6b15a33e4ae097b4cfff0f42b3309380 [4ms]
2025-06-23 21:41:05.257 [info] > git check-ignore -v -z --stdin [2ms]
2025-06-23 21:41:05.258 [info] > git config --get commit.template [26ms]
2025-06-23 21:41:05.293 [info] > git for-each-ref --format=%(refname)%00%(upstream:short)%00%(objectname)%00%(upstream:track)%00%(upstream:remotename)%00%(upstream:remoteref) refs/heads/main refs/remotes/main [2ms]
2025-06-23 21:41:05.340 [info] > git status -z -uall [24ms]
2025-06-23 21:41:05.341 [info] > git for-each-ref --sort -committerdate --format %(refname)%00%(objectname)%00%(*objectname) [2ms]
2025-06-23 21:41:24.110 [info] > git check-ignore -v -z --stdin [1ms]
2025-06-23 21:41:24.725 [info] > git config --get commit.template [27ms]
2025-06-23 21:41:24.726 [info] > git for-each-ref --format=%(refname)%00%(upstream:short)%00%(objectname)%00%(upstream:track)%00%(upstream:remotename)%00%(upstream:remoteref) refs/heads/main refs/remotes/main [2ms]
2025-06-23 21:41:24.783 [info] > git status -z -uall [26ms]
2025-06-23 21:41:24.784 [info] > git for-each-ref --sort -committerdate --format %(refname)%00%(objectname)%00%(*objectname) [2ms]
2025-06-23 21:41:39.499 [info] > git check-ignore -v -z --stdin [3ms]
2025-06-23 21:41:40.120 [info] > git config --get commit.template [30ms]
2025-06-23 21:41:40.123 [info] > git for-each-ref --format=%(refname)%00%(upstream:short)%00%(objectname)%00%(upstream:track)%00%(upstream:remotename)%00%(upstream:remoteref) refs/heads/main refs/remotes/main [4ms]
2025-06-23 21:41:40.173 [info] > git status -z -uall [22ms]
2025-06-23 21:41:40.175 [info] > git for-each-ref --sort -committerdate --format %(refname)%00%(objectname)%00%(*objectname) [3ms]
2025-06-23 21:41:47.513 [info] > git check-ignore -v -z --stdin [4ms]
2025-06-23 21:41:48.074 [info] > git config --get commit.template [24ms]
2025-06-23 21:41:48.078 [info] > git for-each-ref --format=%(refname)%00%(upstream:short)%00%(objectname)%00%(upstream:track)%00%(upstream:remotename)%00%(upstream:remoteref) refs/heads/main refs/remotes/main [5ms]
2025-06-23 21:41:48.128 [info] > git status -z -uall [24ms]
2025-06-23 21:41:48.131 [info] > git for-each-ref --sort -committerdate --format %(refname)%00%(objectname)%00%(*objectname) [4ms]
2025-06-23 21:42:51.237 [info] > git check-ignore -v -z --stdin [1ms]
2025-06-23 21:43:12.908 [info] > git config --get commit.template [23ms]
2025-06-23 21:43:12.909 [info] > git for-each-ref --format=%(refname)%00%(upstream:short)%00%(objectname)%00%(upstream:track)%00%(upstream:remotename)%00%(upstream:remoteref) refs/heads/main refs/remotes/main [2ms]
2025-06-23 21:43:12.954 [info] > git status -z -uall [22ms]
2025-06-23 21:43:12.955 [info] > git for-each-ref --sort -committerdate --format %(refname)%00%(objectname)%00%(*objectname) [2ms]
2025-06-23 21:46:35.218 [info] > git config --get commit.template [19ms]
2025-06-23 21:46:35.219 [info] > git for-each-ref --format=%(refname)%00%(upstream:short)%00%(objectname)%00%(upstream:track)%00%(upstream:remotename)%00%(upstream:remoteref) refs/heads/main refs/remotes/main [2ms]
2025-06-23 21:46:35.260 [info] > git status -z -uall [18ms]
2025-06-23 21:46:35.262 [info] > git for-each-ref --sort -committerdate --format %(refname)%00%(objectname)%00%(*objectname) [2ms]
2025-06-23 21:46:52.316 [info] > git config --get commit.template [24ms]
2025-06-23 21:46:52.317 [info] > git for-each-ref --format=%(refname)%00%(upstream:short)%00%(objectname)%00%(upstream:track)%00%(upstream:remotename)%00%(upstream:remoteref) refs/heads/main refs/remotes/main [2ms]
2025-06-23 21:46:52.362 [info] > git status -z -uall [22ms]
2025-06-23 21:46:52.363 [info] > git for-each-ref --sort -committerdate --format %(refname)%00%(objectname)%00%(*objectname) [2ms]
2025-06-23 21:51:01.890 [info] > git config --get commit.template [7ms]
2025-06-23 21:51:01.915 [info] > git for-each-ref --format=%(refname)%00%(upstream:short)%00%(objectname)%00%(upstream:track)%00%(upstream:remotename)%00%(upstream:remoteref) refs/heads/main refs/remotes/main [2ms]
2025-06-23 21:51:01.959 [info] > git status -z -uall [20ms]
2025-06-23 21:51:01.959 [info] > git for-each-ref --sort -committerdate --format %(refname)%00%(objectname)%00%(*objectname) [3ms]
2025-06-23 21:51:17.344 [info] > git check-ignore -v -z --stdin [2ms]
2025-06-23 21:51:25.643 [info] > git config --get commit.template [18ms]
2025-06-23 21:51:25.644 [info] > git for-each-ref --format=%(refname)%00%(upstream:short)%00%(objectname)%00%(upstream:track)%00%(upstream:remotename)%00%(upstream:remoteref) refs/heads/main refs/remotes/main [2ms]
2025-06-23 21:51:25.682 [info] > git status -z -uall [20ms]
2025-06-23 21:51:25.686 [info] > git for-each-ref --sort -committerdate --format %(refname)%00%(objectname)%00%(*objectname) [5ms]
2025-06-23 21:51:30.747 [info] > git config --get commit.template [25ms]
2025-06-23 21:51:30.748 [info] > git for-each-ref --format=%(refname)%00%(upstream:short)%00%(objectname)%00%(upstream:track)%00%(upstream:remotename)%00%(upstream:remoteref) refs/heads/main refs/remotes/main [3ms]
2025-06-23 21:51:30.798 [info] > git status -z -uall [21ms]
2025-06-23 21:51:30.798 [info] > git for-each-ref --sort -committerdate --format %(refname)%00%(objectname)%00%(*objectname) [6ms]
2025-06-23 21:51:37.526 [info] > git config --get commit.template [17ms]
2025-06-23 21:51:37.527 [info] > git for-each-ref --format=%(refname)%00%(upstream:short)%00%(objectname)%00%(upstream:track)%00%(upstream:remotename)%00%(upstream:remoteref) refs/heads/main refs/remotes/main [2ms]
2025-06-23 21:51:37.559 [info] > git status -z -uall [16ms]
2025-06-23 21:51:37.560 [info] > git for-each-ref --sort -committerdate --format %(refname)%00%(objectname)%00%(*objectname) [2ms]
2025-06-23 21:52:06.063 [info] > git config --get commit.template [16ms]
2025-06-23 21:52:06.064 [info] > git for-each-ref --format=%(refname)%00%(upstream:short)%00%(objectname)%00%(upstream:track)%00%(upstream:remotename)%00%(upstream:remoteref) refs/heads/main refs/remotes/main [1ms]
2025-06-23 21:52:06.099 [info] > git status -z -uall [17ms]
2025-06-23 21:52:06.100 [info] > git for-each-ref --sort -committerdate --format %(refname)%00%(objectname)%00%(*objectname) [2ms]
2025-06-23 21:52:38.036 [info] > git check-ignore -v -z --stdin [6ms]
2025-06-23 21:52:56.767 [info] > git show --textconv :client/index.html [23ms]
2025-06-23 21:52:56.770 [info] > git ls-files --stage -- client/index.html [3ms]
2025-06-23 21:52:56.793 [info] > git cat-file -s 4b4d09e3151713b7af7e8d38dd2bac2a27d5a7ee [3ms]
2025-06-23 21:53:11.137 [info] > git config --get commit.template [23ms]
2025-06-23 21:53:11.140 [info] > git for-each-ref --format=%(refname)%00%(upstream:short)%00%(objectname)%00%(upstream:track)%00%(upstream:remotename)%00%(upstream:remoteref) refs/heads/main refs/remotes/main [4ms]
2025-06-23 21:53:11.181 [info] > git status -z -uall [21ms]
2025-06-23 21:53:11.183 [info] > git for-each-ref --sort -committerdate --format %(refname)%00%(objectname)%00%(*objectname) [3ms]
2025-06-23 21:53:16.236 [info] > git config --get commit.template [23ms]
2025-06-23 21:53:16.237 [info] > git for-each-ref --format=%(refname)%00%(upstream:short)%00%(objectname)%00%(upstream:track)%00%(upstream:remotename)%00%(upstream:remoteref) refs/heads/main refs/remotes/main [2ms]
2025-06-23 21:53:16.270 [info] > git status -z -uall [17ms]
2025-06-23 21:53:16.271 [info] > git for-each-ref --sort -committerdate --format %(refname)%00%(objectname)%00%(*objectname) [1ms]
2025-06-23 21:53:22.514 [info] > git config --get commit.template [21ms]
2025-06-23 21:53:22.517 [info] > git for-each-ref --format=%(refname)%00%(upstream:short)%00%(objectname)%00%(upstream:track)%00%(upstream:remotename)%00%(upstream:remoteref) refs/heads/main refs/remotes/main [3ms]
2025-06-23 21:53:22.554 [info] > git status -z -uall [16ms]
2025-06-23 21:53:22.555 [info] > git for-each-ref --sort -committerdate --format %(refname)%00%(objectname)%00%(*objectname) [2ms]
2025-06-23 21:53:39.678 [info] > git config --get commit.template [23ms]
2025-06-23 21:53:39.679 [info] > git for-each-ref --format=%(refname)%00%(upstream:short)%00%(objectname)%00%(upstream:track)%00%(upstream:remotename)%00%(upstream:remoteref) refs/heads/main refs/remotes/main [2ms]
2025-06-23 21:53:39.723 [info] > git status -z -uall [23ms]
2025-06-23 21:53:39.724 [info] > git for-each-ref --sort -committerdate --format %(refname)%00%(objectname)%00%(*objectname) [2ms]
2025-06-23 21:53:39.759 [info] > git ls-files --stage -- client/index.html [1ms]
2025-06-23 21:53:39.784 [info] > git cat-file -s 4b4d09e3151713b7af7e8d38dd2bac2a27d5a7ee [2ms]
2025-06-23 21:53:39.811 [info] > git show --textconv :client/index.html [3ms]
2025-06-23 21:53:42.106 [info] > git config --get commit.template [3ms]
2025-06-23 21:53:42.130 [info] > git for-each-ref --format=%(refname)%00%(upstream:short)%00%(objectname)%00%(upstream:track)%00%(upstream:remotename)%00%(upstream:remoteref) refs/heads/main refs/remotes/main [2ms]
2025-06-23 21:53:42.177 [info] > git status -z -uall [18ms]
2025-06-23 21:53:42.178 [info] > git for-each-ref --sort -committerdate --format %(refname)%00%(objectname)%00%(*objectname) [2ms]
2025-06-23 21:53:42.899 [info] > git ls-files --stage -- client/index.html [3ms]
2025-06-23 21:53:42.930 [info] > git cat-file -s 4b4d09e3151713b7af7e8d38dd2bac2a27d5a7ee [3ms]
2025-06-23 21:53:42.955 [info] > git show --textconv :client/index.html [1ms]
2025-06-23 21:53:44.783 [info] > git config --get commit.template [28ms]
2025-06-23 21:53:44.784 [info] > git for-each-ref --format=%(refname)%00%(upstream:short)%00%(objectname)%00%(upstream:track)%00%(upstream:remotename)%00%(upstream:remoteref) refs/heads/main refs/remotes/main [1ms]
2025-06-23 21:53:44.831 [info] > git status -z -uall [24ms]
2025-06-23 21:53:44.832 [info] > git for-each-ref --sort -committerdate --format %(refname)%00%(objectname)%00%(*objectname) [2ms]
2025-06-23 21:53:47.152 [info] > git ls-files --stage -- client/index.html [3ms]
2025-06-23 21:53:47.177 [info] > git cat-file -s 4b4d09e3151713b7af7e8d38dd2bac2a27d5a7ee [3ms]
2025-06-23 21:53:47.206 [info] > git show --textconv :client/index.html [5ms]
2025-06-23 21:53:49.889 [info] > git config --get commit.template [23ms]
2025-06-23 21:53:49.892 [info] > git for-each-ref --format=%(refname)%00%(upstream:short)%00%(objectname)%00%(upstream:track)%00%(upstream:remotename)%00%(upstream:remoteref) refs/heads/main refs/remotes/main [4ms]
2025-06-23 21:53:49.936 [info] > git status -z -uall [26ms]
2025-06-23 21:53:49.937 [info] > git for-each-ref --sort -committerdate --format %(refname)%00%(objectname)%00%(*objectname) [5ms]
2025-06-23 21:54:14.170 [info] > git config --get commit.template [2ms]
2025-06-23 21:54:14.188 [info] > git for-each-ref --format=%(refname)%00%(upstream:short)%00%(objectname)%00%(upstream:track)%00%(upstream:remotename)%00%(upstream:remoteref) refs/heads/main refs/remotes/main [1ms]
2025-06-23 21:54:14.232 [info] > git status -z -uall [24ms]
2025-06-23 21:54:14.232 [info] > git for-each-ref --sort -committerdate --format %(refname)%00%(objectname)%00%(*objectname) [3ms]
2025-06-23 21:54:15.360 [info] > git ls-files --stage -- client/index.html [3ms]
2025-06-23 21:54:15.386 [info] > git cat-file -s 4b4d09e3151713b7af7e8d38dd2bac2a27d5a7ee [3ms]
2025-06-23 21:54:15.408 [info] > git show --textconv :client/index.html [2ms]
2025-06-23 21:54:27.524 [info] > git show --textconv :package.json [17ms]
2025-06-23 21:54:27.525 [info] > git ls-files --stage -- package.json [2ms]
2025-06-23 21:54:27.549 [info] > git cat-file -s 8e4006a8181e6b3aa88e75138d640d226d24518b [3ms]
2025-06-23 21:54:42.871 [info] > git config --get commit.template [19ms]
2025-06-23 21:54:42.873 [info] > git for-each-ref --format=%(refname)%00%(upstream:short)%00%(objectname)%00%(upstream:track)%00%(upstream:remotename)%00%(upstream:remoteref) refs/heads/main refs/remotes/main [3ms]
2025-06-23 21:54:42.917 [info] > git status -z -uall [22ms]
2025-06-23 21:54:42.917 [info] > git for-each-ref --sort -committerdate --format %(refname)%00%(objectname)%00%(*objectname) [5ms]
2025-06-23 21:54:47.984 [info] > git config --get commit.template [32ms]
2025-06-23 21:54:47.986 [info] > git for-each-ref --format=%(refname)%00%(upstream:short)%00%(objectname)%00%(upstream:track)%00%(upstream:remotename)%00%(upstream:remoteref) refs/heads/main refs/remotes/main [7ms]
2025-06-23 21:54:48.036 [info] > git status -z -uall [25ms]
2025-06-23 21:54:48.038 [info] > git for-each-ref --sort -committerdate --format %(refname)%00%(objectname)%00%(*objectname) [2ms]
2025-06-23 21:56:40.356 [info] > git show --textconv :vercel.json [21ms]
2025-06-23 21:56:40.366 [info] > git ls-files --stage -- vercel.json [11ms]
2025-06-23 21:56:40.388 [info] > git cat-file -s 59e04cfb690b2986b0990945e242aea1a0f2ca13 [2ms]
2025-06-23 21:57:27.073 [info] > git config --get commit.template [22ms]
2025-06-23 21:57:27.074 [info] > git for-each-ref --format=%(refname)%00%(upstream:short)%00%(objectname)%00%(upstream:track)%00%(upstream:remotename)%00%(upstream:remoteref) refs/heads/main refs/remotes/main [2ms]
2025-06-23 21:57:27.115 [info] > git status -z -uall [20ms]
2025-06-23 21:57:27.117 [info] > git for-each-ref --sort -committerdate --format %(refname)%00%(objectname)%00%(*objectname) [4ms]
2025-06-23 21:57:42.897 [info] > git config --get commit.template [23ms]
2025-06-23 21:57:42.900 [info] > git for-each-ref --format=%(refname)%00%(upstream:short)%00%(objectname)%00%(upstream:track)%00%(upstream:remotename)%00%(upstream:remoteref) refs/heads/main refs/remotes/main [4ms]
2025-06-23 21:57:42.940 [info] > git status -z -uall [18ms]
2025-06-23 21:57:42.942 [info] > git for-each-ref --sort -committerdate --format %(refname)%00%(objectname)%00%(*objectname) [2ms]
2025-06-23 22:01:46.302 [info] > git config --get commit.template [3ms]
2025-06-23 22:01:46.322 [info] > git for-each-ref --format=%(refname)%00%(upstream:short)%00%(objectname)%00%(upstream:track)%00%(upstream:remotename)%00%(upstream:remoteref) refs/heads/main refs/remotes/main [2ms]
2025-06-23 22:01:46.368 [info] > git status -z -uall [29ms]
2025-06-23 22:01:46.368 [info] > git for-each-ref --sort -committerdate --format %(refname)%00%(objectname)%00%(*objectname) [8ms]
2025-06-23 22:06:18.930 [info] > git config --get commit.template [4ms]
2025-06-23 22:06:18.956 [info] > git for-each-ref --format=%(refname)%00%(upstream:short)%00%(objectname)%00%(upstream:track)%00%(upstream:remotename)%00%(upstream:remoteref) refs/heads/main refs/remotes/main [1ms]
2025-06-23 22:06:19.003 [info] > git status -z -uall [19ms]
2025-06-23 22:06:19.006 [info] > git for-each-ref --sort -committerdate --format %(refname)%00%(objectname)%00%(*objectname) [6ms]
2025-06-23 22:06:58.654 [info] > git config --get commit.template [30ms]
2025-06-23 22:06:58.658 [info] > git for-each-ref --format=%(refname)%00%(upstream:short)%00%(objectname)%00%(upstream:track)%00%(upstream:remotename)%00%(upstream:remoteref) refs/heads/main refs/remotes/main [6ms]
2025-06-23 22:06:58.705 [info] > git status -z -uall [21ms]
2025-06-23 22:06:58.706 [info] > git for-each-ref --sort -committerdate --format %(refname)%00%(objectname)%00%(*objectname) [4ms]
