2025-06-24 00:23:02.570 [info] [main] Log level: Info
2025-06-24 00:23:02.570 [info] [main] Validating found git in: "git"
2025-06-24 00:23:02.570 [info] [main] Using git "2.49.0" from "git"
2025-06-24 00:23:02.570 [info] [Model][doInitialScan] Initial repository scan started
2025-06-24 00:23:02.570 [info] > git rev-parse --show-toplevel [89ms]
2025-06-24 00:23:02.570 [info] > git rev-parse --git-dir --git-common-dir [23ms]
2025-06-24 00:23:02.570 [info] [Model][openRepository] Opened repository: /home/thorfinn/app/Inventory-app-new
2025-06-24 00:23:02.724 [info] > git rev-parse --show-toplevel [121ms]
2025-06-24 00:23:02.725 [info] > git config --get commit.template [138ms]
2025-06-24 00:23:02.796 [info] > git rev-parse --show-toplevel [49ms]
2025-06-24 00:23:02.817 [info] > git for-each-ref --format=%(refname)%00%(upstream:short)%00%(objectname)%00%(upstream:track)%00%(upstream:remotename)%00%(upstream:remoteref) refs/heads/main refs/remotes/main [49ms]
2025-06-24 00:23:02.840 [warning] [Git][revParse] Unable to read file: ENOENT: no such file or directory, open '/home/thorfinn/app/Inventory-app-new/.git/refs/remotes/origin/main'
2025-06-24 00:23:02.841 [info] > git rev-parse --show-toplevel [26ms]
2025-06-24 00:23:02.875 [info] > git rev-parse refs/remotes/origin/main [35ms]
2025-06-24 00:23:02.935 [info] > git status -z -uall [42ms]
2025-06-24 00:23:02.935 [info] > git for-each-ref --sort -committerdate --format %(refname)%00%(objectname)%00%(*objectname) [23ms]
2025-06-24 00:23:02.982 [info] > git rev-parse --show-toplevel [124ms]
2025-06-24 00:23:02.987 [info] [Model][doInitialScan] Initial repository scan completed - repositories (1), closed repositories (0), parent repositories (0), unsafe repositories (0)
2025-06-24 00:23:03.007 [info] > git for-each-ref --format=%(refname)%00%(upstream:short)%00%(objectname)%00%(upstream:track)%00%(upstream:remotename)%00%(upstream:remoteref) refs/heads/main refs/remotes/main [31ms]
2025-06-24 00:23:03.063 [info] > git config --get --local branch.main.vscode-merge-base [38ms]
2025-06-24 00:23:03.063 [warning] [Git][config] git config failed: Failed to execute git
2025-06-24 00:23:03.085 [info] > git config --get commit.template [79ms]
2025-06-24 00:23:03.144 [info] > git reflog main --grep-reflog=branch: Created from *. [60ms]
2025-06-24 00:23:03.204 [info] > git symbolic-ref --short refs/remotes/origin/HEAD [43ms]
2025-06-24 00:23:03.223 [info] > git for-each-ref --format=%(refname)%00%(upstream:short)%00%(objectname)%00%(upstream:track)%00%(upstream:remotename)%00%(upstream:remoteref) refs/heads/main refs/remotes/main [20ms]
2025-06-24 00:23:03.241 [warning] [Git][revParse] Unable to read file: ENOENT: no such file or directory, open '/home/thorfinn/app/Inventory-app-new/.git/refs/remotes/origin/main'
2025-06-24 00:23:03.241 [info] > git for-each-ref --format=%(refname)%00%(upstream:short)%00%(objectname)%00%(upstream:track)%00%(upstream:remotename)%00%(upstream:remoteref) refs/heads/origin/main refs/remotes/origin/main [21ms]
2025-06-24 00:23:03.278 [info] > git check-ignore -v -z --stdin [1ms]
2025-06-24 00:23:03.279 [info] > git config --add --local branch.main.vscode-merge-base origin/main [21ms]
2025-06-24 00:23:03.280 [info] > git rev-parse refs/remotes/origin/main [39ms]
2025-06-24 00:23:03.320 [info] > git for-each-ref --format=%(refname)%00%(upstream:short)%00%(objectname)%00%(upstream:track)%00%(upstream:remotename)%00%(upstream:remoteref) refs/heads/main refs/remotes/main [21ms]
2025-06-24 00:23:03.340 [info] > git config --get --local branch.main.vscode-merge-base [3ms]
2025-06-24 00:23:03.356 [info] > git config --get commit.template [37ms]
2025-06-24 00:23:03.374 [info] > git for-each-ref --format=%(refname)%00%(upstream:short)%00%(objectname)%00%(upstream:track)%00%(upstream:remotename)%00%(upstream:remoteref) refs/heads/origin/main refs/remotes/origin/main [18ms]
2025-06-24 00:23:03.399 [info] > git for-each-ref --format=%(refname)%00%(upstream:short)%00%(objectname)%00%(upstream:track)%00%(upstream:remotename)%00%(upstream:remoteref) refs/heads/main refs/remotes/main [27ms]
2025-06-24 00:23:03.420 [warning] [Git][revParse] Unable to read file: ENOENT: no such file or directory, open '/home/thorfinn/app/Inventory-app-new/.git/refs/remotes/origin/main'
2025-06-24 00:23:03.421 [info] > git merge-base refs/heads/main refs/remotes/origin/main [24ms]
2025-06-24 00:23:03.442 [info] > git rev-parse refs/remotes/origin/main [22ms]
2025-06-24 00:23:03.486 [info] > git status -z -uall [26ms]
2025-06-24 00:23:03.487 [info] > git for-each-ref --sort -committerdate --format %(refname)%00%(objectname)%00%(*objectname) [4ms]
2025-06-24 00:23:03.524 [info] > git diff --name-status -z --diff-filter=ADMR 08968f1517b0e21284f31a8522e6deb0864d05ad...refs/remotes/origin/main [82ms]
2025-06-24 00:23:03.526 [info] > git merge-base refs/heads/main refs/remotes/origin/main [2ms]
2025-06-24 00:23:03.541 [info] > git merge-base refs/heads/main refs/remotes/origin/main [34ms]
2025-06-24 00:23:03.560 [info] > git diff --name-status -z --diff-filter=ADMR 08968f1517b0e21284f31a8522e6deb0864d05ad...refs/remotes/origin/main [2ms]
2025-06-24 00:23:03.561 [info] > git diff --name-status -z --diff-filter=ADMR 08968f1517b0e21284f31a8522e6deb0864d05ad...refs/remotes/origin/main [20ms]
2025-06-24 00:23:17.096 [info] > git check-ignore -v -z --stdin [2ms]
2025-06-24 00:23:17.442 [info] > git config --get commit.template [31ms]
2025-06-24 00:23:17.445 [info] > git for-each-ref --format=%(refname)%00%(upstream:short)%00%(objectname)%00%(upstream:track)%00%(upstream:remotename)%00%(upstream:remoteref) refs/heads/main refs/remotes/main [4ms]
2025-06-24 00:23:17.463 [warning] [Git][revParse] Unable to read file: ENOENT: no such file or directory, open '/home/thorfinn/app/Inventory-app-new/.git/refs/remotes/origin/main'
2025-06-24 00:23:17.464 [info] > git rev-parse refs/remotes/origin/main [1ms]
2025-06-24 00:23:17.503 [info] > git status -z -uall [19ms]
2025-06-24 00:23:17.505 [info] > git for-each-ref --sort -committerdate --format %(refname)%00%(objectname)%00%(*objectname) [3ms]
2025-06-24 00:23:22.578 [info] > git config --get commit.template [52ms]
2025-06-24 00:23:22.595 [info] > git for-each-ref --format=%(refname)%00%(upstream:short)%00%(objectname)%00%(upstream:track)%00%(upstream:remotename)%00%(upstream:remoteref) refs/heads/main refs/remotes/main [1ms]
2025-06-24 00:23:22.607 [warning] [Git][revParse] Unable to read file: ENOENT: no such file or directory, open '/home/thorfinn/app/Inventory-app-new/.git/refs/remotes/origin/main'
2025-06-24 00:23:22.609 [info] > git rev-parse refs/remotes/origin/main [2ms]
2025-06-24 00:23:22.636 [info] > git status -z -uall [14ms]
2025-06-24 00:23:22.637 [info] > git for-each-ref --sort -committerdate --format %(refname)%00%(objectname)%00%(*objectname) [1ms]
2025-06-24 00:23:39.972 [info] > git config --get commit.template [21ms]
2025-06-24 00:23:39.973 [info] > git for-each-ref --format=%(refname)%00%(upstream:short)%00%(objectname)%00%(upstream:track)%00%(upstream:remotename)%00%(upstream:remoteref) refs/heads/main refs/remotes/main [2ms]
2025-06-24 00:23:39.991 [warning] [Git][revParse] Unable to read file: ENOENT: no such file or directory, open '/home/thorfinn/app/Inventory-app-new/.git/refs/remotes/origin/main'
2025-06-24 00:23:39.993 [info] > git rev-parse refs/remotes/origin/main [2ms]
2025-06-24 00:23:40.029 [info] > git status -z -uall [20ms]
2025-06-24 00:23:40.030 [info] > git for-each-ref --sort -committerdate --format %(refname)%00%(objectname)%00%(*objectname) [2ms]
2025-06-24 00:23:49.832 [info] > git config --get commit.template [23ms]
2025-06-24 00:23:49.833 [info] > git for-each-ref --format=%(refname)%00%(upstream:short)%00%(objectname)%00%(upstream:track)%00%(upstream:remotename)%00%(upstream:remoteref) refs/heads/main refs/remotes/main [2ms]
2025-06-24 00:23:49.855 [warning] [Git][revParse] Unable to read file: ENOENT: no such file or directory, open '/home/thorfinn/app/Inventory-app-new/.git/refs/remotes/origin/main'
2025-06-24 00:23:49.856 [info] > git rev-parse refs/remotes/origin/main [1ms]
2025-06-24 00:23:49.904 [info] > git status -z -uall [25ms]
2025-06-24 00:23:49.905 [info] > git for-each-ref --sort -committerdate --format %(refname)%00%(objectname)%00%(*objectname) [2ms]
2025-06-24 00:28:11.289 [info] > git config --get commit.template [23ms]
2025-06-24 00:28:11.313 [info] > git check-ignore -v -z --stdin [1ms]
2025-06-24 00:28:11.314 [info] > git for-each-ref --format=%(refname)%00%(upstream:short)%00%(objectname)%00%(upstream:track)%00%(upstream:remotename)%00%(upstream:remoteref) refs/heads/main refs/remotes/main [27ms]
2025-06-24 00:28:11.334 [warning] [Git][revParse] Unable to read file: ENOENT: no such file or directory, open '/home/thorfinn/app/Inventory-app-new/.git/refs/remotes/origin/main'
2025-06-24 00:28:11.336 [info] > git rev-parse refs/remotes/origin/main [2ms]
2025-06-24 00:28:11.373 [info] > git status -z -uall [17ms]
2025-06-24 00:28:11.374 [info] > git for-each-ref --sort -committerdate --format %(refname)%00%(objectname)%00%(*objectname) [2ms]
2025-06-24 00:33:01.296 [info] > git show --textconv :vercel.json [34ms]
2025-06-24 00:33:01.307 [info] > git ls-files --stage -- vercel.json [12ms]
2025-06-24 00:33:01.334 [info] > git cat-file -s 59e04cfb690b2986b0990945e242aea1a0f2ca13 [7ms]
2025-06-24 00:33:02.125 [info] > git config --get commit.template [24ms]
2025-06-24 00:33:02.126 [info] > git for-each-ref --format=%(refname)%00%(upstream:short)%00%(objectname)%00%(upstream:track)%00%(upstream:remotename)%00%(upstream:remoteref) refs/heads/main refs/remotes/main [3ms]
2025-06-24 00:33:02.149 [warning] [Git][revParse] Unable to read file: ENOENT: no such file or directory, open '/home/thorfinn/app/Inventory-app-new/.git/refs/remotes/origin/main'
2025-06-24 00:33:02.150 [info] > git rev-parse refs/remotes/origin/main [2ms]
2025-06-24 00:33:02.197 [info] > git status -z -uall [25ms]
2025-06-24 00:33:02.198 [info] > git for-each-ref --sort -committerdate --format %(refname)%00%(objectname)%00%(*objectname) [2ms]
2025-06-24 00:35:15.997 [info] > git blame --root --incremental 08968f1517b0e21284f31a8522e6deb0864d05ad -- vercel.json [4ms]
2025-06-24 00:36:00.493 [info] > git config --get commit.template [23ms]
2025-06-24 00:36:00.494 [info] > git for-each-ref --format=%(refname)%00%(upstream:short)%00%(objectname)%00%(upstream:track)%00%(upstream:remotename)%00%(upstream:remoteref) refs/heads/main refs/remotes/main [3ms]
2025-06-24 00:36:00.518 [warning] [Git][revParse] Unable to read file: ENOENT: no such file or directory, open '/home/thorfinn/app/Inventory-app-new/.git/refs/remotes/origin/main'
2025-06-24 00:36:00.519 [info] > git rev-parse refs/remotes/origin/main [2ms]
2025-06-24 00:36:00.552 [info] > git status -z -uall [16ms]
2025-06-24 00:36:00.554 [info] > git for-each-ref --sort -committerdate --format %(refname)%00%(objectname)%00%(*objectname) [3ms]
2025-06-24 00:36:30.505 [info] > git config --get commit.template [19ms]
2025-06-24 00:36:30.506 [info] > git for-each-ref --format=%(refname)%00%(upstream:short)%00%(objectname)%00%(upstream:track)%00%(upstream:remotename)%00%(upstream:remoteref) refs/heads/main refs/remotes/main [1ms]
2025-06-24 00:36:30.524 [warning] [Git][revParse] Unable to read file: ENOENT: no such file or directory, open '/home/thorfinn/app/Inventory-app-new/.git/refs/remotes/origin/main'
2025-06-24 00:36:30.526 [info] > git rev-parse refs/remotes/origin/main [2ms]
2025-06-24 00:36:30.560 [info] > git status -z -uall [17ms]
2025-06-24 00:36:30.562 [info] > git for-each-ref --sort -committerdate --format %(refname)%00%(objectname)%00%(*objectname) [4ms]
2025-06-24 00:36:48.037 [info] > git config --get commit.template [18ms]
2025-06-24 00:36:48.039 [info] > git for-each-ref --format=%(refname)%00%(upstream:short)%00%(objectname)%00%(upstream:track)%00%(upstream:remotename)%00%(upstream:remoteref) refs/heads/main refs/remotes/main [3ms]
2025-06-24 00:36:48.058 [warning] [Git][revParse] Unable to read file: ENOENT: no such file or directory, open '/home/thorfinn/app/Inventory-app-new/.git/refs/remotes/origin/main'
2025-06-24 00:36:48.059 [info] > git rev-parse refs/remotes/origin/main [1ms]
2025-06-24 00:36:48.092 [info] > git status -z -uall [17ms]
2025-06-24 00:36:48.093 [info] > git for-each-ref --sort -committerdate --format %(refname)%00%(objectname)%00%(*objectname) [2ms]
2025-06-24 00:37:00.494 [info] > git config --get commit.template [23ms]
2025-06-24 00:37:00.497 [info] > git for-each-ref --format=%(refname)%00%(upstream:short)%00%(objectname)%00%(upstream:track)%00%(upstream:remotename)%00%(upstream:remoteref) refs/heads/main refs/remotes/main [4ms]
2025-06-24 00:37:00.513 [warning] [Git][revParse] Unable to read file: ENOENT: no such file or directory, open '/home/thorfinn/app/Inventory-app-new/.git/refs/remotes/origin/main'
2025-06-24 00:37:00.514 [info] > git rev-parse refs/remotes/origin/main [1ms]
2025-06-24 00:37:00.552 [info] > git status -z -uall [17ms]
2025-06-24 00:37:00.553 [info] > git for-each-ref --sort -committerdate --format %(refname)%00%(objectname)%00%(*objectname) [2ms]
2025-06-24 00:37:49.819 [info] > git config --get commit.template [24ms]
2025-06-24 00:37:49.821 [info] > git for-each-ref --format=%(refname)%00%(upstream:short)%00%(objectname)%00%(upstream:track)%00%(upstream:remotename)%00%(upstream:remoteref) refs/heads/main refs/remotes/main [4ms]
2025-06-24 00:37:49.841 [warning] [Git][revParse] Unable to read file: ENOENT: no such file or directory, open '/home/thorfinn/app/Inventory-app-new/.git/refs/remotes/origin/main'
2025-06-24 00:37:49.844 [info] > git rev-parse refs/remotes/origin/main [3ms]
2025-06-24 00:37:49.884 [info] > git status -z -uall [24ms]
2025-06-24 00:37:49.887 [info] > git for-each-ref --sort -committerdate --format %(refname)%00%(objectname)%00%(*objectname) [4ms]
2025-06-24 00:38:50.007 [info] > git check-ignore -v -z --stdin [1ms]
2025-06-24 00:38:51.210 [info] > git check-ignore -v -z --stdin [3ms]
2025-06-24 00:38:58.046 [info] > git show --textconv :package.json [21ms]
2025-06-24 00:38:58.049 [info] > git ls-files --stage -- package.json [4ms]
2025-06-24 00:38:58.068 [info] > git cat-file -s 8e4006a8181e6b3aa88e75138d640d226d24518b [3ms]
2025-06-24 00:38:59.924 [info] > git show --textconv :vercel.json [19ms]
2025-06-24 00:38:59.925 [info] > git ls-files --stage -- vercel.json [2ms]
2025-06-24 00:38:59.945 [info] > git cat-file -s 59e04cfb690b2986b0990945e242aea1a0f2ca13 [2ms]
2025-06-24 00:39:46.426 [info] > git check-ignore -v -z --stdin [2ms]
2025-06-24 00:39:46.724 [info] > git config --get commit.template [23ms]
2025-06-24 00:39:46.726 [info] > git for-each-ref --format=%(refname)%00%(upstream:short)%00%(objectname)%00%(upstream:track)%00%(upstream:remotename)%00%(upstream:remoteref) refs/heads/main refs/remotes/main [5ms]
2025-06-24 00:39:46.750 [warning] [Git][revParse] Unable to read file: ENOENT: no such file or directory, open '/home/thorfinn/app/Inventory-app-new/.git/refs/remotes/origin/main'
2025-06-24 00:39:46.751 [info] > git rev-parse refs/remotes/origin/main [1ms]
2025-06-24 00:39:46.791 [info] > git status -z -uall [23ms]
2025-06-24 00:39:46.794 [info] > git for-each-ref --sort -committerdate --format %(refname)%00%(objectname)%00%(*objectname) [4ms]
2025-06-24 00:41:06.536 [info] > git config --get commit.template [25ms]
2025-06-24 00:41:06.539 [info] > git for-each-ref --format=%(refname)%00%(upstream:short)%00%(objectname)%00%(upstream:track)%00%(upstream:remotename)%00%(upstream:remoteref) refs/heads/main refs/remotes/main [4ms]
2025-06-24 00:41:06.559 [warning] [Git][revParse] Unable to read file: ENOENT: no such file or directory, open '/home/thorfinn/app/Inventory-app-new/.git/refs/remotes/origin/main'
2025-06-24 00:41:06.562 [info] > git rev-parse refs/remotes/origin/main [3ms]
2025-06-24 00:41:06.601 [info] > git status -z -uall [18ms]
2025-06-24 00:41:06.602 [info] > git for-each-ref --sort -committerdate --format %(refname)%00%(objectname)%00%(*objectname) [2ms]
2025-06-24 00:43:49.739 [info] > git config --get commit.template [21ms]
2025-06-24 00:43:49.742 [info] > git for-each-ref --format=%(refname)%00%(upstream:short)%00%(objectname)%00%(upstream:track)%00%(upstream:remotename)%00%(upstream:remoteref) refs/heads/main refs/remotes/main [4ms]
2025-06-24 00:43:49.757 [warning] [Git][revParse] Unable to read file: ENOENT: no such file or directory, open '/home/thorfinn/app/Inventory-app-new/.git/refs/remotes/origin/main'
2025-06-24 00:43:49.758 [info] > git rev-parse refs/remotes/origin/main [2ms]
2025-06-24 00:43:49.795 [info] > git status -z -uall [23ms]
2025-06-24 00:43:49.798 [info] > git for-each-ref --sort -committerdate --format %(refname)%00%(objectname)%00%(*objectname) [4ms]
2025-06-24 00:45:31.395 [info] > git config --get commit.template [17ms]
2025-06-24 00:45:31.396 [info] > git for-each-ref --format=%(refname)%00%(upstream:short)%00%(objectname)%00%(upstream:track)%00%(upstream:remotename)%00%(upstream:remoteref) refs/heads/main refs/remotes/main [1ms]
2025-06-24 00:45:31.411 [warning] [Git][revParse] Unable to read file: ENOENT: no such file or directory, open '/home/thorfinn/app/Inventory-app-new/.git/refs/remotes/origin/main'
2025-06-24 00:45:31.415 [info] > git rev-parse refs/remotes/origin/main [4ms]
2025-06-24 00:45:31.453 [info] > git status -z -uall [22ms]
2025-06-24 00:45:31.455 [info] > git for-each-ref --sort -committerdate --format %(refname)%00%(objectname)%00%(*objectname) [4ms]
2025-06-24 00:48:08.386 [info] > git config --get commit.template [17ms]
2025-06-24 00:48:08.388 [info] > git for-each-ref --format=%(refname)%00%(upstream:short)%00%(objectname)%00%(upstream:track)%00%(upstream:remotename)%00%(upstream:remoteref) refs/heads/main refs/remotes/main [2ms]
2025-06-24 00:48:08.412 [warning] [Git][revParse] Unable to read file: ENOENT: no such file or directory, open '/home/thorfinn/app/Inventory-app-new/.git/refs/remotes/origin/main'
2025-06-24 00:48:08.416 [info] > git rev-parse refs/remotes/origin/main [4ms]
2025-06-24 00:48:08.451 [info] > git status -z -uall [19ms]
2025-06-24 00:48:08.452 [info] > git for-each-ref --sort -committerdate --format %(refname)%00%(objectname)%00%(*objectname) [3ms]
2025-06-24 00:48:09.073 [info] > git check-ignore -v -z --stdin [2ms]
2025-06-24 00:48:12.822 [info] > git check-ignore -v -z --stdin [4ms]
2025-06-24 00:48:14.817 [info] > git show --textconv :package-lock.json [32ms]
2025-06-24 00:48:14.817 [info] > git ls-files --stage -- package-lock.json [6ms]
2025-06-24 00:48:14.844 [info] > git cat-file -s 09f49b904405ecd14a710f561151c4049ee4ba88 [6ms]
2025-06-24 00:48:14.958 [info] > git blame --root --incremental 08968f1517b0e21284f31a8522e6deb0864d05ad -- package-lock.json [11ms]
2025-06-24 00:48:21.496 [info] > git show --textconv :server/storage.ts [22ms]
2025-06-24 00:48:21.507 [info] > git ls-files --stage -- server/storage.ts [13ms]
2025-06-24 00:48:21.543 [info] > git cat-file -s b13a353b789e80dca14ea0c78a0baf73187b37a6 [7ms]
2025-06-24 00:48:21.612 [info] > git blame --root --incremental 08968f1517b0e21284f31a8522e6deb0864d05ad -- server/storage.ts [4ms]
2025-06-24 00:48:23.987 [info] > git show --textconv :client/src/components/inventory-section.tsx [30ms]
2025-06-24 00:48:23.989 [info] > git ls-files --stage -- client/src/components/inventory-section.tsx [6ms]
2025-06-24 00:48:24.028 [info] > git cat-file -s 7d2dcf33d0a5fa133a7263cae0c2eda05535c3e2 [3ms]
2025-06-24 00:48:24.100 [info] > git blame --root --incremental 08968f1517b0e21284f31a8522e6deb0864d05ad -- client/src/components/inventory-section.tsx [20ms]
2025-06-24 00:48:24.102 [info] > git check-ignore -v -z --stdin [3ms]
2025-06-24 00:48:26.221 [info] > git show --textconv :server/models/inventory.ts [19ms]
2025-06-24 00:48:26.225 [info] > git ls-files --stage -- server/models/inventory.ts [5ms]
2025-06-24 00:48:26.242 [info] > git cat-file -s bd4dfb33bf0eae4236ddcc095df032e75beda2a0 [1ms]
2025-06-24 00:48:26.267 [info] > git blame --root --incremental 08968f1517b0e21284f31a8522e6deb0864d05ad -- server/models/inventory.ts [3ms]
