2025-06-24 11:50:22.475 [info] Added views:windsurf.cascadePanel in windsurf.cascadeViewContainerId
2025-06-24 11:50:22.475 [info] Added views:outline in workbench.view.explorer
2025-06-24 11:50:22.475 [info] Added views:workbench.view.search in workbench.view.search
2025-06-24 11:50:22.475 [info] Added views:workbench.scm in workbench.view.scm
2025-06-24 11:50:22.475 [info] Added views:workbench.panel.markers.view in workbench.panel.markers
2025-06-24 11:50:22.475 [info] Added views:workbench.panel.output in workbench.panel.output
2025-06-24 11:50:22.475 [info] Added views:terminal in terminal
2025-06-24 11:50:22.475 [info] Added views:timeline in workbench.view.explorer
2025-06-24 11:50:22.475 [info] Added views:workbench.explorer.fileView in workbench.view.explorer
2025-06-24 11:50:22.804 [info] Added views:workbench.debug.welcome in workbench.view.debug
2025-06-24 11:50:23.533 [info] Added views:windsurfDevContainers in workbench.view.remote
2025-06-24 11:50:23.533 [info] Added views:windsurfSSHHosts in workbench.view.remote
2025-06-24 11:50:23.925 [info] Added views:workbench.panel.repl.view in workbench.panel.repl
2025-06-24 11:50:25.636 [info] Added views:~remote.forwardedPorts in ~remote.forwardedPortsContainer
2025-06-24 11:50:26.503 [info] Added views:workbench.scm.history in workbench.view.scm
2025-06-24 11:51:45.737 [info] Added views:workbench.views.extensions.installed,workbench.views.extensions.popular,extensions.recommendedList in workbench.view.extensions
2025-06-24 11:51:45.745 [info] Removed views:workbench.views.extensions.popular from workbench.view.extensions
2025-06-24 11:51:49.414 [info] Removed views:extensions.recommendedList,workbench.views.extensions.installed from workbench.view.extensions
2025-06-24 11:51:49.435 [info] Added views:workbench.views.extensions.marketplace in workbench.view.extensions
2025-06-24 11:51:53.876 [info] Removed views:workbench.views.extensions.marketplace from workbench.view.extensions
2025-06-24 11:51:53.887 [info] Added views:workbench.views.extensions.installed,extensions.recommendedList in workbench.view.extensions
2025-06-24 11:51:54.696 [info] Removed views:extensions.recommendedList,workbench.views.extensions.installed from workbench.view.extensions
2025-06-24 11:51:54.714 [info] Added views:workbench.views.extensions.marketplace in workbench.view.extensions
2025-06-24 11:53:00.832 [info] Removed views:workbench.scm.history from workbench.view.scm
2025-06-24 11:53:01.494 [info] Removed views:workbench.panel.repl.view from workbench.panel.repl
2025-06-24 11:53:01.870 [info] Added views:workbench.panel.repl.view in workbench.panel.repl
2025-06-24 11:53:03.795 [info] Added views:workbench.scm.history in workbench.view.scm
2025-06-24 12:12:31.853 [info] Removed views:workbench.scm.history from workbench.view.scm
