2025-06-26 00:43:31.496 [info] [main] Log level: Info
2025-06-26 00:43:31.496 [info] [main] Validating found git in: "git"
2025-06-26 00:43:31.496 [info] [main] Using git "2.49.0" from "git"
2025-06-26 00:43:31.496 [info] [Model][doInitialScan] Initial repository scan started
2025-06-26 00:43:31.496 [info] [Model][doInitialScan] Initial repository scan completed - repositories (0), closed repositories (0), parent repositories (0), unsafe repositories (0)
2025-06-26 00:43:32.044 [info] > git rev-parse --show-toplevel [2ms]
2025-06-26 00:43:32.045 [info] fatal: not a git repository (or any of the parent directories): .git
2025-06-26 00:46:14.163 [info] > git rev-parse --show-toplevel [4ms]
2025-06-26 00:46:14.163 [info] fatal: not a git repository (or any of the parent directories): .git
2025-06-26 00:48:25.650 [info] > git rev-parse --show-toplevel [3ms]
2025-06-26 00:48:25.650 [info] fatal: not a git repository (or any of the parent directories): .git
2025-06-26 00:48:25.700 [info] > git rev-parse --show-toplevel [5ms]
2025-06-26 00:48:25.700 [info] fatal: not a git repository (or any parent up to mount point /)
Stopping at filesystem boundary (GIT_DISCOVERY_ACROSS_FILESYSTEM not set).
2025-06-26 00:48:48.437 [info] > git rev-parse --show-toplevel [4ms]
2025-06-26 00:48:48.437 [info] fatal: not a git repository (or any of the parent directories): .git
2025-06-26 00:48:52.644 [info] > git rev-parse --show-toplevel [3ms]
2025-06-26 00:48:52.644 [info] fatal: not a git repository (or any of the parent directories): .git
2025-06-26 01:00:14.325 [info] > git rev-parse --show-toplevel [3ms]
2025-06-26 01:00:14.325 [info] fatal: not a git repository (or any of the parent directories): .git
2025-06-26 01:00:14.366 [info] > git rev-parse --show-toplevel [7ms]
2025-06-26 01:00:14.366 [info] fatal: not a git repository (or any of the parent directories): .git
