2025-06-23 22:22:40.887 [info] /home/thorfinn/app/MongoAuthManager/package.json closed
2025-06-23 22:22:41.145 [info] /home/thorfinn/app/MongoAuthManager/.vercel/output/functions/server/index.ts.func/package.json closed
2025-06-23 22:22:41.194 [info] /home/thorfinn/app/MongoAuthManager/backend/package.json closed
2025-06-23 22:22:41.695 [info] /home/thorfinn/app/MongoAuthManager/backend/tsconfig.json closed
2025-06-23 22:22:41.736 [info] /home/thorfinn/app/MongoAuthManager/backend/vercel.json closed
2025-06-23 22:22:41.778 [info] /home/thorfinn/app/MongoAuthManager/backend/api/index.ts closed
2025-06-23 22:22:41.780 [info] /home/thorfinn/app/MongoAuthManager/client/index.html closed
2025-06-23 22:22:41.782 [info] /home/thorfinn/app/MongoAuthManager/tsconfig.json closed
2025-06-23 22:22:41.784 [info] /home/thorfinn/app/MongoAuthManager/server/models/inventory.ts closed
2025-06-23 22:22:41.786 [info] /home/thorfinn/app/MongoAuthManager/server/models/user.ts closed
2025-06-23 22:22:41.788 [info] /home/thorfinn/app/MongoAuthManager/server/models/transaction.ts closed
2025-06-23 22:22:41.790 [info] /home/thorfinn/app/MongoAuthManager/client/src/hooks/use-inventory.tsx closed
2025-06-23 22:22:41.837 [info] /home/thorfinn/app/MongoAuthManager/client/src/components/inventory-section.tsx closed
2025-06-23 22:22:41.840 [info] /home/thorfinn/app/MongoAuthManager/client/src/components/delete-confirm-dialog.tsx closed
2025-06-23 22:22:41.842 [info] /home/thorfinn/app/MongoAuthManager/client/src/pages/inventory-app.tsx closed
2025-06-23 22:22:41.844 [info] /home/thorfinn/app/MongoAuthManager/server/vite.ts closed
2025-06-23 22:23:31.646 [info] /home/thorfinn/app/MongoAuthManager/netlify.toml closed
2025-06-23 22:25:39.138 [info] /23 closed
2025-06-23 22:25:39.153 [info] /24 closed
2025-06-23 22:26:11.461 [info] Active editor: file:///home/thorfinn/app/MongoAuthManager/windsurf_deployment.yaml
2025-06-23 22:26:11.475 [info] /home/thorfinn/app/MongoAuthManager/vercel.json.git closed
2025-06-23 22:26:18.720 [info] /home/thorfinn/app/MongoAuthManager/windsurf_deployment.yaml closed
2025-06-23 22:26:18.774 [info] Active editor: file:///home/thorfinn/app/MongoAuthManager/vercel.json
2025-06-23 22:26:18.865 [info] /26 closed
2025-06-23 22:26:20.689 [info] /27 closed
2025-06-23 22:31:44.078 [info] /home/thorfinn/app/MongoAuthManager/backend/api/routes.ts closed
2025-06-23 22:32:31.061 [info] /home/thorfinn/app/MongoAuthManager/backend/tsconfig.json closed
2025-06-23 22:33:08.263 [info] /home/thorfinn/app/MongoAuthManager/backend/api/middleware/auth.ts closed
2025-06-23 22:36:17.672 [info] /home/thorfinn/app/MongoAuthManager/backend/tsconfig.json closed
2025-06-23 22:36:17.685 [info] /home/thorfinn/app/MongoAuthManager/backend/api/middleware/auth.ts closed
2025-06-23 22:36:29.730 [info] /home/thorfinn/app/MongoAuthManager/tsconfig.json closed
2025-06-23 22:36:35.115 [info] /home/thorfinn/app/MongoAuthManager/backend/api/storage.ts closed
2025-06-23 22:36:36.270 [info] /home/thorfinn/app/MongoAuthManager/backend/api/index.ts closed
2025-06-23 22:37:48.167 [info] /home/thorfinn/app/MongoAuthManager/backend/api/routes.ts closed
2025-06-23 22:39:52.746 [info] /home/thorfinn/app/MongoAuthManager/backend/tsconfig.json closed
2025-06-23 22:40:14.140 [info] Active editor: file:///home/thorfinn/app/MongoAuthManager/backend/api/routes.ts
2025-06-23 22:40:14.342 [info] /home/thorfinn/app/MongoAuthManager/vercel.json.git closed
2025-06-23 22:40:27.393 [info] /home/thorfinn/app/MongoAuthManager/backend/api/index.ts closed
2025-06-23 22:40:52.764 [info] /41 closed
2025-06-23 22:56:42.881 [info] /42 closed
2025-06-23 23:20:51.671 [info] /43 closed
2025-06-23 23:20:51.674 [info] /44 closed
2025-06-23 23:20:51.676 [info] /45 closed
2025-06-23 23:20:51.677 [info] /46 closed
2025-06-23 23:20:51.678 [info] /47 closed
2025-06-23 23:20:51.679 [info] /48 closed
2025-06-23 23:20:51.681 [info] /49 closed
2025-06-23 23:20:51.682 [info] /50 closed
2025-06-23 23:20:51.683 [info] /51 closed
2025-06-23 23:24:31.240 [info] /52 closed
2025-06-23 23:24:31.246 [info] /53 closed
2025-06-23 23:24:31.248 [info] /54 closed
2025-06-23 23:24:31.249 [info] /55 closed
2025-06-23 23:24:31.252 [info] /56 closed
2025-06-23 23:24:31.253 [info] /57 closed
2025-06-23 23:24:31.254 [info] /58 closed
2025-06-23 23:24:31.256 [info] /59 closed
2025-06-23 23:24:31.257 [info] /60 closed
2025-06-23 23:24:31.259 [info] /61 closed
2025-06-23 23:24:31.260 [info] /62 closed
2025-06-23 23:24:31.262 [info] /63 closed
2025-06-23 23:24:31.263 [info] /64 closed
2025-06-23 23:24:31.264 [info] /65 closed
2025-06-23 23:24:31.266 [info] /66 closed
2025-06-23 23:24:31.267 [info] /67 closed
2025-06-23 23:24:31.269 [info] /68 closed
2025-06-23 23:24:31.271 [info] /69 closed
2025-06-23 23:24:31.273 [info] /70 closed
2025-06-23 23:24:31.274 [info] /71 closed
2025-06-23 23:24:31.275 [info] /72 closed
2025-06-23 23:24:31.277 [info] /73 closed
2025-06-23 23:24:31.278 [info] /74 closed
2025-06-23 23:24:31.279 [info] /75 closed
2025-06-23 23:24:31.281 [info] /76 closed
2025-06-23 23:24:31.282 [info] /77 closed
2025-06-23 23:24:31.283 [info] /78 closed
2025-06-23 23:24:31.284 [info] /79 closed
2025-06-23 23:24:31.285 [info] /80 closed
2025-06-23 23:24:31.287 [info] /81 closed
2025-06-23 23:24:31.288 [info] /82 closed
2025-06-23 23:24:31.289 [info] /83 closed
2025-06-23 23:24:31.290 [info] /84 closed
2025-06-23 23:24:31.292 [info] /85 closed
2025-06-23 23:24:31.293 [info] /86 closed
2025-06-23 23:24:31.294 [info] /87 closed
2025-06-23 23:24:31.295 [info] /88 closed
2025-06-23 23:24:31.296 [info] /89 closed
2025-06-23 23:24:31.297 [info] /90 closed
2025-06-23 23:24:31.298 [info] /91 closed
2025-06-23 23:24:31.300 [info] /92 closed
2025-06-23 23:24:31.301 [info] /93 closed
2025-06-23 23:24:31.302 [info] /94 closed
2025-06-23 23:24:31.303 [info] /95 closed
2025-06-23 23:24:31.304 [info] /96 closed
2025-06-23 23:24:31.306 [info] /97 closed
2025-06-23 23:24:31.307 [info] /98 closed
2025-06-23 23:24:31.310 [info] /99 closed
2025-06-23 23:24:31.311 [info] /100 closed
2025-06-23 23:24:31.312 [info] /101 closed
2025-06-23 23:24:31.313 [info] /102 closed
2025-06-23 23:24:31.314 [info] /103 closed
2025-06-23 23:24:31.315 [info] /104 closed
2025-06-23 23:28:17.104 [info] /105 closed
2025-06-23 23:30:02.017 [info] /107 closed
2025-06-23 23:30:02.023 [info] /108 closed
2025-06-23 23:30:02.027 [info] /109 closed
2025-06-23 23:30:11.848 [info] /home/thorfinn/app/MongoAuthManager/shared/schema.ts closed
2025-06-23 23:31:40.049 [info] /111 closed
2025-06-23 23:31:40.051 [info] /112 closed
2025-06-23 23:31:40.053 [info] /113 closed
2025-06-23 23:31:40.055 [info] /114 closed
2025-06-23 23:33:16.832 [info] /115 closed
2025-06-23 23:33:16.834 [info] /116 closed
2025-06-23 23:33:16.836 [info] /117 closed
2025-06-23 23:33:16.837 [info] /118 closed
2025-06-23 23:33:16.838 [info] /119 closed
2025-06-23 23:34:00.615 [info] /home/thorfinn/app/MongoAuthManager/shared/schema.ts closed
2025-06-23 23:34:06.126 [info] /120 closed
2025-06-23 23:34:06.147 [info] /121 closed
2025-06-23 23:34:06.148 [info] /122 closed
2025-06-23 23:34:06.150 [info] /123 closed
2025-06-23 23:34:06.151 [info] /124 closed
2025-06-23 23:34:06.152 [info] /125 closed
2025-06-23 23:40:39.867 [info] /127 closed
2025-06-23 23:40:42.716 [info] /home/thorfinn/app/MongoAuthManager/shared/schema.ts closed
2025-06-23 23:43:47.332 [info] /home/thorfinn/app/MongoAuthManager/shared/schema.ts closed
2025-06-23 23:50:30.869 [info] /home/thorfinn/app/MongoAuthManager/api/inventory-quantity.ts closed
2025-06-23 23:54:07.682 [info] /home/thorfinn/app/MongoAuthManager/api/inventory-quantity.ts closed
2025-06-24 00:03:07.715 [info] /home/thorfinn/app/MongoAuthManager/api/inventory-get.ts closed
2025-06-24 00:03:08.207 [info] /home/thorfinn/app/MongoAuthManager/api/inventory-list.ts closed
2025-06-24 00:03:08.212 [info] /home/thorfinn/app/MongoAuthManager/api/inventory-create.ts closed
2025-06-24 00:03:08.237 [info] /home/thorfinn/app/MongoAuthManager/api/inventory-delete.ts closed
2025-06-24 00:04:58.833 [info] Active editor: file:///home/thorfinn/app/MongoAuthManager/api/user-list.ts
2025-06-24 00:06:17.653 [info] /home/thorfinn/app/MongoAuthManager/api/auth-login.ts closed
2025-06-24 00:06:17.656 [info] /home/thorfinn/app/MongoAuthManager/api/auth-validate.ts closed
2025-06-24 00:06:17.660 [info] /home/thorfinn/app/MongoAuthManager/api/auth-register.ts closed
2025-06-24 00:16:51.170 [info] /home/thorfinn/app/MongoAuthManager/backend/api/storage.ts closed
2025-06-24 00:22:01.638 [info] Active editor: file:///home/thorfinn/app/MongoAuthManager/.gitignore
2025-06-24 00:22:59.363 [info] Configuration changed
