2025-06-05 07:52:43 Loading main app package /tmp/.mount_ObsidicxnEAf/resources/obsidian.asar
2025-06-05 07:52:44 Checking for update using Github
2025-06-05 07:52:44 Success.
2025-06-05 07:52:44 Latest version is 1.8.10
2025-06-05 07:52:44 App is up to date.
2025-06-05 08:03:56 Loading main app package /tmp/.mount_ObsidiWK9I6c/resources/obsidian.asar
2025-06-05 08:04:01 Checking for update using Github
2025-06-05 08:04:02 Success.
2025-06-05 08:04:02 Latest version is 1.8.10
2025-06-05 08:04:02 App is up to date.
2025-06-05 09:08:44 Checking for update using Github
2025-06-05 09:08:45 Success.
2025-06-05 09:08:45 Latest version is 1.8.10
2025-06-05 09:08:45 App is up to date.
2025-06-05 10:08:44 Checking for update using Github
2025-06-05 10:08:45 Success.
2025-06-05 10:08:45 Latest version is 1.8.10
2025-06-05 10:08:45 App is up to date.
2025-06-05 13:22:54 Checking for update using Github
2025-06-05 13:22:54 Success.
2025-06-05 13:22:54 Latest version is 1.8.10
2025-06-05 13:22:54 App is up to date.
2025-06-05 14:22:54 Checking for update using Github
2025-06-05 14:22:54 Success.
2025-06-05 14:22:54 Latest version is 1.8.10
2025-06-05 14:22:54 App is up to date.
2025-06-05 16:26:51 Checking for update using Github
2025-06-05 16:26:51 Success.
2025-06-05 16:26:51 Latest version is 1.8.10
2025-06-05 16:26:51 App is up to date.
2025-06-05 17:26:51 Checking for update using Github
2025-06-05 17:26:51 Success.
2025-06-05 17:26:51 Latest version is 1.8.10
2025-06-05 17:26:51 App is up to date.
2025-06-05 18:26:51 Checking for update using Github
2025-06-05 18:26:51 Success.
2025-06-05 18:26:51 Latest version is 1.8.10
2025-06-05 18:26:51 App is up to date.
2025-06-05 19:26:51 Checking for update using Github
2025-06-05 19:26:51 Success.
2025-06-05 19:26:51 Latest version is 1.8.10
2025-06-05 19:26:51 App is up to date.
2025-06-25 19:32:39 Loading main app package /tmp/.mount_Obsidiv5fV0d/resources/obsidian.asar
2025-06-25 19:32:40 Checking for update using Github
2025-06-25 19:32:41 Success.
2025-06-25 19:32:41 Latest version is 1.8.10
2025-06-25 19:32:41 App is up to date.
2025-06-26 07:50:35 Loading main app package /tmp/.mount_ObsidivhH7wE/resources/obsidian.asar
2025-06-26 07:50:36 Checking for update using Github
2025-06-26 07:50:36 Failed to check for update using Github (net::ERR_INTERNET_DISCONNECTED)
2025-06-26 07:50:36 Checking for update using obsidian.md
2025-06-26 07:50:36 Failed to check for update using obsidian.md (net::ERR_INTERNET_DISCONNECTED)
2025-06-26 08:50:35 Checking for update using Github
2025-06-26 08:50:35 Success.
2025-06-26 08:50:35 Latest version is 1.8.10
2025-06-26 08:50:35 App is up to date.
2025-06-26 09:50:44 Checking for update using Github
2025-06-26 09:50:45 Success.
2025-06-26 09:50:45 Latest version is 1.8.10
2025-06-26 09:50:45 App is up to date.
2025-06-26 10:50:44 Checking for update using Github
2025-06-26 10:50:44 Success.
2025-06-26 10:50:44 Latest version is 1.8.10
2025-06-26 10:50:44 App is up to date.
2025-06-26 11:50:44 Checking for update using Github
2025-06-26 11:50:45 Success.
2025-06-26 11:50:45 Latest version is 1.8.10
2025-06-26 11:50:45 App is up to date.
2025-06-26 12:50:44 Checking for update using Github
2025-06-26 12:50:44 Success.
2025-06-26 12:50:44 Latest version is 1.8.10
2025-06-26 12:50:44 App is up to date.
2025-06-26 14:20:56 Checking for update using Github
2025-06-26 14:20:57 Success.
2025-06-26 14:20:57 Latest version is 1.8.10
2025-06-26 14:20:57 App is up to date.
2025-06-26 15:20:56 Checking for update using Github
2025-06-26 15:20:57 Success.
2025-06-26 15:20:57 Latest version is 1.8.10
2025-06-26 15:20:57 App is up to date.
2025-06-26 16:20:56 Checking for update using Github
2025-06-26 16:20:57 Success.
2025-06-26 16:20:57 Latest version is 1.8.10
2025-06-26 16:20:57 App is up to date.
2025-06-26 17:23:37 Checking for update using Github
2025-06-26 17:23:37 Success.
2025-06-26 17:23:37 Latest version is 1.8.10
2025-06-26 17:23:37 App is up to date.
