2025-06-24 00:38:44.434 [info] /home/thorfinn/app/MongoAuthManager/package.json closed
2025-06-24 00:38:44.732 [info] /home/thorfinn/app/MongoAuthManager/backend/package.json closed
2025-06-24 00:38:44.744 [info] /home/thorfinn/app/MongoAuthManager/.vercel/output/functions/backend/api/index.ts.func/backend/package.json closed
2025-06-24 00:38:44.895 [info] /home/thorfinn/app/MongoAuthManager/backend/tsconfig.json closed
2025-06-24 00:38:44.899 [info] /home/thorfinn/app/MongoAuthManager/backend/vercel.json closed
2025-06-24 00:38:44.933 [info] /home/thorfinn/app/MongoAuthManager/backend/api/index.ts closed
2025-06-24 00:38:44.935 [info] /home/thorfinn/app/MongoAuthManager/tsconfig.json closed
2025-06-24 00:38:44.939 [info] /home/thorfinn/app/MongoAuthManager/server/models/inventory.ts closed
2025-06-24 00:38:44.942 [info] /home/thorfinn/app/MongoAuthManager/server/models/user.ts closed
2025-06-24 00:38:44.945 [info] /home/thorfinn/app/MongoAuthManager/server/models/transaction.ts closed
2025-06-24 00:38:44.947 [info] /home/thorfinn/app/MongoAuthManager/client/src/hooks/use-inventory.tsx closed
2025-06-24 00:38:44.950 [info] /home/thorfinn/app/MongoAuthManager/client/src/components/inventory-section.tsx closed
2025-06-24 00:38:44.952 [info] /home/thorfinn/app/MongoAuthManager/client/src/components/delete-confirm-dialog.tsx closed
2025-06-24 00:38:44.960 [info] /home/thorfinn/app/MongoAuthManager/client/src/pages/inventory-app.tsx closed
2025-06-24 00:38:44.962 [info] /home/thorfinn/app/MongoAuthManager/server/vite.ts closed
2025-06-24 00:38:44.963 [info] /home/thorfinn/app/MongoAuthManager/backend/api/storage.ts closed
2025-06-24 00:38:44.964 [info] /home/thorfinn/app/MongoAuthManager/backend/api/middleware/auth.ts closed
2025-06-24 00:38:44.965 [info] /home/thorfinn/app/MongoAuthManager/backend/api/routes.ts closed
2025-06-24 00:38:44.966 [info] /home/thorfinn/app/MongoAuthManager/api/user-list.ts closed
2025-06-24 00:38:44.968 [info] /home/thorfinn/app/MongoAuthManager/api/auth-register.ts closed
2025-06-24 00:38:44.969 [info] /home/thorfinn/app/MongoAuthManager/api/auth-validate.ts closed
2025-06-24 00:38:44.973 [info] /home/thorfinn/app/MongoAuthManager/api/auth-login.ts closed
2025-06-24 00:38:44.974 [info] /home/thorfinn/app/MongoAuthManager/api/inventory-delete.ts closed
2025-06-24 00:38:44.979 [info] /home/thorfinn/app/MongoAuthManager/api/inventory-create.ts closed
2025-06-24 00:38:44.981 [info] /home/thorfinn/app/MongoAuthManager/api/inventory-list.ts closed
2025-06-24 00:38:44.982 [info] /home/thorfinn/app/MongoAuthManager/api/inventory-get.ts closed
2025-06-24 00:38:44.983 [info] /home/thorfinn/app/MongoAuthManager/api/inventory-quantity.ts closed
2025-06-24 00:38:44.985 [info] /home/thorfinn/app/MongoAuthManager/shared/schema.ts closed
2025-06-24 00:57:12.449 [info] Configuration changed
