2025-06-24 00:35:32.898 [info] Added views:windsurf.cascadePanel in windsurf.cascadeViewContainerId
2025-06-24 00:35:32.898 [info] Added views:outline in workbench.view.explorer
2025-06-24 00:35:32.898 [info] Added views:workbench.view.search in workbench.view.search
2025-06-24 00:35:32.898 [info] Added views:workbench.scm in workbench.view.scm
2025-06-24 00:35:32.898 [info] Added views:workbench.panel.markers.view in workbench.panel.markers
2025-06-24 00:35:32.898 [info] Added views:workbench.panel.output in workbench.panel.output
2025-06-24 00:35:32.898 [info] Added views:terminal in terminal
2025-06-24 00:35:32.898 [info] Added views:timeline in workbench.view.explorer
2025-06-24 00:35:32.898 [info] Added views:workbench.explorer.emptyView in workbench.view.explorer
2025-06-24 00:35:33.472 [info] Added views:windsurfDevContainers in workbench.view.remote
2025-06-24 00:35:33.472 [info] Added views:windsurfSSHHosts in workbench.view.remote
2025-06-24 00:35:33.670 [info] Added views:workbench.debug.variablesView,workbench.debug.watchExpressionsView,workbench.debug.callStackView,workbench.debug.breakPointsView in workbench.view.debug
2025-06-24 00:35:33.788 [info] Added views:workbench.panel.repl.view in workbench.panel.repl
2025-06-24 00:35:33.789 [info] Removed views:workbench.debug.breakPointsView,workbench.debug.callStackView,workbench.debug.watchExpressionsView,workbench.debug.variablesView from workbench.view.debug
2025-06-24 00:35:33.790 [info] Added views:workbench.debug.welcome in workbench.view.debug
2025-06-24 00:35:33.917 [info] Added views:~remote.forwardedPorts in ~remote.forwardedPortsContainer
2025-06-24 00:35:35.875 [info] Added views:windsurf.cascadePanel in windsurf.cascadeViewContainerId
2025-06-24 00:35:35.875 [info] Added views:outline in workbench.view.explorer
2025-06-24 00:35:35.875 [info] Added views:workbench.view.search in workbench.view.search
2025-06-24 00:35:35.875 [info] Added views:workbench.scm in workbench.view.scm
2025-06-24 00:35:35.875 [info] Added views:workbench.panel.markers.view in workbench.panel.markers
2025-06-24 00:35:35.875 [info] Added views:workbench.panel.output in workbench.panel.output
2025-06-24 00:35:35.875 [info] Added views:terminal in terminal
2025-06-24 00:35:35.875 [info] Added views:timeline in workbench.view.explorer
2025-06-24 00:35:35.875 [info] Added views:workbench.explorer.fileView in workbench.view.explorer
2025-06-24 00:35:36.168 [info] Added views:workbench.debug.welcome in workbench.view.debug
2025-06-24 00:35:37.038 [info] Added views:windsurfDevContainers in workbench.view.remote
2025-06-24 00:35:37.038 [info] Added views:windsurfSSHHosts in workbench.view.remote
2025-06-24 00:35:37.359 [info] Added views:workbench.panel.repl.view in workbench.panel.repl
2025-06-24 00:35:39.008 [info] Added views:~remote.forwardedPorts in ~remote.forwardedPortsContainer
2025-06-24 00:35:39.645 [info] Added views:workbench.scm.history in workbench.view.scm
2025-06-24 01:03:12.344 [info] Removed views:workbench.scm.history from workbench.view.scm
