2025-06-24 01:05:20.487 [info] /home/thorfinn/MongoAuthManager(1)/MongoAuthManager/.env.example.git closed
2025-06-24 01:06:25.454 [info] /home/thorfinn/MongoAuthManager(1)/MongoAuthManager/package.json closed
2025-06-24 01:08:34.486 [info] Active editor: file:///home/thorfinn/MongoAuthManager%281%29/MongoAuthManager/vercel.json
2025-06-24 01:08:34.504 [info] /home/thorfinn/MongoAuthManager(1)/MongoAuthManager/.env.example.git closed
2025-06-24 01:09:59.795 [info] Active editor: file:///home/thorfinn/MongoAuthManager%281%29/MongoAuthManager/.replit
2025-06-24 01:09:59.798 [info] /home/thorfinn/MongoAuthManager(1)/MongoAuthManager/vercel.json.git closed
2025-06-24 01:11:00.682 [info] Active editor: file:///home/thorfinn/MongoAuthManager%281%29/MongoAuthManager/vercel.json
2025-06-24 01:11:00.702 [info] /home/thorfinn/MongoAuthManager(1)/MongoAuthManager/.replit.git closed
2025-06-24 01:11:30.935 [info] /13 closed
2025-06-24 01:11:36.760 [info] /14 closed
2025-06-24 01:12:50.099 [info] /15 closed
2025-06-24 01:17:05.465 [info] /home/thorfinn/MongoAuthManager(1)/MongoAuthManager/vite.config.ts closed
2025-06-24 01:18:04.459 [info] /home/thorfinn/MongoAuthManager(1)/MongoAuthManager/package.json closed
2025-06-24 01:21:00.665 [info] /home/thorfinn/MongoAuthManager(1)/MongoAuthManager/tailwind.config.ts closed
2025-06-24 01:23:31.964 [info] /home/thorfinn/MongoAuthManager(1)/MongoAuthManager/vite.config.ts closed
2025-06-24 01:24:53.643 [info] /home/thorfinn/MongoAuthManager(1)/MongoAuthManager/tailwind.config.ts closed
2025-06-24 01:27:19.984 [info] Active editor: file:///home/thorfinn/MongoAuthManager%281%29/MongoAuthManager/tailwind.config.ts
2025-06-24 01:27:20.032 [info] /home/thorfinn/MongoAuthManager(1)/MongoAuthManager/vercel.json.git closed
2025-06-24 01:27:44.440 [info] /23 closed
2025-06-24 01:27:44.498 [info] /24 closed
2025-06-24 01:27:44.641 [info] /25 closed
2025-06-24 01:27:44.728 [info] /26 closed
2025-06-24 01:27:44.987 [info] /27 closed
2025-06-24 01:27:45.002 [info] /28 closed
2025-06-24 01:27:47.098 [info] /29 closed
2025-06-24 01:28:00.396 [info] /30 closed
2025-06-24 01:28:00.446 [info] /31 closed
2025-06-24 01:28:00.483 [info] /32 closed
2025-06-24 01:28:00.635 [info] /33 closed
2025-06-24 01:28:00.638 [info] /34 closed
2025-06-24 01:28:00.680 [info] /35 closed
2025-06-24 01:28:00.681 [info] /36 closed
2025-06-24 01:28:00.698 [info] /37 closed
2025-06-24 01:28:04.411 [info] /38 closed
2025-06-24 01:28:11.693 [info] /39 closed
2025-06-24 01:28:11.749 [info] /40 closed
2025-06-24 01:28:11.786 [info] /41 closed
2025-06-24 01:28:11.872 [info] /42 closed
2025-06-24 01:28:11.955 [info] /43 closed
2025-06-24 01:28:12.036 [info] /44 closed
2025-06-24 01:28:12.154 [info] /45 closed
2025-06-24 01:28:12.215 [info] /46 closed
2025-06-24 01:28:12.244 [info] /47 closed
2025-06-24 01:28:12.321 [info] /48 closed
2025-06-24 01:28:12.349 [info] /49 closed
2025-06-24 01:28:12.372 [info] /50 closed
2025-06-24 01:28:12.395 [info] /51 closed
2025-06-24 01:28:12.419 [info] /52 closed
2025-06-24 01:28:12.491 [info] /53 closed
2025-06-24 01:28:12.522 [info] /54 closed
2025-06-24 01:28:12.554 [info] /55 closed
2025-06-24 01:28:12.578 [info] /56 closed
2025-06-24 01:28:12.651 [info] /57 closed
2025-06-24 01:28:12.684 [info] /58 closed
2025-06-24 01:28:12.709 [info] /59 closed
2025-06-24 01:28:12.733 [info] /60 closed
2025-06-24 01:28:12.819 [info] /61 closed
2025-06-24 01:28:12.842 [info] /62 closed
2025-06-24 01:28:12.865 [info] /63 closed
2025-06-24 01:28:12.892 [info] /64 closed
2025-06-24 01:28:12.916 [info] /65 closed
2025-06-24 01:28:12.959 [info] /66 closed
2025-06-24 01:28:12.982 [info] /67 closed
2025-06-24 01:28:13.011 [info] /68 closed
2025-06-24 01:28:13.031 [info] /69 closed
2025-06-24 01:28:13.054 [info] /70 closed
2025-06-24 01:28:13.087 [info] /71 closed
2025-06-24 01:28:13.117 [info] /72 closed
2025-06-24 01:28:13.139 [info] /73 closed
2025-06-24 01:28:13.164 [info] /74 closed
2025-06-24 01:28:13.204 [info] /75 closed
2025-06-24 01:28:13.224 [info] /76 closed
2025-06-24 01:28:13.245 [info] /77 closed
2025-06-24 01:28:13.264 [info] /78 closed
2025-06-24 01:28:13.286 [info] /79 closed
2025-06-24 01:28:13.331 [info] /80 closed
2025-06-24 01:28:13.351 [info] /81 closed
2025-06-24 01:28:13.377 [info] /82 closed
2025-06-24 01:28:13.398 [info] /83 closed
2025-06-24 01:28:13.418 [info] /84 closed
2025-06-24 01:28:13.447 [info] /85 closed
2025-06-24 01:28:13.472 [info] /86 closed
2025-06-24 01:28:13.494 [info] /87 closed
2025-06-24 01:28:13.512 [info] /88 closed
2025-06-24 01:28:13.533 [info] /89 closed
2025-06-24 01:28:13.564 [info] /90 closed
2025-06-24 01:28:13.585 [info] /91 closed
2025-06-24 01:28:13.603 [info] /92 closed
2025-06-24 01:28:13.648 [info] /93 closed
2025-06-24 01:28:13.691 [info] /94 closed
2025-06-24 01:28:13.715 [info] /95 closed
2025-06-24 01:28:13.716 [info] /96 closed
2025-06-24 01:28:13.743 [info] /97 closed
2025-06-24 01:28:13.745 [info] /98 closed
2025-06-24 01:28:13.770 [info] /99 closed
2025-06-24 01:28:13.773 [info] /100 closed
2025-06-24 01:28:13.822 [info] /101 closed
2025-06-24 01:28:13.824 [info] /102 closed
2025-06-24 01:28:13.847 [info] /103 closed
2025-06-24 01:28:13.849 [info] /104 closed
2025-06-24 01:28:13.876 [info] /105 closed
2025-06-24 01:28:13.880 [info] /106 closed
2025-06-24 01:28:13.901 [info] /107 closed
2025-06-24 01:28:13.903 [info] /108 closed
2025-06-24 01:28:13.939 [info] /109 closed
2025-06-24 01:28:13.941 [info] /110 closed
2025-06-24 01:28:13.969 [info] /111 closed
2025-06-24 01:28:13.972 [info] /112 closed
2025-06-24 01:28:13.995 [info] /113 closed
2025-06-24 01:28:13.997 [info] /114 closed
2025-06-24 01:28:14.023 [info] /115 closed
2025-06-24 01:28:14.026 [info] /116 closed
2025-06-24 01:28:14.070 [info] /117 closed
2025-06-24 01:28:14.073 [info] /118 closed
2025-06-24 01:28:14.099 [info] /119 closed
2025-06-24 01:28:14.100 [info] /120 closed
2025-06-24 01:28:14.126 [info] /121 closed
2025-06-24 01:28:14.127 [info] /122 closed
2025-06-24 01:28:14.159 [info] /123 closed
2025-06-24 01:28:14.161 [info] /124 closed
2025-06-24 01:28:14.244 [info] /125 closed
2025-06-24 01:28:14.246 [info] /126 closed
2025-06-24 01:28:14.286 [info] /127 closed
2025-06-24 01:28:14.290 [info] /128 closed
2025-06-24 01:28:14.326 [info] /129 closed
2025-06-24 01:28:14.328 [info] /130 closed
2025-06-24 01:28:14.385 [info] /131 closed
2025-06-24 01:28:14.387 [info] /132 closed
2025-06-24 01:28:14.410 [info] /133 closed
2025-06-24 01:28:14.411 [info] /134 closed
2025-06-24 01:28:14.433 [info] /135 closed
2025-06-24 01:28:14.435 [info] /136 closed
2025-06-24 01:28:14.454 [info] /137 closed
2025-06-24 01:28:14.457 [info] /138 closed
2025-06-24 01:28:14.481 [info] /139 closed
2025-06-24 01:28:14.484 [info] /140 closed
2025-06-24 01:28:14.535 [info] /141 closed
2025-06-24 01:28:14.539 [info] /142 closed
2025-06-24 01:28:14.596 [info] /143 closed
2025-06-24 01:28:14.599 [info] /144 closed
2025-06-24 01:28:14.720 [info] /145 closed
2025-06-24 01:28:14.722 [info] /146 closed
2025-06-24 01:28:14.747 [info] /147 closed
2025-06-24 01:28:14.749 [info] /148 closed
2025-06-24 01:28:14.770 [info] /149 closed
2025-06-24 01:28:14.772 [info] /150 closed
2025-06-24 01:28:14.784 [info] /151 closed
2025-06-24 01:28:17.468 [info] /152 closed
2025-06-24 01:28:31.921 [info] /153 closed
2025-06-24 01:28:32.021 [info] /154 closed
2025-06-24 01:28:32.047 [info] /155 closed
2025-06-24 01:28:32.113 [info] /156 closed
2025-06-24 01:28:32.115 [info] /157 closed
2025-06-24 01:28:32.144 [info] /158 closed
2025-06-24 01:28:32.146 [info] /159 closed
2025-06-24 01:28:32.247 [info] /160 closed
2025-06-24 01:28:32.249 [info] /161 closed
2025-06-24 01:28:32.318 [info] /162 closed
2025-06-24 01:28:32.321 [info] /163 closed
2025-06-24 01:28:32.413 [info] /164 closed
2025-06-24 01:28:32.416 [info] /165 closed
2025-06-24 01:28:32.450 [info] /166 closed
2025-06-24 01:28:32.452 [info] /167 closed
2025-06-24 01:28:32.454 [info] /168 closed
2025-06-24 01:28:32.488 [info] /169 closed
2025-06-24 01:28:32.491 [info] /170 closed
2025-06-24 01:28:32.494 [info] /171 closed
2025-06-24 01:28:32.578 [info] /172 closed
2025-06-24 01:28:32.580 [info] /173 closed
2025-06-24 01:28:32.584 [info] /174 closed
2025-06-24 01:28:32.612 [info] /175 closed
2025-06-24 01:28:32.614 [info] /176 closed
2025-06-24 01:28:32.617 [info] /177 closed
2025-06-24 01:28:32.644 [info] /178 closed
2025-06-24 01:28:32.646 [info] /179 closed
2025-06-24 01:28:32.649 [info] /180 closed
2025-06-24 01:28:32.719 [info] /181 closed
2025-06-24 01:28:32.722 [info] /182 closed
2025-06-24 01:28:32.723 [info] /183 closed
2025-06-24 01:28:32.772 [info] /184 closed
2025-06-24 01:28:32.774 [info] /185 closed
2025-06-24 01:28:32.776 [info] /186 closed
2025-06-24 01:28:32.816 [info] /187 closed
2025-06-24 01:28:32.818 [info] /188 closed
2025-06-24 01:28:32.820 [info] /189 closed
2025-06-24 01:28:32.900 [info] /190 closed
2025-06-24 01:28:32.903 [info] /191 closed
2025-06-24 01:28:32.906 [info] /192 closed
2025-06-24 01:28:32.937 [info] /193 closed
2025-06-24 01:28:32.939 [info] /194 closed
2025-06-24 01:28:32.941 [info] /195 closed
2025-06-24 01:28:32.970 [info] /196 closed
2025-06-24 01:28:32.972 [info] /197 closed
2025-06-24 01:28:32.974 [info] /198 closed
2025-06-24 01:28:33.046 [info] /199 closed
2025-06-24 01:28:33.048 [info] /200 closed
2025-06-24 01:28:33.051 [info] /201 closed
2025-06-24 01:28:33.079 [info] /202 closed
2025-06-24 01:28:33.082 [info] /203 closed
2025-06-24 01:28:33.084 [info] /204 closed
2025-06-24 01:28:33.116 [info] /205 closed
2025-06-24 01:28:33.118 [info] /206 closed
2025-06-24 01:28:33.120 [info] /207 closed
2025-06-24 01:28:33.170 [info] /208 closed
2025-06-24 01:28:33.173 [info] /209 closed
2025-06-24 01:28:33.176 [info] /210 closed
2025-06-24 01:28:33.205 [info] /211 closed
2025-06-24 01:28:33.207 [info] /212 closed
2025-06-24 01:28:33.208 [info] /213 closed
2025-06-24 01:28:33.239 [info] /214 closed
2025-06-24 01:28:33.240 [info] /215 closed
2025-06-24 01:28:33.242 [info] /216 closed
2025-06-24 01:28:33.286 [info] /217 closed
2025-06-24 01:28:33.289 [info] /218 closed
2025-06-24 01:28:33.291 [info] /219 closed
2025-06-24 01:28:33.324 [info] /220 closed
2025-06-24 01:28:33.326 [info] /221 closed
2025-06-24 01:28:33.328 [info] /222 closed
2025-06-24 01:28:33.362 [info] /223 closed
2025-06-24 01:28:33.370 [info] /224 closed
2025-06-24 01:28:33.372 [info] /225 closed
2025-06-24 01:28:33.429 [info] /226 closed
2025-06-24 01:28:33.432 [info] /227 closed
2025-06-24 01:28:33.435 [info] /228 closed
2025-06-24 01:28:33.468 [info] /229 closed
2025-06-24 01:28:33.470 [info] /230 closed
2025-06-24 01:28:33.472 [info] /231 closed
2025-06-24 01:28:33.507 [info] /232 closed
2025-06-24 01:28:33.509 [info] /233 closed
2025-06-24 01:28:33.510 [info] /234 closed
2025-06-24 01:28:33.559 [info] /235 closed
2025-06-24 01:28:33.561 [info] /236 closed
2025-06-24 01:28:33.563 [info] /237 closed
2025-06-24 01:28:33.591 [info] /238 closed
2025-06-24 01:28:33.593 [info] /239 closed
2025-06-24 01:28:33.594 [info] /240 closed
2025-06-24 01:28:33.625 [info] /241 closed
2025-06-24 01:28:33.627 [info] /242 closed
2025-06-24 01:28:33.629 [info] /243 closed
2025-06-24 01:28:33.681 [info] /244 closed
2025-06-24 01:28:33.683 [info] /245 closed
2025-06-24 01:28:33.685 [info] /246 closed
2025-06-24 01:28:33.711 [info] /247 closed
2025-06-24 01:28:33.713 [info] /248 closed
2025-06-24 01:28:33.715 [info] /249 closed
2025-06-24 01:28:33.743 [info] /250 closed
2025-06-24 01:28:33.744 [info] /251 closed
2025-06-24 01:28:33.746 [info] /252 closed
2025-06-24 01:28:33.772 [info] /253 closed
2025-06-24 01:28:33.774 [info] /254 closed
2025-06-24 01:28:33.776 [info] /255 closed
2025-06-24 01:28:33.828 [info] /256 closed
2025-06-24 01:28:33.831 [info] /257 closed
2025-06-24 01:28:33.834 [info] /258 closed
2025-06-24 01:28:33.862 [info] /259 closed
2025-06-24 01:28:33.865 [info] /260 closed
2025-06-24 01:28:33.868 [info] /261 closed
2025-06-24 01:28:33.890 [info] /262 closed
2025-06-24 01:28:33.892 [info] /263 closed
2025-06-24 01:28:33.895 [info] /264 closed
2025-06-24 01:28:33.922 [info] /265 closed
2025-06-24 01:28:33.924 [info] /266 closed
2025-06-24 01:28:33.926 [info] /267 closed
2025-06-24 01:28:33.968 [info] /268 closed
2025-06-24 01:28:33.971 [info] /269 closed
2025-06-24 01:28:33.974 [info] /270 closed
2025-06-24 01:28:34.000 [info] /271 closed
2025-06-24 01:28:34.003 [info] /272 closed
2025-06-24 01:28:34.005 [info] /273 closed
2025-06-24 01:28:34.036 [info] /274 closed
2025-06-24 01:28:34.038 [info] /275 closed
2025-06-24 01:28:34.041 [info] /276 closed
2025-06-24 01:28:34.113 [info] /277 closed
2025-06-24 01:28:34.117 [info] /278 closed
2025-06-24 01:28:34.120 [info] /279 closed
2025-06-24 01:28:34.158 [info] /280 closed
2025-06-24 01:28:34.163 [info] /281 closed
2025-06-24 01:28:34.165 [info] /282 closed
2025-06-24 01:28:34.206 [info] /283 closed
2025-06-24 01:28:34.208 [info] /284 closed
2025-06-24 01:28:34.210 [info] /285 closed
2025-06-24 01:28:34.283 [info] /286 closed
2025-06-24 01:28:34.287 [info] /287 closed
2025-06-24 01:28:34.290 [info] /288 closed
2025-06-24 01:28:34.333 [info] /289 closed
2025-06-24 01:28:34.335 [info] /290 closed
2025-06-24 01:28:34.337 [info] /291 closed
2025-06-24 01:28:34.370 [info] /292 closed
2025-06-24 01:28:34.373 [info] /293 closed
2025-06-24 01:28:34.374 [info] /294 closed
2025-06-24 01:28:34.425 [info] /295 closed
2025-06-24 01:28:34.428 [info] /296 closed
2025-06-24 01:28:34.430 [info] /297 closed
2025-06-24 01:28:34.456 [info] /298 closed
2025-06-24 01:28:34.457 [info] /299 closed
2025-06-24 01:28:34.459 [info] /300 closed
2025-06-24 01:28:34.482 [info] /301 closed
2025-06-24 01:28:34.484 [info] /302 closed
2025-06-24 01:28:34.486 [info] /303 closed
2025-06-24 01:28:34.514 [info] /304 closed
2025-06-24 01:28:34.515 [info] /305 closed
2025-06-24 01:28:34.517 [info] /306 closed
2025-06-24 01:28:34.556 [info] /307 closed
2025-06-24 01:28:34.558 [info] /308 closed
2025-06-24 01:28:34.560 [info] /309 closed
2025-06-24 01:28:34.583 [info] /310 closed
2025-06-24 01:28:34.584 [info] /311 closed
2025-06-24 01:28:34.586 [info] /312 closed
2025-06-24 01:28:34.615 [info] /313 closed
2025-06-24 01:28:34.618 [info] /314 closed
2025-06-24 01:28:34.620 [info] /315 closed
2025-06-24 01:28:34.681 [info] /316 closed
2025-06-24 01:28:34.684 [info] /317 closed
2025-06-24 01:28:34.687 [info] /318 closed
2025-06-24 01:28:34.719 [info] /319 closed
2025-06-24 01:28:34.721 [info] /320 closed
2025-06-24 01:28:34.722 [info] /321 closed
2025-06-24 01:28:34.746 [info] /322 closed
2025-06-24 01:28:34.747 [info] /323 closed
2025-06-24 01:28:34.749 [info] /324 closed
2025-06-24 01:28:34.774 [info] /325 closed
2025-06-24 01:28:34.776 [info] /326 closed
2025-06-24 01:28:34.778 [info] /327 closed
2025-06-24 01:28:34.817 [info] /328 closed
2025-06-24 01:28:34.819 [info] /329 closed
2025-06-24 01:28:34.821 [info] /330 closed
2025-06-24 01:28:34.847 [info] /331 closed
2025-06-24 01:28:34.849 [info] /332 closed
2025-06-24 01:28:34.850 [info] /333 closed
2025-06-24 01:28:34.876 [info] /334 closed
2025-06-24 01:28:34.877 [info] /335 closed
2025-06-24 01:28:34.879 [info] /336 closed
2025-06-24 01:28:34.901 [info] /337 closed
2025-06-24 01:28:34.903 [info] /338 closed
2025-06-24 01:28:34.904 [info] /339 closed
2025-06-24 01:28:34.941 [info] /340 closed
2025-06-24 01:28:34.943 [info] /341 closed
2025-06-24 01:28:34.944 [info] /342 closed
2025-06-24 01:28:34.967 [info] /343 closed
2025-06-24 01:28:34.969 [info] /344 closed
2025-06-24 01:28:34.970 [info] /345 closed
2025-06-24 01:28:34.993 [info] /346 closed
2025-06-24 01:28:34.998 [info] /347 closed
2025-06-24 01:28:34.999 [info] /348 closed
2025-06-24 01:28:35.021 [info] /349 closed
2025-06-24 01:28:35.023 [info] /350 closed
2025-06-24 01:28:35.025 [info] /351 closed
2025-06-24 01:28:35.063 [info] /352 closed
2025-06-24 01:28:35.065 [info] /353 closed
2025-06-24 01:28:35.067 [info] /354 closed
2025-06-24 01:28:35.098 [info] /355 closed
2025-06-24 01:28:35.102 [info] /356 closed
2025-06-24 01:28:35.104 [info] /357 closed
2025-06-24 01:28:35.128 [info] /358 closed
2025-06-24 01:28:35.130 [info] /359 closed
2025-06-24 01:28:35.132 [info] /360 closed
2025-06-24 01:28:35.156 [info] /361 closed
2025-06-24 01:28:35.159 [info] /362 closed
2025-06-24 01:28:35.162 [info] /363 closed
2025-06-24 01:28:35.198 [info] /364 closed
2025-06-24 01:28:35.200 [info] /365 closed
2025-06-24 01:28:35.202 [info] /366 closed
2025-06-24 01:28:35.227 [info] /367 closed
2025-06-24 01:28:35.228 [info] /368 closed
2025-06-24 01:28:35.229 [info] /369 closed
2025-06-24 01:28:35.252 [info] /370 closed
2025-06-24 01:28:35.254 [info] /371 closed
2025-06-24 01:28:35.256 [info] /372 closed
2025-06-24 01:28:35.284 [info] /373 closed
2025-06-24 01:28:35.286 [info] /374 closed
2025-06-24 01:28:35.288 [info] /375 closed
2025-06-24 01:28:35.336 [info] /376 closed
2025-06-24 01:28:35.340 [info] /377 closed
2025-06-24 01:28:35.344 [info] /378 closed
2025-06-24 01:28:35.383 [info] /379 closed
2025-06-24 01:28:35.385 [info] /380 closed
2025-06-24 01:28:35.387 [info] /381 closed
2025-06-24 01:28:35.412 [info] /382 closed
2025-06-24 01:28:35.413 [info] /383 closed
2025-06-24 01:28:35.415 [info] /384 closed
2025-06-24 01:28:35.460 [info] /385 closed
2025-06-24 01:28:35.463 [info] /386 closed
2025-06-24 01:28:35.465 [info] /387 closed
2025-06-24 01:28:35.490 [info] /388 closed
2025-06-24 01:28:35.493 [info] /389 closed
2025-06-24 01:28:35.496 [info] /390 closed
2025-06-24 01:28:35.519 [info] /391 closed
2025-06-24 01:28:35.522 [info] /392 closed
2025-06-24 01:28:35.524 [info] /393 closed
2025-06-24 01:28:35.538 [info] /394 closed
2025-06-24 01:28:35.541 [info] /395 closed
2025-06-24 01:28:39.197 [info] /396 closed
2025-06-24 01:28:39.198 [info] /397 closed
2025-06-24 01:30:43.492 [info] /398 closed
2025-06-24 01:30:43.496 [info] /399 closed
2025-06-24 01:30:43.498 [info] /400 closed
2025-06-24 01:30:43.502 [info] /401 closed
2025-06-24 01:30:43.503 [info] /402 closed
2025-06-24 01:30:43.504 [info] /403 closed
2025-06-24 01:30:43.513 [info] /404 closed
2025-06-24 01:30:43.515 [info] /405 closed
2025-06-24 01:30:43.516 [info] /406 closed
2025-06-24 01:30:43.517 [info] /407 closed
2025-06-24 01:30:43.518 [info] /408 closed
